2019-05-13 09:21:20,670 com.yaof.RecordClearAideApplication [main] (StartupInfoLogger.java:48) INFO  --> Starting RecordClearAideApplication on yaofang with PID 21368 (E:\workspace_winning\RecordClearAide\target\classes started by yaofang in E:\workspace_winning\RecordClearAide)
2019-05-13 09:21:20,676 com.yaof.RecordClearAideApplication [main] (SpringApplication.java:593) INFO  --> No active profile set, falling back to default profiles: default
2019-05-13 09:21:20,757 org.springframework.boot.context.embedded.AnnotationConfigEmbeddedWebApplicationContext [main] (AbstractApplicationContext.java:583) INFO  --> Refreshing org.springframework.boot.context.embedded.AnnotationConfigEmbeddedWebApplicationContext@1f59a598: startup date [Mon May 13 09:21:20 CST 2019]; root of context hierarchy
2019-05-13 09:21:21,369 org.hibernate.validator.internal.util.Version [background-preinit] (Version.java:30) INFO  --> HV000001: Hibernate Validator 5.3.6.Final
2019-05-13 09:21:22,016 org.springframework.beans.factory.xml.XmlBeanDefinitionReader [main] (XmlBeanDefinitionReader.java:317) INFO  --> Loading XML bean definitions from class path resource [spring-mybatis.xml]
2019-05-13 09:21:22,458 org.mybatis.spring.mapper.ClassPathMapperScanner [main] (ClassPathMapperScanner.java:166) WARN  --> No MyBatis mapper was found in '[com.yaof]' package. Please check your configuration.
2019-05-13 09:21:22,999 org.springframework.context.support.PostProcessorRegistrationDelegate$BeanPostProcessorChecker [main] (PostProcessorRegistrationDelegate.java:327) INFO  --> Bean '(inner bean)#58e85c6f' of type [org.springframework.aop.aspectj.AspectJMethodBeforeAdvice] is not eligible for getting processed by all BeanPostProcessors (for example: not eligible for auto-proxying)
2019-05-13 09:21:23,125 org.springframework.context.support.PostProcessorRegistrationDelegate$BeanPostProcessorChecker [main] (PostProcessorRegistrationDelegate.java:327) INFO  --> Bean 'org.springframework.aop.aspectj.AspectJPointcutAdvisor#0' of type [org.springframework.aop.aspectj.AspectJPointcutAdvisor] is not eligible for getting processed by all BeanPostProcessors (for example: not eligible for auto-proxying)
2019-05-13 09:21:23,133 org.springframework.context.support.PostProcessorRegistrationDelegate$BeanPostProcessorChecker [main] (PostProcessorRegistrationDelegate.java:327) INFO  --> Bean '(inner bean)#5633dafd' of type [org.springframework.aop.aspectj.AspectJAfterAdvice] is not eligible for getting processed by all BeanPostProcessors (for example: not eligible for auto-proxying)
2019-05-13 09:21:23,134 org.springframework.context.support.PostProcessorRegistrationDelegate$BeanPostProcessorChecker [main] (PostProcessorRegistrationDelegate.java:327) INFO  --> Bean 'org.springframework.aop.aspectj.AspectJPointcutAdvisor#1' of type [org.springframework.aop.aspectj.AspectJPointcutAdvisor] is not eligible for getting processed by all BeanPostProcessors (for example: not eligible for auto-proxying)
2019-05-13 09:21:23,170 org.springframework.context.support.PostProcessorRegistrationDelegate$BeanPostProcessorChecker [main] (PostProcessorRegistrationDelegate.java:327) INFO  --> Bean 'org.springframework.transaction.annotation.ProxyTransactionManagementConfiguration' of type [org.springframework.transaction.annotation.ProxyTransactionManagementConfiguration$$EnhancerBySpringCGLIB$$ad36954c] is not eligible for getting processed by all BeanPostProcessors (for example: not eligible for auto-proxying)
2019-05-13 09:21:24,266 org.springframework.boot.context.embedded.tomcat.TomcatEmbeddedServletContainer [main] (TomcatEmbeddedServletContainer.java:92) INFO  --> Tomcat initialized with port(s): 8088 (http)
2019-05-13 09:21:24,773 org.springframework.web.context.ContextLoader [localhost-startStop-1] (EmbeddedWebApplicationContext.java:276) INFO  --> Root WebApplicationContext: initialization completed in 4019 ms
2019-05-13 09:21:25,179 org.springframework.boot.web.servlet.FilterRegistrationBean [localhost-startStop-1] (AbstractFilterRegistrationBean.java:258) INFO  --> Mapping filter: 'characterEncodingFilter' to: [/*]
2019-05-13 09:21:25,181 org.springframework.boot.web.servlet.FilterRegistrationBean [localhost-startStop-1] (AbstractFilterRegistrationBean.java:258) INFO  --> Mapping filter: 'hiddenHttpMethodFilter' to: [/*]
2019-05-13 09:21:25,182 org.springframework.boot.web.servlet.FilterRegistrationBean [localhost-startStop-1] (AbstractFilterRegistrationBean.java:258) INFO  --> Mapping filter: 'httpPutFormContentFilter' to: [/*]
2019-05-13 09:21:25,183 org.springframework.boot.web.servlet.FilterRegistrationBean [localhost-startStop-1] (AbstractFilterRegistrationBean.java:258) INFO  --> Mapping filter: 'requestContextFilter' to: [/*]
2019-05-13 09:21:25,183 org.springframework.boot.web.servlet.FilterRegistrationBean [localhost-startStop-1] (AbstractFilterRegistrationBean.java:271) INFO  --> Mapping filter: 'sessionFilter' to urls: [/*]
2019-05-13 09:21:25,183 org.springframework.boot.web.servlet.FilterRegistrationBean [localhost-startStop-1] (AbstractFilterRegistrationBean.java:271) INFO  --> Mapping filter: 'webStatFilter' to urls: [/*]
2019-05-13 09:21:25,183 org.springframework.boot.web.servlet.ServletRegistrationBean [localhost-startStop-1] (ServletRegistrationBean.java:190) INFO  --> Mapping servlet: 'dispatcherServlet' to [/]
2019-05-13 09:21:25,185 org.springframework.boot.web.servlet.ServletRegistrationBean [localhost-startStop-1] (ServletRegistrationBean.java:190) INFO  --> Mapping servlet: 'statViewServlet' to [/druid/*]
2019-05-13 09:21:25,578 com.alibaba.druid.pool.DruidDataSource [main] (DruidDataSource.java:847) INFO  --> {dataSource-1} inited
2019-05-13 09:21:25,987 com.yaof.RecordClearAideApplication [main] (RecordClearAideApplication.java:32) INFO  --> test:------初始化测试。。。。
2019-05-13 09:21:26,657 org.springframework.web.servlet.mvc.method.annotation.RequestMappingHandlerMapping [main] (AbstractHandlerMethodMapping.java:543) INFO  --> Mapped "{[/user/queryDayDetail],methods=[POST]}" onto public com.yaof.pojo.utils.Response<java.util.List<com.yaof.pojo.AmmountSum>> com.yaof.controller.AmmountController.queryDayDetail(com.yaof.pojo.AmmountSum,javax.servlet.http.HttpSession)
2019-05-13 09:21:26,659 org.springframework.web.servlet.mvc.method.annotation.RequestMappingHandlerMapping [main] (AbstractHandlerMethodMapping.java:543) INFO  --> Mapped "{[/user/addAccountDetail],methods=[POST]}" onto public com.yaof.pojo.utils.Response<java.lang.String> com.yaof.controller.AmmountController.addAccountDetail(java.util.List<com.yaof.pojo.AmmountSum>,javax.servlet.http.HttpSession)
2019-05-13 09:21:26,660 org.springframework.web.servlet.mvc.method.annotation.RequestMappingHandlerMapping [main] (AbstractHandlerMethodMapping.java:543) INFO  --> Mapped "{[/user/deleteDayDetailById],methods=[POST]}" onto public com.yaof.pojo.utils.Response<java.lang.String> com.yaof.controller.AmmountController.deleteDayDetailById(com.yaof.pojo.AmmountSum)
2019-05-13 09:21:26,661 org.springframework.web.servlet.mvc.method.annotation.RequestMappingHandlerMapping [main] (AbstractHandlerMethodMapping.java:543) INFO  --> Mapped "{[/user/queryAccountDetail],methods=[POST]}" onto public com.yaof.pojo.utils.Response<java.util.List<com.yaof.pojo.AmmountSum>> com.yaof.controller.AmmountController.queryAccountDetail(com.yaof.pojo.AmmountSum,javax.servlet.http.HttpSession)
2019-05-13 09:21:26,662 org.springframework.web.servlet.mvc.method.annotation.RequestMappingHandlerMapping [main] (AbstractHandlerMethodMapping.java:543) INFO  --> Mapped "{[/user/saveDayDetailById],methods=[POST]}" onto public com.yaof.pojo.utils.Response<java.lang.String> com.yaof.controller.AmmountController.saveDayDetailById(com.yaof.pojo.AmmountSum)
2019-05-13 09:21:26,666 org.springframework.web.servlet.mvc.method.annotation.RequestMappingHandlerMapping [main] (AbstractHandlerMethodMapping.java:543) INFO  --> Mapped "{[/register],methods=[POST]}" onto public com.yaof.pojo.utils.Response com.yaof.controller.UserController.register(com.yaof.pojo.User)
2019-05-13 09:21:26,666 org.springframework.web.servlet.mvc.method.annotation.RequestMappingHandlerMapping [main] (AbstractHandlerMethodMapping.java:543) INFO  --> Mapped "{[/getUserInfo],methods=[POST]}" onto public java.lang.String com.yaof.controller.UserController.getUserInfo(java.lang.String,javax.servlet.http.HttpServletRequest)
2019-05-13 09:21:26,667 org.springframework.web.servlet.mvc.method.annotation.RequestMappingHandlerMapping [main] (AbstractHandlerMethodMapping.java:543) INFO  --> Mapped "{[/getAccount],methods=[POST]}" onto private java.lang.String com.yaof.controller.UserController.getAccount(javax.servlet.http.HttpSession)
2019-05-13 09:21:26,667 org.springframework.web.servlet.mvc.method.annotation.RequestMappingHandlerMapping [main] (AbstractHandlerMethodMapping.java:543) INFO  --> Mapped "{[/logout],methods=[POST]}" onto public com.yaof.pojo.utils.Response com.yaof.controller.UserController.checkAccount(javax.servlet.http.HttpServletRequest)
2019-05-13 09:21:26,668 org.springframework.web.servlet.mvc.method.annotation.RequestMappingHandlerMapping [main] (AbstractHandlerMethodMapping.java:543) INFO  --> Mapped "{[/checkAccount],methods=[POST]}" onto public com.yaof.pojo.utils.Response com.yaof.controller.UserController.checkAccount(java.lang.String)
2019-05-13 09:21:26,668 org.springframework.web.servlet.mvc.method.annotation.RequestMappingHandlerMapping [main] (AbstractHandlerMethodMapping.java:543) INFO  --> Mapped "{[/saveUserInfo],methods=[POST]}" onto public com.yaof.pojo.utils.Response com.yaof.controller.UserController.saveUserInfo(com.yaof.pojo.User,javax.servlet.http.HttpSession)
2019-05-13 09:21:26,669 org.springframework.web.servlet.mvc.method.annotation.RequestMappingHandlerMapping [main] (AbstractHandlerMethodMapping.java:543) INFO  --> Mapped "{[/login],methods=[POST]}" onto public com.yaof.pojo.utils.Response com.yaof.controller.UserController.login(com.yaof.pojo.User,javax.servlet.http.HttpServletRequest)
2019-05-13 09:21:26,670 org.springframework.web.servlet.mvc.method.annotation.RequestMappingHandlerMapping [main] (AbstractHandlerMethodMapping.java:543) INFO  --> Mapped "{[/addRcaUserInfo],methods=[POST]}" onto public com.yaof.pojo.utils.Response com.yaof.controller.UserController.addRcaUserInfo(com.yaof.pojo.User,javax.servlet.http.HttpSession)
2019-05-13 09:21:26,670 org.springframework.web.servlet.mvc.method.annotation.RequestMappingHandlerMapping [main] (AbstractHandlerMethodMapping.java:543) INFO  --> Mapped "{[/updatePassword],methods=[POST]}" onto public com.yaof.pojo.utils.Response com.yaof.controller.UserController.updatePassword(java.util.Map<java.lang.String, java.lang.Object>,javax.servlet.http.HttpSession)
2019-05-13 09:21:26,671 org.springframework.web.servlet.mvc.method.annotation.RequestMappingHandlerMapping [main] (AbstractHandlerMethodMapping.java:543) INFO  --> Mapped "{[/queryAccountByPower],methods=[POST]}" onto private com.yaof.pojo.utils.Response<java.util.List<com.yaof.pojo.User>> com.yaof.controller.UserController.queryAccountByPower(com.yaof.pojo.User,javax.servlet.http.HttpSession)
2019-05-13 09:21:26,671 org.springframework.web.servlet.mvc.method.annotation.RequestMappingHandlerMapping [main] (AbstractHandlerMethodMapping.java:543) INFO  --> Mapped "{[/updatePasswordByAccount],methods=[POST]}" onto public com.yaof.pojo.utils.Response com.yaof.controller.UserController.updatePasswordByAccount(com.yaof.pojo.User,javax.servlet.http.HttpSession)
2019-05-13 09:21:26,672 org.springframework.web.servlet.mvc.method.annotation.RequestMappingHandlerMapping [main] (AbstractHandlerMethodMapping.java:543) INFO  --> Mapped "{[/deleteAccountById],methods=[POST]}" onto private com.yaof.pojo.utils.Response com.yaof.controller.UserController.deleteAccountById(java.lang.String)
2019-05-13 09:21:26,679 org.springframework.web.servlet.mvc.method.annotation.RequestMappingHandlerMapping [main] (AbstractHandlerMethodMapping.java:543) INFO  --> Mapped "{[/swagger-resources/configuration/security]}" onto public org.springframework.http.ResponseEntity<springfox.documentation.swagger.web.SecurityConfiguration> springfox.documentation.swagger.web.ApiResourceController.securityConfiguration()
2019-05-13 09:21:26,681 org.springframework.web.servlet.mvc.method.annotation.RequestMappingHandlerMapping [main] (AbstractHandlerMethodMapping.java:543) INFO  --> Mapped "{[/swagger-resources/configuration/ui]}" onto public org.springframework.http.ResponseEntity<springfox.documentation.swagger.web.UiConfiguration> springfox.documentation.swagger.web.ApiResourceController.uiConfiguration()
2019-05-13 09:21:26,682 org.springframework.web.servlet.mvc.method.annotation.RequestMappingHandlerMapping [main] (AbstractHandlerMethodMapping.java:543) INFO  --> Mapped "{[/swagger-resources]}" onto public org.springframework.http.ResponseEntity<java.util.List<springfox.documentation.swagger.web.SwaggerResource>> springfox.documentation.swagger.web.ApiResourceController.swaggerResources()
2019-05-13 09:21:26,686 org.springframework.web.servlet.mvc.method.annotation.RequestMappingHandlerMapping [main] (AbstractHandlerMethodMapping.java:543) INFO  --> Mapped "{[/error]}" onto public org.springframework.http.ResponseEntity<java.util.Map<java.lang.String, java.lang.Object>> org.springframework.boot.autoconfigure.web.BasicErrorController.error(javax.servlet.http.HttpServletRequest)
2019-05-13 09:21:26,686 org.springframework.web.servlet.mvc.method.annotation.RequestMappingHandlerMapping [main] (AbstractHandlerMethodMapping.java:543) INFO  --> Mapped "{[/error],produces=[text/html]}" onto public org.springframework.web.servlet.ModelAndView org.springframework.boot.autoconfigure.web.BasicErrorController.errorHtml(javax.servlet.http.HttpServletRequest,javax.servlet.http.HttpServletResponse)
2019-05-13 09:21:26,970 springfox.documentation.spring.web.PropertySourcedRequestMappingHandlerMapping [main] (PropertySourcedRequestMappingHandlerMapping.java:69) INFO  --> Mapped URL path [/v2/api-docs] onto method [public org.springframework.http.ResponseEntity<springfox.documentation.spring.web.json.Json> springfox.documentation.swagger2.web.Swagger2Controller.getDocumentation(java.lang.String,javax.servlet.http.HttpServletRequest)]
2019-05-13 09:21:27,375 org.springframework.web.servlet.mvc.method.annotation.RequestMappingHandlerAdapter [main] (RequestMappingHandlerAdapter.java:534) INFO  --> Looking for @ControllerAdvice: org.springframework.boot.context.embedded.AnnotationConfigEmbeddedWebApplicationContext@1f59a598: startup date [Mon May 13 09:21:20 CST 2019]; root of context hierarchy
2019-05-13 09:21:27,495 org.springframework.web.servlet.handler.SimpleUrlHandlerMapping [main] (AbstractUrlHandlerMapping.java:362) INFO  --> Mapped URL path [/rca/css/**] onto handler of type [class org.springframework.web.servlet.resource.ResourceHttpRequestHandler]
2019-05-13 09:21:27,496 org.springframework.web.servlet.handler.SimpleUrlHandlerMapping [main] (AbstractUrlHandlerMapping.java:362) INFO  --> Mapped URL path [/rca/images/**] onto handler of type [class org.springframework.web.servlet.resource.ResourceHttpRequestHandler]
2019-05-13 09:21:27,496 org.springframework.web.servlet.handler.SimpleUrlHandlerMapping [main] (AbstractUrlHandlerMapping.java:362) INFO  --> Mapped URL path [/rca/js/**] onto handler of type [class org.springframework.web.servlet.resource.ResourceHttpRequestHandler]
2019-05-13 09:21:27,496 org.springframework.web.servlet.handler.SimpleUrlHandlerMapping [main] (AbstractUrlHandlerMapping.java:362) INFO  --> Mapped URL path [/webjars/**] onto handler of type [class org.springframework.web.servlet.resource.ResourceHttpRequestHandler]
2019-05-13 09:21:27,497 org.springframework.web.servlet.handler.SimpleUrlHandlerMapping [main] (AbstractUrlHandlerMapping.java:362) INFO  --> Mapped URL path [/**] onto handler of type [class org.springframework.web.servlet.resource.ResourceHttpRequestHandler]
2019-05-13 09:21:27,571 org.springframework.web.servlet.handler.SimpleUrlHandlerMapping [main] (AbstractUrlHandlerMapping.java:362) INFO  --> Mapped URL path [/**/favicon.ico] onto handler of type [class org.springframework.web.servlet.resource.ResourceHttpRequestHandler]
2019-05-13 09:21:28,161 org.springframework.jmx.export.annotation.AnnotationMBeanExporter [main] (MBeanExporter.java:431) INFO  --> Registering beans for JMX exposure on startup
2019-05-13 09:21:28,164 org.springframework.jmx.export.annotation.AnnotationMBeanExporter [main] (MBeanExporter.java:918) INFO  --> Bean with name 'dataSource' has been autodetected for JMX exposure
2019-05-13 09:21:28,172 org.springframework.jmx.export.annotation.AnnotationMBeanExporter [main] (MBeanExporter.java:672) INFO  --> Located MBean 'dataSource': registering with JMX server as MBean [com.alibaba.druid.pool:name=dataSource,type=DruidDataSource]
2019-05-13 09:21:28,176 org.springframework.context.support.DefaultLifecycleProcessor [main] (DefaultLifecycleProcessor.java:341) INFO  --> Starting beans in phase 2147483647
2019-05-13 09:21:28,177 springfox.documentation.spring.web.plugins.DocumentationPluginsBootstrapper [main] (DocumentationPluginsBootstrapper.java:147) INFO  --> Context refreshed
2019-05-13 09:21:28,204 springfox.documentation.spring.web.plugins.DocumentationPluginsBootstrapper [main] (DocumentationPluginsBootstrapper.java:150) INFO  --> Found 1 custom documentation plugin(s)
2019-05-13 09:21:28,260 springfox.documentation.spring.web.scanners.ApiListingReferenceScanner [main] (ApiListingReferenceScanner.java:41) INFO  --> Scanning for api listing references
2019-05-13 09:21:28,550 springfox.documentation.spring.web.readers.operation.CachingOperationNameGenerator [main] (CachingOperationNameGenerator.java:40) INFO  --> Generating unique operation named: checkAccountUsingPOST_1
2019-05-13 09:21:28,787 org.springframework.boot.context.embedded.tomcat.TomcatEmbeddedServletContainer [main] (TomcatEmbeddedServletContainer.java:216) INFO  --> Tomcat started on port(s): 8088 (http)
2019-05-13 09:21:28,794 com.yaof.RecordClearAideApplication [main] (StartupInfoLogger.java:57) INFO  --> Started RecordClearAideApplication in 8.517 seconds (JVM running for 9.307)
2019-05-13 09:21:28,794 com.yaof.RecordClearAideApplication [main] (RecordClearAideApplication.java:22) INFO  --> RecordClearAideApplication start success.
2019-05-13 09:21:38,088 org.springframework.web.servlet.DispatcherServlet [http-nio-8088-exec-2] (FrameworkServlet.java:489) INFO  --> FrameworkServlet 'dispatcherServlet': initialization started
2019-05-13 09:21:38,173 org.springframework.web.servlet.DispatcherServlet [http-nio-8088-exec-2] (FrameworkServlet.java:508) INFO  --> FrameworkServlet 'dispatcherServlet': initialization completed in 85 ms
2019-05-13 09:21:46,157 com.yaof.controller.UserController [http-nio-8088-exec-8] (UserController.java:68) INFO  --> 请求参数:{"account":"yaofang","id":0,"password":"123456"}
2019-05-13 09:21:46,157 com.yaof.controller.UserController [http-nio-8088-exec-8] (UserController.java:71) INFO  --> test.id:--------------->123
2019-05-13 09:21:47,170 com.yaof.point.TransactionDemo [http-nio-8088-exec-8] (TransactionDemo.java:13) INFO  --> point before...
2019-05-13 09:21:48,479 com.yaof.point.TransactionDemo [http-nio-8088-exec-8] (TransactionDemo.java:17) INFO  --> point after...
2019-05-13 09:21:51,064 com.yaof.interceptor.WebAppConfig [http-nio-8088-exec-3] (WebAppConfig.java:52) INFO  --> ============================================
2019-05-13 09:21:51,065 com.yaof.interceptor.WebAppConfig [http-nio-8088-exec-3] (WebAppConfig.java:53) INFO  --> 拦截账号：null
2019-05-13 09:21:51,076 com.yaof.controller.AmmountController [http-nio-8088-exec-3] (AmmountController.java:46) INFO  --> 根据用户Id查询账户信息，参数:{"cost":0.0,"income":0.0,"limit":0,"month":"5","sub":0.0,"type":"day","userId":"1","year":"2019"}
2019-05-13 09:21:51,077 com.yaof.point.TransactionDemo [http-nio-8088-exec-3] (TransactionDemo.java:13) INFO  --> point before...
2019-05-13 09:21:51,240 com.yaof.point.TransactionDemo [http-nio-8088-exec-3] (TransactionDemo.java:17) INFO  --> point after...
2019-05-13 09:21:51,244 com.yaof.controller.AmmountController [http-nio-8088-exec-3] (AmmountController.java:48) INFO  --> 根据用户Id查询账户信息，返回结果:[{"cost":14.3,"day":"9","income":0.0,"limit":0,"month":"5","sub":-14.3,"userId":"0","year":"2019"},{"cost":27.5,"day":"4","income":0.0,"limit":0,"month":"5","sub":-27.5,"userId":"0","year":"2019"},{"cost":217.3,"day":"3","income":0.0,"limit":0,"month":"5","sub":-217.3,"userId":"0","year":"2019"},{"cost":99.8,"day":"2","income":0.0,"limit":0,"month":"5","sub":-99.8,"userId":"0","year":"2019"},{"cost":1900.0,"day":"1","income":0.0,"limit":0,"month":"5","sub":-1900.0,"userId":"0","year":"2019"}]
2019-05-13 09:24:17,419 com.yaof.interceptor.WebAppConfig [http-nio-8088-exec-10] (WebAppConfig.java:52) INFO  --> ============================================
2019-05-13 09:24:17,419 com.yaof.interceptor.WebAppConfig [http-nio-8088-exec-10] (WebAppConfig.java:53) INFO  --> 拦截账号：null
2019-05-13 09:24:17,426 com.yaof.controller.AmmountController [http-nio-8088-exec-10] (AmmountController.java:76) INFO  --> 保存添加的费用明细，参数:[{"cost":100.0,"desc":"公交卡充值","happenDate":"2019-05-09","happenTime":"19:10:00","income":0.0,"limit":0,"sub":0.0,"userId":"0"},{"cost":9.0,"desc":"寄件","happenDate":"2019-05-09","happenTime":"21:20:00","income":0.0,"limit":0,"sub":0.0,"userId":"0"}]
2019-05-13 09:24:17,426 com.yaof.point.TransactionDemo [http-nio-8088-exec-10] (TransactionDemo.java:13) INFO  --> point before...
2019-05-13 09:24:17,496 com.yaof.point.TransactionDemo [http-nio-8088-exec-10] (TransactionDemo.java:17) INFO  --> point after...
2019-05-13 09:25:46,531 com.yaof.interceptor.WebAppConfig [http-nio-8088-exec-8] (WebAppConfig.java:52) INFO  --> ============================================
2019-05-13 09:25:46,531 com.yaof.interceptor.WebAppConfig [http-nio-8088-exec-8] (WebAppConfig.java:53) INFO  --> 拦截账号：null
2019-05-13 09:25:46,533 com.yaof.controller.AmmountController [http-nio-8088-exec-8] (AmmountController.java:76) INFO  --> 保存添加的费用明细，参数:[{"cost":5.5,"desc":"早餐","happenDate":"2019-05-13","happenTime":"09:00:00","income":0.0,"limit":0,"sub":0.0,"userId":"0"},{"cost":25.0,"desc":"买菜","happenDate":"2019-05-13","happenTime":"09:30:00","income":0.0,"limit":0,"sub":0.0,"userId":"0"},{"cost":57.0,"desc":"泡芙","happenDate":"2019-05-13","happenTime":"19:40:00","income":0.0,"limit":0,"sub":0.0,"userId":"0"},{"cost":28.0,"desc":"蛋糕","happenDate":"2019-05-13","happenTime":"19:50:00","income":0.0,"limit":0,"sub":0.0,"userId":"0"}]
2019-05-13 09:25:46,534 com.yaof.point.TransactionDemo [http-nio-8088-exec-8] (TransactionDemo.java:13) INFO  --> point before...
2019-05-13 09:25:46,571 com.yaof.point.TransactionDemo [http-nio-8088-exec-8] (TransactionDemo.java:17) INFO  --> point after...
2019-05-13 09:26:50,067 com.yaof.interceptor.WebAppConfig [http-nio-8088-exec-6] (WebAppConfig.java:52) INFO  --> ============================================
2019-05-13 09:26:50,068 com.yaof.interceptor.WebAppConfig [http-nio-8088-exec-6] (WebAppConfig.java:53) INFO  --> 拦截账号：null
2019-05-13 09:26:50,069 com.yaof.controller.AmmountController [http-nio-8088-exec-6] (AmmountController.java:46) INFO  --> 根据用户Id查询账户信息，参数:{"cost":0.0,"day":"","income":0.0,"limit":0,"month":"5","sub":0.0,"type":"day","userId":"1","year":"2019"}
2019-05-13 09:26:50,069 com.yaof.point.TransactionDemo [http-nio-8088-exec-6] (TransactionDemo.java:13) INFO  --> point before...
2019-05-13 09:26:50,077 com.yaof.point.TransactionDemo [http-nio-8088-exec-6] (TransactionDemo.java:17) INFO  --> point after...
2019-05-13 09:26:50,078 com.yaof.controller.AmmountController [http-nio-8088-exec-6] (AmmountController.java:48) INFO  --> 根据用户Id查询账户信息，返回结果:[{"cost":115.5,"day":"12","income":0.0,"limit":0,"month":"5","sub":-115.5,"userId":"0","year":"2019"},{"cost":123.3,"day":"9","income":0.0,"limit":0,"month":"5","sub":-123.3,"userId":"0","year":"2019"},{"cost":27.5,"day":"4","income":0.0,"limit":0,"month":"5","sub":-27.5,"userId":"0","year":"2019"},{"cost":217.3,"day":"3","income":0.0,"limit":0,"month":"5","sub":-217.3,"userId":"0","year":"2019"},{"cost":99.8,"day":"2","income":0.0,"limit":0,"month":"5","sub":-99.8,"userId":"0","year":"2019"},{"cost":1900.0,"day":"1","income":0.0,"limit":0,"month":"5","sub":-1900.0,"userId":"0","year":"2019"}]
2019-05-13 09:26:50,968 com.yaof.interceptor.WebAppConfig [http-nio-8088-exec-4] (WebAppConfig.java:52) INFO  --> ============================================
2019-05-13 09:26:50,968 com.yaof.interceptor.WebAppConfig [http-nio-8088-exec-4] (WebAppConfig.java:53) INFO  --> 拦截账号：null
2019-05-13 09:26:50,969 com.yaof.controller.AmmountController [http-nio-8088-exec-4] (AmmountController.java:46) INFO  --> 根据用户Id查询账户信息，参数:{"cost":0.0,"day":"","income":0.0,"limit":0,"month":"5","sub":0.0,"type":"day","userId":"1","year":"2019"}
2019-05-13 09:26:50,970 com.yaof.point.TransactionDemo [http-nio-8088-exec-4] (TransactionDemo.java:13) INFO  --> point before...
2019-05-13 09:26:50,977 com.yaof.point.TransactionDemo [http-nio-8088-exec-4] (TransactionDemo.java:17) INFO  --> point after...
2019-05-13 09:26:50,978 com.yaof.controller.AmmountController [http-nio-8088-exec-4] (AmmountController.java:48) INFO  --> 根据用户Id查询账户信息，返回结果:[{"cost":115.5,"day":"12","income":0.0,"limit":0,"month":"5","sub":-115.5,"userId":"0","year":"2019"},{"cost":123.3,"day":"9","income":0.0,"limit":0,"month":"5","sub":-123.3,"userId":"0","year":"2019"},{"cost":27.5,"day":"4","income":0.0,"limit":0,"month":"5","sub":-27.5,"userId":"0","year":"2019"},{"cost":217.3,"day":"3","income":0.0,"limit":0,"month":"5","sub":-217.3,"userId":"0","year":"2019"},{"cost":99.8,"day":"2","income":0.0,"limit":0,"month":"5","sub":-99.8,"userId":"0","year":"2019"},{"cost":1900.0,"day":"1","income":0.0,"limit":0,"month":"5","sub":-1900.0,"userId":"0","year":"2019"}]
2019-05-13 09:26:51,135 com.yaof.interceptor.WebAppConfig [http-nio-8088-exec-1] (WebAppConfig.java:52) INFO  --> ============================================
2019-05-13 09:26:51,137 com.yaof.interceptor.WebAppConfig [http-nio-8088-exec-1] (WebAppConfig.java:53) INFO  --> 拦截账号：null
2019-05-13 09:26:51,139 com.yaof.controller.AmmountController [http-nio-8088-exec-1] (AmmountController.java:46) INFO  --> 根据用户Id查询账户信息，参数:{"cost":0.0,"day":"","income":0.0,"limit":0,"month":"5","sub":0.0,"type":"day","userId":"1","year":"2019"}
2019-05-13 09:26:51,139 com.yaof.point.TransactionDemo [http-nio-8088-exec-1] (TransactionDemo.java:13) INFO  --> point before...
2019-05-13 09:26:51,147 com.yaof.point.TransactionDemo [http-nio-8088-exec-1] (TransactionDemo.java:17) INFO  --> point after...
2019-05-13 09:26:51,148 com.yaof.controller.AmmountController [http-nio-8088-exec-1] (AmmountController.java:48) INFO  --> 根据用户Id查询账户信息，返回结果:[{"cost":115.5,"day":"12","income":0.0,"limit":0,"month":"5","sub":-115.5,"userId":"0","year":"2019"},{"cost":123.3,"day":"9","income":0.0,"limit":0,"month":"5","sub":-123.3,"userId":"0","year":"2019"},{"cost":27.5,"day":"4","income":0.0,"limit":0,"month":"5","sub":-27.5,"userId":"0","year":"2019"},{"cost":217.3,"day":"3","income":0.0,"limit":0,"month":"5","sub":-217.3,"userId":"0","year":"2019"},{"cost":99.8,"day":"2","income":0.0,"limit":0,"month":"5","sub":-99.8,"userId":"0","year":"2019"},{"cost":1900.0,"day":"1","income":0.0,"limit":0,"month":"5","sub":-1900.0,"userId":"0","year":"2019"}]
2019-05-13 09:26:51,335 com.yaof.interceptor.WebAppConfig [http-nio-8088-exec-5] (WebAppConfig.java:52) INFO  --> ============================================
2019-05-13 09:26:51,336 com.yaof.interceptor.WebAppConfig [http-nio-8088-exec-5] (WebAppConfig.java:53) INFO  --> 拦截账号：null
2019-05-13 09:26:51,339 com.yaof.controller.AmmountController [http-nio-8088-exec-5] (AmmountController.java:46) INFO  --> 根据用户Id查询账户信息，参数:{"cost":0.0,"day":"","income":0.0,"limit":0,"month":"5","sub":0.0,"type":"day","userId":"1","year":"2019"}
2019-05-13 09:26:51,339 com.yaof.point.TransactionDemo [http-nio-8088-exec-5] (TransactionDemo.java:13) INFO  --> point before...
2019-05-13 09:26:51,347 com.yaof.point.TransactionDemo [http-nio-8088-exec-5] (TransactionDemo.java:17) INFO  --> point after...
2019-05-13 09:26:51,347 com.yaof.controller.AmmountController [http-nio-8088-exec-5] (AmmountController.java:48) INFO  --> 根据用户Id查询账户信息，返回结果:[{"cost":115.5,"day":"12","income":0.0,"limit":0,"month":"5","sub":-115.5,"userId":"0","year":"2019"},{"cost":123.3,"day":"9","income":0.0,"limit":0,"month":"5","sub":-123.3,"userId":"0","year":"2019"},{"cost":27.5,"day":"4","income":0.0,"limit":0,"month":"5","sub":-27.5,"userId":"0","year":"2019"},{"cost":217.3,"day":"3","income":0.0,"limit":0,"month":"5","sub":-217.3,"userId":"0","year":"2019"},{"cost":99.8,"day":"2","income":0.0,"limit":0,"month":"5","sub":-99.8,"userId":"0","year":"2019"},{"cost":1900.0,"day":"1","income":0.0,"limit":0,"month":"5","sub":-1900.0,"userId":"0","year":"2019"}]
2019-05-13 09:26:51,534 com.yaof.interceptor.WebAppConfig [http-nio-8088-exec-9] (WebAppConfig.java:52) INFO  --> ============================================
2019-05-13 09:26:51,535 com.yaof.interceptor.WebAppConfig [http-nio-8088-exec-9] (WebAppConfig.java:53) INFO  --> 拦截账号：null
2019-05-13 09:26:51,538 com.yaof.controller.AmmountController [http-nio-8088-exec-9] (AmmountController.java:46) INFO  --> 根据用户Id查询账户信息，参数:{"cost":0.0,"day":"","income":0.0,"limit":0,"month":"5","sub":0.0,"type":"day","userId":"1","year":"2019"}
2019-05-13 09:26:51,538 com.yaof.point.TransactionDemo [http-nio-8088-exec-9] (TransactionDemo.java:13) INFO  --> point before...
2019-05-13 09:26:51,542 com.yaof.point.TransactionDemo [http-nio-8088-exec-9] (TransactionDemo.java:17) INFO  --> point after...
2019-05-13 09:26:51,542 com.yaof.controller.AmmountController [http-nio-8088-exec-9] (AmmountController.java:48) INFO  --> 根据用户Id查询账户信息，返回结果:[{"cost":115.5,"day":"12","income":0.0,"limit":0,"month":"5","sub":-115.5,"userId":"0","year":"2019"},{"cost":123.3,"day":"9","income":0.0,"limit":0,"month":"5","sub":-123.3,"userId":"0","year":"2019"},{"cost":27.5,"day":"4","income":0.0,"limit":0,"month":"5","sub":-27.5,"userId":"0","year":"2019"},{"cost":217.3,"day":"3","income":0.0,"limit":0,"month":"5","sub":-217.3,"userId":"0","year":"2019"},{"cost":99.8,"day":"2","income":0.0,"limit":0,"month":"5","sub":-99.8,"userId":"0","year":"2019"},{"cost":1900.0,"day":"1","income":0.0,"limit":0,"month":"5","sub":-1900.0,"userId":"0","year":"2019"}]
2019-05-13 09:26:52,007 com.yaof.interceptor.WebAppConfig [http-nio-8088-exec-2] (WebAppConfig.java:52) INFO  --> ============================================
2019-05-13 09:26:52,008 com.yaof.interceptor.WebAppConfig [http-nio-8088-exec-2] (WebAppConfig.java:53) INFO  --> 拦截账号：null
2019-05-13 09:26:52,009 com.yaof.controller.AmmountController [http-nio-8088-exec-2] (AmmountController.java:46) INFO  --> 根据用户Id查询账户信息，参数:{"cost":0.0,"day":"","income":0.0,"limit":0,"month":"5","sub":0.0,"type":"day","userId":"1","year":"2019"}
2019-05-13 09:26:52,010 com.yaof.point.TransactionDemo [http-nio-8088-exec-2] (TransactionDemo.java:13) INFO  --> point before...
2019-05-13 09:26:52,015 com.yaof.point.TransactionDemo [http-nio-8088-exec-2] (TransactionDemo.java:17) INFO  --> point after...
2019-05-13 09:26:52,016 com.yaof.controller.AmmountController [http-nio-8088-exec-2] (AmmountController.java:48) INFO  --> 根据用户Id查询账户信息，返回结果:[{"cost":115.5,"day":"12","income":0.0,"limit":0,"month":"5","sub":-115.5,"userId":"0","year":"2019"},{"cost":123.3,"day":"9","income":0.0,"limit":0,"month":"5","sub":-123.3,"userId":"0","year":"2019"},{"cost":27.5,"day":"4","income":0.0,"limit":0,"month":"5","sub":-27.5,"userId":"0","year":"2019"},{"cost":217.3,"day":"3","income":0.0,"limit":0,"month":"5","sub":-217.3,"userId":"0","year":"2019"},{"cost":99.8,"day":"2","income":0.0,"limit":0,"month":"5","sub":-99.8,"userId":"0","year":"2019"},{"cost":1900.0,"day":"1","income":0.0,"limit":0,"month":"5","sub":-1900.0,"userId":"0","year":"2019"}]
2019-05-13 09:26:52,200 com.yaof.interceptor.WebAppConfig [http-nio-8088-exec-10] (WebAppConfig.java:52) INFO  --> ============================================
2019-05-13 09:26:52,201 com.yaof.interceptor.WebAppConfig [http-nio-8088-exec-10] (WebAppConfig.java:53) INFO  --> 拦截账号：null
2019-05-13 09:26:52,202 com.yaof.controller.AmmountController [http-nio-8088-exec-10] (AmmountController.java:46) INFO  --> 根据用户Id查询账户信息，参数:{"cost":0.0,"day":"","income":0.0,"limit":0,"month":"5","sub":0.0,"type":"day","userId":"1","year":"2019"}
2019-05-13 09:26:52,202 com.yaof.point.TransactionDemo [http-nio-8088-exec-10] (TransactionDemo.java:13) INFO  --> point before...
2019-05-13 09:26:52,208 com.yaof.point.TransactionDemo [http-nio-8088-exec-10] (TransactionDemo.java:17) INFO  --> point after...
2019-05-13 09:26:52,208 com.yaof.controller.AmmountController [http-nio-8088-exec-10] (AmmountController.java:48) INFO  --> 根据用户Id查询账户信息，返回结果:[{"cost":115.5,"day":"12","income":0.0,"limit":0,"month":"5","sub":-115.5,"userId":"0","year":"2019"},{"cost":123.3,"day":"9","income":0.0,"limit":0,"month":"5","sub":-123.3,"userId":"0","year":"2019"},{"cost":27.5,"day":"4","income":0.0,"limit":0,"month":"5","sub":-27.5,"userId":"0","year":"2019"},{"cost":217.3,"day":"3","income":0.0,"limit":0,"month":"5","sub":-217.3,"userId":"0","year":"2019"},{"cost":99.8,"day":"2","income":0.0,"limit":0,"month":"5","sub":-99.8,"userId":"0","year":"2019"},{"cost":1900.0,"day":"1","income":0.0,"limit":0,"month":"5","sub":-1900.0,"userId":"0","year":"2019"}]
2019-05-13 09:26:52,592 com.yaof.interceptor.WebAppConfig [http-nio-8088-exec-7] (WebAppConfig.java:52) INFO  --> ============================================
2019-05-13 09:26:52,592 com.yaof.interceptor.WebAppConfig [http-nio-8088-exec-7] (WebAppConfig.java:53) INFO  --> 拦截账号：null
2019-05-13 09:26:52,594 com.yaof.controller.AmmountController [http-nio-8088-exec-7] (AmmountController.java:46) INFO  --> 根据用户Id查询账户信息，参数:{"cost":0.0,"day":"","income":0.0,"limit":0,"month":"5","sub":0.0,"type":"day","userId":"1","year":"2019"}
2019-05-13 09:26:52,594 com.yaof.point.TransactionDemo [http-nio-8088-exec-7] (TransactionDemo.java:13) INFO  --> point before...
2019-05-13 09:26:52,599 com.yaof.point.TransactionDemo [http-nio-8088-exec-7] (TransactionDemo.java:17) INFO  --> point after...
2019-05-13 09:26:52,600 com.yaof.controller.AmmountController [http-nio-8088-exec-7] (AmmountController.java:48) INFO  --> 根据用户Id查询账户信息，返回结果:[{"cost":115.5,"day":"12","income":0.0,"limit":0,"month":"5","sub":-115.5,"userId":"0","year":"2019"},{"cost":123.3,"day":"9","income":0.0,"limit":0,"month":"5","sub":-123.3,"userId":"0","year":"2019"},{"cost":27.5,"day":"4","income":0.0,"limit":0,"month":"5","sub":-27.5,"userId":"0","year":"2019"},{"cost":217.3,"day":"3","income":0.0,"limit":0,"month":"5","sub":-217.3,"userId":"0","year":"2019"},{"cost":99.8,"day":"2","income":0.0,"limit":0,"month":"5","sub":-99.8,"userId":"0","year":"2019"},{"cost":1900.0,"day":"1","income":0.0,"limit":0,"month":"5","sub":-1900.0,"userId":"0","year":"2019"}]
2019-05-13 09:26:56,135 com.yaof.interceptor.WebAppConfig [http-nio-8088-exec-8] (WebAppConfig.java:52) INFO  --> ============================================
2019-05-13 09:26:56,136 com.yaof.interceptor.WebAppConfig [http-nio-8088-exec-8] (WebAppConfig.java:53) INFO  --> 拦截账号：null
2019-05-13 09:26:56,137 com.yaof.controller.AmmountController [http-nio-8088-exec-8] (AmmountController.java:46) INFO  --> 根据用户Id查询账户信息，参数:{"cost":0.0,"day":"","income":0.0,"limit":0,"month":"5","sub":0.0,"type":"month","userId":"1","year":"2019"}
2019-05-13 09:26:56,138 com.yaof.point.TransactionDemo [http-nio-8088-exec-8] (TransactionDemo.java:13) INFO  --> point before...
2019-05-13 09:26:56,143 com.yaof.point.TransactionDemo [http-nio-8088-exec-8] (TransactionDemo.java:17) INFO  --> point after...
2019-05-13 09:26:56,143 com.yaof.controller.AmmountController [http-nio-8088-exec-8] (AmmountController.java:48) INFO  --> 根据用户Id查询账户信息，返回结果:[{"cost":2483.4,"day":"-","income":0.0,"limit":0,"month":"5","sub":-2483.4,"userId":"0","year":"2019"}]
2019-05-13 09:26:58,137 com.yaof.interceptor.WebAppConfig [http-nio-8088-exec-3] (WebAppConfig.java:52) INFO  --> ============================================
2019-05-13 09:26:58,139 com.yaof.interceptor.WebAppConfig [http-nio-8088-exec-3] (WebAppConfig.java:53) INFO  --> 拦截账号：null
2019-05-13 09:26:58,140 com.yaof.controller.AmmountController [http-nio-8088-exec-3] (AmmountController.java:46) INFO  --> 根据用户Id查询账户信息，参数:{"cost":0.0,"day":"","income":0.0,"limit":0,"month":"5","sub":0.0,"type":"day","userId":"1","year":"2019"}
2019-05-13 09:26:58,140 com.yaof.point.TransactionDemo [http-nio-8088-exec-3] (TransactionDemo.java:13) INFO  --> point before...
2019-05-13 09:26:58,145 com.yaof.point.TransactionDemo [http-nio-8088-exec-3] (TransactionDemo.java:17) INFO  --> point after...
2019-05-13 09:26:58,145 com.yaof.controller.AmmountController [http-nio-8088-exec-3] (AmmountController.java:48) INFO  --> 根据用户Id查询账户信息，返回结果:[{"cost":115.5,"day":"12","income":0.0,"limit":0,"month":"5","sub":-115.5,"userId":"0","year":"2019"},{"cost":123.3,"day":"9","income":0.0,"limit":0,"month":"5","sub":-123.3,"userId":"0","year":"2019"},{"cost":27.5,"day":"4","income":0.0,"limit":0,"month":"5","sub":-27.5,"userId":"0","year":"2019"},{"cost":217.3,"day":"3","income":0.0,"limit":0,"month":"5","sub":-217.3,"userId":"0","year":"2019"},{"cost":99.8,"day":"2","income":0.0,"limit":0,"month":"5","sub":-99.8,"userId":"0","year":"2019"},{"cost":1900.0,"day":"1","income":0.0,"limit":0,"month":"5","sub":-1900.0,"userId":"0","year":"2019"}]
2019-05-13 09:27:03,514 com.yaof.interceptor.WebAppConfig [http-nio-8088-exec-6] (WebAppConfig.java:52) INFO  --> ============================================
2019-05-13 09:27:03,514 com.yaof.interceptor.WebAppConfig [http-nio-8088-exec-6] (WebAppConfig.java:53) INFO  --> 拦截账号：null
2019-05-13 09:27:03,516 com.yaof.controller.AmmountController [http-nio-8088-exec-6] (AmmountController.java:63) INFO  --> 根据当天花费Id查询当天详细信息，参数:{"cost":0.0,"happenDate":"2019-5-1","income":0.0,"limit":0,"sub":0.0,"userId":"1"}
2019-05-13 09:27:03,517 com.yaof.point.TransactionDemo [http-nio-8088-exec-6] (TransactionDemo.java:13) INFO  --> point before...
2019-05-13 09:27:03,525 com.yaof.point.TransactionDemo [http-nio-8088-exec-6] (TransactionDemo.java:17) INFO  --> point after...
2019-05-13 09:27:03,525 com.yaof.controller.AmmountController [http-nio-8088-exec-6] (AmmountController.java:65) INFO  --> 根据当天花费Id查询当天详细信息，返回结果:[{"cost":1900.0,"day":"1","desc":"红包","happenTime":"12:00:00","id":"556","income":0.0,"limit":0,"month":"5","sub":0.0,"userId":"0","year":"2019"}]
2019-05-13 09:27:06,080 com.yaof.interceptor.WebAppConfig [http-nio-8088-exec-4] (WebAppConfig.java:52) INFO  --> ============================================
2019-05-13 09:27:06,081 com.yaof.interceptor.WebAppConfig [http-nio-8088-exec-4] (WebAppConfig.java:53) INFO  --> 拦截账号：null
2019-05-13 09:27:06,082 com.yaof.controller.AmmountController [http-nio-8088-exec-4] (AmmountController.java:46) INFO  --> 根据用户Id查询账户信息，参数:{"cost":0.0,"day":"","income":0.0,"limit":0,"month":"5","sub":0.0,"type":"month","userId":"1","year":"2019"}
2019-05-13 09:27:06,082 com.yaof.point.TransactionDemo [http-nio-8088-exec-4] (TransactionDemo.java:13) INFO  --> point before...
2019-05-13 09:27:06,086 com.yaof.point.TransactionDemo [http-nio-8088-exec-4] (TransactionDemo.java:17) INFO  --> point after...
2019-05-13 09:27:06,087 com.yaof.controller.AmmountController [http-nio-8088-exec-4] (AmmountController.java:48) INFO  --> 根据用户Id查询账户信息，返回结果:[{"cost":2483.4,"day":"-","income":0.0,"limit":0,"month":"5","sub":-2483.4,"userId":"0","year":"2019"}]
2019-05-13 09:27:07,839 com.yaof.interceptor.WebAppConfig [http-nio-8088-exec-1] (WebAppConfig.java:52) INFO  --> ============================================
2019-05-13 09:27:07,840 com.yaof.interceptor.WebAppConfig [http-nio-8088-exec-1] (WebAppConfig.java:53) INFO  --> 拦截账号：null
2019-05-13 09:27:07,841 com.yaof.controller.AmmountController [http-nio-8088-exec-1] (AmmountController.java:46) INFO  --> 根据用户Id查询账户信息，参数:{"cost":0.0,"day":"","income":0.0,"limit":0,"month":"5","sub":0.0,"type":"day","userId":"1","year":"2019"}
2019-05-13 09:27:07,841 com.yaof.point.TransactionDemo [http-nio-8088-exec-1] (TransactionDemo.java:13) INFO  --> point before...
2019-05-13 09:27:07,845 com.yaof.point.TransactionDemo [http-nio-8088-exec-1] (TransactionDemo.java:17) INFO  --> point after...
2019-05-13 09:27:07,845 com.yaof.controller.AmmountController [http-nio-8088-exec-1] (AmmountController.java:48) INFO  --> 根据用户Id查询账户信息，返回结果:[{"cost":115.5,"day":"12","income":0.0,"limit":0,"month":"5","sub":-115.5,"userId":"0","year":"2019"},{"cost":123.3,"day":"9","income":0.0,"limit":0,"month":"5","sub":-123.3,"userId":"0","year":"2019"},{"cost":27.5,"day":"4","income":0.0,"limit":0,"month":"5","sub":-27.5,"userId":"0","year":"2019"},{"cost":217.3,"day":"3","income":0.0,"limit":0,"month":"5","sub":-217.3,"userId":"0","year":"2019"},{"cost":99.8,"day":"2","income":0.0,"limit":0,"month":"5","sub":-99.8,"userId":"0","year":"2019"},{"cost":1900.0,"day":"1","income":0.0,"limit":0,"month":"5","sub":-1900.0,"userId":"0","year":"2019"}]
2019-05-13 09:27:08,719 com.yaof.interceptor.WebAppConfig [http-nio-8088-exec-5] (WebAppConfig.java:52) INFO  --> ============================================
2019-05-13 09:27:08,719 com.yaof.interceptor.WebAppConfig [http-nio-8088-exec-5] (WebAppConfig.java:53) INFO  --> 拦截账号：null
2019-05-13 09:27:08,721 com.yaof.controller.AmmountController [http-nio-8088-exec-5] (AmmountController.java:46) INFO  --> 根据用户Id查询账户信息，参数:{"cost":0.0,"day":"","income":0.0,"limit":0,"month":"5","sub":0.0,"type":"month","userId":"1","year":"2019"}
2019-05-13 09:27:08,722 com.yaof.point.TransactionDemo [http-nio-8088-exec-5] (TransactionDemo.java:13) INFO  --> point before...
2019-05-13 09:27:08,727 com.yaof.point.TransactionDemo [http-nio-8088-exec-5] (TransactionDemo.java:17) INFO  --> point after...
2019-05-13 09:27:08,727 com.yaof.controller.AmmountController [http-nio-8088-exec-5] (AmmountController.java:48) INFO  --> 根据用户Id查询账户信息，返回结果:[{"cost":2483.4,"day":"-","income":0.0,"limit":0,"month":"5","sub":-2483.4,"userId":"0","year":"2019"}]
2019-05-13 09:27:11,439 com.yaof.interceptor.WebAppConfig [http-nio-8088-exec-9] (WebAppConfig.java:52) INFO  --> ============================================
2019-05-13 09:27:11,441 com.yaof.interceptor.WebAppConfig [http-nio-8088-exec-9] (WebAppConfig.java:53) INFO  --> 拦截账号：null
2019-05-13 09:27:11,441 com.yaof.controller.AmmountController [http-nio-8088-exec-9] (AmmountController.java:46) INFO  --> 根据用户Id查询账户信息，参数:{"cost":0.0,"day":"","income":0.0,"limit":0,"month":"5","sub":0.0,"type":"day","userId":"1","year":"2019"}
2019-05-13 09:27:11,442 com.yaof.point.TransactionDemo [http-nio-8088-exec-9] (TransactionDemo.java:13) INFO  --> point before...
2019-05-13 09:27:11,446 com.yaof.point.TransactionDemo [http-nio-8088-exec-9] (TransactionDemo.java:17) INFO  --> point after...
2019-05-13 09:27:11,446 com.yaof.controller.AmmountController [http-nio-8088-exec-9] (AmmountController.java:48) INFO  --> 根据用户Id查询账户信息，返回结果:[{"cost":115.5,"day":"12","income":0.0,"limit":0,"month":"5","sub":-115.5,"userId":"0","year":"2019"},{"cost":123.3,"day":"9","income":0.0,"limit":0,"month":"5","sub":-123.3,"userId":"0","year":"2019"},{"cost":27.5,"day":"4","income":0.0,"limit":0,"month":"5","sub":-27.5,"userId":"0","year":"2019"},{"cost":217.3,"day":"3","income":0.0,"limit":0,"month":"5","sub":-217.3,"userId":"0","year":"2019"},{"cost":99.8,"day":"2","income":0.0,"limit":0,"month":"5","sub":-99.8,"userId":"0","year":"2019"},{"cost":1900.0,"day":"1","income":0.0,"limit":0,"month":"5","sub":-1900.0,"userId":"0","year":"2019"}]
2019-05-13 09:27:19,320 com.yaof.interceptor.WebAppConfig [http-nio-8088-exec-4] (WebAppConfig.java:52) INFO  --> ============================================
2019-05-13 09:27:19,321 com.yaof.interceptor.WebAppConfig [http-nio-8088-exec-4] (WebAppConfig.java:53) INFO  --> 拦截账号：null
2019-05-13 09:27:19,322 com.yaof.controller.AmmountController [http-nio-8088-exec-4] (AmmountController.java:46) INFO  --> 根据用户Id查询账户信息，参数:{"cost":0.0,"income":0.0,"limit":0,"month":"5","sub":0.0,"type":"day","userId":"1","year":"2019"}
2019-05-13 09:27:19,322 com.yaof.point.TransactionDemo [http-nio-8088-exec-4] (TransactionDemo.java:13) INFO  --> point before...
2019-05-13 09:27:19,329 com.yaof.point.TransactionDemo [http-nio-8088-exec-4] (TransactionDemo.java:17) INFO  --> point after...
2019-05-13 09:27:19,330 com.yaof.controller.AmmountController [http-nio-8088-exec-4] (AmmountController.java:48) INFO  --> 根据用户Id查询账户信息，返回结果:[{"cost":115.5,"day":"12","income":0.0,"limit":0,"month":"5","sub":-115.5,"userId":"0","year":"2019"},{"cost":123.3,"day":"9","income":0.0,"limit":0,"month":"5","sub":-123.3,"userId":"0","year":"2019"},{"cost":27.5,"day":"4","income":0.0,"limit":0,"month":"5","sub":-27.5,"userId":"0","year":"2019"},{"cost":217.3,"day":"3","income":0.0,"limit":0,"month":"5","sub":-217.3,"userId":"0","year":"2019"},{"cost":99.8,"day":"2","income":0.0,"limit":0,"month":"5","sub":-99.8,"userId":"0","year":"2019"},{"cost":1900.0,"day":"1","income":0.0,"limit":0,"month":"5","sub":-1900.0,"userId":"0","year":"2019"}]
