2020-11-30 17:04:06,266 org.mongodb.driver.cluster [main] (SLF4JLogger.java:71) INFO  --> Cluster created with settings {hosts=[localhost:27017], mode=SINGLE, requiredClusterType=UNKNOWN, serverSelectionTimeout='30000 ms', maxWaitQueueSize=500}
2020-11-30 17:04:06,533 org.mongodb.driver.cluster [main] (SLF4JLogger.java:71) INFO  --> No server chosen by ReadPreferenceServerSelector{readPreference=primary} from cluster description ClusterDescription{type=UNKNOWN, connectionMode=SINGLE, serverDescriptions=[ServerDescription{address=localhost:27017, type=UNKNOWN, state=CONNECTING}]}. Waiting for 30000 ms before timing out
2020-11-30 17:04:08,405 org.mongodb.driver.cluster [cluster-ClusterId{value='5fc4b586145c5c2578375ebd', description='null'}-localhost:27017] (SLF4JLogger.java:76) INFO  --> Exception in monitor thread while connecting to server localhost:27017
com.mongodb.MongoSocketOpenException: Exception opening socket
	at com.mongodb.connection.SocketStream.open(SocketStream.java:63)
	at com.mongodb.connection.InternalStreamConnection.open(InternalStreamConnection.java:115)
	at com.mongodb.connection.DefaultServerMonitor$ServerMonitorRunnable.run(DefaultServerMonitor.java:113)
	at java.lang.Thread.run(Thread.java:748)
Caused by: java.net.ConnectException: Connection refused: connect
	at java.net.DualStackPlainSocketImpl.waitForConnect(Native Method)
	at java.net.DualStackPlainSocketImpl.socketConnect(DualStackPlainSocketImpl.java:85)
	at java.net.AbstractPlainSocketImpl.doConnect(AbstractPlainSocketImpl.java:350)
	at java.net.AbstractPlainSocketImpl.connectToAddress(AbstractPlainSocketImpl.java:206)
	at java.net.AbstractPlainSocketImpl.connect(AbstractPlainSocketImpl.java:188)
	at java.net.PlainSocketImpl.connect(PlainSocketImpl.java:172)
	at java.net.SocksSocketImpl.connect(SocksSocketImpl.java:392)
	at java.net.Socket.connect(Socket.java:589)
	at com.mongodb.connection.SocketStreamHelper.initialize(SocketStreamHelper.java:57)
	at com.mongodb.connection.SocketStream.open(SocketStream.java:58)
	... 3 more
2020-11-30 17:11:36,649 org.mongodb.driver.cluster [main] (SLF4JLogger.java:71) INFO  --> Cluster created with settings {hosts=[localhost:27017], mode=SINGLE, requiredClusterType=UNKNOWN, serverSelectionTimeout='30000 ms', maxWaitQueueSize=500}
2020-11-30 17:11:36,801 org.mongodb.driver.connection [cluster-ClusterId{value='5fc4b748145c5c1b24303832', description='null'}-localhost:27017] (SLF4JLogger.java:71) INFO  --> Opened connection [connectionId{localValue:1, serverValue:3}] to localhost:27017
2020-11-30 17:11:36,804 org.mongodb.driver.cluster [cluster-ClusterId{value='5fc4b748145c5c1b24303832', description='null'}-localhost:27017] (SLF4JLogger.java:71) INFO  --> Monitor thread successfully connected to server with description ServerDescription{address=localhost:27017, type=STANDALONE, state=CONNECTED, ok=true, version=ServerVersion{versionList=[4, 4, 1]}, minWireVersion=0, maxWireVersion=9, maxDocumentSize=16777216, roundTripTimeNanos=776900}
2020-11-30 17:11:36,925 org.mongodb.driver.connection [main] (SLF4JLogger.java:71) INFO  --> Opened connection [connectionId{localValue:2, serverValue:4}] to localhost:27017
