2020-10-22 17:54:35,777 com.yaof.RecordClearAideApplication [main] (StartupInfoLogger.java:48) INFO  --> Starting RecordClearAideApplication on yaofang with PID 16248 (E:\workspace_winning\RecordClearAide\target\classes started by Administrator in E:\workspace_winning\RecordClearAide)
2020-10-22 17:54:35,785 com.yaof.RecordClearAideApplication [main] (SpringApplication.java:597) INFO  --> The following profiles are active: prd
2020-10-22 17:54:36,022 org.springframework.boot.context.embedded.AnnotationConfigEmbeddedWebApplicationContext [main] (AbstractApplicationContext.java:583) INFO  --> Refreshing org.springframework.boot.context.embedded.AnnotationConfigEmbeddedWebApplicationContext@bf1ec20: startup date [Thu Oct 22 17:54:36 CST 2020]; root of context hierarchy
2020-10-22 17:54:38,634 org.springframework.beans.factory.xml.XmlBeanDefinitionReader [main] (XmlBeanDefinitionReader.java:317) INFO  --> Loading XML bean definitions from class path resource [spring-mybatis.xml]
2020-10-22 17:54:39,067 org.mybatis.spring.mapper.ClassPathMapperScanner [main] (ClassPathMapperScanner.java:166) WARN  --> No MyBatis mapper was found in '[com.yaof]' package. Please check your configuration.
2020-10-22 17:54:39,853 org.springframework.context.support.PostProcessorRegistrationDelegate$BeanPostProcessorChecker [main] (PostProcessorRegistrationDelegate.java:327) INFO  --> Bean '(inner bean)#6807a356' of type [org.springframework.aop.aspectj.AspectJMethodBeforeAdvice] is not eligible for getting processed by all BeanPostProcessors (for example: not eligible for auto-proxying)
2020-10-22 17:54:40,081 org.springframework.context.support.PostProcessorRegistrationDelegate$BeanPostProcessorChecker [main] (PostProcessorRegistrationDelegate.java:327) INFO  --> Bean 'org.springframework.aop.aspectj.AspectJPointcutAdvisor#0' of type [org.springframework.aop.aspectj.AspectJPointcutAdvisor] is not eligible for getting processed by all BeanPostProcessors (for example: not eligible for auto-proxying)
2020-10-22 17:54:40,097 org.springframework.context.support.PostProcessorRegistrationDelegate$BeanPostProcessorChecker [main] (PostProcessorRegistrationDelegate.java:327) INFO  --> Bean '(inner bean)#415ef4d8' of type [org.springframework.aop.aspectj.AspectJAfterAdvice] is not eligible for getting processed by all BeanPostProcessors (for example: not eligible for auto-proxying)
2020-10-22 17:54:40,103 org.springframework.context.support.PostProcessorRegistrationDelegate$BeanPostProcessorChecker [main] (PostProcessorRegistrationDelegate.java:327) INFO  --> Bean 'org.springframework.aop.aspectj.AspectJPointcutAdvisor#1' of type [org.springframework.aop.aspectj.AspectJPointcutAdvisor] is not eligible for getting processed by all BeanPostProcessors (for example: not eligible for auto-proxying)
2020-10-22 17:54:40,180 org.springframework.context.support.PostProcessorRegistrationDelegate$BeanPostProcessorChecker [main] (PostProcessorRegistrationDelegate.java:327) INFO  --> Bean 'org.springframework.transaction.annotation.ProxyTransactionManagementConfiguration' of type [org.springframework.transaction.annotation.ProxyTransactionManagementConfiguration$$EnhancerBySpringCGLIB$$73928c17] is not eligible for getting processed by all BeanPostProcessors (for example: not eligible for auto-proxying)
2020-10-22 17:54:41,069 org.eclipse.jetty.util.log [main] (Log.java:193) INFO  --> Logging initialized @8267ms to org.eclipse.jetty.util.log.Slf4jLog
2020-10-22 17:54:41,320 org.springframework.boot.context.embedded.jetty.JettyEmbeddedServletContainerFactory [main] (JettyEmbeddedServletContainerFactory.java:177) INFO  --> Server initialized with port: 8088
2020-10-22 17:54:41,322 org.eclipse.jetty.server.Server [main] (Server.java:374) INFO  --> jetty-9.4.10.v20180503; built: 2018-05-03T15:56:21.710Z; git: daa59876e6f384329b122929e70a80934569428c; jvm 1.8.0_172-b11
2020-10-22 17:54:41,519 org.eclipse.jetty.server.session [main] (DefaultSessionIdManager.java:365) INFO  --> DefaultSessionIdManager workerName=node0
2020-10-22 17:54:41,519 org.eclipse.jetty.server.session [main] (DefaultSessionIdManager.java:370) INFO  --> No SessionScavenger set, using defaults
2020-10-22 17:54:41,525 org.eclipse.jetty.server.session [main] (HouseKeeper.java:149) INFO  --> node0 Scavenging every 660000ms
2020-10-22 17:54:41,596 org.eclipse.jetty.server.handler.ContextHandler.application [main] (ContextHandler.java:2221) INFO  --> Warning: No org.apache.tomcat.JarScanner set in ServletContext. Falling back to default JarScanner implementation.
2020-10-22 17:54:41,964 org.apache.jasper.servlet.TldScanner [main] (DirectJDKLog.java:180) INFO  --> At least one JAR was scanned for TLDs yet contained no TLDs. Enable debug logging for this logger for a complete list of JARs that were scanned but no TLDs were found in them. Skipping unneeded JARs during scanning can improve startup time and JSP compilation time.
2020-10-22 17:54:41,973 org.eclipse.jetty.server.handler.ContextHandler.application [main] (ContextHandler.java:2221) INFO  --> Initializing Spring embedded WebApplicationContext
2020-10-22 17:54:41,974 org.springframework.web.context.ContextLoader [main] (EmbeddedWebApplicationContext.java:276) INFO  --> Root WebApplicationContext: initialization completed in 5964 ms
2020-10-22 17:54:42,598 org.springframework.boot.web.servlet.FilterRegistrationBean [main] (AbstractFilterRegistrationBean.java:258) INFO  --> Mapping filter: 'characterEncodingFilter' to: [/*]
2020-10-22 17:54:42,599 org.springframework.boot.web.servlet.FilterRegistrationBean [main] (AbstractFilterRegistrationBean.java:258) INFO  --> Mapping filter: 'hiddenHttpMethodFilter' to: [/*]
2020-10-22 17:54:42,600 org.springframework.boot.web.servlet.FilterRegistrationBean [main] (AbstractFilterRegistrationBean.java:258) INFO  --> Mapping filter: 'httpPutFormContentFilter' to: [/*]
2020-10-22 17:54:42,608 org.springframework.boot.web.servlet.FilterRegistrationBean [main] (AbstractFilterRegistrationBean.java:258) INFO  --> Mapping filter: 'requestContextFilter' to: [/*]
2020-10-22 17:54:42,608 org.springframework.boot.web.servlet.FilterRegistrationBean [main] (AbstractFilterRegistrationBean.java:271) INFO  --> Mapping filter: 'sessionFilter' to urls: [/*]
2020-10-22 17:54:42,609 org.springframework.boot.web.servlet.FilterRegistrationBean [main] (AbstractFilterRegistrationBean.java:271) INFO  --> Mapping filter: 'webStatFilter' to urls: [/*]
2020-10-22 17:54:42,610 org.springframework.boot.web.servlet.ServletRegistrationBean [main] (ServletRegistrationBean.java:190) INFO  --> Mapping servlet: 'dispatcherServlet' to [/]
2020-10-22 17:54:42,612 org.springframework.boot.web.servlet.ServletRegistrationBean [main] (ServletRegistrationBean.java:190) INFO  --> Mapping servlet: 'statViewServlet' to [/druid/*]
2020-10-22 17:54:42,622 org.eclipse.jetty.server.handler.ContextHandler [main] (ContextHandler.java:788) INFO  --> Started o.s.b.c.e.j.JettyEmbeddedWebAppContext@4ccdacf5{/rca,[file:///E:/workspace_winning/RecordClearAide/src/main/webapp/, jar:file:/D:/dev/maven/maven_31/io/springfox/springfox-swagger-ui/2.7.0/springfox-swagger-ui-2.7.0.jar!/META-INF/resources],AVAILABLE}
2020-10-22 17:54:42,623 org.eclipse.jetty.server.Server [main] (Server.java:411) INFO  --> Started @9824ms
2020-10-22 17:54:42,903 com.alibaba.druid.pool.DruidDataSource [main] (DruidDataSource.java:889) INFO  --> {dataSource-1} inited
2020-10-22 17:54:43,678 com.alibaba.druid.pool.DruidDataSource [main] (DruidDataSource.java:889) INFO  --> {dataSource-2} inited
2020-10-22 17:54:45,241 org.springframework.web.servlet.mvc.method.annotation.RequestMappingHandlerMapping [main] (AbstractHandlerMethodMapping.java:543) INFO  --> Mapped "{[/user/queryDayDetail],methods=[POST]}" onto public com.yaof.pojo.utils.Response<java.util.List<com.yaof.pojo.AmmountSum>> com.yaof.controller.AmmountController.queryDayDetail(com.yaof.pojo.AmmountSum,javax.servlet.http.HttpSession)
2020-10-22 17:54:45,243 org.springframework.web.servlet.mvc.method.annotation.RequestMappingHandlerMapping [main] (AbstractHandlerMethodMapping.java:543) INFO  --> Mapped "{[/user/addAccountDetail],methods=[POST]}" onto public com.yaof.pojo.utils.Response<java.lang.String> com.yaof.controller.AmmountController.addAccountDetail(java.util.List<com.yaof.pojo.AmmountSum>,javax.servlet.http.HttpSession)
2020-10-22 17:54:45,244 org.springframework.web.servlet.mvc.method.annotation.RequestMappingHandlerMapping [main] (AbstractHandlerMethodMapping.java:543) INFO  --> Mapped "{[/user/queryAccountDetail],methods=[POST]}" onto public com.yaof.pojo.utils.Response<java.util.List<com.yaof.pojo.AmmountSum>> com.yaof.controller.AmmountController.queryAccountDetail(com.yaof.pojo.AmmountSum,javax.servlet.http.HttpSession)
2020-10-22 17:54:45,245 org.springframework.web.servlet.mvc.method.annotation.RequestMappingHandlerMapping [main] (AbstractHandlerMethodMapping.java:543) INFO  --> Mapped "{[/user/saveDayDetailById],methods=[POST]}" onto public com.yaof.pojo.utils.Response<java.lang.String> com.yaof.controller.AmmountController.saveDayDetailById(com.yaof.pojo.AmmountSum)
2020-10-22 17:54:45,246 org.springframework.web.servlet.mvc.method.annotation.RequestMappingHandlerMapping [main] (AbstractHandlerMethodMapping.java:543) INFO  --> Mapped "{[/user/deleteDayDetailById],methods=[POST]}" onto public com.yaof.pojo.utils.Response<java.lang.String> com.yaof.controller.AmmountController.deleteDayDetailById(com.yaof.pojo.AmmountSum)
2020-10-22 17:54:45,248 org.springframework.web.servlet.mvc.method.annotation.RequestMappingHandlerMapping [main] (AbstractHandlerMethodMapping.java:543) INFO  --> Mapped "{[/index]}" onto public java.lang.String com.yaof.controller.GameRoleController.index(java.lang.String)
2020-10-22 17:54:45,249 org.springframework.web.servlet.mvc.method.annotation.RequestMappingHandlerMapping [main] (AbstractHandlerMethodMapping.java:543) INFO  --> Mapped "{[/insertRoleInfo],methods=[POST]}" onto public com.yaof.pojo.utils.Response<com.alibaba.fastjson.JSONObject> com.yaof.controller.GameRoleController.insertRoleInfo(com.yaof.pojo.GameRole,javax.servlet.http.HttpServletRequest)
2020-10-22 17:54:45,250 org.springframework.web.servlet.mvc.method.annotation.RequestMappingHandlerMapping [main] (AbstractHandlerMethodMapping.java:543) INFO  --> Mapped "{[/selectNumber],methods=[POST]}" onto public com.yaof.pojo.utils.Response<com.alibaba.fastjson.JSONObject> com.yaof.controller.GameRoleController.selectNumber()
2020-10-22 17:54:45,251 org.springframework.web.servlet.mvc.method.annotation.RequestMappingHandlerMapping [main] (AbstractHandlerMethodMapping.java:543) INFO  --> Mapped "{[/insertBatchRoleInfo],methods=[POST]}" onto public com.yaof.pojo.utils.Response<com.alibaba.fastjson.JSONObject> com.yaof.controller.GameRoleController.insertBatchRoleInfo()
2020-10-22 17:54:45,257 org.springframework.web.servlet.mvc.method.annotation.RequestMappingHandlerMapping [main] (AbstractHandlerMethodMapping.java:543) INFO  --> Mapped "{[/register],methods=[POST]}" onto public com.yaof.pojo.utils.Response com.yaof.controller.UserController.register(com.yaof.pojo.User)
2020-10-22 17:54:45,258 org.springframework.web.servlet.mvc.method.annotation.RequestMappingHandlerMapping [main] (AbstractHandlerMethodMapping.java:543) INFO  --> Mapped "{[/getUserInfo],methods=[POST]}" onto public java.lang.String com.yaof.controller.UserController.getUserInfo(java.lang.String,javax.servlet.http.HttpServletRequest)
2020-10-22 17:54:45,259 org.springframework.web.servlet.mvc.method.annotation.RequestMappingHandlerMapping [main] (AbstractHandlerMethodMapping.java:543) INFO  --> Mapped "{[/logout],methods=[POST]}" onto public com.yaof.pojo.utils.Response com.yaof.controller.UserController.checkAccount(javax.servlet.http.HttpServletRequest)
2020-10-22 17:54:45,259 org.springframework.web.servlet.mvc.method.annotation.RequestMappingHandlerMapping [main] (AbstractHandlerMethodMapping.java:543) INFO  --> Mapped "{[/checkAccount],methods=[POST]}" onto public com.yaof.pojo.utils.Response com.yaof.controller.UserController.checkAccount(java.lang.String)
2020-10-22 17:54:45,260 org.springframework.web.servlet.mvc.method.annotation.RequestMappingHandlerMapping [main] (AbstractHandlerMethodMapping.java:543) INFO  --> Mapped "{[/login],methods=[POST]}" onto public com.yaof.pojo.utils.Response com.yaof.controller.UserController.login(com.yaof.pojo.User,javax.servlet.http.HttpServletRequest)
2020-10-22 17:54:45,260 org.springframework.web.servlet.mvc.method.annotation.RequestMappingHandlerMapping [main] (AbstractHandlerMethodMapping.java:543) INFO  --> Mapped "{[/saveUserInfo],methods=[POST]}" onto public com.yaof.pojo.utils.Response com.yaof.controller.UserController.saveUserInfo(com.yaof.pojo.User,javax.servlet.http.HttpSession)
2020-10-22 17:54:45,261 org.springframework.web.servlet.mvc.method.annotation.RequestMappingHandlerMapping [main] (AbstractHandlerMethodMapping.java:543) INFO  --> Mapped "{[/updatePassword],methods=[POST]}" onto public com.yaof.pojo.utils.Response com.yaof.controller.UserController.updatePassword(java.util.Map<java.lang.String, java.lang.Object>,javax.servlet.http.HttpSession)
2020-10-22 17:54:45,261 org.springframework.web.servlet.mvc.method.annotation.RequestMappingHandlerMapping [main] (AbstractHandlerMethodMapping.java:543) INFO  --> Mapped "{[/getAccount],methods=[POST]}" onto private java.lang.String com.yaof.controller.UserController.getAccount(javax.servlet.http.HttpSession)
2020-10-22 17:54:45,262 org.springframework.web.servlet.mvc.method.annotation.RequestMappingHandlerMapping [main] (AbstractHandlerMethodMapping.java:543) INFO  --> Mapped "{[/addRcaUserInfo],methods=[POST]}" onto public com.yaof.pojo.utils.Response com.yaof.controller.UserController.addRcaUserInfo(com.yaof.pojo.User,javax.servlet.http.HttpSession)
2020-10-22 17:54:45,262 org.springframework.web.servlet.mvc.method.annotation.RequestMappingHandlerMapping [main] (AbstractHandlerMethodMapping.java:543) INFO  --> Mapped "{[/queryAccountByPower],methods=[POST]}" onto private com.yaof.pojo.utils.Response<java.util.List<com.yaof.pojo.User>> com.yaof.controller.UserController.queryAccountByPower(com.yaof.pojo.User,javax.servlet.http.HttpSession)
2020-10-22 17:54:45,263 org.springframework.web.servlet.mvc.method.annotation.RequestMappingHandlerMapping [main] (AbstractHandlerMethodMapping.java:543) INFO  --> Mapped "{[/updatePasswordByAccount],methods=[POST]}" onto public com.yaof.pojo.utils.Response com.yaof.controller.UserController.updatePasswordByAccount(com.yaof.pojo.User,javax.servlet.http.HttpSession)
2020-10-22 17:54:45,263 org.springframework.web.servlet.mvc.method.annotation.RequestMappingHandlerMapping [main] (AbstractHandlerMethodMapping.java:543) INFO  --> Mapped "{[/deleteAccountById],methods=[POST]}" onto private com.yaof.pojo.utils.Response com.yaof.controller.UserController.deleteAccountById(java.lang.String)
2020-10-22 17:54:45,269 org.springframework.web.servlet.mvc.method.annotation.RequestMappingHandlerMapping [main] (AbstractHandlerMethodMapping.java:543) INFO  --> Mapped "{[/swagger-resources/configuration/ui]}" onto public org.springframework.http.ResponseEntity<springfox.documentation.swagger.web.UiConfiguration> springfox.documentation.swagger.web.ApiResourceController.uiConfiguration()
2020-10-22 17:54:45,270 org.springframework.web.servlet.mvc.method.annotation.RequestMappingHandlerMapping [main] (AbstractHandlerMethodMapping.java:543) INFO  --> Mapped "{[/swagger-resources]}" onto public org.springframework.http.ResponseEntity<java.util.List<springfox.documentation.swagger.web.SwaggerResource>> springfox.documentation.swagger.web.ApiResourceController.swaggerResources()
2020-10-22 17:54:45,271 org.springframework.web.servlet.mvc.method.annotation.RequestMappingHandlerMapping [main] (AbstractHandlerMethodMapping.java:543) INFO  --> Mapped "{[/swagger-resources/configuration/security]}" onto public org.springframework.http.ResponseEntity<springfox.documentation.swagger.web.SecurityConfiguration> springfox.documentation.swagger.web.ApiResourceController.securityConfiguration()
2020-10-22 17:54:45,275 org.springframework.web.servlet.mvc.method.annotation.RequestMappingHandlerMapping [main] (AbstractHandlerMethodMapping.java:543) INFO  --> Mapped "{[/error]}" onto public org.springframework.http.ResponseEntity<java.util.Map<java.lang.String, java.lang.Object>> org.springframework.boot.autoconfigure.web.BasicErrorController.error(javax.servlet.http.HttpServletRequest)
2020-10-22 17:54:45,276 org.springframework.web.servlet.mvc.method.annotation.RequestMappingHandlerMapping [main] (AbstractHandlerMethodMapping.java:543) INFO  --> Mapped "{[/error],produces=[text/html]}" onto public org.springframework.web.servlet.ModelAndView org.springframework.boot.autoconfigure.web.BasicErrorController.errorHtml(javax.servlet.http.HttpServletRequest,javax.servlet.http.HttpServletResponse)
2020-10-22 17:54:45,801 springfox.documentation.spring.web.PropertySourcedRequestMappingHandlerMapping [main] (PropertySourcedRequestMappingHandlerMapping.java:69) INFO  --> Mapped URL path [/v2/api-docs] onto method [public org.springframework.http.ResponseEntity<springfox.documentation.spring.web.json.Json> springfox.documentation.swagger2.web.Swagger2Controller.getDocumentation(java.lang.String,javax.servlet.http.HttpServletRequest)]
2020-10-22 17:55:31,114 org.springframework.scheduling.concurrent.ThreadPoolTaskExecutor [main] (ExecutorConfigurationSupport.java:165) INFO  --> Initializing ExecutorService  'executor'
2020-10-22 17:55:31,312 org.quartz.impl.StdSchedulerFactory [main] (StdSchedulerFactory.java:1172) INFO  --> Using default implementation for ThreadExecutor
2020-10-22 17:55:31,345 org.quartz.core.SchedulerSignalerImpl [main] (SchedulerSignalerImpl.java:61) INFO  --> Initialized Scheduler Signaller of type: class org.quartz.core.SchedulerSignalerImpl
2020-10-22 17:55:31,345 org.quartz.core.QuartzScheduler [main] (QuartzScheduler.java:240) INFO  --> Quartz Scheduler v.2.2.3 created.
2020-10-22 17:55:31,347 org.quartz.simpl.RAMJobStore [main] (RAMJobStore.java:155) INFO  --> RAMJobStore initialized.
2020-10-22 17:55:31,349 org.quartz.core.QuartzScheduler [main] (QuartzScheduler.java:305) INFO  --> Scheduler meta-data: Quartz Scheduler (v2.2.3) 'org.springframework.scheduling.quartz.SchedulerFactoryBean#0' with instanceId 'NON_CLUSTERED'
  Scheduler class: 'org.quartz.core.QuartzScheduler' - running locally.
  NOT STARTED.
  Currently in standby mode.
  Number of jobs executed: 0
  Using thread pool 'org.springframework.scheduling.quartz.LocalTaskExecutorThreadPool' - with -1 threads.
  Using job-store 'org.quartz.simpl.RAMJobStore' - which does not support persistence. and is not clustered.

2020-10-22 17:55:31,349 org.quartz.impl.StdSchedulerFactory [main] (StdSchedulerFactory.java:1327) INFO  --> Quartz scheduler 'org.springframework.scheduling.quartz.SchedulerFactoryBean#0' initialized from an externally provided properties instance.
2020-10-22 17:55:31,349 org.quartz.impl.StdSchedulerFactory [main] (StdSchedulerFactory.java:1331) INFO  --> Quartz scheduler version: 2.2.3
2020-10-22 17:55:31,353 org.quartz.core.QuartzScheduler [main] (QuartzScheduler.java:2311) INFO  --> JobFactory set to: org.springframework.scheduling.quartz.AdaptableJobFactory@2114eb1a
2020-10-22 17:55:32,061 org.springframework.web.servlet.mvc.method.annotation.RequestMappingHandlerAdapter [main] (RequestMappingHandlerAdapter.java:534) INFO  --> Looking for @ControllerAdvice: org.springframework.boot.context.embedded.AnnotationConfigEmbeddedWebApplicationContext@bf1ec20: startup date [Thu Oct 22 17:54:36 CST 2020]; root of context hierarchy
2020-10-22 17:55:32,216 org.springframework.web.servlet.handler.SimpleUrlHandlerMapping [main] (AbstractUrlHandlerMapping.java:362) INFO  --> Mapped URL path [/webjars/**] onto handler of type [class org.springframework.web.servlet.resource.ResourceHttpRequestHandler]
2020-10-22 17:55:32,216 org.springframework.web.servlet.handler.SimpleUrlHandlerMapping [main] (AbstractUrlHandlerMapping.java:362) INFO  --> Mapped URL path [/**] onto handler of type [class org.springframework.web.servlet.resource.ResourceHttpRequestHandler]
2020-10-22 17:55:32,303 org.springframework.web.servlet.handler.SimpleUrlHandlerMapping [main] (AbstractUrlHandlerMapping.java:362) INFO  --> Mapped URL path [/**/favicon.ico] onto handler of type [class org.springframework.web.servlet.resource.ResourceHttpRequestHandler]
2020-10-22 17:55:35,613 org.mongodb.driver.cluster [main] (SLF4JLogger.java:71) INFO  --> Cluster created with settings {hosts=[localhost:27017], mode=SINGLE, requiredClusterType=UNKNOWN, serverSelectionTimeout='30000 ms', maxWaitQueueSize=500}
2020-10-22 17:55:36,389 org.springframework.jmx.export.annotation.AnnotationMBeanExporter [main] (MBeanExporter.java:431) INFO  --> Registering beans for JMX exposure on startup
2020-10-22 17:55:36,392 org.springframework.jmx.export.annotation.AnnotationMBeanExporter [main] (MBeanExporter.java:918) INFO  --> Bean with name 'masterDataSource' has been autodetected for JMX exposure
2020-10-22 17:55:36,392 org.springframework.jmx.export.annotation.AnnotationMBeanExporter [main] (MBeanExporter.java:918) INFO  --> Bean with name 'slaveDataSource' has been autodetected for JMX exposure
2020-10-22 17:55:36,394 org.springframework.jmx.export.annotation.AnnotationMBeanExporter [main] (MBeanExporter.java:918) INFO  --> Bean with name 'statFilter' has been autodetected for JMX exposure
2020-10-22 17:55:36,402 org.springframework.jmx.export.annotation.AnnotationMBeanExporter [main] (MBeanExporter.java:672) INFO  --> Located MBean 'masterDataSource': registering with JMX server as MBean [com.alibaba.druid.pool:name=masterDataSource,type=DruidDataSource]
2020-10-22 17:55:36,403 org.springframework.jmx.export.annotation.AnnotationMBeanExporter [main] (MBeanExporter.java:672) INFO  --> Located MBean 'slaveDataSource': registering with JMX server as MBean [com.alibaba.druid.pool:name=slaveDataSource,type=DruidDataSource]
2020-10-22 17:55:36,404 org.springframework.jmx.export.annotation.AnnotationMBeanExporter [main] (MBeanExporter.java:672) INFO  --> Located MBean 'statFilter': registering with JMX server as MBean [com.alibaba.druid.filter.stat:name=statFilter,type=StatFilter]
2020-10-22 17:55:36,417 org.springframework.context.support.DefaultLifecycleProcessor [main] (DefaultLifecycleProcessor.java:341) INFO  --> Starting beans in phase 2147483647
2020-10-22 17:55:36,417 springfox.documentation.spring.web.plugins.DocumentationPluginsBootstrapper [main] (DocumentationPluginsBootstrapper.java:147) INFO  --> Context refreshed
2020-10-22 17:55:36,455 springfox.documentation.spring.web.plugins.DocumentationPluginsBootstrapper [main] (DocumentationPluginsBootstrapper.java:150) INFO  --> Found 1 custom documentation plugin(s)
2020-10-22 17:55:36,519 springfox.documentation.spring.web.scanners.ApiListingReferenceScanner [main] (ApiListingReferenceScanner.java:41) INFO  --> Scanning for api listing references
2020-10-22 17:55:36,914 springfox.documentation.spring.web.readers.operation.CachingOperationNameGenerator [main] (CachingOperationNameGenerator.java:40) INFO  --> Generating unique operation named: checkAccountUsingPOST_1
2020-10-22 17:55:37,011 org.springframework.scheduling.quartz.SchedulerFactoryBean [main] (SchedulerFactoryBean.java:671) INFO  --> Starting Quartz Scheduler now
2020-10-22 17:55:37,011 org.quartz.core.QuartzScheduler [main] (QuartzScheduler.java:575) INFO  --> Scheduler org.springframework.scheduling.quartz.SchedulerFactoryBean#0_$_NON_CLUSTERED started.
2020-10-22 17:55:37,022 org.springframework.scheduling.annotation.ScheduledAnnotationBeanPostProcessor [main] (ScheduledAnnotationBeanPostProcessor.java:268) INFO  --> No TaskScheduler/ScheduledExecutorService bean found for scheduled processing
2020-10-22 17:55:37,045 org.eclipse.jetty.server.handler.ContextHandler.application [main] (ContextHandler.java:2221) INFO  --> Initializing Spring FrameworkServlet 'dispatcherServlet'
2020-10-22 17:55:37,046 org.springframework.web.servlet.DispatcherServlet [main] (FrameworkServlet.java:489) INFO  --> FrameworkServlet 'dispatcherServlet': initialization started
2020-10-22 17:55:37,084 org.springframework.web.servlet.DispatcherServlet [main] (FrameworkServlet.java:508) INFO  --> FrameworkServlet 'dispatcherServlet': initialization completed in 38 ms
2020-10-22 17:55:37,340 org.eclipse.jetty.server.AbstractConnector [main] (AbstractConnector.java:289) INFO  --> Started ServerConnector@5aa6da2{HTTP/1.1,[http/1.1]}{0.0.0.0:8088}
2020-10-22 17:55:37,341 org.springframework.boot.context.embedded.jetty.JettyEmbeddedServletContainer [main] (JettyEmbeddedServletContainer.java:155) INFO  --> Jetty started on port(s) 8088 (http/1.1)
2020-10-22 17:55:37,349 com.yaof.RecordClearAideApplication [main] (StartupInfoLogger.java:57) INFO  --> Started RecordClearAideApplication in 63.338 seconds (JVM running for 64.55)
2020-10-22 17:55:37,349 com.yaof.RecordClearAideApplication [main] (RecordClearAideApplication.java:23) INFO  --> RecordClearAideApplication start success.
2020-10-22 17:55:37,666 org.mongodb.driver.cluster [cluster-ClusterId{value='5f915717b2c7d03f78a86831', description='null'}-localhost:27017] (SLF4JLogger.java:76) INFO  --> Exception in monitor thread while connecting to server localhost:27017
com.mongodb.MongoSocketOpenException: Exception opening socket
	at com.mongodb.connection.SocketStream.open(SocketStream.java:63)
	at com.mongodb.connection.InternalStreamConnection.open(InternalStreamConnection.java:114)
	at com.mongodb.connection.DefaultServerMonitor$ServerMonitorRunnable.run(DefaultServerMonitor.java:128)
	at java.lang.Thread.run(Thread.java:748)
Caused by: java.net.ConnectException: Connection refused: connect
	at java.net.DualStackPlainSocketImpl.waitForConnect(Native Method)
	at java.net.DualStackPlainSocketImpl.socketConnect(DualStackPlainSocketImpl.java:85)
	at java.net.AbstractPlainSocketImpl.doConnect(AbstractPlainSocketImpl.java:350)
	at java.net.AbstractPlainSocketImpl.connectToAddress(AbstractPlainSocketImpl.java:206)
	at java.net.AbstractPlainSocketImpl.connect(AbstractPlainSocketImpl.java:188)
	at java.net.PlainSocketImpl.connect(PlainSocketImpl.java:172)
	at java.net.SocksSocketImpl.connect(SocksSocketImpl.java:392)
	at java.net.Socket.connect(Socket.java:589)
	at com.mongodb.connection.SocketStreamHelper.initialize(SocketStreamHelper.java:50)
	at com.mongodb.connection.SocketStream.open(SocketStream.java:58)
	... 3 more
2020-10-22 17:58:00,969 com.yaof.point.TransactionDemo [executor-1] (TransactionDemo.java:26) ERROR --> No thread-bound request found: Are you referring to request attributes outside of an actual web request, or processing a request outside of the originally receiving thread? If you are actually operating within a web request and still receive this message, your code is probably running outside of DispatcherServlet/DispatcherPortlet: In this case, use RequestContextListener or RequestContextFilter to expose the current request.
2020-10-22 17:58:00,969 com.yaof.point.TransactionDemo [executor-1] (TransactionDemo.java:28) INFO  --> now the url is:
2020-10-22 17:58:00,970 com.yaof.point.TransactionDemo [executor-1] (TransactionDemo.java:34) INFO  --> point before...
2020-10-22 17:58:01,067 com.yaof.mapper.GameRoleMapper.insertRoleInfo [executor-1] (BaseJdbcLogger.java:159) DEBUG --> ==>  Preparing: insert into index_test ( id, account, name, sole_type, sole_genner, sole_grade, sole_appearance_type, sole_gold_num, sole_silver_num, sole_monny_num, user_id, user_name, is_adult, user_vip_type, machine_type ) values ( ?, ?, ?, ?, ?, ?, ?, ?, ?, ?, ?, ?, ?, ?, ? ) 
2020-10-22 17:58:01,269 com.yaof.mapper.GameRoleMapper.insertRoleInfo [executor-1] (BaseJdbcLogger.java:159) DEBUG --> ==> Parameters: 160336068001910000(String), smblrkmlfvyagzyeslg(String), 纠镐伎绍(String), 03(String), M(String), 73(Integer), 14(Integer), 4194304(Integer), 37748736(Integer), 64(Integer), 142721200609252807(String), 文恿(String), N(String), 2(String), 1(String)
2020-10-22 17:58:01,296 com.yaof.mapper.GameRoleMapper.insertRoleInfo [executor-1] (BaseJdbcLogger.java:159) DEBUG --> <==    Updates: 1
2020-10-22 17:58:01,297 com.yaof.point.TransactionDemo [executor-1] (TransactionDemo.java:38) INFO  --> point after...
2020-10-22 18:00:00,028 com.yaof.quartz.job.TestJob [pool-2-thread-1] (TestJob.java:25) INFO  --> testJob calculate the count is：1
2020-10-22 18:00:00,036 com.yaof.point.TransactionDemo [executor-1] (TransactionDemo.java:26) ERROR --> No thread-bound request found: Are you referring to request attributes outside of an actual web request, or processing a request outside of the originally receiving thread? If you are actually operating within a web request and still receive this message, your code is probably running outside of DispatcherServlet/DispatcherPortlet: In this case, use RequestContextListener or RequestContextFilter to expose the current request.
2020-10-22 18:00:00,045 com.yaof.point.TransactionDemo [executor-1] (TransactionDemo.java:28) INFO  --> now the url is:
2020-10-22 18:00:00,045 com.yaof.point.TransactionDemo [executor-1] (TransactionDemo.java:34) INFO  --> point before...
2020-10-22 18:00:00,047 com.yaof.mapper.GameRoleMapper.insertRoleInfo [executor-1] (BaseJdbcLogger.java:159) DEBUG --> ==>  Preparing: insert into index_test ( id, account, name, sole_type, sole_genner, sole_grade, sole_appearance_type, sole_gold_num, sole_silver_num, sole_monny_num, user_id, user_name, is_adult, user_vip_type, machine_type ) values ( ?, ?, ?, ?, ?, ?, ?, ?, ?, ?, ?, ?, ?, ?, ? ) 
2020-10-22 18:00:00,055 com.yaof.mapper.GameRoleMapper.insertRoleInfo [executor-1] (BaseJdbcLogger.java:159) DEBUG --> ==> Parameters: 160336080003210001(String), fugrcfzdvhm(String), 鼻蚤佛朗(String), 04(String), M(String), 74(Integer), 9(Integer), 4194304(Integer), 37748736(Integer), 320(Integer), 350905194308177600(String), 榴慷(String), Y(String), 1(String), 1(String)
2020-10-22 18:00:00,057 com.yaof.mapper.GameRoleMapper.insertRoleInfo [executor-1] (BaseJdbcLogger.java:159) DEBUG --> <==    Updates: 1
2020-10-22 18:00:00,058 com.yaof.point.TransactionDemo [executor-1] (TransactionDemo.java:38) INFO  --> point after...
2020-10-22 18:01:32,225 com.yaof.RecordClearAideApplication [main] (StartupInfoLogger.java:48) INFO  --> Starting RecordClearAideApplication on yaofang with PID 17452 (E:\workspace_winning\RecordClearAide\target\classes started by Administrator in E:\workspace_winning\RecordClearAide)
2020-10-22 18:01:32,230 com.yaof.RecordClearAideApplication [main] (SpringApplication.java:597) INFO  --> The following profiles are active: prd
2020-10-22 18:01:32,350 org.springframework.boot.context.embedded.AnnotationConfigEmbeddedWebApplicationContext [main] (AbstractApplicationContext.java:583) INFO  --> Refreshing org.springframework.boot.context.embedded.AnnotationConfigEmbeddedWebApplicationContext@7b8233cd: startup date [Thu Oct 22 18:01:32 CST 2020]; root of context hierarchy
2020-10-22 18:01:35,173 org.springframework.beans.factory.xml.XmlBeanDefinitionReader [main] (XmlBeanDefinitionReader.java:317) INFO  --> Loading XML bean definitions from class path resource [spring-mybatis.xml]
2020-10-22 18:01:35,660 org.mybatis.spring.mapper.ClassPathMapperScanner [main] (ClassPathMapperScanner.java:166) WARN  --> No MyBatis mapper was found in '[com.yaof]' package. Please check your configuration.
2020-10-22 18:01:36,523 org.springframework.context.support.PostProcessorRegistrationDelegate$BeanPostProcessorChecker [main] (PostProcessorRegistrationDelegate.java:327) INFO  --> Bean '(inner bean)#4eaa375c' of type [org.springframework.aop.aspectj.AspectJMethodBeforeAdvice] is not eligible for getting processed by all BeanPostProcessors (for example: not eligible for auto-proxying)
2020-10-22 18:01:36,648 org.springframework.context.support.PostProcessorRegistrationDelegate$BeanPostProcessorChecker [main] (PostProcessorRegistrationDelegate.java:327) INFO  --> Bean 'org.springframework.aop.aspectj.AspectJPointcutAdvisor#0' of type [org.springframework.aop.aspectj.AspectJPointcutAdvisor] is not eligible for getting processed by all BeanPostProcessors (for example: not eligible for auto-proxying)
2020-10-22 18:01:36,654 org.springframework.context.support.PostProcessorRegistrationDelegate$BeanPostProcessorChecker [main] (PostProcessorRegistrationDelegate.java:327) INFO  --> Bean '(inner bean)#7793ad58' of type [org.springframework.aop.aspectj.AspectJAfterAdvice] is not eligible for getting processed by all BeanPostProcessors (for example: not eligible for auto-proxying)
2020-10-22 18:01:36,658 org.springframework.context.support.PostProcessorRegistrationDelegate$BeanPostProcessorChecker [main] (PostProcessorRegistrationDelegate.java:327) INFO  --> Bean 'org.springframework.aop.aspectj.AspectJPointcutAdvisor#1' of type [org.springframework.aop.aspectj.AspectJPointcutAdvisor] is not eligible for getting processed by all BeanPostProcessors (for example: not eligible for auto-proxying)
2020-10-22 18:01:36,736 org.springframework.context.support.PostProcessorRegistrationDelegate$BeanPostProcessorChecker [main] (PostProcessorRegistrationDelegate.java:327) INFO  --> Bean 'org.springframework.transaction.annotation.ProxyTransactionManagementConfiguration' of type [org.springframework.transaction.annotation.ProxyTransactionManagementConfiguration$$EnhancerBySpringCGLIB$$ea7a1524] is not eligible for getting processed by all BeanPostProcessors (for example: not eligible for auto-proxying)
2020-10-22 18:01:37,640 org.eclipse.jetty.util.log [main] (Log.java:193) INFO  --> Logging initialized @7693ms to org.eclipse.jetty.util.log.Slf4jLog
2020-10-22 18:01:37,884 org.springframework.boot.context.embedded.jetty.JettyEmbeddedServletContainerFactory [main] (JettyEmbeddedServletContainerFactory.java:177) INFO  --> Server initialized with port: 8088
2020-10-22 18:01:37,887 org.eclipse.jetty.server.Server [main] (Server.java:374) INFO  --> jetty-9.4.10.v20180503; built: 2018-05-03T15:56:21.710Z; git: daa59876e6f384329b122929e70a80934569428c; jvm 1.8.0_172-b11
2020-10-22 18:01:38,046 org.eclipse.jetty.server.session [main] (DefaultSessionIdManager.java:365) INFO  --> DefaultSessionIdManager workerName=node0
2020-10-22 18:01:38,046 org.eclipse.jetty.server.session [main] (DefaultSessionIdManager.java:370) INFO  --> No SessionScavenger set, using defaults
2020-10-22 18:01:38,049 org.eclipse.jetty.server.session [main] (HouseKeeper.java:149) INFO  --> node0 Scavenging every 660000ms
2020-10-22 18:01:38,085 org.eclipse.jetty.server.handler.ContextHandler.application [main] (ContextHandler.java:2221) INFO  --> Warning: No org.apache.tomcat.JarScanner set in ServletContext. Falling back to default JarScanner implementation.
2020-10-22 18:01:38,558 org.apache.jasper.servlet.TldScanner [main] (DirectJDKLog.java:180) INFO  --> At least one JAR was scanned for TLDs yet contained no TLDs. Enable debug logging for this logger for a complete list of JARs that were scanned but no TLDs were found in them. Skipping unneeded JARs during scanning can improve startup time and JSP compilation time.
2020-10-22 18:01:38,568 org.eclipse.jetty.server.handler.ContextHandler.application [main] (ContextHandler.java:2221) INFO  --> Initializing Spring embedded WebApplicationContext
2020-10-22 18:01:38,569 org.springframework.web.context.ContextLoader [main] (EmbeddedWebApplicationContext.java:276) INFO  --> Root WebApplicationContext: initialization completed in 6223 ms
2020-10-22 18:01:39,116 org.springframework.boot.web.servlet.FilterRegistrationBean [main] (AbstractFilterRegistrationBean.java:258) INFO  --> Mapping filter: 'characterEncodingFilter' to: [/*]
2020-10-22 18:01:39,116 org.springframework.boot.web.servlet.FilterRegistrationBean [main] (AbstractFilterRegistrationBean.java:258) INFO  --> Mapping filter: 'hiddenHttpMethodFilter' to: [/*]
2020-10-22 18:01:39,116 org.springframework.boot.web.servlet.FilterRegistrationBean [main] (AbstractFilterRegistrationBean.java:258) INFO  --> Mapping filter: 'httpPutFormContentFilter' to: [/*]
2020-10-22 18:01:39,117 org.springframework.boot.web.servlet.FilterRegistrationBean [main] (AbstractFilterRegistrationBean.java:258) INFO  --> Mapping filter: 'requestContextFilter' to: [/*]
2020-10-22 18:01:39,118 org.springframework.boot.web.servlet.FilterRegistrationBean [main] (AbstractFilterRegistrationBean.java:271) INFO  --> Mapping filter: 'sessionFilter' to urls: [/*]
2020-10-22 18:01:39,119 org.springframework.boot.web.servlet.FilterRegistrationBean [main] (AbstractFilterRegistrationBean.java:271) INFO  --> Mapping filter: 'webStatFilter' to urls: [/*]
2020-10-22 18:01:39,121 org.springframework.boot.web.servlet.ServletRegistrationBean [main] (ServletRegistrationBean.java:190) INFO  --> Mapping servlet: 'dispatcherServlet' to [/]
2020-10-22 18:01:39,124 org.springframework.boot.web.servlet.ServletRegistrationBean [main] (ServletRegistrationBean.java:190) INFO  --> Mapping servlet: 'statViewServlet' to [/druid/*]
2020-10-22 18:01:39,132 org.eclipse.jetty.server.handler.ContextHandler [main] (ContextHandler.java:788) INFO  --> Started o.s.b.c.e.j.JettyEmbeddedWebAppContext@7f012923{/rca,[file:///E:/workspace_winning/RecordClearAide/src/main/webapp/, jar:file:/D:/dev/maven/maven_31/io/springfox/springfox-swagger-ui/2.7.0/springfox-swagger-ui-2.7.0.jar!/META-INF/resources],AVAILABLE}
2020-10-22 18:01:39,133 org.eclipse.jetty.server.Server [main] (Server.java:411) INFO  --> Started @9188ms
2020-10-22 18:01:39,451 com.alibaba.druid.pool.DruidDataSource [main] (DruidDataSource.java:889) INFO  --> {dataSource-1} inited
2020-10-22 18:01:40,322 com.alibaba.druid.pool.DruidDataSource [main] (DruidDataSource.java:889) INFO  --> {dataSource-2} inited
2020-10-22 18:01:41,942 org.springframework.web.servlet.mvc.method.annotation.RequestMappingHandlerMapping [main] (AbstractHandlerMethodMapping.java:543) INFO  --> Mapped "{[/user/saveDayDetailById],methods=[POST]}" onto public com.yaof.pojo.utils.Response<java.lang.String> com.yaof.controller.AmmountController.saveDayDetailById(com.yaof.pojo.AmmountSum)
2020-10-22 18:01:41,943 org.springframework.web.servlet.mvc.method.annotation.RequestMappingHandlerMapping [main] (AbstractHandlerMethodMapping.java:543) INFO  --> Mapped "{[/user/deleteDayDetailById],methods=[POST]}" onto public com.yaof.pojo.utils.Response<java.lang.String> com.yaof.controller.AmmountController.deleteDayDetailById(com.yaof.pojo.AmmountSum)
2020-10-22 18:01:41,944 org.springframework.web.servlet.mvc.method.annotation.RequestMappingHandlerMapping [main] (AbstractHandlerMethodMapping.java:543) INFO  --> Mapped "{[/user/queryAccountDetail],methods=[POST]}" onto public com.yaof.pojo.utils.Response<java.util.List<com.yaof.pojo.AmmountSum>> com.yaof.controller.AmmountController.queryAccountDetail(com.yaof.pojo.AmmountSum,javax.servlet.http.HttpSession)
2020-10-22 18:01:41,947 org.springframework.web.servlet.mvc.method.annotation.RequestMappingHandlerMapping [main] (AbstractHandlerMethodMapping.java:543) INFO  --> Mapped "{[/user/queryDayDetail],methods=[POST]}" onto public com.yaof.pojo.utils.Response<java.util.List<com.yaof.pojo.AmmountSum>> com.yaof.controller.AmmountController.queryDayDetail(com.yaof.pojo.AmmountSum,javax.servlet.http.HttpSession)
2020-10-22 18:01:41,949 org.springframework.web.servlet.mvc.method.annotation.RequestMappingHandlerMapping [main] (AbstractHandlerMethodMapping.java:543) INFO  --> Mapped "{[/user/addAccountDetail],methods=[POST]}" onto public com.yaof.pojo.utils.Response<java.lang.String> com.yaof.controller.AmmountController.addAccountDetail(java.util.List<com.yaof.pojo.AmmountSum>,javax.servlet.http.HttpSession)
2020-10-22 18:01:41,951 org.springframework.web.servlet.mvc.method.annotation.RequestMappingHandlerMapping [main] (AbstractHandlerMethodMapping.java:543) INFO  --> Mapped "{[/index]}" onto public java.lang.String com.yaof.controller.GameRoleController.index(java.lang.String)
2020-10-22 18:01:41,952 org.springframework.web.servlet.mvc.method.annotation.RequestMappingHandlerMapping [main] (AbstractHandlerMethodMapping.java:543) INFO  --> Mapped "{[/insertBatchRoleInfo],methods=[POST]}" onto public com.yaof.pojo.utils.Response<com.alibaba.fastjson.JSONObject> com.yaof.controller.GameRoleController.insertBatchRoleInfo()
2020-10-22 18:01:41,952 org.springframework.web.servlet.mvc.method.annotation.RequestMappingHandlerMapping [main] (AbstractHandlerMethodMapping.java:543) INFO  --> Mapped "{[/selectNumber],methods=[POST]}" onto public com.yaof.pojo.utils.Response<com.alibaba.fastjson.JSONObject> com.yaof.controller.GameRoleController.selectNumber()
2020-10-22 18:01:41,953 org.springframework.web.servlet.mvc.method.annotation.RequestMappingHandlerMapping [main] (AbstractHandlerMethodMapping.java:543) INFO  --> Mapped "{[/insertRoleInfo],methods=[POST]}" onto public com.yaof.pojo.utils.Response<com.alibaba.fastjson.JSONObject> com.yaof.controller.GameRoleController.insertRoleInfo(com.yaof.pojo.GameRole,javax.servlet.http.HttpServletRequest)
2020-10-22 18:01:41,965 org.springframework.web.servlet.mvc.method.annotation.RequestMappingHandlerMapping [main] (AbstractHandlerMethodMapping.java:543) INFO  --> Mapped "{[/register],methods=[POST]}" onto public com.yaof.pojo.utils.Response com.yaof.controller.UserController.register(com.yaof.pojo.User)
2020-10-22 18:01:41,965 org.springframework.web.servlet.mvc.method.annotation.RequestMappingHandlerMapping [main] (AbstractHandlerMethodMapping.java:543) INFO  --> Mapped "{[/getUserInfo],methods=[POST]}" onto public java.lang.String com.yaof.controller.UserController.getUserInfo(java.lang.String,javax.servlet.http.HttpServletRequest)
2020-10-22 18:01:41,966 org.springframework.web.servlet.mvc.method.annotation.RequestMappingHandlerMapping [main] (AbstractHandlerMethodMapping.java:543) INFO  --> Mapped "{[/updatePasswordByAccount],methods=[POST]}" onto public com.yaof.pojo.utils.Response com.yaof.controller.UserController.updatePasswordByAccount(com.yaof.pojo.User,javax.servlet.http.HttpSession)
2020-10-22 18:01:41,967 org.springframework.web.servlet.mvc.method.annotation.RequestMappingHandlerMapping [main] (AbstractHandlerMethodMapping.java:543) INFO  --> Mapped "{[/queryAccountByPower],methods=[POST]}" onto private com.yaof.pojo.utils.Response<java.util.List<com.yaof.pojo.User>> com.yaof.controller.UserController.queryAccountByPower(com.yaof.pojo.User,javax.servlet.http.HttpSession)
2020-10-22 18:01:41,968 org.springframework.web.servlet.mvc.method.annotation.RequestMappingHandlerMapping [main] (AbstractHandlerMethodMapping.java:543) INFO  --> Mapped "{[/deleteAccountById],methods=[POST]}" onto private com.yaof.pojo.utils.Response com.yaof.controller.UserController.deleteAccountById(java.lang.String)
2020-10-22 18:01:41,968 org.springframework.web.servlet.mvc.method.annotation.RequestMappingHandlerMapping [main] (AbstractHandlerMethodMapping.java:543) INFO  --> Mapped "{[/addRcaUserInfo],methods=[POST]}" onto public com.yaof.pojo.utils.Response com.yaof.controller.UserController.addRcaUserInfo(com.yaof.pojo.User,javax.servlet.http.HttpSession)
2020-10-22 18:01:41,968 org.springframework.web.servlet.mvc.method.annotation.RequestMappingHandlerMapping [main] (AbstractHandlerMethodMapping.java:543) INFO  --> Mapped "{[/saveUserInfo],methods=[POST]}" onto public com.yaof.pojo.utils.Response com.yaof.controller.UserController.saveUserInfo(com.yaof.pojo.User,javax.servlet.http.HttpSession)
2020-10-22 18:01:41,969 org.springframework.web.servlet.mvc.method.annotation.RequestMappingHandlerMapping [main] (AbstractHandlerMethodMapping.java:543) INFO  --> Mapped "{[/getAccount],methods=[POST]}" onto private java.lang.String com.yaof.controller.UserController.getAccount(javax.servlet.http.HttpSession)
2020-10-22 18:01:41,973 org.springframework.web.servlet.mvc.method.annotation.RequestMappingHandlerMapping [main] (AbstractHandlerMethodMapping.java:543) INFO  --> Mapped "{[/login],methods=[POST]}" onto public com.yaof.pojo.utils.Response com.yaof.controller.UserController.login(com.yaof.pojo.User,javax.servlet.http.HttpServletRequest)
2020-10-22 18:01:41,973 org.springframework.web.servlet.mvc.method.annotation.RequestMappingHandlerMapping [main] (AbstractHandlerMethodMapping.java:543) INFO  --> Mapped "{[/updatePassword],methods=[POST]}" onto public com.yaof.pojo.utils.Response com.yaof.controller.UserController.updatePassword(java.util.Map<java.lang.String, java.lang.Object>,javax.servlet.http.HttpSession)
2020-10-22 18:01:41,974 org.springframework.web.servlet.mvc.method.annotation.RequestMappingHandlerMapping [main] (AbstractHandlerMethodMapping.java:543) INFO  --> Mapped "{[/logout],methods=[POST]}" onto public com.yaof.pojo.utils.Response com.yaof.controller.UserController.checkAccount(javax.servlet.http.HttpServletRequest)
2020-10-22 18:01:41,974 org.springframework.web.servlet.mvc.method.annotation.RequestMappingHandlerMapping [main] (AbstractHandlerMethodMapping.java:543) INFO  --> Mapped "{[/checkAccount],methods=[POST]}" onto public com.yaof.pojo.utils.Response com.yaof.controller.UserController.checkAccount(java.lang.String)
2020-10-22 18:01:41,980 org.springframework.web.servlet.mvc.method.annotation.RequestMappingHandlerMapping [main] (AbstractHandlerMethodMapping.java:543) INFO  --> Mapped "{[/swagger-resources/configuration/security]}" onto public org.springframework.http.ResponseEntity<springfox.documentation.swagger.web.SecurityConfiguration> springfox.documentation.swagger.web.ApiResourceController.securityConfiguration()
2020-10-22 18:01:41,981 org.springframework.web.servlet.mvc.method.annotation.RequestMappingHandlerMapping [main] (AbstractHandlerMethodMapping.java:543) INFO  --> Mapped "{[/swagger-resources/configuration/ui]}" onto public org.springframework.http.ResponseEntity<springfox.documentation.swagger.web.UiConfiguration> springfox.documentation.swagger.web.ApiResourceController.uiConfiguration()
2020-10-22 18:01:41,982 org.springframework.web.servlet.mvc.method.annotation.RequestMappingHandlerMapping [main] (AbstractHandlerMethodMapping.java:543) INFO  --> Mapped "{[/swagger-resources]}" onto public org.springframework.http.ResponseEntity<java.util.List<springfox.documentation.swagger.web.SwaggerResource>> springfox.documentation.swagger.web.ApiResourceController.swaggerResources()
2020-10-22 18:01:41,986 org.springframework.web.servlet.mvc.method.annotation.RequestMappingHandlerMapping [main] (AbstractHandlerMethodMapping.java:543) INFO  --> Mapped "{[/error]}" onto public org.springframework.http.ResponseEntity<java.util.Map<java.lang.String, java.lang.Object>> org.springframework.boot.autoconfigure.web.BasicErrorController.error(javax.servlet.http.HttpServletRequest)
2020-10-22 18:01:41,987 org.springframework.web.servlet.mvc.method.annotation.RequestMappingHandlerMapping [main] (AbstractHandlerMethodMapping.java:543) INFO  --> Mapped "{[/error],produces=[text/html]}" onto public org.springframework.web.servlet.ModelAndView org.springframework.boot.autoconfigure.web.BasicErrorController.errorHtml(javax.servlet.http.HttpServletRequest,javax.servlet.http.HttpServletResponse)
2020-10-22 18:01:42,458 springfox.documentation.spring.web.PropertySourcedRequestMappingHandlerMapping [main] (PropertySourcedRequestMappingHandlerMapping.java:69) INFO  --> Mapped URL path [/v2/api-docs] onto method [public org.springframework.http.ResponseEntity<springfox.documentation.spring.web.json.Json> springfox.documentation.swagger2.web.Swagger2Controller.getDocumentation(java.lang.String,javax.servlet.http.HttpServletRequest)]
2020-10-22 18:01:42,522 org.springframework.scheduling.concurrent.ThreadPoolTaskExecutor [main] (ExecutorConfigurationSupport.java:165) INFO  --> Initializing ExecutorService  'executor'
2020-10-22 18:01:42,701 org.quartz.impl.StdSchedulerFactory [main] (StdSchedulerFactory.java:1172) INFO  --> Using default implementation for ThreadExecutor
2020-10-22 18:01:42,728 org.quartz.core.SchedulerSignalerImpl [main] (SchedulerSignalerImpl.java:61) INFO  --> Initialized Scheduler Signaller of type: class org.quartz.core.SchedulerSignalerImpl
2020-10-22 18:01:42,729 org.quartz.core.QuartzScheduler [main] (QuartzScheduler.java:240) INFO  --> Quartz Scheduler v.2.2.3 created.
2020-10-22 18:01:42,731 org.quartz.simpl.RAMJobStore [main] (RAMJobStore.java:155) INFO  --> RAMJobStore initialized.
2020-10-22 18:01:42,732 org.quartz.core.QuartzScheduler [main] (QuartzScheduler.java:305) INFO  --> Scheduler meta-data: Quartz Scheduler (v2.2.3) 'org.springframework.scheduling.quartz.SchedulerFactoryBean#0' with instanceId 'NON_CLUSTERED'
  Scheduler class: 'org.quartz.core.QuartzScheduler' - running locally.
  NOT STARTED.
  Currently in standby mode.
  Number of jobs executed: 0
  Using thread pool 'org.springframework.scheduling.quartz.LocalTaskExecutorThreadPool' - with -1 threads.
  Using job-store 'org.quartz.simpl.RAMJobStore' - which does not support persistence. and is not clustered.

2020-10-22 18:01:42,733 org.quartz.impl.StdSchedulerFactory [main] (StdSchedulerFactory.java:1327) INFO  --> Quartz scheduler 'org.springframework.scheduling.quartz.SchedulerFactoryBean#0' initialized from an externally provided properties instance.
2020-10-22 18:01:42,733 org.quartz.impl.StdSchedulerFactory [main] (StdSchedulerFactory.java:1331) INFO  --> Quartz scheduler version: 2.2.3
2020-10-22 18:01:42,735 org.quartz.core.QuartzScheduler [main] (QuartzScheduler.java:2311) INFO  --> JobFactory set to: org.springframework.scheduling.quartz.AdaptableJobFactory@46bdc55e
2020-10-22 18:01:43,615 org.springframework.web.servlet.mvc.method.annotation.RequestMappingHandlerAdapter [main] (RequestMappingHandlerAdapter.java:534) INFO  --> Looking for @ControllerAdvice: org.springframework.boot.context.embedded.AnnotationConfigEmbeddedWebApplicationContext@7b8233cd: startup date [Thu Oct 22 18:01:32 CST 2020]; root of context hierarchy
2020-10-22 18:01:43,788 org.springframework.web.servlet.handler.SimpleUrlHandlerMapping [main] (AbstractUrlHandlerMapping.java:362) INFO  --> Mapped URL path [/webjars/**] onto handler of type [class org.springframework.web.servlet.resource.ResourceHttpRequestHandler]
2020-10-22 18:01:43,788 org.springframework.web.servlet.handler.SimpleUrlHandlerMapping [main] (AbstractUrlHandlerMapping.java:362) INFO  --> Mapped URL path [/**] onto handler of type [class org.springframework.web.servlet.resource.ResourceHttpRequestHandler]
2020-10-22 18:01:43,898 org.springframework.web.servlet.handler.SimpleUrlHandlerMapping [main] (AbstractUrlHandlerMapping.java:362) INFO  --> Mapped URL path [/**/favicon.ico] onto handler of type [class org.springframework.web.servlet.resource.ResourceHttpRequestHandler]
2020-10-22 18:01:46,803 org.mongodb.driver.cluster [main] (SLF4JLogger.java:71) INFO  --> Cluster created with settings {hosts=[localhost:27017], mode=SINGLE, requiredClusterType=UNKNOWN, serverSelectionTimeout='30000 ms', maxWaitQueueSize=500}
2020-10-22 18:01:47,554 org.springframework.jmx.export.annotation.AnnotationMBeanExporter [main] (MBeanExporter.java:431) INFO  --> Registering beans for JMX exposure on startup
2020-10-22 18:01:47,557 org.springframework.jmx.export.annotation.AnnotationMBeanExporter [main] (MBeanExporter.java:918) INFO  --> Bean with name 'masterDataSource' has been autodetected for JMX exposure
2020-10-22 18:01:47,558 org.springframework.jmx.export.annotation.AnnotationMBeanExporter [main] (MBeanExporter.java:918) INFO  --> Bean with name 'slaveDataSource' has been autodetected for JMX exposure
2020-10-22 18:01:47,559 org.springframework.jmx.export.annotation.AnnotationMBeanExporter [main] (MBeanExporter.java:918) INFO  --> Bean with name 'statFilter' has been autodetected for JMX exposure
2020-10-22 18:01:47,569 org.springframework.jmx.export.annotation.AnnotationMBeanExporter [main] (MBeanExporter.java:672) INFO  --> Located MBean 'masterDataSource': registering with JMX server as MBean [com.alibaba.druid.pool:name=masterDataSource,type=DruidDataSource]
2020-10-22 18:01:47,570 org.springframework.jmx.export.annotation.AnnotationMBeanExporter [main] (MBeanExporter.java:672) INFO  --> Located MBean 'slaveDataSource': registering with JMX server as MBean [com.alibaba.druid.pool:name=slaveDataSource,type=DruidDataSource]
2020-10-22 18:01:47,571 org.springframework.jmx.export.annotation.AnnotationMBeanExporter [main] (MBeanExporter.java:672) INFO  --> Located MBean 'statFilter': registering with JMX server as MBean [com.alibaba.druid.filter.stat:name=statFilter,type=StatFilter]
2020-10-22 18:01:47,575 org.springframework.context.support.DefaultLifecycleProcessor [main] (DefaultLifecycleProcessor.java:341) INFO  --> Starting beans in phase 2147483647
2020-10-22 18:01:47,576 springfox.documentation.spring.web.plugins.DocumentationPluginsBootstrapper [main] (DocumentationPluginsBootstrapper.java:147) INFO  --> Context refreshed
2020-10-22 18:01:47,610 springfox.documentation.spring.web.plugins.DocumentationPluginsBootstrapper [main] (DocumentationPluginsBootstrapper.java:150) INFO  --> Found 1 custom documentation plugin(s)
2020-10-22 18:01:47,662 springfox.documentation.spring.web.scanners.ApiListingReferenceScanner [main] (ApiListingReferenceScanner.java:41) INFO  --> Scanning for api listing references
2020-10-22 18:01:48,165 springfox.documentation.spring.web.readers.operation.CachingOperationNameGenerator [main] (CachingOperationNameGenerator.java:40) INFO  --> Generating unique operation named: checkAccountUsingPOST_1
2020-10-22 18:01:48,263 org.springframework.scheduling.quartz.SchedulerFactoryBean [main] (SchedulerFactoryBean.java:671) INFO  --> Starting Quartz Scheduler now
2020-10-22 18:01:48,265 org.quartz.core.QuartzScheduler [main] (QuartzScheduler.java:575) INFO  --> Scheduler org.springframework.scheduling.quartz.SchedulerFactoryBean#0_$_NON_CLUSTERED started.
2020-10-22 18:01:48,275 org.springframework.scheduling.annotation.ScheduledAnnotationBeanPostProcessor [main] (ScheduledAnnotationBeanPostProcessor.java:268) INFO  --> No TaskScheduler/ScheduledExecutorService bean found for scheduled processing
2020-10-22 18:01:48,299 org.eclipse.jetty.server.handler.ContextHandler.application [main] (ContextHandler.java:2221) INFO  --> Initializing Spring FrameworkServlet 'dispatcherServlet'
2020-10-22 18:01:48,299 org.springframework.web.servlet.DispatcherServlet [main] (FrameworkServlet.java:489) INFO  --> FrameworkServlet 'dispatcherServlet': initialization started
2020-10-22 18:01:48,339 org.springframework.web.servlet.DispatcherServlet [main] (FrameworkServlet.java:508) INFO  --> FrameworkServlet 'dispatcherServlet': initialization completed in 40 ms
2020-10-22 18:01:48,629 org.eclipse.jetty.server.AbstractConnector [main] (AbstractConnector.java:289) INFO  --> Started ServerConnector@601f264d{HTTP/1.1,[http/1.1]}{0.0.0.0:8088}
2020-10-22 18:01:48,630 org.springframework.boot.context.embedded.jetty.JettyEmbeddedServletContainer [main] (JettyEmbeddedServletContainer.java:155) INFO  --> Jetty started on port(s) 8088 (http/1.1)
2020-10-22 18:01:48,637 com.yaof.RecordClearAideApplication [main] (StartupInfoLogger.java:57) INFO  --> Started RecordClearAideApplication in 17.608 seconds (JVM running for 18.692)
2020-10-22 18:01:48,637 com.yaof.RecordClearAideApplication [main] (RecordClearAideApplication.java:23) INFO  --> RecordClearAideApplication start success.
2020-10-22 18:01:48,861 org.mongodb.driver.cluster [cluster-ClusterId{value='5f91588ab2c7d0442c7c0293', description='null'}-localhost:27017] (SLF4JLogger.java:76) INFO  --> Exception in monitor thread while connecting to server localhost:27017
com.mongodb.MongoSocketOpenException: Exception opening socket
	at com.mongodb.connection.SocketStream.open(SocketStream.java:63)
	at com.mongodb.connection.InternalStreamConnection.open(InternalStreamConnection.java:114)
	at com.mongodb.connection.DefaultServerMonitor$ServerMonitorRunnable.run(DefaultServerMonitor.java:128)
	at java.lang.Thread.run(Thread.java:748)
Caused by: java.net.ConnectException: Connection refused: connect
	at java.net.DualStackPlainSocketImpl.waitForConnect(Native Method)
	at java.net.DualStackPlainSocketImpl.socketConnect(DualStackPlainSocketImpl.java:85)
	at java.net.AbstractPlainSocketImpl.doConnect(AbstractPlainSocketImpl.java:350)
	at java.net.AbstractPlainSocketImpl.connectToAddress(AbstractPlainSocketImpl.java:206)
	at java.net.AbstractPlainSocketImpl.connect(AbstractPlainSocketImpl.java:188)
	at java.net.PlainSocketImpl.connect(PlainSocketImpl.java:172)
	at java.net.SocksSocketImpl.connect(SocksSocketImpl.java:392)
	at java.net.Socket.connect(Socket.java:589)
	at com.mongodb.connection.SocketStreamHelper.initialize(SocketStreamHelper.java:50)
	at com.mongodb.connection.SocketStream.open(SocketStream.java:58)
	... 3 more
2020-10-22 18:02:01,024 com.yaof.point.TransactionDemo [executor-1] (TransactionDemo.java:26) ERROR --> No thread-bound request found: Are you referring to request attributes outside of an actual web request, or processing a request outside of the originally receiving thread? If you are actually operating within a web request and still receive this message, your code is probably running outside of DispatcherServlet/DispatcherPortlet: In this case, use RequestContextListener or RequestContextFilter to expose the current request.
2020-10-22 18:02:01,025 com.yaof.point.TransactionDemo [executor-1] (TransactionDemo.java:28) INFO  --> now the url is:
2020-10-22 18:02:01,025 com.yaof.point.TransactionDemo [executor-1] (TransactionDemo.java:34) INFO  --> point before...
2020-10-22 18:02:01,124 com.yaof.mapper.GameRoleMapper.insertRoleInfo [executor-1] (BaseJdbcLogger.java:159) DEBUG --> ==>  Preparing: insert into index_test ( id, account, name, sole_type, sole_genner, sole_grade, sole_appearance_type, sole_gold_num, sole_silver_num, sole_monny_num, user_id, user_name, is_adult, user_vip_type, machine_type ) values ( ?, ?, ?, ?, ?, ?, ?, ?, ?, ?, ?, ?, ?, ?, ? ) 
2020-10-22 18:02:01,322 com.yaof.mapper.GameRoleMapper.insertRoleInfo [executor-1] (BaseJdbcLogger.java:159) DEBUG --> ==> Parameters: 160336092003410000(String), uxkeosojlynppcvuxfq(String), 语低衰操(String), 05(String), F(String), 75(Integer), 2(Integer), 5242880(Integer), 37748736(Integer), 256(Integer), 130122195004099900(String), 虹请栅(String), Y(String), 4(String), 3(String)
2020-10-22 18:02:01,329 com.yaof.mapper.GameRoleMapper.insertRoleInfo [executor-1] (BaseJdbcLogger.java:159) DEBUG --> <==    Updates: 1
2020-10-22 18:02:01,330 com.yaof.point.TransactionDemo [executor-1] (TransactionDemo.java:38) INFO  --> point after...
2020-10-22 18:03:23,185 com.yaof.RecordClearAideApplication [main] (StartupInfoLogger.java:48) INFO  --> Starting RecordClearAideApplication on yaofang with PID 18132 (E:\workspace_winning\RecordClearAide\target\classes started by Administrator in E:\workspace_winning\RecordClearAide)
2020-10-22 18:03:23,189 com.yaof.RecordClearAideApplication [main] (SpringApplication.java:597) INFO  --> The following profiles are active: prd
2020-10-22 18:03:23,340 org.springframework.boot.context.embedded.AnnotationConfigEmbeddedWebApplicationContext [main] (AbstractApplicationContext.java:583) INFO  --> Refreshing org.springframework.boot.context.embedded.AnnotationConfigEmbeddedWebApplicationContext@7b8233cd: startup date [Thu Oct 22 18:03:23 CST 2020]; root of context hierarchy
2020-10-22 18:03:27,063 org.springframework.beans.factory.xml.XmlBeanDefinitionReader [main] (XmlBeanDefinitionReader.java:317) INFO  --> Loading XML bean definitions from class path resource [spring-mybatis.xml]
2020-10-22 18:03:27,573 org.mybatis.spring.mapper.ClassPathMapperScanner [main] (ClassPathMapperScanner.java:166) WARN  --> No MyBatis mapper was found in '[com.yaof]' package. Please check your configuration.
2020-10-22 18:03:28,296 org.springframework.context.support.PostProcessorRegistrationDelegate$BeanPostProcessorChecker [main] (PostProcessorRegistrationDelegate.java:327) INFO  --> Bean '(inner bean)#77fa9381' of type [org.springframework.aop.aspectj.AspectJMethodBeforeAdvice] is not eligible for getting processed by all BeanPostProcessors (for example: not eligible for auto-proxying)
2020-10-22 18:03:28,491 org.springframework.context.support.PostProcessorRegistrationDelegate$BeanPostProcessorChecker [main] (PostProcessorRegistrationDelegate.java:327) INFO  --> Bean 'org.springframework.aop.aspectj.AspectJPointcutAdvisor#0' of type [org.springframework.aop.aspectj.AspectJPointcutAdvisor] is not eligible for getting processed by all BeanPostProcessors (for example: not eligible for auto-proxying)
2020-10-22 18:03:28,503 org.springframework.context.support.PostProcessorRegistrationDelegate$BeanPostProcessorChecker [main] (PostProcessorRegistrationDelegate.java:327) INFO  --> Bean '(inner bean)#22bdb1d0' of type [org.springframework.aop.aspectj.AspectJAfterAdvice] is not eligible for getting processed by all BeanPostProcessors (for example: not eligible for auto-proxying)
2020-10-22 18:03:28,511 org.springframework.context.support.PostProcessorRegistrationDelegate$BeanPostProcessorChecker [main] (PostProcessorRegistrationDelegate.java:327) INFO  --> Bean 'org.springframework.aop.aspectj.AspectJPointcutAdvisor#1' of type [org.springframework.aop.aspectj.AspectJPointcutAdvisor] is not eligible for getting processed by all BeanPostProcessors (for example: not eligible for auto-proxying)
2020-10-22 18:03:28,597 org.springframework.context.support.PostProcessorRegistrationDelegate$BeanPostProcessorChecker [main] (PostProcessorRegistrationDelegate.java:327) INFO  --> Bean 'org.springframework.transaction.annotation.ProxyTransactionManagementConfiguration' of type [org.springframework.transaction.annotation.ProxyTransactionManagementConfiguration$$EnhancerBySpringCGLIB$$fc28338a] is not eligible for getting processed by all BeanPostProcessors (for example: not eligible for auto-proxying)
2020-10-22 18:03:29,655 org.eclipse.jetty.util.log [main] (Log.java:193) INFO  --> Logging initialized @8993ms to org.eclipse.jetty.util.log.Slf4jLog
2020-10-22 18:03:29,955 org.springframework.boot.context.embedded.jetty.JettyEmbeddedServletContainerFactory [main] (JettyEmbeddedServletContainerFactory.java:177) INFO  --> Server initialized with port: 8088
2020-10-22 18:03:29,959 org.eclipse.jetty.server.Server [main] (Server.java:374) INFO  --> jetty-9.4.10.v20180503; built: 2018-05-03T15:56:21.710Z; git: daa59876e6f384329b122929e70a80934569428c; jvm 1.8.0_172-b11
2020-10-22 18:03:30,162 org.eclipse.jetty.server.session [main] (DefaultSessionIdManager.java:365) INFO  --> DefaultSessionIdManager workerName=node0
2020-10-22 18:03:30,163 org.eclipse.jetty.server.session [main] (DefaultSessionIdManager.java:370) INFO  --> No SessionScavenger set, using defaults
2020-10-22 18:03:30,173 org.eclipse.jetty.server.session [main] (HouseKeeper.java:149) INFO  --> node0 Scavenging every 600000ms
2020-10-22 18:03:30,252 org.eclipse.jetty.server.handler.ContextHandler.application [main] (ContextHandler.java:2221) INFO  --> Warning: No org.apache.tomcat.JarScanner set in ServletContext. Falling back to default JarScanner implementation.
2020-10-22 18:03:30,721 org.apache.jasper.servlet.TldScanner [main] (DirectJDKLog.java:180) INFO  --> At least one JAR was scanned for TLDs yet contained no TLDs. Enable debug logging for this logger for a complete list of JARs that were scanned but no TLDs were found in them. Skipping unneeded JARs during scanning can improve startup time and JSP compilation time.
2020-10-22 18:03:30,730 org.eclipse.jetty.server.handler.ContextHandler.application [main] (ContextHandler.java:2221) INFO  --> Initializing Spring embedded WebApplicationContext
2020-10-22 18:03:30,730 org.springframework.web.context.ContextLoader [main] (EmbeddedWebApplicationContext.java:276) INFO  --> Root WebApplicationContext: initialization completed in 7394 ms
2020-10-22 18:03:31,337 org.springframework.boot.web.servlet.FilterRegistrationBean [main] (AbstractFilterRegistrationBean.java:258) INFO  --> Mapping filter: 'characterEncodingFilter' to: [/*]
2020-10-22 18:03:31,338 org.springframework.boot.web.servlet.FilterRegistrationBean [main] (AbstractFilterRegistrationBean.java:258) INFO  --> Mapping filter: 'hiddenHttpMethodFilter' to: [/*]
2020-10-22 18:03:31,338 org.springframework.boot.web.servlet.FilterRegistrationBean [main] (AbstractFilterRegistrationBean.java:258) INFO  --> Mapping filter: 'httpPutFormContentFilter' to: [/*]
2020-10-22 18:03:31,339 org.springframework.boot.web.servlet.FilterRegistrationBean [main] (AbstractFilterRegistrationBean.java:258) INFO  --> Mapping filter: 'requestContextFilter' to: [/*]
2020-10-22 18:03:31,339 org.springframework.boot.web.servlet.FilterRegistrationBean [main] (AbstractFilterRegistrationBean.java:271) INFO  --> Mapping filter: 'sessionFilter' to urls: [/*]
2020-10-22 18:03:31,340 org.springframework.boot.web.servlet.FilterRegistrationBean [main] (AbstractFilterRegistrationBean.java:271) INFO  --> Mapping filter: 'webStatFilter' to urls: [/*]
2020-10-22 18:03:31,341 org.springframework.boot.web.servlet.ServletRegistrationBean [main] (ServletRegistrationBean.java:190) INFO  --> Mapping servlet: 'dispatcherServlet' to [/]
2020-10-22 18:03:31,343 org.springframework.boot.web.servlet.ServletRegistrationBean [main] (ServletRegistrationBean.java:190) INFO  --> Mapping servlet: 'statViewServlet' to [/druid/*]
2020-10-22 18:03:31,354 org.eclipse.jetty.server.handler.ContextHandler [main] (ContextHandler.java:788) INFO  --> Started o.s.b.c.e.j.JettyEmbeddedWebAppContext@754de353{/rca,[file:///E:/workspace_winning/RecordClearAide/src/main/webapp/, jar:file:/D:/dev/maven/maven_31/io/springfox/springfox-swagger-ui/2.7.0/springfox-swagger-ui-2.7.0.jar!/META-INF/resources],AVAILABLE}
2020-10-22 18:03:31,355 org.eclipse.jetty.server.Server [main] (Server.java:411) INFO  --> Started @10696ms
2020-10-22 18:03:31,746 com.alibaba.druid.pool.DruidDataSource [main] (DruidDataSource.java:889) INFO  --> {dataSource-1} inited
2020-10-22 18:03:32,622 com.alibaba.druid.pool.DruidDataSource [main] (DruidDataSource.java:889) INFO  --> {dataSource-2} inited
2020-10-22 18:03:34,183 org.springframework.web.servlet.mvc.method.annotation.RequestMappingHandlerMapping [main] (AbstractHandlerMethodMapping.java:543) INFO  --> Mapped "{[/user/queryDayDetail],methods=[POST]}" onto public com.yaof.pojo.utils.Response<java.util.List<com.yaof.pojo.AmmountSum>> com.yaof.controller.AmmountController.queryDayDetail(com.yaof.pojo.AmmountSum,javax.servlet.http.HttpSession)
2020-10-22 18:03:34,185 org.springframework.web.servlet.mvc.method.annotation.RequestMappingHandlerMapping [main] (AbstractHandlerMethodMapping.java:543) INFO  --> Mapped "{[/user/addAccountDetail],methods=[POST]}" onto public com.yaof.pojo.utils.Response<java.lang.String> com.yaof.controller.AmmountController.addAccountDetail(java.util.List<com.yaof.pojo.AmmountSum>,javax.servlet.http.HttpSession)
2020-10-22 18:03:34,185 org.springframework.web.servlet.mvc.method.annotation.RequestMappingHandlerMapping [main] (AbstractHandlerMethodMapping.java:543) INFO  --> Mapped "{[/user/deleteDayDetailById],methods=[POST]}" onto public com.yaof.pojo.utils.Response<java.lang.String> com.yaof.controller.AmmountController.deleteDayDetailById(com.yaof.pojo.AmmountSum)
2020-10-22 18:03:34,186 org.springframework.web.servlet.mvc.method.annotation.RequestMappingHandlerMapping [main] (AbstractHandlerMethodMapping.java:543) INFO  --> Mapped "{[/user/queryAccountDetail],methods=[POST]}" onto public com.yaof.pojo.utils.Response<java.util.List<com.yaof.pojo.AmmountSum>> com.yaof.controller.AmmountController.queryAccountDetail(com.yaof.pojo.AmmountSum,javax.servlet.http.HttpSession)
2020-10-22 18:03:34,186 org.springframework.web.servlet.mvc.method.annotation.RequestMappingHandlerMapping [main] (AbstractHandlerMethodMapping.java:543) INFO  --> Mapped "{[/user/saveDayDetailById],methods=[POST]}" onto public com.yaof.pojo.utils.Response<java.lang.String> com.yaof.controller.AmmountController.saveDayDetailById(com.yaof.pojo.AmmountSum)
2020-10-22 18:03:34,188 org.springframework.web.servlet.mvc.method.annotation.RequestMappingHandlerMapping [main] (AbstractHandlerMethodMapping.java:543) INFO  --> Mapped "{[/index]}" onto public java.lang.String com.yaof.controller.GameRoleController.index(java.lang.String)
2020-10-22 18:03:34,189 org.springframework.web.servlet.mvc.method.annotation.RequestMappingHandlerMapping [main] (AbstractHandlerMethodMapping.java:543) INFO  --> Mapped "{[/insertRoleInfo],methods=[POST]}" onto public com.yaof.pojo.utils.Response<com.alibaba.fastjson.JSONObject> com.yaof.controller.GameRoleController.insertRoleInfo(com.yaof.pojo.GameRole,javax.servlet.http.HttpServletRequest)
2020-10-22 18:03:34,189 org.springframework.web.servlet.mvc.method.annotation.RequestMappingHandlerMapping [main] (AbstractHandlerMethodMapping.java:543) INFO  --> Mapped "{[/selectNumber],methods=[POST]}" onto public com.yaof.pojo.utils.Response<com.alibaba.fastjson.JSONObject> com.yaof.controller.GameRoleController.selectNumber()
2020-10-22 18:03:34,190 org.springframework.web.servlet.mvc.method.annotation.RequestMappingHandlerMapping [main] (AbstractHandlerMethodMapping.java:543) INFO  --> Mapped "{[/insertBatchRoleInfo],methods=[POST]}" onto public com.yaof.pojo.utils.Response<com.alibaba.fastjson.JSONObject> com.yaof.controller.GameRoleController.insertBatchRoleInfo()
2020-10-22 18:03:34,197 org.springframework.web.servlet.mvc.method.annotation.RequestMappingHandlerMapping [main] (AbstractHandlerMethodMapping.java:543) INFO  --> Mapped "{[/register],methods=[POST]}" onto public com.yaof.pojo.utils.Response com.yaof.controller.UserController.register(com.yaof.pojo.User)
2020-10-22 18:03:34,198 org.springframework.web.servlet.mvc.method.annotation.RequestMappingHandlerMapping [main] (AbstractHandlerMethodMapping.java:543) INFO  --> Mapped "{[/getUserInfo],methods=[POST]}" onto public java.lang.String com.yaof.controller.UserController.getUserInfo(java.lang.String,javax.servlet.http.HttpServletRequest)
2020-10-22 18:03:34,199 org.springframework.web.servlet.mvc.method.annotation.RequestMappingHandlerMapping [main] (AbstractHandlerMethodMapping.java:543) INFO  --> Mapped "{[/saveUserInfo],methods=[POST]}" onto public com.yaof.pojo.utils.Response com.yaof.controller.UserController.saveUserInfo(com.yaof.pojo.User,javax.servlet.http.HttpSession)
2020-10-22 18:03:34,200 org.springframework.web.servlet.mvc.method.annotation.RequestMappingHandlerMapping [main] (AbstractHandlerMethodMapping.java:543) INFO  --> Mapped "{[/updatePassword],methods=[POST]}" onto public com.yaof.pojo.utils.Response com.yaof.controller.UserController.updatePassword(java.util.Map<java.lang.String, java.lang.Object>,javax.servlet.http.HttpSession)
2020-10-22 18:03:34,200 org.springframework.web.servlet.mvc.method.annotation.RequestMappingHandlerMapping [main] (AbstractHandlerMethodMapping.java:543) INFO  --> Mapped "{[/getAccount],methods=[POST]}" onto private java.lang.String com.yaof.controller.UserController.getAccount(javax.servlet.http.HttpSession)
2020-10-22 18:03:34,201 org.springframework.web.servlet.mvc.method.annotation.RequestMappingHandlerMapping [main] (AbstractHandlerMethodMapping.java:543) INFO  --> Mapped "{[/login],methods=[POST]}" onto public com.yaof.pojo.utils.Response com.yaof.controller.UserController.login(com.yaof.pojo.User,javax.servlet.http.HttpServletRequest)
2020-10-22 18:03:34,202 org.springframework.web.servlet.mvc.method.annotation.RequestMappingHandlerMapping [main] (AbstractHandlerMethodMapping.java:543) INFO  --> Mapped "{[/addRcaUserInfo],methods=[POST]}" onto public com.yaof.pojo.utils.Response com.yaof.controller.UserController.addRcaUserInfo(com.yaof.pojo.User,javax.servlet.http.HttpSession)
2020-10-22 18:03:34,203 org.springframework.web.servlet.mvc.method.annotation.RequestMappingHandlerMapping [main] (AbstractHandlerMethodMapping.java:543) INFO  --> Mapped "{[/logout],methods=[POST]}" onto public com.yaof.pojo.utils.Response com.yaof.controller.UserController.checkAccount(javax.servlet.http.HttpServletRequest)
2020-10-22 18:03:34,203 org.springframework.web.servlet.mvc.method.annotation.RequestMappingHandlerMapping [main] (AbstractHandlerMethodMapping.java:543) INFO  --> Mapped "{[/checkAccount],methods=[POST]}" onto public com.yaof.pojo.utils.Response com.yaof.controller.UserController.checkAccount(java.lang.String)
2020-10-22 18:03:34,204 org.springframework.web.servlet.mvc.method.annotation.RequestMappingHandlerMapping [main] (AbstractHandlerMethodMapping.java:543) INFO  --> Mapped "{[/queryAccountByPower],methods=[POST]}" onto private com.yaof.pojo.utils.Response<java.util.List<com.yaof.pojo.User>> com.yaof.controller.UserController.queryAccountByPower(com.yaof.pojo.User,javax.servlet.http.HttpSession)
2020-10-22 18:03:34,204 org.springframework.web.servlet.mvc.method.annotation.RequestMappingHandlerMapping [main] (AbstractHandlerMethodMapping.java:543) INFO  --> Mapped "{[/deleteAccountById],methods=[POST]}" onto private com.yaof.pojo.utils.Response com.yaof.controller.UserController.deleteAccountById(java.lang.String)
2020-10-22 18:03:34,205 org.springframework.web.servlet.mvc.method.annotation.RequestMappingHandlerMapping [main] (AbstractHandlerMethodMapping.java:543) INFO  --> Mapped "{[/updatePasswordByAccount],methods=[POST]}" onto public com.yaof.pojo.utils.Response com.yaof.controller.UserController.updatePasswordByAccount(com.yaof.pojo.User,javax.servlet.http.HttpSession)
2020-10-22 18:03:34,210 org.springframework.web.servlet.mvc.method.annotation.RequestMappingHandlerMapping [main] (AbstractHandlerMethodMapping.java:543) INFO  --> Mapped "{[/swagger-resources]}" onto public org.springframework.http.ResponseEntity<java.util.List<springfox.documentation.swagger.web.SwaggerResource>> springfox.documentation.swagger.web.ApiResourceController.swaggerResources()
2020-10-22 18:03:34,211 org.springframework.web.servlet.mvc.method.annotation.RequestMappingHandlerMapping [main] (AbstractHandlerMethodMapping.java:543) INFO  --> Mapped "{[/swagger-resources/configuration/ui]}" onto public org.springframework.http.ResponseEntity<springfox.documentation.swagger.web.UiConfiguration> springfox.documentation.swagger.web.ApiResourceController.uiConfiguration()
2020-10-22 18:03:34,212 org.springframework.web.servlet.mvc.method.annotation.RequestMappingHandlerMapping [main] (AbstractHandlerMethodMapping.java:543) INFO  --> Mapped "{[/swagger-resources/configuration/security]}" onto public org.springframework.http.ResponseEntity<springfox.documentation.swagger.web.SecurityConfiguration> springfox.documentation.swagger.web.ApiResourceController.securityConfiguration()
2020-10-22 18:03:34,217 org.springframework.web.servlet.mvc.method.annotation.RequestMappingHandlerMapping [main] (AbstractHandlerMethodMapping.java:543) INFO  --> Mapped "{[/error]}" onto public org.springframework.http.ResponseEntity<java.util.Map<java.lang.String, java.lang.Object>> org.springframework.boot.autoconfigure.web.BasicErrorController.error(javax.servlet.http.HttpServletRequest)
2020-10-22 18:03:34,218 org.springframework.web.servlet.mvc.method.annotation.RequestMappingHandlerMapping [main] (AbstractHandlerMethodMapping.java:543) INFO  --> Mapped "{[/error],produces=[text/html]}" onto public org.springframework.web.servlet.ModelAndView org.springframework.boot.autoconfigure.web.BasicErrorController.errorHtml(javax.servlet.http.HttpServletRequest,javax.servlet.http.HttpServletResponse)
2020-10-22 18:03:34,756 springfox.documentation.spring.web.PropertySourcedRequestMappingHandlerMapping [main] (PropertySourcedRequestMappingHandlerMapping.java:69) INFO  --> Mapped URL path [/v2/api-docs] onto method [public org.springframework.http.ResponseEntity<springfox.documentation.spring.web.json.Json> springfox.documentation.swagger2.web.Swagger2Controller.getDocumentation(java.lang.String,javax.servlet.http.HttpServletRequest)]
2020-10-22 18:03:34,822 org.springframework.scheduling.concurrent.ThreadPoolTaskExecutor [main] (ExecutorConfigurationSupport.java:165) INFO  --> Initializing ExecutorService  'executor'
2020-10-22 18:03:35,060 org.quartz.impl.StdSchedulerFactory [main] (StdSchedulerFactory.java:1172) INFO  --> Using default implementation for ThreadExecutor
2020-10-22 18:03:35,087 org.quartz.core.SchedulerSignalerImpl [main] (SchedulerSignalerImpl.java:61) INFO  --> Initialized Scheduler Signaller of type: class org.quartz.core.SchedulerSignalerImpl
2020-10-22 18:03:35,087 org.quartz.core.QuartzScheduler [main] (QuartzScheduler.java:240) INFO  --> Quartz Scheduler v.2.2.3 created.
2020-10-22 18:03:35,089 org.quartz.simpl.RAMJobStore [main] (RAMJobStore.java:155) INFO  --> RAMJobStore initialized.
2020-10-22 18:03:35,090 org.quartz.core.QuartzScheduler [main] (QuartzScheduler.java:305) INFO  --> Scheduler meta-data: Quartz Scheduler (v2.2.3) 'org.springframework.scheduling.quartz.SchedulerFactoryBean#0' with instanceId 'NON_CLUSTERED'
  Scheduler class: 'org.quartz.core.QuartzScheduler' - running locally.
  NOT STARTED.
  Currently in standby mode.
  Number of jobs executed: 0
  Using thread pool 'org.springframework.scheduling.quartz.LocalTaskExecutorThreadPool' - with -1 threads.
  Using job-store 'org.quartz.simpl.RAMJobStore' - which does not support persistence. and is not clustered.

2020-10-22 18:03:35,091 org.quartz.impl.StdSchedulerFactory [main] (StdSchedulerFactory.java:1327) INFO  --> Quartz scheduler 'org.springframework.scheduling.quartz.SchedulerFactoryBean#0' initialized from an externally provided properties instance.
2020-10-22 18:03:35,091 org.quartz.impl.StdSchedulerFactory [main] (StdSchedulerFactory.java:1331) INFO  --> Quartz scheduler version: 2.2.3
2020-10-22 18:03:35,093 org.quartz.core.QuartzScheduler [main] (QuartzScheduler.java:2311) INFO  --> JobFactory set to: org.springframework.scheduling.quartz.AdaptableJobFactory@3487947c
2020-10-22 18:03:36,007 org.springframework.web.servlet.mvc.method.annotation.RequestMappingHandlerAdapter [main] (RequestMappingHandlerAdapter.java:534) INFO  --> Looking for @ControllerAdvice: org.springframework.boot.context.embedded.AnnotationConfigEmbeddedWebApplicationContext@7b8233cd: startup date [Thu Oct 22 18:03:23 CST 2020]; root of context hierarchy
2020-10-22 18:03:36,173 org.springframework.web.servlet.handler.SimpleUrlHandlerMapping [main] (AbstractUrlHandlerMapping.java:362) INFO  --> Mapped URL path [/webjars/**] onto handler of type [class org.springframework.web.servlet.resource.ResourceHttpRequestHandler]
2020-10-22 18:03:36,173 org.springframework.web.servlet.handler.SimpleUrlHandlerMapping [main] (AbstractUrlHandlerMapping.java:362) INFO  --> Mapped URL path [/**] onto handler of type [class org.springframework.web.servlet.resource.ResourceHttpRequestHandler]
2020-10-22 18:03:36,296 org.springframework.web.servlet.handler.SimpleUrlHandlerMapping [main] (AbstractUrlHandlerMapping.java:362) INFO  --> Mapped URL path [/**/favicon.ico] onto handler of type [class org.springframework.web.servlet.resource.ResourceHttpRequestHandler]
2020-10-22 18:03:38,691 org.springframework.jmx.export.annotation.AnnotationMBeanExporter [main] (MBeanExporter.java:431) INFO  --> Registering beans for JMX exposure on startup
2020-10-22 18:03:38,698 org.springframework.jmx.export.annotation.AnnotationMBeanExporter [main] (MBeanExporter.java:918) INFO  --> Bean with name 'masterDataSource' has been autodetected for JMX exposure
2020-10-22 18:03:38,699 org.springframework.jmx.export.annotation.AnnotationMBeanExporter [main] (MBeanExporter.java:918) INFO  --> Bean with name 'slaveDataSource' has been autodetected for JMX exposure
2020-10-22 18:03:38,700 org.springframework.jmx.export.annotation.AnnotationMBeanExporter [main] (MBeanExporter.java:918) INFO  --> Bean with name 'statFilter' has been autodetected for JMX exposure
2020-10-22 18:03:38,708 org.springframework.jmx.export.annotation.AnnotationMBeanExporter [main] (MBeanExporter.java:672) INFO  --> Located MBean 'masterDataSource': registering with JMX server as MBean [com.alibaba.druid.pool:name=masterDataSource,type=DruidDataSource]
2020-10-22 18:03:38,710 org.springframework.jmx.export.annotation.AnnotationMBeanExporter [main] (MBeanExporter.java:672) INFO  --> Located MBean 'slaveDataSource': registering with JMX server as MBean [com.alibaba.druid.pool:name=slaveDataSource,type=DruidDataSource]
2020-10-22 18:03:38,712 org.springframework.jmx.export.annotation.AnnotationMBeanExporter [main] (MBeanExporter.java:672) INFO  --> Located MBean 'statFilter': registering with JMX server as MBean [com.alibaba.druid.filter.stat:name=statFilter,type=StatFilter]
2020-10-22 18:03:38,725 org.springframework.context.support.DefaultLifecycleProcessor [main] (DefaultLifecycleProcessor.java:341) INFO  --> Starting beans in phase 2147483647
2020-10-22 18:03:38,725 springfox.documentation.spring.web.plugins.DocumentationPluginsBootstrapper [main] (DocumentationPluginsBootstrapper.java:147) INFO  --> Context refreshed
2020-10-22 18:03:38,757 springfox.documentation.spring.web.plugins.DocumentationPluginsBootstrapper [main] (DocumentationPluginsBootstrapper.java:150) INFO  --> Found 1 custom documentation plugin(s)
2020-10-22 18:03:38,812 springfox.documentation.spring.web.scanners.ApiListingReferenceScanner [main] (ApiListingReferenceScanner.java:41) INFO  --> Scanning for api listing references
2020-10-22 18:03:39,334 springfox.documentation.spring.web.readers.operation.CachingOperationNameGenerator [main] (CachingOperationNameGenerator.java:40) INFO  --> Generating unique operation named: checkAccountUsingPOST_1
2020-10-22 18:03:39,440 org.springframework.scheduling.quartz.SchedulerFactoryBean [main] (SchedulerFactoryBean.java:671) INFO  --> Starting Quartz Scheduler now
2020-10-22 18:03:39,441 org.quartz.core.QuartzScheduler [main] (QuartzScheduler.java:575) INFO  --> Scheduler org.springframework.scheduling.quartz.SchedulerFactoryBean#0_$_NON_CLUSTERED started.
2020-10-22 18:03:39,452 org.springframework.scheduling.annotation.ScheduledAnnotationBeanPostProcessor [main] (ScheduledAnnotationBeanPostProcessor.java:268) INFO  --> No TaskScheduler/ScheduledExecutorService bean found for scheduled processing
2020-10-22 18:03:39,476 org.eclipse.jetty.server.handler.ContextHandler.application [main] (ContextHandler.java:2221) INFO  --> Initializing Spring FrameworkServlet 'dispatcherServlet'
2020-10-22 18:03:39,477 org.springframework.web.servlet.DispatcherServlet [main] (FrameworkServlet.java:489) INFO  --> FrameworkServlet 'dispatcherServlet': initialization started
2020-10-22 18:03:39,515 org.springframework.web.servlet.DispatcherServlet [main] (FrameworkServlet.java:508) INFO  --> FrameworkServlet 'dispatcherServlet': initialization completed in 38 ms
2020-10-22 18:03:40,842 org.eclipse.jetty.server.AbstractConnector [main] (AbstractConnector.java:289) INFO  --> Started ServerConnector@ee2ae9a{HTTP/1.1,[http/1.1]}{0.0.0.0:8088}
2020-10-22 18:03:40,842 org.springframework.boot.context.embedded.jetty.JettyEmbeddedServletContainer [main] (JettyEmbeddedServletContainer.java:155) INFO  --> Jetty started on port(s) 8088 (http/1.1)
2020-10-22 18:03:40,854 com.yaof.RecordClearAideApplication [main] (StartupInfoLogger.java:57) INFO  --> Started RecordClearAideApplication in 18.971 seconds (JVM running for 20.194)
2020-10-22 18:03:40,854 com.yaof.RecordClearAideApplication [main] (RecordClearAideApplication.java:24) INFO  --> RecordClearAideApplication start success.
2020-10-22 18:05:00,016 com.yaof.quartz.job.TestJob [pool-2-thread-1] (TestJob.java:25) INFO  --> testJob calculate the count is：1
2020-10-22 18:06:17,831 com.yaof.controller.UserController [qtp740120508-23] (UserController.java:56) INFO  --> 请求参数:{"account":"yaofang","id":0,"password":"123456"}
2020-10-22 18:06:18,841 com.yaof.point.TransactionDemo [qtp740120508-23] (TransactionDemo.java:28) INFO  --> now the url is:/rca/login
2020-10-22 18:06:18,842 com.yaof.point.TransactionDemo [qtp740120508-23] (TransactionDemo.java:34) INFO  --> point before...
2020-10-22 18:06:18,882 com.yaof.mapper.UserMapper.getUserByAccountAndPassword [qtp740120508-23] (BaseJdbcLogger.java:159) DEBUG --> ==>  Preparing: select id, account, age, name, power, birthdate, sex, addr, phone, email from rca_user where account = ? and password = ? 
2020-10-22 18:06:18,907 com.yaof.mapper.UserMapper.getUserByAccountAndPassword [qtp740120508-23] (BaseJdbcLogger.java:159) DEBUG --> ==> Parameters: yaofang(String), 123456(String)
2020-10-22 18:06:18,951 com.yaof.mapper.UserMapper.getUserByAccountAndPassword [qtp740120508-23] (BaseJdbcLogger.java:159) DEBUG --> <==      Total: 1
2020-10-22 18:06:18,954 com.yaof.point.TransactionDemo [qtp740120508-23] (TransactionDemo.java:38) INFO  --> point after...
2020-10-22 18:06:21,521 com.yaof.interceptor.WebAppConfig [qtp740120508-20] (WebAppConfig.java:55) INFO  --> /rca/user/queryAccountDetail============================================
2020-10-22 18:06:21,522 com.yaof.interceptor.WebAppConfig [qtp740120508-20] (WebAppConfig.java:56) INFO  --> 拦截账号：null
2020-10-22 18:06:21,534 com.yaof.controller.AmmountController [qtp740120508-20] (AmmountController.java:42) INFO  --> 根据用户Id查询账户信息，参数:{"cost":0.0,"income":0.0,"limit":0,"month":"10","sub":0.0,"type":"day","userId":"1","year":"2020"}
2020-10-22 18:06:21,544 com.yaof.point.TransactionDemo [qtp740120508-20] (TransactionDemo.java:28) INFO  --> now the url is:/rca/user/queryAccountDetail
2020-10-22 18:06:21,545 com.yaof.point.TransactionDemo [qtp740120508-20] (TransactionDemo.java:34) INFO  --> point before...
2020-10-22 18:06:22,560 com.yaof.mapper.AmmountMapper.queryAccountDetail [qtp740120508-20] (BaseJdbcLogger.java:159) DEBUG --> ==>  Preparing: select year, month, day, sum(cost) cost, sum(income) income, (sum(income)-sum(cost)) sub from (select year(happen_date) year, month(happen_date) month, day(happen_date) day, cost, income from account_detail where user_id = ? and year(happen_date) = ? and month(happen_date) = ? ) a GROUP BY year,month,day order by year desc, month desc, day desc 
2020-10-22 18:06:22,693 com.yaof.mapper.AmmountMapper.queryAccountDetail [qtp740120508-20] (BaseJdbcLogger.java:159) DEBUG --> ==> Parameters: 1(String), 2020(String), 10(String)
2020-10-22 18:06:22,712 com.yaof.mapper.AmmountMapper.queryAccountDetail [qtp740120508-20] (BaseJdbcLogger.java:159) DEBUG --> <==      Total: 0
2020-10-22 18:06:22,713 com.yaof.point.TransactionDemo [qtp740120508-20] (TransactionDemo.java:38) INFO  --> point after...
2020-10-22 18:06:22,714 com.yaof.controller.AmmountController [qtp740120508-20] (AmmountController.java:44) INFO  --> 根据用户Id查询账户信息，返回结果:[]
2020-10-22 18:06:55,170 com.yaof.interceptor.WebAppConfig [qtp740120508-23] (WebAppConfig.java:55) INFO  --> /rca/user/queryAccountDetail============================================
2020-10-22 18:06:55,171 com.yaof.interceptor.WebAppConfig [qtp740120508-23] (WebAppConfig.java:56) INFO  --> 拦截账号：null
2020-10-22 18:06:55,173 com.yaof.controller.AmmountController [qtp740120508-23] (AmmountController.java:42) INFO  --> 根据用户Id查询账户信息，参数:{"cost":0.0,"income":0.0,"limit":0,"month":"10","sub":0.0,"type":"day","userId":"1","year":"2020"}
2020-10-22 18:06:55,175 com.yaof.point.TransactionDemo [qtp740120508-23] (TransactionDemo.java:28) INFO  --> now the url is:/rca/user/queryAccountDetail
2020-10-22 18:06:55,175 com.yaof.point.TransactionDemo [qtp740120508-23] (TransactionDemo.java:34) INFO  --> point before...
2020-10-22 18:06:55,177 com.yaof.mapper.AmmountMapper.queryAccountDetail [qtp740120508-23] (BaseJdbcLogger.java:159) DEBUG --> ==>  Preparing: select year, month, day, sum(cost) cost, sum(income) income, (sum(income)-sum(cost)) sub from (select year(happen_date) year, month(happen_date) month, day(happen_date) day, cost, income from account_detail where user_id = ? and year(happen_date) = ? and month(happen_date) = ? ) a GROUP BY year,month,day order by year desc, month desc, day desc 
2020-10-22 18:06:55,180 com.yaof.mapper.AmmountMapper.queryAccountDetail [qtp740120508-23] (BaseJdbcLogger.java:159) DEBUG --> ==> Parameters: 1(String), 2020(String), 10(String)
2020-10-22 18:06:55,182 com.yaof.mapper.AmmountMapper.queryAccountDetail [qtp740120508-23] (BaseJdbcLogger.java:159) DEBUG --> <==      Total: 0
2020-10-22 18:06:55,183 com.yaof.point.TransactionDemo [qtp740120508-23] (TransactionDemo.java:38) INFO  --> point after...
2020-10-22 18:06:55,184 com.yaof.controller.AmmountController [qtp740120508-23] (AmmountController.java:44) INFO  --> 根据用户Id查询账户信息，返回结果:[]
2020-10-22 18:08:10,480 com.yaof.controller.UserController [qtp740120508-20] (UserController.java:108) INFO  --> 检查此账号是否已经被注册请求参数:yaofang
2020-10-22 18:08:10,481 com.yaof.service.impl.UserServiceImpl [qtp740120508-20] (UserServiceImpl.java:47) INFO  --> service - isAccountExist query begin
2020-10-22 18:08:10,482 com.yaof.point.TransactionDemo [qtp740120508-20] (TransactionDemo.java:28) INFO  --> now the url is:/rca/checkAccount
2020-10-22 18:08:10,482 com.yaof.point.TransactionDemo [qtp740120508-20] (TransactionDemo.java:34) INFO  --> point before...
2020-10-22 18:08:10,483 com.yaof.mapper.UserMapper.getUserByAccount [qtp740120508-20] (BaseJdbcLogger.java:159) DEBUG --> ==>  Preparing: select id, account, age, name, power, birthdate, sex, addr, phone, email from rca_user where account = ? 
2020-10-22 18:08:10,484 com.yaof.mapper.UserMapper.getUserByAccount [qtp740120508-20] (BaseJdbcLogger.java:159) DEBUG --> ==> Parameters: yaofang(String)
2020-10-22 18:08:10,494 com.yaof.mapper.UserMapper.getUserByAccount [qtp740120508-20] (BaseJdbcLogger.java:159) DEBUG --> <==      Total: 1
2020-10-22 18:08:10,495 com.yaof.point.TransactionDemo [qtp740120508-20] (TransactionDemo.java:38) INFO  --> point after...
2020-10-22 18:08:10,496 com.yaof.point.TransactionDemo [qtp740120508-20] (TransactionDemo.java:28) INFO  --> now the url is:/rca/checkAccount
2020-10-22 18:08:10,496 com.yaof.point.TransactionDemo [qtp740120508-20] (TransactionDemo.java:34) INFO  --> point before...
2020-10-22 18:08:10,497 com.yaof.mapper.UserMapper.getUserByAccount [qtp740120508-20] (BaseJdbcLogger.java:159) DEBUG --> ==>  Preparing: select id, account, age, name, power, birthdate, sex, addr, phone, email from rca_user where account = ? 
2020-10-22 18:08:10,498 com.yaof.mapper.UserMapper.getUserByAccount [qtp740120508-20] (BaseJdbcLogger.java:159) DEBUG --> ==> Parameters: yaofang(String)
2020-10-22 18:08:10,501 com.yaof.mapper.UserMapper.getUserByAccount [qtp740120508-20] (BaseJdbcLogger.java:159) DEBUG --> <==      Total: 1
2020-10-22 18:08:10,502 com.yaof.point.TransactionDemo [qtp740120508-20] (TransactionDemo.java:38) INFO  --> point after...
2020-10-22 18:08:10,503 com.yaof.point.TransactionDemo [qtp740120508-20] (TransactionDemo.java:28) INFO  --> now the url is:/rca/checkAccount
2020-10-22 18:08:10,503 com.yaof.point.TransactionDemo [qtp740120508-20] (TransactionDemo.java:34) INFO  --> point before...
2020-10-22 18:08:10,504 com.yaof.mapper.UserMapper.getUserByAccount [qtp740120508-20] (BaseJdbcLogger.java:159) DEBUG --> ==>  Preparing: select id, account, age, name, power, birthdate, sex, addr, phone, email from rca_user where account = ? 
2020-10-22 18:08:10,505 com.yaof.mapper.UserMapper.getUserByAccount [qtp740120508-20] (BaseJdbcLogger.java:159) DEBUG --> ==> Parameters: yaofang(String)
2020-10-22 18:08:10,508 com.yaof.mapper.UserMapper.getUserByAccount [qtp740120508-20] (BaseJdbcLogger.java:159) DEBUG --> <==      Total: 1
2020-10-22 18:08:10,510 com.yaof.point.TransactionDemo [qtp740120508-20] (TransactionDemo.java:38) INFO  --> point after...
2020-10-22 18:08:10,510 com.yaof.point.TransactionDemo [qtp740120508-20] (TransactionDemo.java:28) INFO  --> now the url is:/rca/checkAccount
2020-10-22 18:08:10,510 com.yaof.point.TransactionDemo [qtp740120508-20] (TransactionDemo.java:34) INFO  --> point before...
2020-10-22 18:08:10,512 com.yaof.mapper.UserMapper.getUserByAccount [qtp740120508-20] (BaseJdbcLogger.java:159) DEBUG --> ==>  Preparing: select id, account, age, name, power, birthdate, sex, addr, phone, email from rca_user where account = ? 
2020-10-22 18:08:10,513 com.yaof.mapper.UserMapper.getUserByAccount [qtp740120508-20] (BaseJdbcLogger.java:159) DEBUG --> ==> Parameters: yaofang(String)
2020-10-22 18:08:10,520 com.yaof.mapper.UserMapper.getUserByAccount [qtp740120508-20] (BaseJdbcLogger.java:159) DEBUG --> <==      Total: 1
2020-10-22 18:08:10,521 com.yaof.point.TransactionDemo [qtp740120508-20] (TransactionDemo.java:38) INFO  --> point after...
2020-10-22 18:08:10,522 com.yaof.service.impl.UserServiceImpl [qtp740120508-20] (UserServiceImpl.java:52) INFO  --> service - isAccountExist query end
2020-10-22 18:08:12,251 com.yaof.interceptor.WebAppConfig [qtp740120508-18] (WebAppConfig.java:55) INFO  --> /rca/getAccount============================================
2020-10-22 18:08:12,252 com.yaof.interceptor.WebAppConfig [qtp740120508-18] (WebAppConfig.java:56) INFO  --> 拦截账号：null
2020-10-22 18:08:14,831 com.yaof.interceptor.WebAppConfig [qtp740120508-20] (WebAppConfig.java:55) INFO  --> /rca/getAccount============================================
2020-10-22 18:08:14,831 com.yaof.interceptor.WebAppConfig [qtp740120508-20] (WebAppConfig.java:56) INFO  --> 拦截账号：null
2020-10-22 18:08:18,554 com.yaof.interceptor.WebAppConfig [qtp740120508-18] (WebAppConfig.java:55) INFO  --> /rca/getAccount============================================
2020-10-22 18:08:18,554 com.yaof.interceptor.WebAppConfig [qtp740120508-18] (WebAppConfig.java:56) INFO  --> 拦截账号：null
2020-10-22 18:08:18,561 com.yaof.controller.UserController [qtp740120508-20] (UserController.java:56) INFO  --> 请求参数:{"account":"yaofang","id":0,"password":"123456"}
2020-10-22 18:08:19,562 com.yaof.point.TransactionDemo [qtp740120508-20] (TransactionDemo.java:28) INFO  --> now the url is:/rca/login
2020-10-22 18:08:19,563 com.yaof.point.TransactionDemo [qtp740120508-20] (TransactionDemo.java:34) INFO  --> point before...
2020-10-22 18:08:19,566 com.yaof.mapper.UserMapper.getUserByAccountAndPassword [qtp740120508-20] (BaseJdbcLogger.java:159) DEBUG --> ==>  Preparing: select id, account, age, name, power, birthdate, sex, addr, phone, email from rca_user where account = ? and password = ? 
2020-10-22 18:08:19,570 com.yaof.mapper.UserMapper.getUserByAccountAndPassword [qtp740120508-20] (BaseJdbcLogger.java:159) DEBUG --> ==> Parameters: yaofang(String), 123456(String)
2020-10-22 18:08:19,580 com.yaof.mapper.UserMapper.getUserByAccountAndPassword [qtp740120508-20] (BaseJdbcLogger.java:159) DEBUG --> <==      Total: 1
2020-10-22 18:08:19,583 com.yaof.point.TransactionDemo [qtp740120508-20] (TransactionDemo.java:38) INFO  --> point after...
2020-10-22 18:08:19,610 com.yaof.interceptor.WebAppConfig [qtp740120508-18] (WebAppConfig.java:55) INFO  --> /rca/queryAccountByPower============================================
2020-10-22 18:08:19,611 com.yaof.interceptor.WebAppConfig [qtp740120508-18] (WebAppConfig.java:56) INFO  --> 拦截账号：null
2020-10-22 18:08:19,614 com.yaof.service.impl.UserServiceImpl [qtp740120508-18] (UserServiceImpl.java:104) INFO  --> ---------
2020-10-22 18:08:19,616 com.yaof.point.TransactionDemo [qtp740120508-18] (TransactionDemo.java:28) INFO  --> now the url is:/rca/queryAccountByPower
2020-10-22 18:08:19,616 com.yaof.point.TransactionDemo [qtp740120508-18] (TransactionDemo.java:34) INFO  --> point before...
2020-10-22 18:08:19,618 com.yaof.mapper.UserMapper.queryAccountByPower [qtp740120508-18] (BaseJdbcLogger.java:159) DEBUG --> ==>  Preparing: select id, account, password, age, name, power, birthdate, sex, addr, phone, email from rca_user where power = ? 
2020-10-22 18:08:19,619 com.yaof.mapper.UserMapper.queryAccountByPower [qtp740120508-18] (BaseJdbcLogger.java:159) DEBUG --> ==> Parameters: 1(String)
2020-10-22 18:08:19,624 com.yaof.mapper.UserMapper.queryAccountByPower [qtp740120508-18] (BaseJdbcLogger.java:159) DEBUG --> <==      Total: 2
2020-10-22 18:08:19,625 com.yaof.point.TransactionDemo [qtp740120508-18] (TransactionDemo.java:38) INFO  --> point after...
