2019-05-16 10:39:50,080 com.yaof.RecordClearAideApplication [main] (StartupInfoLogger.java:48) INFO  --> Starting RecordClearAideApplication on yaofang with PID 17984 (E:\workspace_winning\RecordClearAide\target\classes started by yaofang in E:\workspace_winning\RecordClearAide)
2019-05-16 10:39:50,086 com.yaof.RecordClearAideApplication [main] (SpringApplication.java:593) INFO  --> No active profile set, falling back to default profiles: default
2019-05-16 10:39:50,206 org.springframework.boot.context.embedded.AnnotationConfigEmbeddedWebApplicationContext [main] (AbstractApplicationContext.java:583) INFO  --> Refreshing org.springframework.boot.context.embedded.AnnotationConfigEmbeddedWebApplicationContext@1f59a598: startup date [Thu May 16 10:39:50 CST 2019]; root of context hierarchy
2019-05-16 10:39:50,619 org.hibernate.validator.internal.util.Version [background-preinit] (Version.java:30) INFO  --> HV000001: Hibernate Validator 5.3.6.Final
2019-05-16 10:39:51,429 org.springframework.beans.factory.xml.XmlBeanDefinitionReader [main] (XmlBeanDefinitionReader.java:317) INFO  --> Loading XML bean definitions from class path resource [spring-mybatis.xml]
2019-05-16 10:39:51,832 org.mybatis.spring.mapper.ClassPathMapperScanner [main] (ClassPathMapperScanner.java:166) WARN  --> No MyBatis mapper was found in '[com.yaof]' package. Please check your configuration.
2019-05-16 10:39:52,405 org.springframework.context.support.PostProcessorRegistrationDelegate$BeanPostProcessorChecker [main] (PostProcessorRegistrationDelegate.java:327) INFO  --> Bean '(inner bean)#6642dc5a' of type [org.springframework.aop.aspectj.AspectJMethodBeforeAdvice] is not eligible for getting processed by all BeanPostProcessors (for example: not eligible for auto-proxying)
2019-05-16 10:39:52,535 org.springframework.context.support.PostProcessorRegistrationDelegate$BeanPostProcessorChecker [main] (PostProcessorRegistrationDelegate.java:327) INFO  --> Bean 'org.springframework.aop.aspectj.AspectJPointcutAdvisor#0' of type [org.springframework.aop.aspectj.AspectJPointcutAdvisor] is not eligible for getting processed by all BeanPostProcessors (for example: not eligible for auto-proxying)
2019-05-16 10:39:52,542 org.springframework.context.support.PostProcessorRegistrationDelegate$BeanPostProcessorChecker [main] (PostProcessorRegistrationDelegate.java:327) INFO  --> Bean '(inner bean)#109a2025' of type [org.springframework.aop.aspectj.AspectJAfterAdvice] is not eligible for getting processed by all BeanPostProcessors (for example: not eligible for auto-proxying)
2019-05-16 10:39:52,543 org.springframework.context.support.PostProcessorRegistrationDelegate$BeanPostProcessorChecker [main] (PostProcessorRegistrationDelegate.java:327) INFO  --> Bean 'org.springframework.aop.aspectj.AspectJPointcutAdvisor#1' of type [org.springframework.aop.aspectj.AspectJPointcutAdvisor] is not eligible for getting processed by all BeanPostProcessors (for example: not eligible for auto-proxying)
2019-05-16 10:39:52,593 org.springframework.context.support.PostProcessorRegistrationDelegate$BeanPostProcessorChecker [main] (PostProcessorRegistrationDelegate.java:327) INFO  --> Bean 'org.springframework.transaction.annotation.ProxyTransactionManagementConfiguration' of type [org.springframework.transaction.annotation.ProxyTransactionManagementConfiguration$$EnhancerBySpringCGLIB$$ce393ee6] is not eligible for getting processed by all BeanPostProcessors (for example: not eligible for auto-proxying)
2019-05-16 10:39:53,655 org.springframework.boot.context.embedded.tomcat.TomcatEmbeddedServletContainer [main] (TomcatEmbeddedServletContainer.java:92) INFO  --> Tomcat initialized with port(s): 8088 (http)
2019-05-16 10:39:54,154 org.springframework.web.context.ContextLoader [localhost-startStop-1] (EmbeddedWebApplicationContext.java:276) INFO  --> Root WebApplicationContext: initialization completed in 3955 ms
2019-05-16 10:39:54,616 org.springframework.boot.web.servlet.FilterRegistrationBean [localhost-startStop-1] (AbstractFilterRegistrationBean.java:258) INFO  --> Mapping filter: 'characterEncodingFilter' to: [/*]
2019-05-16 10:39:54,617 org.springframework.boot.web.servlet.FilterRegistrationBean [localhost-startStop-1] (AbstractFilterRegistrationBean.java:258) INFO  --> Mapping filter: 'hiddenHttpMethodFilter' to: [/*]
2019-05-16 10:39:54,617 org.springframework.boot.web.servlet.FilterRegistrationBean [localhost-startStop-1] (AbstractFilterRegistrationBean.java:258) INFO  --> Mapping filter: 'httpPutFormContentFilter' to: [/*]
2019-05-16 10:39:54,618 org.springframework.boot.web.servlet.FilterRegistrationBean [localhost-startStop-1] (AbstractFilterRegistrationBean.java:258) INFO  --> Mapping filter: 'requestContextFilter' to: [/*]
2019-05-16 10:39:54,618 org.springframework.boot.web.servlet.FilterRegistrationBean [localhost-startStop-1] (AbstractFilterRegistrationBean.java:271) INFO  --> Mapping filter: 'sessionFilter' to urls: [/*]
2019-05-16 10:39:54,618 org.springframework.boot.web.servlet.FilterRegistrationBean [localhost-startStop-1] (AbstractFilterRegistrationBean.java:271) INFO  --> Mapping filter: 'webStatFilter' to urls: [/*]
2019-05-16 10:39:54,619 org.springframework.boot.web.servlet.ServletRegistrationBean [localhost-startStop-1] (ServletRegistrationBean.java:190) INFO  --> Mapping servlet: 'dispatcherServlet' to [/]
2019-05-16 10:39:54,621 org.springframework.boot.web.servlet.ServletRegistrationBean [localhost-startStop-1] (ServletRegistrationBean.java:190) INFO  --> Mapping servlet: 'statViewServlet' to [/druid/*]
2019-05-16 10:39:54,998 com.alibaba.druid.pool.DruidDataSource [main] (DruidDataSource.java:847) INFO  --> {dataSource-1} inited
2019-05-16 10:39:55,602 com.yaof.RecordClearAideApplication [main] (RecordClearAideApplication.java:32) INFO  --> test:------初始化测试。。。。
2019-05-16 10:39:56,147 org.springframework.web.servlet.mvc.method.annotation.RequestMappingHandlerMapping [main] (AbstractHandlerMethodMapping.java:543) INFO  --> Mapped "{[/user/queryDayDetail],methods=[POST]}" onto public com.yaof.pojo.utils.Response<java.util.List<com.yaof.pojo.AmmountSum>> com.yaof.controller.AmmountController.queryDayDetail(com.yaof.pojo.AmmountSum,javax.servlet.http.HttpSession)
2019-05-16 10:39:56,149 org.springframework.web.servlet.mvc.method.annotation.RequestMappingHandlerMapping [main] (AbstractHandlerMethodMapping.java:543) INFO  --> Mapped "{[/user/addAccountDetail],methods=[POST]}" onto public com.yaof.pojo.utils.Response<java.lang.String> com.yaof.controller.AmmountController.addAccountDetail(java.util.List<com.yaof.pojo.AmmountSum>,javax.servlet.http.HttpSession)
2019-05-16 10:39:56,150 org.springframework.web.servlet.mvc.method.annotation.RequestMappingHandlerMapping [main] (AbstractHandlerMethodMapping.java:543) INFO  --> Mapped "{[/user/deleteDayDetailById],methods=[POST]}" onto public com.yaof.pojo.utils.Response<java.lang.String> com.yaof.controller.AmmountController.deleteDayDetailById(com.yaof.pojo.AmmountSum)
2019-05-16 10:39:56,151 org.springframework.web.servlet.mvc.method.annotation.RequestMappingHandlerMapping [main] (AbstractHandlerMethodMapping.java:543) INFO  --> Mapped "{[/user/queryAccountDetail],methods=[POST]}" onto public com.yaof.pojo.utils.Response<java.util.List<com.yaof.pojo.AmmountSum>> com.yaof.controller.AmmountController.queryAccountDetail(com.yaof.pojo.AmmountSum,javax.servlet.http.HttpSession)
2019-05-16 10:39:56,152 org.springframework.web.servlet.mvc.method.annotation.RequestMappingHandlerMapping [main] (AbstractHandlerMethodMapping.java:543) INFO  --> Mapped "{[/user/saveDayDetailById],methods=[POST]}" onto public com.yaof.pojo.utils.Response<java.lang.String> com.yaof.controller.AmmountController.saveDayDetailById(com.yaof.pojo.AmmountSum)
2019-05-16 10:39:56,156 org.springframework.web.servlet.mvc.method.annotation.RequestMappingHandlerMapping [main] (AbstractHandlerMethodMapping.java:543) INFO  --> Mapped "{[/register],methods=[POST]}" onto public com.yaof.pojo.utils.Response com.yaof.controller.UserController.register(com.yaof.pojo.User)
2019-05-16 10:39:56,156 org.springframework.web.servlet.mvc.method.annotation.RequestMappingHandlerMapping [main] (AbstractHandlerMethodMapping.java:543) INFO  --> Mapped "{[/getUserInfo],methods=[POST]}" onto public java.lang.String com.yaof.controller.UserController.getUserInfo(java.lang.String,javax.servlet.http.HttpServletRequest)
2019-05-16 10:39:56,157 org.springframework.web.servlet.mvc.method.annotation.RequestMappingHandlerMapping [main] (AbstractHandlerMethodMapping.java:543) INFO  --> Mapped "{[/saveUserInfo],methods=[POST]}" onto public com.yaof.pojo.utils.Response com.yaof.controller.UserController.saveUserInfo(com.yaof.pojo.User,javax.servlet.http.HttpSession)
2019-05-16 10:39:56,157 org.springframework.web.servlet.mvc.method.annotation.RequestMappingHandlerMapping [main] (AbstractHandlerMethodMapping.java:543) INFO  --> Mapped "{[/getAccount],methods=[POST]}" onto private java.lang.String com.yaof.controller.UserController.getAccount(javax.servlet.http.HttpSession)
2019-05-16 10:39:56,157 org.springframework.web.servlet.mvc.method.annotation.RequestMappingHandlerMapping [main] (AbstractHandlerMethodMapping.java:543) INFO  --> Mapped "{[/login],methods=[POST]}" onto public com.yaof.pojo.utils.Response com.yaof.controller.UserController.login(com.yaof.pojo.User,javax.servlet.http.HttpServletRequest)
2019-05-16 10:39:56,158 org.springframework.web.servlet.mvc.method.annotation.RequestMappingHandlerMapping [main] (AbstractHandlerMethodMapping.java:543) INFO  --> Mapped "{[/checkAccount],methods=[POST]}" onto public com.yaof.pojo.utils.Response com.yaof.controller.UserController.checkAccount(java.lang.String)
2019-05-16 10:39:56,158 org.springframework.web.servlet.mvc.method.annotation.RequestMappingHandlerMapping [main] (AbstractHandlerMethodMapping.java:543) INFO  --> Mapped "{[/logout],methods=[POST]}" onto public com.yaof.pojo.utils.Response com.yaof.controller.UserController.checkAccount(javax.servlet.http.HttpServletRequest)
2019-05-16 10:39:56,159 org.springframework.web.servlet.mvc.method.annotation.RequestMappingHandlerMapping [main] (AbstractHandlerMethodMapping.java:543) INFO  --> Mapped "{[/updatePassword],methods=[POST]}" onto public com.yaof.pojo.utils.Response com.yaof.controller.UserController.updatePassword(java.util.Map<java.lang.String, java.lang.Object>,javax.servlet.http.HttpSession)
2019-05-16 10:39:56,159 org.springframework.web.servlet.mvc.method.annotation.RequestMappingHandlerMapping [main] (AbstractHandlerMethodMapping.java:543) INFO  --> Mapped "{[/deleteAccountById],methods=[POST]}" onto private com.yaof.pojo.utils.Response com.yaof.controller.UserController.deleteAccountById(java.lang.String)
2019-05-16 10:39:56,160 org.springframework.web.servlet.mvc.method.annotation.RequestMappingHandlerMapping [main] (AbstractHandlerMethodMapping.java:543) INFO  --> Mapped "{[/updatePasswordByAccount],methods=[POST]}" onto public com.yaof.pojo.utils.Response com.yaof.controller.UserController.updatePasswordByAccount(com.yaof.pojo.User,javax.servlet.http.HttpSession)
2019-05-16 10:39:56,161 org.springframework.web.servlet.mvc.method.annotation.RequestMappingHandlerMapping [main] (AbstractHandlerMethodMapping.java:543) INFO  --> Mapped "{[/queryAccountByPower],methods=[POST]}" onto private com.yaof.pojo.utils.Response<java.util.List<com.yaof.pojo.User>> com.yaof.controller.UserController.queryAccountByPower(com.yaof.pojo.User,javax.servlet.http.HttpSession)
2019-05-16 10:39:56,161 org.springframework.web.servlet.mvc.method.annotation.RequestMappingHandlerMapping [main] (AbstractHandlerMethodMapping.java:543) INFO  --> Mapped "{[/addRcaUserInfo],methods=[POST]}" onto public com.yaof.pojo.utils.Response com.yaof.controller.UserController.addRcaUserInfo(com.yaof.pojo.User,javax.servlet.http.HttpSession)
2019-05-16 10:39:56,168 org.springframework.web.servlet.mvc.method.annotation.RequestMappingHandlerMapping [main] (AbstractHandlerMethodMapping.java:543) INFO  --> Mapped "{[/swagger-resources/configuration/security]}" onto public org.springframework.http.ResponseEntity<springfox.documentation.swagger.web.SecurityConfiguration> springfox.documentation.swagger.web.ApiResourceController.securityConfiguration()
2019-05-16 10:39:56,169 org.springframework.web.servlet.mvc.method.annotation.RequestMappingHandlerMapping [main] (AbstractHandlerMethodMapping.java:543) INFO  --> Mapped "{[/swagger-resources/configuration/ui]}" onto public org.springframework.http.ResponseEntity<springfox.documentation.swagger.web.UiConfiguration> springfox.documentation.swagger.web.ApiResourceController.uiConfiguration()
2019-05-16 10:39:56,170 org.springframework.web.servlet.mvc.method.annotation.RequestMappingHandlerMapping [main] (AbstractHandlerMethodMapping.java:543) INFO  --> Mapped "{[/swagger-resources]}" onto public org.springframework.http.ResponseEntity<java.util.List<springfox.documentation.swagger.web.SwaggerResource>> springfox.documentation.swagger.web.ApiResourceController.swaggerResources()
2019-05-16 10:39:56,172 org.springframework.web.servlet.mvc.method.annotation.RequestMappingHandlerMapping [main] (AbstractHandlerMethodMapping.java:543) INFO  --> Mapped "{[/error]}" onto public org.springframework.http.ResponseEntity<java.util.Map<java.lang.String, java.lang.Object>> org.springframework.boot.autoconfigure.web.BasicErrorController.error(javax.servlet.http.HttpServletRequest)
2019-05-16 10:39:56,173 org.springframework.web.servlet.mvc.method.annotation.RequestMappingHandlerMapping [main] (AbstractHandlerMethodMapping.java:543) INFO  --> Mapped "{[/error],produces=[text/html]}" onto public org.springframework.web.servlet.ModelAndView org.springframework.boot.autoconfigure.web.BasicErrorController.errorHtml(javax.servlet.http.HttpServletRequest,javax.servlet.http.HttpServletResponse)
2019-05-16 10:39:56,426 springfox.documentation.spring.web.PropertySourcedRequestMappingHandlerMapping [main] (PropertySourcedRequestMappingHandlerMapping.java:69) INFO  --> Mapped URL path [/v2/api-docs] onto method [public org.springframework.http.ResponseEntity<springfox.documentation.spring.web.json.Json> springfox.documentation.swagger2.web.Swagger2Controller.getDocumentation(java.lang.String,javax.servlet.http.HttpServletRequest)]
2019-05-16 10:39:56,806 org.springframework.web.servlet.mvc.method.annotation.RequestMappingHandlerAdapter [main] (RequestMappingHandlerAdapter.java:534) INFO  --> Looking for @ControllerAdvice: org.springframework.boot.context.embedded.AnnotationConfigEmbeddedWebApplicationContext@1f59a598: startup date [Thu May 16 10:39:50 CST 2019]; root of context hierarchy
2019-05-16 10:39:56,909 org.springframework.web.servlet.handler.SimpleUrlHandlerMapping [main] (AbstractUrlHandlerMapping.java:362) INFO  --> Mapped URL path [/rca/css/**] onto handler of type [class org.springframework.web.servlet.resource.ResourceHttpRequestHandler]
2019-05-16 10:39:56,910 org.springframework.web.servlet.handler.SimpleUrlHandlerMapping [main] (AbstractUrlHandlerMapping.java:362) INFO  --> Mapped URL path [/rca/images/**] onto handler of type [class org.springframework.web.servlet.resource.ResourceHttpRequestHandler]
2019-05-16 10:39:56,910 org.springframework.web.servlet.handler.SimpleUrlHandlerMapping [main] (AbstractUrlHandlerMapping.java:362) INFO  --> Mapped URL path [/rca/js/**] onto handler of type [class org.springframework.web.servlet.resource.ResourceHttpRequestHandler]
2019-05-16 10:39:56,910 org.springframework.web.servlet.handler.SimpleUrlHandlerMapping [main] (AbstractUrlHandlerMapping.java:362) INFO  --> Mapped URL path [/webjars/**] onto handler of type [class org.springframework.web.servlet.resource.ResourceHttpRequestHandler]
2019-05-16 10:39:56,910 org.springframework.web.servlet.handler.SimpleUrlHandlerMapping [main] (AbstractUrlHandlerMapping.java:362) INFO  --> Mapped URL path [/**] onto handler of type [class org.springframework.web.servlet.resource.ResourceHttpRequestHandler]
2019-05-16 10:39:56,972 org.springframework.web.servlet.handler.SimpleUrlHandlerMapping [main] (AbstractUrlHandlerMapping.java:362) INFO  --> Mapped URL path [/**/favicon.ico] onto handler of type [class org.springframework.web.servlet.resource.ResourceHttpRequestHandler]
2019-05-16 10:39:57,530 org.springframework.jmx.export.annotation.AnnotationMBeanExporter [main] (MBeanExporter.java:431) INFO  --> Registering beans for JMX exposure on startup
2019-05-16 10:39:57,533 org.springframework.jmx.export.annotation.AnnotationMBeanExporter [main] (MBeanExporter.java:918) INFO  --> Bean with name 'dataSource' has been autodetected for JMX exposure
2019-05-16 10:39:57,544 org.springframework.jmx.export.annotation.AnnotationMBeanExporter [main] (MBeanExporter.java:672) INFO  --> Located MBean 'dataSource': registering with JMX server as MBean [com.alibaba.druid.pool:name=dataSource,type=DruidDataSource]
2019-05-16 10:39:57,547 org.springframework.context.support.DefaultLifecycleProcessor [main] (DefaultLifecycleProcessor.java:341) INFO  --> Starting beans in phase 2147483647
2019-05-16 10:39:57,548 springfox.documentation.spring.web.plugins.DocumentationPluginsBootstrapper [main] (DocumentationPluginsBootstrapper.java:147) INFO  --> Context refreshed
2019-05-16 10:39:57,573 springfox.documentation.spring.web.plugins.DocumentationPluginsBootstrapper [main] (DocumentationPluginsBootstrapper.java:150) INFO  --> Found 1 custom documentation plugin(s)
2019-05-16 10:39:57,644 springfox.documentation.spring.web.scanners.ApiListingReferenceScanner [main] (ApiListingReferenceScanner.java:41) INFO  --> Scanning for api listing references
2019-05-16 10:39:57,961 springfox.documentation.spring.web.readers.operation.CachingOperationNameGenerator [main] (CachingOperationNameGenerator.java:40) INFO  --> Generating unique operation named: checkAccountUsingPOST_1
2019-05-16 10:39:58,218 org.springframework.boot.context.embedded.tomcat.TomcatEmbeddedServletContainer [main] (TomcatEmbeddedServletContainer.java:216) INFO  --> Tomcat started on port(s): 8088 (http)
2019-05-16 10:39:58,229 com.yaof.RecordClearAideApplication [main] (StartupInfoLogger.java:57) INFO  --> Started RecordClearAideApplication in 8.616 seconds (JVM running for 9.631)
2019-05-16 10:39:58,229 com.yaof.RecordClearAideApplication [main] (RecordClearAideApplication.java:22) INFO  --> RecordClearAideApplication start success.
2019-05-16 10:40:05,741 org.springframework.web.servlet.DispatcherServlet [http-nio-8088-exec-4] (FrameworkServlet.java:489) INFO  --> FrameworkServlet 'dispatcherServlet': initialization started
2019-05-16 10:40:05,816 org.springframework.web.servlet.DispatcherServlet [http-nio-8088-exec-4] (FrameworkServlet.java:508) INFO  --> FrameworkServlet 'dispatcherServlet': initialization completed in 74 ms
2019-05-16 10:40:18,053 com.yaof.controller.UserController [http-nio-8088-exec-9] (UserController.java:68) INFO  --> 请求参数:{"account":"yaofang","id":0,"password":"123456"}
2019-05-16 10:40:18,054 com.yaof.controller.UserController [http-nio-8088-exec-9] (UserController.java:71) INFO  --> test.id:--------------->123
2019-05-16 10:40:19,058 com.yaof.point.TransactionDemo [http-nio-8088-exec-9] (TransactionDemo.java:13) INFO  --> point before...
2019-05-16 10:40:20,494 com.yaof.point.TransactionDemo [http-nio-8088-exec-9] (TransactionDemo.java:17) INFO  --> point after...
2019-05-16 10:40:23,174 com.yaof.interceptor.WebAppConfig [http-nio-8088-exec-8] (WebAppConfig.java:52) INFO  --> ============================================
2019-05-16 10:40:23,174 com.yaof.interceptor.WebAppConfig [http-nio-8088-exec-8] (WebAppConfig.java:53) INFO  --> 拦截账号：null
2019-05-16 10:40:23,193 com.yaof.controller.AmmountController [http-nio-8088-exec-8] (AmmountController.java:46) INFO  --> 根据用户Id查询账户信息，参数:{"cost":0.0,"income":0.0,"limit":0,"month":"5","sub":0.0,"type":"day","userId":"1","year":"2019"}
2019-05-16 10:40:23,194 com.yaof.point.TransactionDemo [http-nio-8088-exec-8] (TransactionDemo.java:13) INFO  --> point before...
2019-05-16 10:40:23,346 com.yaof.point.TransactionDemo [http-nio-8088-exec-8] (TransactionDemo.java:17) INFO  --> point after...
2019-05-16 10:40:23,348 com.yaof.controller.AmmountController [http-nio-8088-exec-8] (AmmountController.java:48) INFO  --> 根据用户Id查询账户信息，返回结果:[{"cost":115.5,"day":"12","income":0.0,"limit":0,"month":"5","sub":-115.5,"userId":"0","year":"2019"},{"cost":123.3,"day":"9","income":0.0,"limit":0,"month":"5","sub":-123.3,"userId":"0","year":"2019"},{"cost":27.5,"day":"4","income":0.0,"limit":0,"month":"5","sub":-27.5,"userId":"0","year":"2019"},{"cost":217.3,"day":"3","income":0.0,"limit":0,"month":"5","sub":-217.3,"userId":"0","year":"2019"},{"cost":99.8,"day":"2","income":0.0,"limit":0,"month":"5","sub":-99.8,"userId":"0","year":"2019"},{"cost":1900.0,"day":"1","income":0.0,"limit":0,"month":"5","sub":-1900.0,"userId":"0","year":"2019"}]
2019-05-16 10:40:26,625 com.yaof.interceptor.WebAppConfig [http-nio-8088-exec-7] (WebAppConfig.java:52) INFO  --> ============================================
2019-05-16 10:40:26,625 com.yaof.interceptor.WebAppConfig [http-nio-8088-exec-7] (WebAppConfig.java:53) INFO  --> 拦截账号：null
2019-05-16 10:40:26,627 com.yaof.controller.AmmountController [http-nio-8088-exec-7] (AmmountController.java:46) INFO  --> 根据用户Id查询账户信息，参数:{"cost":0.0,"day":"","income":0.0,"limit":0,"month":"5","sub":0.0,"type":"day","userId":"1","year":"2019"}
2019-05-16 10:40:26,627 com.yaof.point.TransactionDemo [http-nio-8088-exec-7] (TransactionDemo.java:13) INFO  --> point before...
2019-05-16 10:40:26,632 com.yaof.point.TransactionDemo [http-nio-8088-exec-7] (TransactionDemo.java:17) INFO  --> point after...
2019-05-16 10:40:26,632 com.yaof.controller.AmmountController [http-nio-8088-exec-7] (AmmountController.java:48) INFO  --> 根据用户Id查询账户信息，返回结果:[{"cost":115.5,"day":"12","income":0.0,"limit":0,"month":"5","sub":-115.5,"userId":"0","year":"2019"},{"cost":123.3,"day":"9","income":0.0,"limit":0,"month":"5","sub":-123.3,"userId":"0","year":"2019"},{"cost":27.5,"day":"4","income":0.0,"limit":0,"month":"5","sub":-27.5,"userId":"0","year":"2019"},{"cost":217.3,"day":"3","income":0.0,"limit":0,"month":"5","sub":-217.3,"userId":"0","year":"2019"},{"cost":99.8,"day":"2","income":0.0,"limit":0,"month":"5","sub":-99.8,"userId":"0","year":"2019"},{"cost":1900.0,"day":"1","income":0.0,"limit":0,"month":"5","sub":-1900.0,"userId":"0","year":"2019"}]
2019-05-16 10:40:27,151 com.yaof.interceptor.WebAppConfig [http-nio-8088-exec-6] (WebAppConfig.java:52) INFO  --> ============================================
2019-05-16 10:40:27,153 com.yaof.interceptor.WebAppConfig [http-nio-8088-exec-6] (WebAppConfig.java:53) INFO  --> 拦截账号：null
2019-05-16 10:40:27,154 com.yaof.controller.AmmountController [http-nio-8088-exec-6] (AmmountController.java:46) INFO  --> 根据用户Id查询账户信息，参数:{"cost":0.0,"day":"","income":0.0,"limit":0,"month":"5","sub":0.0,"type":"day","userId":"1","year":"2019"}
2019-05-16 10:40:27,154 com.yaof.point.TransactionDemo [http-nio-8088-exec-6] (TransactionDemo.java:13) INFO  --> point before...
2019-05-16 10:40:27,160 com.yaof.point.TransactionDemo [http-nio-8088-exec-6] (TransactionDemo.java:17) INFO  --> point after...
2019-05-16 10:40:27,161 com.yaof.controller.AmmountController [http-nio-8088-exec-6] (AmmountController.java:48) INFO  --> 根据用户Id查询账户信息，返回结果:[{"cost":115.5,"day":"12","income":0.0,"limit":0,"month":"5","sub":-115.5,"userId":"0","year":"2019"},{"cost":123.3,"day":"9","income":0.0,"limit":0,"month":"5","sub":-123.3,"userId":"0","year":"2019"},{"cost":27.5,"day":"4","income":0.0,"limit":0,"month":"5","sub":-27.5,"userId":"0","year":"2019"},{"cost":217.3,"day":"3","income":0.0,"limit":0,"month":"5","sub":-217.3,"userId":"0","year":"2019"},{"cost":99.8,"day":"2","income":0.0,"limit":0,"month":"5","sub":-99.8,"userId":"0","year":"2019"},{"cost":1900.0,"day":"1","income":0.0,"limit":0,"month":"5","sub":-1900.0,"userId":"0","year":"2019"}]
2019-05-16 10:40:39,510 com.yaof.interceptor.WebAppConfig [http-nio-8088-exec-9] (WebAppConfig.java:52) INFO  --> ============================================
2019-05-16 10:40:39,510 com.yaof.interceptor.WebAppConfig [http-nio-8088-exec-9] (WebAppConfig.java:53) INFO  --> 拦截账号：null
2019-05-16 10:40:39,522 com.yaof.controller.UserController [http-nio-8088-exec-10] (UserController.java:68) INFO  --> 请求参数:{"account":"yaofang","id":0,"password":"123456"}
2019-05-16 10:40:39,523 com.yaof.controller.UserController [http-nio-8088-exec-10] (UserController.java:71) INFO  --> test.id:--------------->123
2019-05-16 10:40:40,523 com.yaof.point.TransactionDemo [http-nio-8088-exec-10] (TransactionDemo.java:13) INFO  --> point before...
2019-05-16 10:40:40,535 com.yaof.point.TransactionDemo [http-nio-8088-exec-10] (TransactionDemo.java:17) INFO  --> point after...
2019-05-16 10:40:40,548 com.yaof.interceptor.WebAppConfig [http-nio-8088-exec-3] (WebAppConfig.java:52) INFO  --> ============================================
2019-05-16 10:40:40,549 com.yaof.interceptor.WebAppConfig [http-nio-8088-exec-3] (WebAppConfig.java:53) INFO  --> 拦截账号：null
2019-05-16 10:40:40,550 com.yaof.point.TransactionDemo [http-nio-8088-exec-3] (TransactionDemo.java:13) INFO  --> point before...
2019-05-16 10:40:40,551 com.yaof.service.impl.UserServiceImpl [http-nio-8088-exec-3] (UserServiceImpl.java:90) INFO  --> ---------
2019-05-16 10:40:40,556 com.yaof.point.TransactionDemo [http-nio-8088-exec-3] (TransactionDemo.java:17) INFO  --> point after...
2019-05-16 10:40:46,098 com.yaof.interceptor.WebAppConfig [http-nio-8088-exec-2] (WebAppConfig.java:52) INFO  --> ============================================
2019-05-16 10:40:46,098 com.yaof.interceptor.WebAppConfig [http-nio-8088-exec-2] (WebAppConfig.java:53) INFO  --> 拦截账号：null
2019-05-16 10:40:49,688 com.yaof.interceptor.WebAppConfig [http-nio-8088-exec-1] (WebAppConfig.java:52) INFO  --> ============================================
2019-05-16 10:40:49,689 com.yaof.interceptor.WebAppConfig [http-nio-8088-exec-1] (WebAppConfig.java:53) INFO  --> 拦截账号：null
2019-05-16 10:41:19,770 com.yaof.controller.UserController [http-nio-8088-exec-8] (UserController.java:68) INFO  --> 请求参数:{"account":"r3r","id":0,"password":"r3r3"}
2019-05-16 10:41:19,771 com.yaof.controller.UserController [http-nio-8088-exec-8] (UserController.java:71) INFO  --> test.id:--------------->123
2019-05-16 10:41:20,771 com.yaof.point.TransactionDemo [http-nio-8088-exec-8] (TransactionDemo.java:13) INFO  --> point before...
2019-05-16 10:41:20,774 com.yaof.point.TransactionDemo [http-nio-8088-exec-8] (TransactionDemo.java:17) INFO  --> point after...
2019-05-16 10:41:20,774 com.yaof.controller.UserController [http-nio-8088-exec-8] (UserController.java:85) INFO  --> 登陆验证完成。
2019-05-16 10:41:23,331 com.yaof.controller.UserController [http-nio-8088-exec-10] (UserController.java:68) INFO  --> 请求参数:{"account":"r3r","id":0,"password":"r3r3"}
2019-05-16 10:41:23,332 com.yaof.controller.UserController [http-nio-8088-exec-10] (UserController.java:71) INFO  --> test.id:--------------->123
2019-05-16 10:41:24,332 com.yaof.point.TransactionDemo [http-nio-8088-exec-10] (TransactionDemo.java:13) INFO  --> point before...
2019-05-16 10:41:24,336 com.yaof.point.TransactionDemo [http-nio-8088-exec-10] (TransactionDemo.java:17) INFO  --> point after...
2019-05-16 10:41:24,336 com.yaof.controller.UserController [http-nio-8088-exec-10] (UserController.java:85) INFO  --> 登陆验证完成。
2019-05-16 10:41:26,464 com.yaof.controller.UserController [http-nio-8088-exec-5] (UserController.java:68) INFO  --> 请求参数:{"account":"r3r","id":0,"password":"r3r3"}
2019-05-16 10:41:26,464 com.yaof.controller.UserController [http-nio-8088-exec-5] (UserController.java:71) INFO  --> test.id:--------------->123
2019-05-16 10:41:27,466 com.yaof.point.TransactionDemo [http-nio-8088-exec-5] (TransactionDemo.java:13) INFO  --> point before...
2019-05-16 10:41:27,469 com.yaof.point.TransactionDemo [http-nio-8088-exec-5] (TransactionDemo.java:17) INFO  --> point after...
2019-05-16 10:41:27,469 com.yaof.controller.UserController [http-nio-8088-exec-5] (UserController.java:85) INFO  --> 登陆验证完成。
