2020-09-04 10:08:21,520 com.yaof.RecordClearAideApplication [main] (StartupInfoLogger.java:48) INFO  --> Starting RecordClearAideApplication on yaofang with PID 17584 (E:\workspace_winning\RecordClearAide\target\classes started by Administrator in E:\workspace_winning\RecordClearAide)
2020-09-04 10:08:21,686 com.yaof.RecordClearAideApplication [main] (SpringApplication.java:593) INFO  --> No active profile set, falling back to default profiles: default
2020-09-04 10:08:22,528 org.springframework.boot.context.embedded.AnnotationConfigEmbeddedWebApplicationContext [main] (AbstractApplicationContext.java:583) INFO  --> Refreshing org.springframework.boot.context.embedded.AnnotationConfigEmbeddedWebApplicationContext@5562c41e: startup date [Fri Sep 04 10:08:22 CST 2020]; root of context hierarchy
2020-09-04 10:08:26,761 org.hibernate.validator.internal.util.Version [background-preinit] (Version.java:30) INFO  --> HV000001: Hibernate Validator 5.3.6.Final
2020-09-04 10:09:01,794 com.yaof.RecordClearAideApplication [main] (StartupInfoLogger.java:48) INFO  --> Starting RecordClearAideApplication on yaofang with PID 3012 (E:\workspace_winning\RecordClearAide\target\classes started by Administrator in E:\workspace_winning\RecordClearAide)
2020-09-04 10:09:01,797 com.yaof.RecordClearAideApplication [main] (SpringApplication.java:593) INFO  --> No active profile set, falling back to default profiles: default
2020-09-04 10:09:01,878 org.springframework.boot.context.embedded.AnnotationConfigEmbeddedWebApplicationContext [main] (AbstractApplicationContext.java:583) INFO  --> Refreshing org.springframework.boot.context.embedded.AnnotationConfigEmbeddedWebApplicationContext@1e683a3e: startup date [Fri Sep 04 10:09:01 CST 2020]; root of context hierarchy
2020-09-04 10:09:02,302 org.hibernate.validator.internal.util.Version [background-preinit] (Version.java:30) INFO  --> HV000001: Hibernate Validator 5.3.6.Final
2020-09-04 10:09:03,047 org.springframework.beans.factory.xml.XmlBeanDefinitionReader [main] (XmlBeanDefinitionReader.java:317) INFO  --> Loading XML bean definitions from class path resource [spring-mybatis.xml]
2020-09-04 10:09:03,510 org.mybatis.spring.mapper.ClassPathMapperScanner [main] (ClassPathMapperScanner.java:166) WARN  --> No MyBatis mapper was found in '[com.yaof]' package. Please check your configuration.
2020-09-04 10:09:04,109 org.springframework.context.support.PostProcessorRegistrationDelegate$BeanPostProcessorChecker [main] (PostProcessorRegistrationDelegate.java:327) INFO  --> Bean '(inner bean)#1ac4ccad' of type [org.springframework.aop.aspectj.AspectJMethodBeforeAdvice] is not eligible for getting processed by all BeanPostProcessors (for example: not eligible for auto-proxying)
2020-09-04 10:09:04,258 org.springframework.context.support.PostProcessorRegistrationDelegate$BeanPostProcessorChecker [main] (PostProcessorRegistrationDelegate.java:327) INFO  --> Bean 'org.springframework.aop.aspectj.AspectJPointcutAdvisor#0' of type [org.springframework.aop.aspectj.AspectJPointcutAdvisor] is not eligible for getting processed by all BeanPostProcessors (for example: not eligible for auto-proxying)
2020-09-04 10:09:04,267 org.springframework.context.support.PostProcessorRegistrationDelegate$BeanPostProcessorChecker [main] (PostProcessorRegistrationDelegate.java:327) INFO  --> Bean '(inner bean)#37b52340' of type [org.springframework.aop.aspectj.AspectJAfterAdvice] is not eligible for getting processed by all BeanPostProcessors (for example: not eligible for auto-proxying)
2020-09-04 10:09:04,269 org.springframework.context.support.PostProcessorRegistrationDelegate$BeanPostProcessorChecker [main] (PostProcessorRegistrationDelegate.java:327) INFO  --> Bean 'org.springframework.aop.aspectj.AspectJPointcutAdvisor#1' of type [org.springframework.aop.aspectj.AspectJPointcutAdvisor] is not eligible for getting processed by all BeanPostProcessors (for example: not eligible for auto-proxying)
2020-09-04 10:09:04,319 org.springframework.context.support.PostProcessorRegistrationDelegate$BeanPostProcessorChecker [main] (PostProcessorRegistrationDelegate.java:327) INFO  --> Bean 'org.springframework.transaction.annotation.ProxyTransactionManagementConfiguration' of type [org.springframework.transaction.annotation.ProxyTransactionManagementConfiguration$$EnhancerBySpringCGLIB$$86aa6f7d] is not eligible for getting processed by all BeanPostProcessors (for example: not eligible for auto-proxying)
2020-09-04 10:09:04,929 org.eclipse.jetty.util.log [main] (Log.java:193) INFO  --> Logging initialized @4165ms to org.eclipse.jetty.util.log.Slf4jLog
2020-09-04 10:09:05,101 org.springframework.boot.context.embedded.jetty.JettyEmbeddedServletContainerFactory [main] (JettyEmbeddedServletContainerFactory.java:177) INFO  --> Server initialized with port: 8088
2020-09-04 10:09:05,103 org.eclipse.jetty.server.Server [main] (Server.java:374) INFO  --> jetty-9.4.10.v20180503; built: 2018-05-03T15:56:21.710Z; git: daa59876e6f384329b122929e70a80934569428c; jvm 1.8.0_172-b11
2020-09-04 10:09:05,298 org.eclipse.jetty.server.session [main] (DefaultSessionIdManager.java:365) INFO  --> DefaultSessionIdManager workerName=node0
2020-09-04 10:09:05,299 org.eclipse.jetty.server.session [main] (DefaultSessionIdManager.java:370) INFO  --> No SessionScavenger set, using defaults
2020-09-04 10:09:05,305 org.eclipse.jetty.server.session [main] (HouseKeeper.java:149) INFO  --> node0 Scavenging every 660000ms
2020-09-04 10:09:05,355 org.eclipse.jetty.server.handler.ContextHandler.application [main] (ContextHandler.java:2221) INFO  --> Warning: No org.apache.tomcat.JarScanner set in ServletContext. Falling back to default JarScanner implementation.
2020-09-04 10:09:05,761 org.eclipse.jetty.server.handler.ContextHandler.application [main] (ContextHandler.java:2221) INFO  --> Initializing Spring embedded WebApplicationContext
2020-09-04 10:09:05,761 org.springframework.web.context.ContextLoader [main] (EmbeddedWebApplicationContext.java:276) INFO  --> Root WebApplicationContext: initialization completed in 3886 ms
2020-09-04 10:09:06,403 org.springframework.boot.web.servlet.FilterRegistrationBean [main] (AbstractFilterRegistrationBean.java:258) INFO  --> Mapping filter: 'characterEncodingFilter' to: [/*]
2020-09-04 10:09:06,404 org.springframework.boot.web.servlet.FilterRegistrationBean [main] (AbstractFilterRegistrationBean.java:258) INFO  --> Mapping filter: 'hiddenHttpMethodFilter' to: [/*]
2020-09-04 10:09:06,404 org.springframework.boot.web.servlet.FilterRegistrationBean [main] (AbstractFilterRegistrationBean.java:258) INFO  --> Mapping filter: 'httpPutFormContentFilter' to: [/*]
2020-09-04 10:09:06,404 org.springframework.boot.web.servlet.FilterRegistrationBean [main] (AbstractFilterRegistrationBean.java:258) INFO  --> Mapping filter: 'requestContextFilter' to: [/*]
2020-09-04 10:09:06,405 org.springframework.boot.web.servlet.FilterRegistrationBean [main] (AbstractFilterRegistrationBean.java:271) INFO  --> Mapping filter: 'sessionFilter' to urls: [/*]
2020-09-04 10:09:06,405 org.springframework.boot.web.servlet.FilterRegistrationBean [main] (AbstractFilterRegistrationBean.java:271) INFO  --> Mapping filter: 'webStatFilter' to urls: [/*]
2020-09-04 10:09:06,405 org.springframework.boot.web.servlet.ServletRegistrationBean [main] (ServletRegistrationBean.java:190) INFO  --> Mapping servlet: 'dispatcherServlet' to [/]
2020-09-04 10:09:06,406 org.springframework.boot.web.servlet.ServletRegistrationBean [main] (ServletRegistrationBean.java:190) INFO  --> Mapping servlet: 'statViewServlet' to [/druid/*]
2020-09-04 10:09:06,411 org.eclipse.jetty.server.handler.ContextHandler [main] (ContextHandler.java:788) INFO  --> Started o.s.b.c.e.j.JettyEmbeddedWebAppContext@19ae2ee5{/rca,[file:///E:/workspace_winning/RecordClearAide/src/main/webapp/, jar:file:/D:/dev/maven/maven_lib/io/springfox/springfox-swagger-ui/2.7.0/springfox-swagger-ui-2.7.0.jar!/META-INF/resources],AVAILABLE}
2020-09-04 10:09:06,412 org.eclipse.jetty.server.Server [main] (Server.java:411) INFO  --> Started @5650ms
2020-09-04 10:09:06,690 com.alibaba.druid.pool.DruidDataSource [main] (DruidDataSource.java:889) INFO  --> {dataSource-1} inited
2020-09-04 10:09:07,159 com.alibaba.druid.pool.DruidDataSource [main] (DruidDataSource.java:889) INFO  --> {dataSource-2} inited
2020-09-04 10:09:07,532 com.yaof.RecordClearAideApplication [main] (RecordClearAideApplication.java:33) INFO  --> test:------初始化测试。。。。
2020-09-04 10:09:08,271 org.springframework.web.servlet.mvc.method.annotation.RequestMappingHandlerMapping [main] (AbstractHandlerMethodMapping.java:543) INFO  --> Mapped "{[/user/addAccountDetail],methods=[POST]}" onto public com.yaof.pojo.utils.Response<java.lang.String> com.yaof.controller.AmmountController.addAccountDetail(java.util.List<com.yaof.pojo.AmmountSum>,javax.servlet.http.HttpSession)
2020-09-04 10:09:08,272 org.springframework.web.servlet.mvc.method.annotation.RequestMappingHandlerMapping [main] (AbstractHandlerMethodMapping.java:543) INFO  --> Mapped "{[/user/queryDayDetail],methods=[POST]}" onto public com.yaof.pojo.utils.Response<java.util.List<com.yaof.pojo.AmmountSum>> com.yaof.controller.AmmountController.queryDayDetail(com.yaof.pojo.AmmountSum,javax.servlet.http.HttpSession)
2020-09-04 10:09:08,273 org.springframework.web.servlet.mvc.method.annotation.RequestMappingHandlerMapping [main] (AbstractHandlerMethodMapping.java:543) INFO  --> Mapped "{[/user/saveDayDetailById],methods=[POST]}" onto public com.yaof.pojo.utils.Response<java.lang.String> com.yaof.controller.AmmountController.saveDayDetailById(com.yaof.pojo.AmmountSum)
2020-09-04 10:09:08,274 org.springframework.web.servlet.mvc.method.annotation.RequestMappingHandlerMapping [main] (AbstractHandlerMethodMapping.java:543) INFO  --> Mapped "{[/user/deleteDayDetailById],methods=[POST]}" onto public com.yaof.pojo.utils.Response<java.lang.String> com.yaof.controller.AmmountController.deleteDayDetailById(com.yaof.pojo.AmmountSum)
2020-09-04 10:09:08,274 org.springframework.web.servlet.mvc.method.annotation.RequestMappingHandlerMapping [main] (AbstractHandlerMethodMapping.java:543) INFO  --> Mapped "{[/user/queryAccountDetail],methods=[POST]}" onto public com.yaof.pojo.utils.Response<java.util.List<com.yaof.pojo.AmmountSum>> com.yaof.controller.AmmountController.queryAccountDetail(com.yaof.pojo.AmmountSum,javax.servlet.http.HttpSession)
2020-09-04 10:09:08,276 org.springframework.web.servlet.mvc.method.annotation.RequestMappingHandlerMapping [main] (AbstractHandlerMethodMapping.java:543) INFO  --> Mapped "{[/index]}" onto public java.lang.String com.yaof.controller.GameRoleController.index()
2020-09-04 10:09:08,277 org.springframework.web.servlet.mvc.method.annotation.RequestMappingHandlerMapping [main] (AbstractHandlerMethodMapping.java:543) INFO  --> Mapped "{[/selectNumber],methods=[POST]}" onto public com.yaof.pojo.utils.Response<com.alibaba.fastjson.JSONObject> com.yaof.controller.GameRoleController.selectNumber()
2020-09-04 10:09:08,277 org.springframework.web.servlet.mvc.method.annotation.RequestMappingHandlerMapping [main] (AbstractHandlerMethodMapping.java:543) INFO  --> Mapped "{[/insertRoleInfo],methods=[POST]}" onto public com.yaof.pojo.utils.Response<com.alibaba.fastjson.JSONObject> com.yaof.controller.GameRoleController.insertRoleInfo(com.yaof.pojo.GameRole,javax.servlet.http.HttpServletRequest)
2020-09-04 10:09:08,279 org.springframework.web.servlet.mvc.method.annotation.RequestMappingHandlerMapping [main] (AbstractHandlerMethodMapping.java:543) INFO  --> Mapped "{[/insertBatchRoleInfo],methods=[POST]}" onto public com.yaof.pojo.utils.Response<com.alibaba.fastjson.JSONObject> com.yaof.controller.GameRoleController.insertBatchRoleInfo()
2020-09-04 10:09:08,284 org.springframework.web.servlet.mvc.method.annotation.RequestMappingHandlerMapping [main] (AbstractHandlerMethodMapping.java:543) INFO  --> Mapped "{[/register],methods=[POST]}" onto public com.yaof.pojo.utils.Response com.yaof.controller.UserController.register(com.yaof.pojo.User)
2020-09-04 10:09:08,285 org.springframework.web.servlet.mvc.method.annotation.RequestMappingHandlerMapping [main] (AbstractHandlerMethodMapping.java:543) INFO  --> Mapped "{[/getUserInfo],methods=[POST]}" onto public java.lang.String com.yaof.controller.UserController.getUserInfo(java.lang.String,javax.servlet.http.HttpServletRequest)
2020-09-04 10:09:08,286 org.springframework.web.servlet.mvc.method.annotation.RequestMappingHandlerMapping [main] (AbstractHandlerMethodMapping.java:543) INFO  --> Mapped "{[/getAccount],methods=[POST]}" onto private java.lang.String com.yaof.controller.UserController.getAccount(javax.servlet.http.HttpSession)
2020-09-04 10:09:08,286 org.springframework.web.servlet.mvc.method.annotation.RequestMappingHandlerMapping [main] (AbstractHandlerMethodMapping.java:543) INFO  --> Mapped "{[/saveUserInfo],methods=[POST]}" onto public com.yaof.pojo.utils.Response com.yaof.controller.UserController.saveUserInfo(com.yaof.pojo.User,javax.servlet.http.HttpSession)
2020-09-04 10:09:08,287 org.springframework.web.servlet.mvc.method.annotation.RequestMappingHandlerMapping [main] (AbstractHandlerMethodMapping.java:543) INFO  --> Mapped "{[/updatePassword],methods=[POST]}" onto public com.yaof.pojo.utils.Response com.yaof.controller.UserController.updatePassword(java.util.Map<java.lang.String, java.lang.Object>,javax.servlet.http.HttpSession)
2020-09-04 10:09:08,287 org.springframework.web.servlet.mvc.method.annotation.RequestMappingHandlerMapping [main] (AbstractHandlerMethodMapping.java:543) INFO  --> Mapped "{[/login],methods=[POST]}" onto public com.yaof.pojo.utils.Response com.yaof.controller.UserController.login(com.yaof.pojo.User,javax.servlet.http.HttpServletRequest)
2020-09-04 10:09:08,287 org.springframework.web.servlet.mvc.method.annotation.RequestMappingHandlerMapping [main] (AbstractHandlerMethodMapping.java:543) INFO  --> Mapped "{[/logout],methods=[POST]}" onto public com.yaof.pojo.utils.Response com.yaof.controller.UserController.checkAccount(javax.servlet.http.HttpServletRequest)
2020-09-04 10:09:08,288 org.springframework.web.servlet.mvc.method.annotation.RequestMappingHandlerMapping [main] (AbstractHandlerMethodMapping.java:543) INFO  --> Mapped "{[/checkAccount],methods=[POST]}" onto public com.yaof.pojo.utils.Response com.yaof.controller.UserController.checkAccount(java.lang.String)
2020-09-04 10:09:08,288 org.springframework.web.servlet.mvc.method.annotation.RequestMappingHandlerMapping [main] (AbstractHandlerMethodMapping.java:543) INFO  --> Mapped "{[/addRcaUserInfo],methods=[POST]}" onto public com.yaof.pojo.utils.Response com.yaof.controller.UserController.addRcaUserInfo(com.yaof.pojo.User,javax.servlet.http.HttpSession)
2020-09-04 10:09:08,289 org.springframework.web.servlet.mvc.method.annotation.RequestMappingHandlerMapping [main] (AbstractHandlerMethodMapping.java:543) INFO  --> Mapped "{[/queryAccountByPower],methods=[POST]}" onto private com.yaof.pojo.utils.Response<java.util.List<com.yaof.pojo.User>> com.yaof.controller.UserController.queryAccountByPower(com.yaof.pojo.User,javax.servlet.http.HttpSession)
2020-09-04 10:09:08,289 org.springframework.web.servlet.mvc.method.annotation.RequestMappingHandlerMapping [main] (AbstractHandlerMethodMapping.java:543) INFO  --> Mapped "{[/updatePasswordByAccount],methods=[POST]}" onto public com.yaof.pojo.utils.Response com.yaof.controller.UserController.updatePasswordByAccount(com.yaof.pojo.User,javax.servlet.http.HttpSession)
2020-09-04 10:09:08,290 org.springframework.web.servlet.mvc.method.annotation.RequestMappingHandlerMapping [main] (AbstractHandlerMethodMapping.java:543) INFO  --> Mapped "{[/deleteAccountById],methods=[POST]}" onto private com.yaof.pojo.utils.Response com.yaof.controller.UserController.deleteAccountById(java.lang.String)
2020-09-04 10:09:08,295 org.springframework.web.servlet.mvc.method.annotation.RequestMappingHandlerMapping [main] (AbstractHandlerMethodMapping.java:543) INFO  --> Mapped "{[/swagger-resources]}" onto public org.springframework.http.ResponseEntity<java.util.List<springfox.documentation.swagger.web.SwaggerResource>> springfox.documentation.swagger.web.ApiResourceController.swaggerResources()
2020-09-04 10:09:08,296 org.springframework.web.servlet.mvc.method.annotation.RequestMappingHandlerMapping [main] (AbstractHandlerMethodMapping.java:543) INFO  --> Mapped "{[/swagger-resources/configuration/ui]}" onto public org.springframework.http.ResponseEntity<springfox.documentation.swagger.web.UiConfiguration> springfox.documentation.swagger.web.ApiResourceController.uiConfiguration()
2020-09-04 10:09:08,297 org.springframework.web.servlet.mvc.method.annotation.RequestMappingHandlerMapping [main] (AbstractHandlerMethodMapping.java:543) INFO  --> Mapped "{[/swagger-resources/configuration/security]}" onto public org.springframework.http.ResponseEntity<springfox.documentation.swagger.web.SecurityConfiguration> springfox.documentation.swagger.web.ApiResourceController.securityConfiguration()
2020-09-04 10:09:08,299 org.springframework.web.servlet.mvc.method.annotation.RequestMappingHandlerMapping [main] (AbstractHandlerMethodMapping.java:543) INFO  --> Mapped "{[/error]}" onto public org.springframework.http.ResponseEntity<java.util.Map<java.lang.String, java.lang.Object>> org.springframework.boot.autoconfigure.web.BasicErrorController.error(javax.servlet.http.HttpServletRequest)
2020-09-04 10:09:08,300 org.springframework.web.servlet.mvc.method.annotation.RequestMappingHandlerMapping [main] (AbstractHandlerMethodMapping.java:543) INFO  --> Mapped "{[/error],produces=[text/html]}" onto public org.springframework.web.servlet.ModelAndView org.springframework.boot.autoconfigure.web.BasicErrorController.errorHtml(javax.servlet.http.HttpServletRequest,javax.servlet.http.HttpServletResponse)
2020-09-04 10:09:08,610 springfox.documentation.spring.web.PropertySourcedRequestMappingHandlerMapping [main] (PropertySourcedRequestMappingHandlerMapping.java:69) INFO  --> Mapped URL path [/v2/api-docs] onto method [public org.springframework.http.ResponseEntity<springfox.documentation.spring.web.json.Json> springfox.documentation.swagger2.web.Swagger2Controller.getDocumentation(java.lang.String,javax.servlet.http.HttpServletRequest)]
2020-09-04 10:09:08,661 org.springframework.scheduling.concurrent.ThreadPoolTaskExecutor [main] (ExecutorConfigurationSupport.java:165) INFO  --> Initializing ExecutorService  'executor'
2020-09-04 10:09:08,790 org.quartz.impl.StdSchedulerFactory [main] (StdSchedulerFactory.java:1172) INFO  --> Using default implementation for ThreadExecutor
2020-09-04 10:09:08,808 org.quartz.core.SchedulerSignalerImpl [main] (SchedulerSignalerImpl.java:61) INFO  --> Initialized Scheduler Signaller of type: class org.quartz.core.SchedulerSignalerImpl
2020-09-04 10:09:08,809 org.quartz.core.QuartzScheduler [main] (QuartzScheduler.java:240) INFO  --> Quartz Scheduler v.2.2.3 created.
2020-09-04 10:09:08,810 org.quartz.simpl.RAMJobStore [main] (RAMJobStore.java:155) INFO  --> RAMJobStore initialized.
2020-09-04 10:09:08,811 org.quartz.core.QuartzScheduler [main] (QuartzScheduler.java:305) INFO  --> Scheduler meta-data: Quartz Scheduler (v2.2.3) 'org.springframework.scheduling.quartz.SchedulerFactoryBean#0' with instanceId 'NON_CLUSTERED'
  Scheduler class: 'org.quartz.core.QuartzScheduler' - running locally.
  NOT STARTED.
  Currently in standby mode.
  Number of jobs executed: 0
  Using thread pool 'org.springframework.scheduling.quartz.LocalTaskExecutorThreadPool' - with -1 threads.
  Using job-store 'org.quartz.simpl.RAMJobStore' - which does not support persistence. and is not clustered.

2020-09-04 10:09:08,811 org.quartz.impl.StdSchedulerFactory [main] (StdSchedulerFactory.java:1327) INFO  --> Quartz scheduler 'org.springframework.scheduling.quartz.SchedulerFactoryBean#0' initialized from an externally provided properties instance.
2020-09-04 10:09:08,812 org.quartz.impl.StdSchedulerFactory [main] (StdSchedulerFactory.java:1331) INFO  --> Quartz scheduler version: 2.2.3
2020-09-04 10:09:08,813 org.quartz.core.QuartzScheduler [main] (QuartzScheduler.java:2311) INFO  --> JobFactory set to: org.springframework.scheduling.quartz.AdaptableJobFactory@785a4557
2020-09-04 10:09:09,251 org.springframework.web.servlet.mvc.method.annotation.RequestMappingHandlerAdapter [main] (RequestMappingHandlerAdapter.java:534) INFO  --> Looking for @ControllerAdvice: org.springframework.boot.context.embedded.AnnotationConfigEmbeddedWebApplicationContext@1e683a3e: startup date [Fri Sep 04 10:09:01 CST 2020]; root of context hierarchy
2020-09-04 10:09:09,351 org.springframework.web.servlet.handler.SimpleUrlHandlerMapping [main] (AbstractUrlHandlerMapping.java:362) INFO  --> Mapped URL path [/webjars/**] onto handler of type [class org.springframework.web.servlet.resource.ResourceHttpRequestHandler]
2020-09-04 10:09:09,351 org.springframework.web.servlet.handler.SimpleUrlHandlerMapping [main] (AbstractUrlHandlerMapping.java:362) INFO  --> Mapped URL path [/**] onto handler of type [class org.springframework.web.servlet.resource.ResourceHttpRequestHandler]
2020-09-04 10:09:09,426 org.springframework.web.servlet.handler.SimpleUrlHandlerMapping [main] (AbstractUrlHandlerMapping.java:362) INFO  --> Mapped URL path [/**/favicon.ico] onto handler of type [class org.springframework.web.servlet.resource.ResourceHttpRequestHandler]
2020-09-04 10:09:10,738 org.springframework.jmx.export.annotation.AnnotationMBeanExporter [main] (MBeanExporter.java:431) INFO  --> Registering beans for JMX exposure on startup
2020-09-04 10:09:10,739 org.springframework.jmx.export.annotation.AnnotationMBeanExporter [main] (MBeanExporter.java:918) INFO  --> Bean with name 'masterDataSource' has been autodetected for JMX exposure
2020-09-04 10:09:10,740 org.springframework.jmx.export.annotation.AnnotationMBeanExporter [main] (MBeanExporter.java:918) INFO  --> Bean with name 'slaveDataSource' has been autodetected for JMX exposure
2020-09-04 10:09:10,741 org.springframework.jmx.export.annotation.AnnotationMBeanExporter [main] (MBeanExporter.java:918) INFO  --> Bean with name 'statFilter' has been autodetected for JMX exposure
2020-09-04 10:09:10,747 org.springframework.jmx.export.annotation.AnnotationMBeanExporter [main] (MBeanExporter.java:672) INFO  --> Located MBean 'masterDataSource': registering with JMX server as MBean [com.alibaba.druid.pool:name=masterDataSource,type=DruidDataSource]
2020-09-04 10:09:10,748 org.springframework.jmx.export.annotation.AnnotationMBeanExporter [main] (MBeanExporter.java:672) INFO  --> Located MBean 'slaveDataSource': registering with JMX server as MBean [com.alibaba.druid.pool:name=slaveDataSource,type=DruidDataSource]
2020-09-04 10:09:10,749 org.springframework.jmx.export.annotation.AnnotationMBeanExporter [main] (MBeanExporter.java:672) INFO  --> Located MBean 'statFilter': registering with JMX server as MBean [com.alibaba.druid.filter.stat:name=statFilter,type=StatFilter]
2020-09-04 10:09:10,754 org.springframework.context.support.DefaultLifecycleProcessor [main] (DefaultLifecycleProcessor.java:341) INFO  --> Starting beans in phase 2147483647
2020-09-04 10:09:10,754 springfox.documentation.spring.web.plugins.DocumentationPluginsBootstrapper [main] (DocumentationPluginsBootstrapper.java:147) INFO  --> Context refreshed
2020-09-04 10:09:10,783 springfox.documentation.spring.web.plugins.DocumentationPluginsBootstrapper [main] (DocumentationPluginsBootstrapper.java:150) INFO  --> Found 1 custom documentation plugin(s)
2020-09-04 10:09:10,827 springfox.documentation.spring.web.scanners.ApiListingReferenceScanner [main] (ApiListingReferenceScanner.java:41) INFO  --> Scanning for api listing references
2020-09-04 10:09:11,194 springfox.documentation.spring.web.readers.operation.CachingOperationNameGenerator [main] (CachingOperationNameGenerator.java:40) INFO  --> Generating unique operation named: checkAccountUsingPOST_1
2020-09-04 10:09:11,323 org.springframework.scheduling.quartz.SchedulerFactoryBean [main] (SchedulerFactoryBean.java:671) INFO  --> Starting Quartz Scheduler now
2020-09-04 10:09:11,324 org.quartz.core.QuartzScheduler [main] (QuartzScheduler.java:575) INFO  --> Scheduler org.springframework.scheduling.quartz.SchedulerFactoryBean#0_$_NON_CLUSTERED started.
2020-09-04 10:09:11,343 org.eclipse.jetty.server.handler.ContextHandler.application [main] (ContextHandler.java:2221) INFO  --> Initializing Spring FrameworkServlet 'dispatcherServlet'
2020-09-04 10:09:11,343 org.springframework.web.servlet.DispatcherServlet [main] (FrameworkServlet.java:489) INFO  --> FrameworkServlet 'dispatcherServlet': initialization started
2020-09-04 10:09:11,362 org.springframework.web.servlet.DispatcherServlet [main] (FrameworkServlet.java:508) INFO  --> FrameworkServlet 'dispatcherServlet': initialization completed in 18 ms
2020-09-04 10:09:12,131 org.eclipse.jetty.server.AbstractConnector [main] (AbstractConnector.java:289) INFO  --> Started ServerConnector@44b940a2{HTTP/1.1,[http/1.1]}{0.0.0.0:8088}
2020-09-04 10:09:12,132 org.springframework.boot.context.embedded.jetty.JettyEmbeddedServletContainer [main] (JettyEmbeddedServletContainer.java:155) INFO  --> Jetty started on port(s) 8088 (http/1.1)
2020-09-04 10:09:12,140 com.yaof.RecordClearAideApplication [main] (StartupInfoLogger.java:57) INFO  --> Started RecordClearAideApplication in 10.659 seconds (JVM running for 11.377)
2020-09-04 10:09:12,140 com.yaof.RecordClearAideApplication [main] (RecordClearAideApplication.java:23) INFO  --> RecordClearAideApplication start success.
2020-09-04 10:17:08,262 com.yaof.RecordClearAideApplication [main] (StartupInfoLogger.java:48) INFO  --> Starting RecordClearAideApplication on yaofang with PID 17736 (E:\workspace_winning\RecordClearAide\target\classes started by Administrator in E:\workspace_winning\RecordClearAide)
2020-09-04 10:17:08,268 com.yaof.RecordClearAideApplication [main] (SpringApplication.java:593) INFO  --> No active profile set, falling back to default profiles: default
2020-09-04 10:17:08,365 org.springframework.boot.context.embedded.AnnotationConfigEmbeddedWebApplicationContext [main] (AbstractApplicationContext.java:583) INFO  --> Refreshing org.springframework.boot.context.embedded.AnnotationConfigEmbeddedWebApplicationContext@1757cd72: startup date [Fri Sep 04 10:17:08 CST 2020]; root of context hierarchy
2020-09-04 10:17:08,877 org.hibernate.validator.internal.util.Version [background-preinit] (Version.java:30) INFO  --> HV000001: Hibernate Validator 5.3.6.Final
2020-09-04 10:17:09,745 org.springframework.beans.factory.xml.XmlBeanDefinitionReader [main] (XmlBeanDefinitionReader.java:317) INFO  --> Loading XML bean definitions from class path resource [spring-mybatis.xml]
2020-09-04 10:17:10,273 org.mybatis.spring.mapper.ClassPathMapperScanner [main] (ClassPathMapperScanner.java:166) WARN  --> No MyBatis mapper was found in '[com.yaof]' package. Please check your configuration.
2020-09-04 10:17:10,974 org.springframework.context.support.PostProcessorRegistrationDelegate$BeanPostProcessorChecker [main] (PostProcessorRegistrationDelegate.java:327) INFO  --> Bean '(inner bean)#b0fc838' of type [org.springframework.aop.aspectj.AspectJMethodBeforeAdvice] is not eligible for getting processed by all BeanPostProcessors (for example: not eligible for auto-proxying)
2020-09-04 10:17:11,125 org.springframework.context.support.PostProcessorRegistrationDelegate$BeanPostProcessorChecker [main] (PostProcessorRegistrationDelegate.java:327) INFO  --> Bean 'org.springframework.aop.aspectj.AspectJPointcutAdvisor#0' of type [org.springframework.aop.aspectj.AspectJPointcutAdvisor] is not eligible for getting processed by all BeanPostProcessors (for example: not eligible for auto-proxying)
2020-09-04 10:17:11,131 org.springframework.context.support.PostProcessorRegistrationDelegate$BeanPostProcessorChecker [main] (PostProcessorRegistrationDelegate.java:327) INFO  --> Bean '(inner bean)#3414a8c3' of type [org.springframework.aop.aspectj.AspectJAfterAdvice] is not eligible for getting processed by all BeanPostProcessors (for example: not eligible for auto-proxying)
2020-09-04 10:17:11,132 org.springframework.context.support.PostProcessorRegistrationDelegate$BeanPostProcessorChecker [main] (PostProcessorRegistrationDelegate.java:327) INFO  --> Bean 'org.springframework.aop.aspectj.AspectJPointcutAdvisor#1' of type [org.springframework.aop.aspectj.AspectJPointcutAdvisor] is not eligible for getting processed by all BeanPostProcessors (for example: not eligible for auto-proxying)
2020-09-04 10:17:11,174 org.springframework.context.support.PostProcessorRegistrationDelegate$BeanPostProcessorChecker [main] (PostProcessorRegistrationDelegate.java:327) INFO  --> Bean 'org.springframework.transaction.annotation.ProxyTransactionManagementConfiguration' of type [org.springframework.transaction.annotation.ProxyTransactionManagementConfiguration$$EnhancerBySpringCGLIB$$4606383f] is not eligible for getting processed by all BeanPostProcessors (for example: not eligible for auto-proxying)
2020-09-04 10:17:12,600 org.springframework.boot.context.embedded.tomcat.TomcatEmbeddedServletContainer [main] (TomcatEmbeddedServletContainer.java:92) INFO  --> Tomcat initialized with port(s): 8088 (http)
2020-09-04 10:17:13,144 org.springframework.web.context.ContextLoader [localhost-startStop-1] (EmbeddedWebApplicationContext.java:276) INFO  --> Root WebApplicationContext: initialization completed in 4783 ms
2020-09-04 10:17:13,703 org.springframework.boot.web.servlet.FilterRegistrationBean [localhost-startStop-1] (AbstractFilterRegistrationBean.java:258) INFO  --> Mapping filter: 'characterEncodingFilter' to: [/*]
2020-09-04 10:17:13,704 org.springframework.boot.web.servlet.FilterRegistrationBean [localhost-startStop-1] (AbstractFilterRegistrationBean.java:258) INFO  --> Mapping filter: 'hiddenHttpMethodFilter' to: [/*]
2020-09-04 10:17:13,705 org.springframework.boot.web.servlet.FilterRegistrationBean [localhost-startStop-1] (AbstractFilterRegistrationBean.java:258) INFO  --> Mapping filter: 'httpPutFormContentFilter' to: [/*]
2020-09-04 10:17:13,706 org.springframework.boot.web.servlet.FilterRegistrationBean [localhost-startStop-1] (AbstractFilterRegistrationBean.java:258) INFO  --> Mapping filter: 'requestContextFilter' to: [/*]
2020-09-04 10:17:13,706 org.springframework.boot.web.servlet.FilterRegistrationBean [localhost-startStop-1] (AbstractFilterRegistrationBean.java:271) INFO  --> Mapping filter: 'sessionFilter' to urls: [/*]
2020-09-04 10:17:13,706 org.springframework.boot.web.servlet.FilterRegistrationBean [localhost-startStop-1] (AbstractFilterRegistrationBean.java:271) INFO  --> Mapping filter: 'webStatFilter' to urls: [/*]
2020-09-04 10:17:13,707 org.springframework.boot.web.servlet.ServletRegistrationBean [localhost-startStop-1] (ServletRegistrationBean.java:190) INFO  --> Mapping servlet: 'dispatcherServlet' to [/]
2020-09-04 10:17:13,708 org.springframework.boot.web.servlet.ServletRegistrationBean [localhost-startStop-1] (ServletRegistrationBean.java:190) INFO  --> Mapping servlet: 'statViewServlet' to [/druid/*]
2020-09-04 10:17:14,319 com.alibaba.druid.pool.DruidDataSource [main] (DruidDataSource.java:889) INFO  --> {dataSource-1} inited
2020-09-04 10:17:14,686 com.alibaba.druid.pool.DruidDataSource [main] (DruidDataSource.java:889) INFO  --> {dataSource-2} inited
2020-09-04 10:17:15,042 com.yaof.RecordClearAideApplication [main] (RecordClearAideApplication.java:33) INFO  --> test:------初始化测试。。。。
2020-09-04 10:17:15,707 org.springframework.web.servlet.mvc.method.annotation.RequestMappingHandlerMapping [main] (AbstractHandlerMethodMapping.java:543) INFO  --> Mapped "{[/user/deleteDayDetailById],methods=[POST]}" onto public com.yaof.pojo.utils.Response<java.lang.String> com.yaof.controller.AmmountController.deleteDayDetailById(com.yaof.pojo.AmmountSum)
2020-09-04 10:17:15,709 org.springframework.web.servlet.mvc.method.annotation.RequestMappingHandlerMapping [main] (AbstractHandlerMethodMapping.java:543) INFO  --> Mapped "{[/user/saveDayDetailById],methods=[POST]}" onto public com.yaof.pojo.utils.Response<java.lang.String> com.yaof.controller.AmmountController.saveDayDetailById(com.yaof.pojo.AmmountSum)
2020-09-04 10:17:15,710 org.springframework.web.servlet.mvc.method.annotation.RequestMappingHandlerMapping [main] (AbstractHandlerMethodMapping.java:543) INFO  --> Mapped "{[/user/addAccountDetail],methods=[POST]}" onto public com.yaof.pojo.utils.Response<java.lang.String> com.yaof.controller.AmmountController.addAccountDetail(java.util.List<com.yaof.pojo.AmmountSum>,javax.servlet.http.HttpSession)
2020-09-04 10:17:15,711 org.springframework.web.servlet.mvc.method.annotation.RequestMappingHandlerMapping [main] (AbstractHandlerMethodMapping.java:543) INFO  --> Mapped "{[/user/queryDayDetail],methods=[POST]}" onto public com.yaof.pojo.utils.Response<java.util.List<com.yaof.pojo.AmmountSum>> com.yaof.controller.AmmountController.queryDayDetail(com.yaof.pojo.AmmountSum,javax.servlet.http.HttpSession)
2020-09-04 10:17:15,711 org.springframework.web.servlet.mvc.method.annotation.RequestMappingHandlerMapping [main] (AbstractHandlerMethodMapping.java:543) INFO  --> Mapped "{[/user/queryAccountDetail],methods=[POST]}" onto public com.yaof.pojo.utils.Response<java.util.List<com.yaof.pojo.AmmountSum>> com.yaof.controller.AmmountController.queryAccountDetail(com.yaof.pojo.AmmountSum,javax.servlet.http.HttpSession)
2020-09-04 10:17:15,712 org.springframework.web.servlet.mvc.method.annotation.RequestMappingHandlerMapping [main] (AbstractHandlerMethodMapping.java:543) INFO  --> Mapped "{[/index]}" onto public java.lang.String com.yaof.controller.GameRoleController.index()
2020-09-04 10:17:15,713 org.springframework.web.servlet.mvc.method.annotation.RequestMappingHandlerMapping [main] (AbstractHandlerMethodMapping.java:543) INFO  --> Mapped "{[/insertBatchRoleInfo],methods=[POST]}" onto public com.yaof.pojo.utils.Response<com.alibaba.fastjson.JSONObject> com.yaof.controller.GameRoleController.insertBatchRoleInfo()
2020-09-04 10:17:15,713 org.springframework.web.servlet.mvc.method.annotation.RequestMappingHandlerMapping [main] (AbstractHandlerMethodMapping.java:543) INFO  --> Mapped "{[/insertRoleInfo],methods=[POST]}" onto public com.yaof.pojo.utils.Response<com.alibaba.fastjson.JSONObject> com.yaof.controller.GameRoleController.insertRoleInfo(com.yaof.pojo.GameRole,javax.servlet.http.HttpServletRequest)
2020-09-04 10:17:15,714 org.springframework.web.servlet.mvc.method.annotation.RequestMappingHandlerMapping [main] (AbstractHandlerMethodMapping.java:543) INFO  --> Mapped "{[/selectNumber],methods=[POST]}" onto public com.yaof.pojo.utils.Response<com.alibaba.fastjson.JSONObject> com.yaof.controller.GameRoleController.selectNumber()
2020-09-04 10:17:15,719 org.springframework.web.servlet.mvc.method.annotation.RequestMappingHandlerMapping [main] (AbstractHandlerMethodMapping.java:543) INFO  --> Mapped "{[/register],methods=[POST]}" onto public com.yaof.pojo.utils.Response com.yaof.controller.UserController.register(com.yaof.pojo.User)
2020-09-04 10:17:15,720 org.springframework.web.servlet.mvc.method.annotation.RequestMappingHandlerMapping [main] (AbstractHandlerMethodMapping.java:543) INFO  --> Mapped "{[/getUserInfo],methods=[POST]}" onto public java.lang.String com.yaof.controller.UserController.getUserInfo(java.lang.String,javax.servlet.http.HttpServletRequest)
2020-09-04 10:17:15,721 org.springframework.web.servlet.mvc.method.annotation.RequestMappingHandlerMapping [main] (AbstractHandlerMethodMapping.java:543) INFO  --> Mapped "{[/deleteAccountById],methods=[POST]}" onto private com.yaof.pojo.utils.Response com.yaof.controller.UserController.deleteAccountById(java.lang.String)
2020-09-04 10:17:15,721 org.springframework.web.servlet.mvc.method.annotation.RequestMappingHandlerMapping [main] (AbstractHandlerMethodMapping.java:543) INFO  --> Mapped "{[/updatePasswordByAccount],methods=[POST]}" onto public com.yaof.pojo.utils.Response com.yaof.controller.UserController.updatePasswordByAccount(com.yaof.pojo.User,javax.servlet.http.HttpSession)
2020-09-04 10:17:15,722 org.springframework.web.servlet.mvc.method.annotation.RequestMappingHandlerMapping [main] (AbstractHandlerMethodMapping.java:543) INFO  --> Mapped "{[/queryAccountByPower],methods=[POST]}" onto private com.yaof.pojo.utils.Response<java.util.List<com.yaof.pojo.User>> com.yaof.controller.UserController.queryAccountByPower(com.yaof.pojo.User,javax.servlet.http.HttpSession)
2020-09-04 10:17:15,722 org.springframework.web.servlet.mvc.method.annotation.RequestMappingHandlerMapping [main] (AbstractHandlerMethodMapping.java:543) INFO  --> Mapped "{[/getAccount],methods=[POST]}" onto private java.lang.String com.yaof.controller.UserController.getAccount(javax.servlet.http.HttpSession)
2020-09-04 10:17:15,723 org.springframework.web.servlet.mvc.method.annotation.RequestMappingHandlerMapping [main] (AbstractHandlerMethodMapping.java:543) INFO  --> Mapped "{[/login],methods=[POST]}" onto public com.yaof.pojo.utils.Response com.yaof.controller.UserController.login(com.yaof.pojo.User,javax.servlet.http.HttpServletRequest)
2020-09-04 10:17:15,723 org.springframework.web.servlet.mvc.method.annotation.RequestMappingHandlerMapping [main] (AbstractHandlerMethodMapping.java:543) INFO  --> Mapped "{[/checkAccount],methods=[POST]}" onto public com.yaof.pojo.utils.Response com.yaof.controller.UserController.checkAccount(java.lang.String)
2020-09-04 10:17:15,723 org.springframework.web.servlet.mvc.method.annotation.RequestMappingHandlerMapping [main] (AbstractHandlerMethodMapping.java:543) INFO  --> Mapped "{[/logout],methods=[POST]}" onto public com.yaof.pojo.utils.Response com.yaof.controller.UserController.checkAccount(javax.servlet.http.HttpServletRequest)
2020-09-04 10:17:15,724 org.springframework.web.servlet.mvc.method.annotation.RequestMappingHandlerMapping [main] (AbstractHandlerMethodMapping.java:543) INFO  --> Mapped "{[/saveUserInfo],methods=[POST]}" onto public com.yaof.pojo.utils.Response com.yaof.controller.UserController.saveUserInfo(com.yaof.pojo.User,javax.servlet.http.HttpSession)
2020-09-04 10:17:15,724 org.springframework.web.servlet.mvc.method.annotation.RequestMappingHandlerMapping [main] (AbstractHandlerMethodMapping.java:543) INFO  --> Mapped "{[/addRcaUserInfo],methods=[POST]}" onto public com.yaof.pojo.utils.Response com.yaof.controller.UserController.addRcaUserInfo(com.yaof.pojo.User,javax.servlet.http.HttpSession)
2020-09-04 10:17:15,725 org.springframework.web.servlet.mvc.method.annotation.RequestMappingHandlerMapping [main] (AbstractHandlerMethodMapping.java:543) INFO  --> Mapped "{[/updatePassword],methods=[POST]}" onto public com.yaof.pojo.utils.Response com.yaof.controller.UserController.updatePassword(java.util.Map<java.lang.String, java.lang.Object>,javax.servlet.http.HttpSession)
2020-09-04 10:17:15,729 org.springframework.web.servlet.mvc.method.annotation.RequestMappingHandlerMapping [main] (AbstractHandlerMethodMapping.java:543) INFO  --> Mapped "{[/swagger-resources]}" onto public org.springframework.http.ResponseEntity<java.util.List<springfox.documentation.swagger.web.SwaggerResource>> springfox.documentation.swagger.web.ApiResourceController.swaggerResources()
2020-09-04 10:17:15,730 org.springframework.web.servlet.mvc.method.annotation.RequestMappingHandlerMapping [main] (AbstractHandlerMethodMapping.java:543) INFO  --> Mapped "{[/swagger-resources/configuration/ui]}" onto public org.springframework.http.ResponseEntity<springfox.documentation.swagger.web.UiConfiguration> springfox.documentation.swagger.web.ApiResourceController.uiConfiguration()
2020-09-04 10:17:15,732 org.springframework.web.servlet.mvc.method.annotation.RequestMappingHandlerMapping [main] (AbstractHandlerMethodMapping.java:543) INFO  --> Mapped "{[/swagger-resources/configuration/security]}" onto public org.springframework.http.ResponseEntity<springfox.documentation.swagger.web.SecurityConfiguration> springfox.documentation.swagger.web.ApiResourceController.securityConfiguration()
2020-09-04 10:17:15,734 org.springframework.web.servlet.mvc.method.annotation.RequestMappingHandlerMapping [main] (AbstractHandlerMethodMapping.java:543) INFO  --> Mapped "{[/error]}" onto public org.springframework.http.ResponseEntity<java.util.Map<java.lang.String, java.lang.Object>> org.springframework.boot.autoconfigure.web.BasicErrorController.error(javax.servlet.http.HttpServletRequest)
2020-09-04 10:17:15,735 org.springframework.web.servlet.mvc.method.annotation.RequestMappingHandlerMapping [main] (AbstractHandlerMethodMapping.java:543) INFO  --> Mapped "{[/error],produces=[text/html]}" onto public org.springframework.web.servlet.ModelAndView org.springframework.boot.autoconfigure.web.BasicErrorController.errorHtml(javax.servlet.http.HttpServletRequest,javax.servlet.http.HttpServletResponse)
2020-09-04 10:17:16,029 springfox.documentation.spring.web.PropertySourcedRequestMappingHandlerMapping [main] (PropertySourcedRequestMappingHandlerMapping.java:69) INFO  --> Mapped URL path [/v2/api-docs] onto method [public org.springframework.http.ResponseEntity<springfox.documentation.spring.web.json.Json> springfox.documentation.swagger2.web.Swagger2Controller.getDocumentation(java.lang.String,javax.servlet.http.HttpServletRequest)]
2020-09-04 10:17:16,311 org.springframework.scheduling.concurrent.ThreadPoolTaskExecutor [main] (ExecutorConfigurationSupport.java:165) INFO  --> Initializing ExecutorService  'executor'
2020-09-04 10:17:16,496 org.quartz.impl.StdSchedulerFactory [main] (StdSchedulerFactory.java:1172) INFO  --> Using default implementation for ThreadExecutor
2020-09-04 10:17:16,522 org.quartz.core.SchedulerSignalerImpl [main] (SchedulerSignalerImpl.java:61) INFO  --> Initialized Scheduler Signaller of type: class org.quartz.core.SchedulerSignalerImpl
2020-09-04 10:17:16,522 org.quartz.core.QuartzScheduler [main] (QuartzScheduler.java:240) INFO  --> Quartz Scheduler v.2.2.3 created.
2020-09-04 10:17:16,524 org.quartz.simpl.RAMJobStore [main] (RAMJobStore.java:155) INFO  --> RAMJobStore initialized.
2020-09-04 10:17:16,526 org.quartz.core.QuartzScheduler [main] (QuartzScheduler.java:305) INFO  --> Scheduler meta-data: Quartz Scheduler (v2.2.3) 'org.springframework.scheduling.quartz.SchedulerFactoryBean#0' with instanceId 'NON_CLUSTERED'
  Scheduler class: 'org.quartz.core.QuartzScheduler' - running locally.
  NOT STARTED.
  Currently in standby mode.
  Number of jobs executed: 0
  Using thread pool 'org.springframework.scheduling.quartz.LocalTaskExecutorThreadPool' - with -1 threads.
  Using job-store 'org.quartz.simpl.RAMJobStore' - which does not support persistence. and is not clustered.

2020-09-04 10:17:16,526 org.quartz.impl.StdSchedulerFactory [main] (StdSchedulerFactory.java:1327) INFO  --> Quartz scheduler 'org.springframework.scheduling.quartz.SchedulerFactoryBean#0' initialized from an externally provided properties instance.
2020-09-04 10:17:16,527 org.quartz.impl.StdSchedulerFactory [main] (StdSchedulerFactory.java:1331) INFO  --> Quartz scheduler version: 2.2.3
2020-09-04 10:17:16,529 org.quartz.core.QuartzScheduler [main] (QuartzScheduler.java:2311) INFO  --> JobFactory set to: org.springframework.scheduling.quartz.AdaptableJobFactory@28768e25
2020-09-04 10:17:16,939 org.springframework.web.servlet.mvc.method.annotation.RequestMappingHandlerAdapter [main] (RequestMappingHandlerAdapter.java:534) INFO  --> Looking for @ControllerAdvice: org.springframework.boot.context.embedded.AnnotationConfigEmbeddedWebApplicationContext@1757cd72: startup date [Fri Sep 04 10:17:08 CST 2020]; root of context hierarchy
2020-09-04 10:17:17,040 org.springframework.web.servlet.handler.SimpleUrlHandlerMapping [main] (AbstractUrlHandlerMapping.java:362) INFO  --> Mapped URL path [/webjars/**] onto handler of type [class org.springframework.web.servlet.resource.ResourceHttpRequestHandler]
2020-09-04 10:17:17,040 org.springframework.web.servlet.handler.SimpleUrlHandlerMapping [main] (AbstractUrlHandlerMapping.java:362) INFO  --> Mapped URL path [/**] onto handler of type [class org.springframework.web.servlet.resource.ResourceHttpRequestHandler]
2020-09-04 10:17:17,097 org.springframework.web.servlet.handler.SimpleUrlHandlerMapping [main] (AbstractUrlHandlerMapping.java:362) INFO  --> Mapped URL path [/**/favicon.ico] onto handler of type [class org.springframework.web.servlet.resource.ResourceHttpRequestHandler]
2020-09-04 10:17:18,250 org.springframework.jmx.export.annotation.AnnotationMBeanExporter [main] (MBeanExporter.java:431) INFO  --> Registering beans for JMX exposure on startup
2020-09-04 10:17:18,252 org.springframework.jmx.export.annotation.AnnotationMBeanExporter [main] (MBeanExporter.java:918) INFO  --> Bean with name 'masterDataSource' has been autodetected for JMX exposure
2020-09-04 10:17:18,252 org.springframework.jmx.export.annotation.AnnotationMBeanExporter [main] (MBeanExporter.java:918) INFO  --> Bean with name 'slaveDataSource' has been autodetected for JMX exposure
2020-09-04 10:17:18,253 org.springframework.jmx.export.annotation.AnnotationMBeanExporter [main] (MBeanExporter.java:918) INFO  --> Bean with name 'statFilter' has been autodetected for JMX exposure
2020-09-04 10:17:18,260 org.springframework.jmx.export.annotation.AnnotationMBeanExporter [main] (MBeanExporter.java:672) INFO  --> Located MBean 'masterDataSource': registering with JMX server as MBean [com.alibaba.druid.pool:name=masterDataSource,type=DruidDataSource]
2020-09-04 10:17:18,262 org.springframework.jmx.export.annotation.AnnotationMBeanExporter [main] (MBeanExporter.java:672) INFO  --> Located MBean 'slaveDataSource': registering with JMX server as MBean [com.alibaba.druid.pool:name=slaveDataSource,type=DruidDataSource]
2020-09-04 10:17:18,263 org.springframework.jmx.export.annotation.AnnotationMBeanExporter [main] (MBeanExporter.java:672) INFO  --> Located MBean 'statFilter': registering with JMX server as MBean [com.alibaba.druid.filter.stat:name=statFilter,type=StatFilter]
2020-09-04 10:17:18,268 org.springframework.context.support.DefaultLifecycleProcessor [main] (DefaultLifecycleProcessor.java:341) INFO  --> Starting beans in phase 2147483647
2020-09-04 10:17:18,268 springfox.documentation.spring.web.plugins.DocumentationPluginsBootstrapper [main] (DocumentationPluginsBootstrapper.java:147) INFO  --> Context refreshed
2020-09-04 10:17:18,311 springfox.documentation.spring.web.plugins.DocumentationPluginsBootstrapper [main] (DocumentationPluginsBootstrapper.java:150) INFO  --> Found 1 custom documentation plugin(s)
2020-09-04 10:17:18,357 springfox.documentation.spring.web.scanners.ApiListingReferenceScanner [main] (ApiListingReferenceScanner.java:41) INFO  --> Scanning for api listing references
2020-09-04 10:17:18,681 springfox.documentation.spring.web.readers.operation.CachingOperationNameGenerator [main] (CachingOperationNameGenerator.java:40) INFO  --> Generating unique operation named: checkAccountUsingPOST_1
2020-09-04 10:17:18,781 org.springframework.scheduling.quartz.SchedulerFactoryBean [main] (SchedulerFactoryBean.java:671) INFO  --> Starting Quartz Scheduler now
2020-09-04 10:17:18,781 org.quartz.core.QuartzScheduler [main] (QuartzScheduler.java:575) INFO  --> Scheduler org.springframework.scheduling.quartz.SchedulerFactoryBean#0_$_NON_CLUSTERED started.
2020-09-04 10:17:18,896 org.springframework.boot.context.embedded.tomcat.TomcatEmbeddedServletContainer [main] (TomcatEmbeddedServletContainer.java:216) INFO  --> Tomcat started on port(s): 8088 (http)
2020-09-04 10:17:18,906 com.yaof.RecordClearAideApplication [main] (StartupInfoLogger.java:57) INFO  --> Started RecordClearAideApplication in 10.963 seconds (JVM running for 11.717)
2020-09-04 10:17:18,906 com.yaof.RecordClearAideApplication [main] (RecordClearAideApplication.java:23) INFO  --> RecordClearAideApplication start success.
2020-09-04 10:17:27,821 org.springframework.web.servlet.DispatcherServlet [http-nio-8088-exec-9] (FrameworkServlet.java:489) INFO  --> FrameworkServlet 'dispatcherServlet': initialization started
2020-09-04 10:17:27,862 org.springframework.web.servlet.DispatcherServlet [http-nio-8088-exec-9] (FrameworkServlet.java:508) INFO  --> FrameworkServlet 'dispatcherServlet': initialization completed in 40 ms
2020-09-04 10:34:35,435 com.yaof.point.TransactionDemo [executor-1] (TransactionDemo.java:26) ERROR --> No thread-bound request found: Are you referring to request attributes outside of an actual web request, or processing a request outside of the originally receiving thread? If you are actually operating within a web request and still receive this message, your code is probably running outside of DispatcherServlet/DispatcherPortlet: In this case, use RequestContextListener or RequestContextFilter to expose the current request.
2020-09-04 10:34:35,435 com.yaof.point.TransactionDemo [executor-1] (TransactionDemo.java:28) INFO  --> now the url is:
2020-09-04 10:34:35,435 com.yaof.point.TransactionDemo [executor-1] (TransactionDemo.java:34) INFO  --> point before...
2020-09-04 10:34:35,751 com.yaof.mapper.GameRoleMapper.insertRoleInfo [executor-1] (BaseJdbcLogger.java:159) DEBUG --> ==>  Preparing: insert into index_test ( id, account, name, sole_type, sole_genner, sole_grade, sole_appearance_type, sole_gold_num, sole_silver_num, sole_monny_num, user_id, user_name, is_adult, user_vip_type, machine_type ) values ( ?, ?, ?, ?, ?, ?, ?, ?, ?, ?, ?, ?, ?, ?, ? ) 
2020-09-04 10:34:35,940 com.yaof.mapper.GameRoleMapper.insertRoleInfo [executor-1] (BaseJdbcLogger.java:159) DEBUG --> ==> Parameters: 159918687294810000(String), zoujunbiq(String), 挡肢阳材(String), 06(String), F(String), 78(Integer), 6(Integer), 3670016(Integer), 37748736(Integer), 384(Integer), 230237193602010167(String), 峪铅烩(String), Y(String), 2(String), 2(String)
2020-09-04 10:34:35,945 com.yaof.mapper.GameRoleMapper.insertRoleInfo [executor-1] (BaseJdbcLogger.java:159) DEBUG --> <==    Updates: 1
2020-09-04 10:34:35,946 com.yaof.point.TransactionDemo [executor-1] (TransactionDemo.java:38) INFO  --> point after...
2020-09-04 10:34:44,222 com.yaof.point.TransactionDemo [executor-1] (TransactionDemo.java:26) ERROR --> No thread-bound request found: Are you referring to request attributes outside of an actual web request, or processing a request outside of the originally receiving thread? If you are actually operating within a web request and still receive this message, your code is probably running outside of DispatcherServlet/DispatcherPortlet: In this case, use RequestContextListener or RequestContextFilter to expose the current request.
2020-09-04 10:34:44,223 com.yaof.point.TransactionDemo [executor-1] (TransactionDemo.java:28) INFO  --> now the url is:
2020-09-04 10:34:44,223 com.yaof.point.TransactionDemo [executor-1] (TransactionDemo.java:34) INFO  --> point before...
2020-09-04 10:34:44,225 com.yaof.mapper.GameRoleMapper.insertRoleInfo [executor-1] (BaseJdbcLogger.java:159) DEBUG --> ==>  Preparing: insert into index_test ( id, account, name, sole_type, sole_genner, sole_grade, sole_appearance_type, sole_gold_num, sole_silver_num, sole_monny_num, user_id, user_name, is_adult, user_vip_type, machine_type ) values ( ?, ?, ?, ?, ?, ?, ?, ?, ?, ?, ?, ?, ?, ?, ? ) 
2020-09-04 10:34:44,228 com.yaof.mapper.GameRoleMapper.insertRoleInfo [executor-1] (BaseJdbcLogger.java:159) DEBUG --> ==> Parameters: 159918688231610001(String), taolecsdhbajcd(String), 陪踏漠甘(String), 03(String), F(String), 78(Integer), 0(Integer), 4718592(Integer), 37748736(Integer), 320(Integer), 222510195904168380(String), 付七摧(String), Y(String), 5(String), 1(String)
2020-09-04 10:34:44,232 com.yaof.mapper.GameRoleMapper.insertRoleInfo [executor-1] (BaseJdbcLogger.java:159) DEBUG --> <==    Updates: 1
2020-09-04 10:34:44,233 com.yaof.point.TransactionDemo [executor-1] (TransactionDemo.java:38) INFO  --> point after...
2020-09-04 10:37:04,594 com.yaof.point.TransactionDemo [executor-1] (TransactionDemo.java:26) ERROR --> No thread-bound request found: Are you referring to request attributes outside of an actual web request, or processing a request outside of the originally receiving thread? If you are actually operating within a web request and still receive this message, your code is probably running outside of DispatcherServlet/DispatcherPortlet: In this case, use RequestContextListener or RequestContextFilter to expose the current request.
2020-09-04 10:37:04,594 com.yaof.point.TransactionDemo [executor-1] (TransactionDemo.java:28) INFO  --> now the url is:
2020-09-04 10:37:04,594 com.yaof.point.TransactionDemo [executor-1] (TransactionDemo.java:34) INFO  --> point before...
2020-09-04 10:37:04,596 com.yaof.mapper.GameRoleMapper.insertRoleInfo [executor-1] (BaseJdbcLogger.java:159) DEBUG --> ==>  Preparing: insert into index_test ( id, account, name, sole_type, sole_genner, sole_grade, sole_appearance_type, sole_gold_num, sole_silver_num, sole_monny_num, user_id, user_name, is_adult, user_vip_type, machine_type ) values ( ?, ?, ?, ?, ?, ?, ?, ?, ?, ?, ?, ?, ?, ?, ? ) 
2020-09-04 10:37:04,598 com.yaof.mapper.GameRoleMapper.insertRoleInfo [executor-1] (BaseJdbcLogger.java:159) DEBUG --> ==> Parameters: 159918702363110002(String), kqwvqibzibjkklbduh(String), 佯尼陆司(String), 06(String), M(String), 71(Integer), 6(Integer), 3670016(Integer), 29360128(Integer), 64(Integer), 460828199712226161(String), 财涅圭(String), Y(String), 5(String), 3(String)
2020-09-04 10:37:04,600 com.yaof.mapper.GameRoleMapper.insertRoleInfo [executor-1] (BaseJdbcLogger.java:159) DEBUG --> <==    Updates: 1
2020-09-04 10:37:04,600 com.yaof.point.TransactionDemo [executor-1] (TransactionDemo.java:38) INFO  --> point after...
2020-09-04 10:44:07,150 com.yaof.point.TransactionDemo [executor-1] (TransactionDemo.java:26) ERROR --> No thread-bound request found: Are you referring to request attributes outside of an actual web request, or processing a request outside of the originally receiving thread? If you are actually operating within a web request and still receive this message, your code is probably running outside of DispatcherServlet/DispatcherPortlet: In this case, use RequestContextListener or RequestContextFilter to expose the current request.
2020-09-04 10:44:07,151 com.yaof.point.TransactionDemo [executor-1] (TransactionDemo.java:28) INFO  --> now the url is:
2020-09-04 10:44:07,151 com.yaof.point.TransactionDemo [executor-1] (TransactionDemo.java:34) INFO  --> point before...
2020-09-04 10:44:07,154 com.yaof.mapper.GameRoleMapper.insertRoleInfo [executor-1] (BaseJdbcLogger.java:159) DEBUG --> ==>  Preparing: insert into index_test ( id, account, name, sole_type, sole_genner, sole_grade, sole_appearance_type, sole_gold_num, sole_silver_num, sole_monny_num, user_id, user_name, is_adult, user_vip_type, machine_type ) values ( ?, ?, ?, ?, ?, ?, ?, ?, ?, ?, ?, ?, ?, ?, ? ) 
2020-09-04 10:44:07,157 com.yaof.mapper.GameRoleMapper.insertRoleInfo [executor-1] (BaseJdbcLogger.java:159) DEBUG --> ==> Parameters: 159918744545210003(String), vvbzbqjqnxgti(String), 驾卑鸡明(String), 02(String), M(String), 73(Integer), 14(Integer), 5767168(Integer), 29360128(Integer), 256(Integer), 310706200603151793(String), 劣嫌(String), N(String), 1(String), 3(String)
2020-09-04 10:44:07,160 com.yaof.mapper.GameRoleMapper.insertRoleInfo [executor-1] (BaseJdbcLogger.java:159) DEBUG --> <==    Updates: 1
2020-09-04 10:44:07,160 com.yaof.point.TransactionDemo [executor-1] (TransactionDemo.java:38) INFO  --> point after...
2020-09-04 10:44:20,479 com.yaof.RecordClearAideApplication [main] (StartupInfoLogger.java:48) INFO  --> Starting RecordClearAideApplication on yaofang with PID 7736 (E:\workspace_winning\RecordClearAide\target\classes started by Administrator in E:\workspace_winning\RecordClearAide)
2020-09-04 10:44:20,480 com.yaof.RecordClearAideApplication [main] (SpringApplication.java:593) INFO  --> No active profile set, falling back to default profiles: default
2020-09-04 10:44:20,545 org.springframework.boot.context.embedded.AnnotationConfigEmbeddedWebApplicationContext [main] (AbstractApplicationContext.java:583) INFO  --> Refreshing org.springframework.boot.context.embedded.AnnotationConfigEmbeddedWebApplicationContext@1757cd72: startup date [Fri Sep 04 10:44:20 CST 2020]; root of context hierarchy
2020-09-04 10:44:20,943 org.hibernate.validator.internal.util.Version [background-preinit] (Version.java:30) INFO  --> HV000001: Hibernate Validator 5.3.6.Final
2020-09-04 10:44:21,671 org.springframework.beans.factory.xml.XmlBeanDefinitionReader [main] (XmlBeanDefinitionReader.java:317) INFO  --> Loading XML bean definitions from class path resource [spring-mybatis.xml]
2020-09-04 10:44:22,089 org.mybatis.spring.mapper.ClassPathMapperScanner [main] (ClassPathMapperScanner.java:166) WARN  --> No MyBatis mapper was found in '[com.yaof]' package. Please check your configuration.
2020-09-04 10:44:22,686 org.springframework.context.support.PostProcessorRegistrationDelegate$BeanPostProcessorChecker [main] (PostProcessorRegistrationDelegate.java:327) INFO  --> Bean '(inner bean)#4acb2510' of type [org.springframework.aop.aspectj.AspectJMethodBeforeAdvice] is not eligible for getting processed by all BeanPostProcessors (for example: not eligible for auto-proxying)
2020-09-04 10:44:22,820 org.springframework.context.support.PostProcessorRegistrationDelegate$BeanPostProcessorChecker [main] (PostProcessorRegistrationDelegate.java:327) INFO  --> Bean 'org.springframework.aop.aspectj.AspectJPointcutAdvisor#0' of type [org.springframework.aop.aspectj.AspectJPointcutAdvisor] is not eligible for getting processed by all BeanPostProcessors (for example: not eligible for auto-proxying)
2020-09-04 10:44:22,830 org.springframework.context.support.PostProcessorRegistrationDelegate$BeanPostProcessorChecker [main] (PostProcessorRegistrationDelegate.java:327) INFO  --> Bean '(inner bean)#10643593' of type [org.springframework.aop.aspectj.AspectJAfterAdvice] is not eligible for getting processed by all BeanPostProcessors (for example: not eligible for auto-proxying)
2020-09-04 10:44:22,832 org.springframework.context.support.PostProcessorRegistrationDelegate$BeanPostProcessorChecker [main] (PostProcessorRegistrationDelegate.java:327) INFO  --> Bean 'org.springframework.aop.aspectj.AspectJPointcutAdvisor#1' of type [org.springframework.aop.aspectj.AspectJPointcutAdvisor] is not eligible for getting processed by all BeanPostProcessors (for example: not eligible for auto-proxying)
2020-09-04 10:44:22,888 org.springframework.context.support.PostProcessorRegistrationDelegate$BeanPostProcessorChecker [main] (PostProcessorRegistrationDelegate.java:327) INFO  --> Bean 'org.springframework.transaction.annotation.ProxyTransactionManagementConfiguration' of type [org.springframework.transaction.annotation.ProxyTransactionManagementConfiguration$$EnhancerBySpringCGLIB$$1b278b] is not eligible for getting processed by all BeanPostProcessors (for example: not eligible for auto-proxying)
2020-09-04 10:44:24,146 org.springframework.boot.context.embedded.tomcat.TomcatEmbeddedServletContainer [main] (TomcatEmbeddedServletContainer.java:92) INFO  --> Tomcat initialized with port(s): 8088 (http)
2020-09-04 10:44:24,608 org.springframework.web.context.ContextLoader [localhost-startStop-1] (EmbeddedWebApplicationContext.java:276) INFO  --> Root WebApplicationContext: initialization completed in 4066 ms
2020-09-04 10:44:25,157 org.springframework.boot.web.servlet.FilterRegistrationBean [localhost-startStop-1] (AbstractFilterRegistrationBean.java:258) INFO  --> Mapping filter: 'characterEncodingFilter' to: [/*]
2020-09-04 10:44:25,157 org.springframework.boot.web.servlet.FilterRegistrationBean [localhost-startStop-1] (AbstractFilterRegistrationBean.java:258) INFO  --> Mapping filter: 'hiddenHttpMethodFilter' to: [/*]
2020-09-04 10:44:25,158 org.springframework.boot.web.servlet.FilterRegistrationBean [localhost-startStop-1] (AbstractFilterRegistrationBean.java:258) INFO  --> Mapping filter: 'httpPutFormContentFilter' to: [/*]
2020-09-04 10:44:25,159 org.springframework.boot.web.servlet.FilterRegistrationBean [localhost-startStop-1] (AbstractFilterRegistrationBean.java:258) INFO  --> Mapping filter: 'requestContextFilter' to: [/*]
2020-09-04 10:44:25,159 org.springframework.boot.web.servlet.FilterRegistrationBean [localhost-startStop-1] (AbstractFilterRegistrationBean.java:271) INFO  --> Mapping filter: 'sessionFilter' to urls: [/*]
2020-09-04 10:44:25,160 org.springframework.boot.web.servlet.FilterRegistrationBean [localhost-startStop-1] (AbstractFilterRegistrationBean.java:271) INFO  --> Mapping filter: 'webStatFilter' to urls: [/*]
2020-09-04 10:44:25,160 org.springframework.boot.web.servlet.ServletRegistrationBean [localhost-startStop-1] (ServletRegistrationBean.java:190) INFO  --> Mapping servlet: 'dispatcherServlet' to [/]
2020-09-04 10:44:25,161 org.springframework.boot.web.servlet.ServletRegistrationBean [localhost-startStop-1] (ServletRegistrationBean.java:190) INFO  --> Mapping servlet: 'statViewServlet' to [/druid/*]
2020-09-04 10:44:25,402 com.alibaba.druid.pool.DruidDataSource [main] (DruidDataSource.java:889) INFO  --> {dataSource-1} inited
2020-09-04 10:44:25,792 com.alibaba.druid.pool.DruidDataSource [main] (DruidDataSource.java:889) INFO  --> {dataSource-2} inited
2020-09-04 10:44:26,153 com.yaof.RecordClearAideApplication [main] (RecordClearAideApplication.java:33) INFO  --> test:------初始化测试。。。。
2020-09-04 10:44:26,867 org.springframework.web.servlet.mvc.method.annotation.RequestMappingHandlerMapping [main] (AbstractHandlerMethodMapping.java:543) INFO  --> Mapped "{[/user/saveDayDetailById],methods=[POST]}" onto public com.yaof.pojo.utils.Response<java.lang.String> com.yaof.controller.AmmountController.saveDayDetailById(com.yaof.pojo.AmmountSum)
2020-09-04 10:44:26,868 org.springframework.web.servlet.mvc.method.annotation.RequestMappingHandlerMapping [main] (AbstractHandlerMethodMapping.java:543) INFO  --> Mapped "{[/user/deleteDayDetailById],methods=[POST]}" onto public com.yaof.pojo.utils.Response<java.lang.String> com.yaof.controller.AmmountController.deleteDayDetailById(com.yaof.pojo.AmmountSum)
2020-09-04 10:44:26,869 org.springframework.web.servlet.mvc.method.annotation.RequestMappingHandlerMapping [main] (AbstractHandlerMethodMapping.java:543) INFO  --> Mapped "{[/user/queryAccountDetail],methods=[POST]}" onto public com.yaof.pojo.utils.Response<java.util.List<com.yaof.pojo.AmmountSum>> com.yaof.controller.AmmountController.queryAccountDetail(com.yaof.pojo.AmmountSum,javax.servlet.http.HttpSession)
2020-09-04 10:44:26,870 org.springframework.web.servlet.mvc.method.annotation.RequestMappingHandlerMapping [main] (AbstractHandlerMethodMapping.java:543) INFO  --> Mapped "{[/user/addAccountDetail],methods=[POST]}" onto public com.yaof.pojo.utils.Response<java.lang.String> com.yaof.controller.AmmountController.addAccountDetail(java.util.List<com.yaof.pojo.AmmountSum>,javax.servlet.http.HttpSession)
2020-09-04 10:44:26,870 org.springframework.web.servlet.mvc.method.annotation.RequestMappingHandlerMapping [main] (AbstractHandlerMethodMapping.java:543) INFO  --> Mapped "{[/user/queryDayDetail],methods=[POST]}" onto public com.yaof.pojo.utils.Response<java.util.List<com.yaof.pojo.AmmountSum>> com.yaof.controller.AmmountController.queryDayDetail(com.yaof.pojo.AmmountSum,javax.servlet.http.HttpSession)
2020-09-04 10:44:26,871 org.springframework.web.servlet.mvc.method.annotation.RequestMappingHandlerMapping [main] (AbstractHandlerMethodMapping.java:543) INFO  --> Mapped "{[/index]}" onto public java.lang.String com.yaof.controller.GameRoleController.index()
2020-09-04 10:44:26,873 org.springframework.web.servlet.mvc.method.annotation.RequestMappingHandlerMapping [main] (AbstractHandlerMethodMapping.java:543) INFO  --> Mapped "{[/insertBatchRoleInfo],methods=[POST]}" onto public com.yaof.pojo.utils.Response<com.alibaba.fastjson.JSONObject> com.yaof.controller.GameRoleController.insertBatchRoleInfo()
2020-09-04 10:44:26,873 org.springframework.web.servlet.mvc.method.annotation.RequestMappingHandlerMapping [main] (AbstractHandlerMethodMapping.java:543) INFO  --> Mapped "{[/selectNumber],methods=[POST]}" onto public com.yaof.pojo.utils.Response<com.alibaba.fastjson.JSONObject> com.yaof.controller.GameRoleController.selectNumber()
2020-09-04 10:44:26,874 org.springframework.web.servlet.mvc.method.annotation.RequestMappingHandlerMapping [main] (AbstractHandlerMethodMapping.java:543) INFO  --> Mapped "{[/insertRoleInfo],methods=[POST]}" onto public com.yaof.pojo.utils.Response<com.alibaba.fastjson.JSONObject> com.yaof.controller.GameRoleController.insertRoleInfo(com.yaof.pojo.GameRole,javax.servlet.http.HttpServletRequest)
2020-09-04 10:44:26,879 org.springframework.web.servlet.mvc.method.annotation.RequestMappingHandlerMapping [main] (AbstractHandlerMethodMapping.java:543) INFO  --> Mapped "{[/register],methods=[POST]}" onto public com.yaof.pojo.utils.Response com.yaof.controller.UserController.register(com.yaof.pojo.User)
2020-09-04 10:44:26,880 org.springframework.web.servlet.mvc.method.annotation.RequestMappingHandlerMapping [main] (AbstractHandlerMethodMapping.java:543) INFO  --> Mapped "{[/getUserInfo],methods=[POST]}" onto public java.lang.String com.yaof.controller.UserController.getUserInfo(java.lang.String,javax.servlet.http.HttpServletRequest)
2020-09-04 10:44:26,880 org.springframework.web.servlet.mvc.method.annotation.RequestMappingHandlerMapping [main] (AbstractHandlerMethodMapping.java:543) INFO  --> Mapped "{[/updatePasswordByAccount],methods=[POST]}" onto public com.yaof.pojo.utils.Response com.yaof.controller.UserController.updatePasswordByAccount(com.yaof.pojo.User,javax.servlet.http.HttpSession)
2020-09-04 10:44:26,881 org.springframework.web.servlet.mvc.method.annotation.RequestMappingHandlerMapping [main] (AbstractHandlerMethodMapping.java:543) INFO  --> Mapped "{[/deleteAccountById],methods=[POST]}" onto private com.yaof.pojo.utils.Response com.yaof.controller.UserController.deleteAccountById(java.lang.String)
2020-09-04 10:44:26,882 org.springframework.web.servlet.mvc.method.annotation.RequestMappingHandlerMapping [main] (AbstractHandlerMethodMapping.java:543) INFO  --> Mapped "{[/queryAccountByPower],methods=[POST]}" onto private com.yaof.pojo.utils.Response<java.util.List<com.yaof.pojo.User>> com.yaof.controller.UserController.queryAccountByPower(com.yaof.pojo.User,javax.servlet.http.HttpSession)
2020-09-04 10:44:26,882 org.springframework.web.servlet.mvc.method.annotation.RequestMappingHandlerMapping [main] (AbstractHandlerMethodMapping.java:543) INFO  --> Mapped "{[/addRcaUserInfo],methods=[POST]}" onto public com.yaof.pojo.utils.Response com.yaof.controller.UserController.addRcaUserInfo(com.yaof.pojo.User,javax.servlet.http.HttpSession)
2020-09-04 10:44:26,882 org.springframework.web.servlet.mvc.method.annotation.RequestMappingHandlerMapping [main] (AbstractHandlerMethodMapping.java:543) INFO  --> Mapped "{[/getAccount],methods=[POST]}" onto private java.lang.String com.yaof.controller.UserController.getAccount(javax.servlet.http.HttpSession)
2020-09-04 10:44:26,883 org.springframework.web.servlet.mvc.method.annotation.RequestMappingHandlerMapping [main] (AbstractHandlerMethodMapping.java:543) INFO  --> Mapped "{[/saveUserInfo],methods=[POST]}" onto public com.yaof.pojo.utils.Response com.yaof.controller.UserController.saveUserInfo(com.yaof.pojo.User,javax.servlet.http.HttpSession)
2020-09-04 10:44:26,883 org.springframework.web.servlet.mvc.method.annotation.RequestMappingHandlerMapping [main] (AbstractHandlerMethodMapping.java:543) INFO  --> Mapped "{[/login],methods=[POST]}" onto public com.yaof.pojo.utils.Response com.yaof.controller.UserController.login(com.yaof.pojo.User,javax.servlet.http.HttpServletRequest)
2020-09-04 10:44:26,884 org.springframework.web.servlet.mvc.method.annotation.RequestMappingHandlerMapping [main] (AbstractHandlerMethodMapping.java:543) INFO  --> Mapped "{[/checkAccount],methods=[POST]}" onto public com.yaof.pojo.utils.Response com.yaof.controller.UserController.checkAccount(java.lang.String)
2020-09-04 10:44:26,884 org.springframework.web.servlet.mvc.method.annotation.RequestMappingHandlerMapping [main] (AbstractHandlerMethodMapping.java:543) INFO  --> Mapped "{[/logout],methods=[POST]}" onto public com.yaof.pojo.utils.Response com.yaof.controller.UserController.checkAccount(javax.servlet.http.HttpServletRequest)
2020-09-04 10:44:26,885 org.springframework.web.servlet.mvc.method.annotation.RequestMappingHandlerMapping [main] (AbstractHandlerMethodMapping.java:543) INFO  --> Mapped "{[/updatePassword],methods=[POST]}" onto public com.yaof.pojo.utils.Response com.yaof.controller.UserController.updatePassword(java.util.Map<java.lang.String, java.lang.Object>,javax.servlet.http.HttpSession)
2020-09-04 10:44:26,892 org.springframework.web.servlet.mvc.method.annotation.RequestMappingHandlerMapping [main] (AbstractHandlerMethodMapping.java:543) INFO  --> Mapped "{[/swagger-resources/configuration/security]}" onto public org.springframework.http.ResponseEntity<springfox.documentation.swagger.web.SecurityConfiguration> springfox.documentation.swagger.web.ApiResourceController.securityConfiguration()
2020-09-04 10:44:26,893 org.springframework.web.servlet.mvc.method.annotation.RequestMappingHandlerMapping [main] (AbstractHandlerMethodMapping.java:543) INFO  --> Mapped "{[/swagger-resources/configuration/ui]}" onto public org.springframework.http.ResponseEntity<springfox.documentation.swagger.web.UiConfiguration> springfox.documentation.swagger.web.ApiResourceController.uiConfiguration()
2020-09-04 10:44:26,894 org.springframework.web.servlet.mvc.method.annotation.RequestMappingHandlerMapping [main] (AbstractHandlerMethodMapping.java:543) INFO  --> Mapped "{[/swagger-resources]}" onto public org.springframework.http.ResponseEntity<java.util.List<springfox.documentation.swagger.web.SwaggerResource>> springfox.documentation.swagger.web.ApiResourceController.swaggerResources()
2020-09-04 10:44:26,897 org.springframework.web.servlet.mvc.method.annotation.RequestMappingHandlerMapping [main] (AbstractHandlerMethodMapping.java:543) INFO  --> Mapped "{[/error]}" onto public org.springframework.http.ResponseEntity<java.util.Map<java.lang.String, java.lang.Object>> org.springframework.boot.autoconfigure.web.BasicErrorController.error(javax.servlet.http.HttpServletRequest)
2020-09-04 10:44:26,898 org.springframework.web.servlet.mvc.method.annotation.RequestMappingHandlerMapping [main] (AbstractHandlerMethodMapping.java:543) INFO  --> Mapped "{[/error],produces=[text/html]}" onto public org.springframework.web.servlet.ModelAndView org.springframework.boot.autoconfigure.web.BasicErrorController.errorHtml(javax.servlet.http.HttpServletRequest,javax.servlet.http.HttpServletResponse)
2020-09-04 10:44:27,199 springfox.documentation.spring.web.PropertySourcedRequestMappingHandlerMapping [main] (PropertySourcedRequestMappingHandlerMapping.java:69) INFO  --> Mapped URL path [/v2/api-docs] onto method [public org.springframework.http.ResponseEntity<springfox.documentation.spring.web.json.Json> springfox.documentation.swagger2.web.Swagger2Controller.getDocumentation(java.lang.String,javax.servlet.http.HttpServletRequest)]
2020-09-04 10:44:27,240 org.springframework.scheduling.concurrent.ThreadPoolTaskExecutor [main] (ExecutorConfigurationSupport.java:165) INFO  --> Initializing ExecutorService  'executor'
2020-09-04 10:44:27,365 org.quartz.impl.StdSchedulerFactory [main] (StdSchedulerFactory.java:1172) INFO  --> Using default implementation for ThreadExecutor
2020-09-04 10:44:27,391 org.quartz.core.SchedulerSignalerImpl [main] (SchedulerSignalerImpl.java:61) INFO  --> Initialized Scheduler Signaller of type: class org.quartz.core.SchedulerSignalerImpl
2020-09-04 10:44:27,392 org.quartz.core.QuartzScheduler [main] (QuartzScheduler.java:240) INFO  --> Quartz Scheduler v.2.2.3 created.
2020-09-04 10:44:27,394 org.quartz.simpl.RAMJobStore [main] (RAMJobStore.java:155) INFO  --> RAMJobStore initialized.
2020-09-04 10:44:27,402 org.quartz.core.QuartzScheduler [main] (QuartzScheduler.java:305) INFO  --> Scheduler meta-data: Quartz Scheduler (v2.2.3) 'org.springframework.scheduling.quartz.SchedulerFactoryBean#0' with instanceId 'NON_CLUSTERED'
  Scheduler class: 'org.quartz.core.QuartzScheduler' - running locally.
  NOT STARTED.
  Currently in standby mode.
  Number of jobs executed: 0
  Using thread pool 'org.springframework.scheduling.quartz.LocalTaskExecutorThreadPool' - with -1 threads.
  Using job-store 'org.quartz.simpl.RAMJobStore' - which does not support persistence. and is not clustered.

2020-09-04 10:44:27,402 org.quartz.impl.StdSchedulerFactory [main] (StdSchedulerFactory.java:1327) INFO  --> Quartz scheduler 'org.springframework.scheduling.quartz.SchedulerFactoryBean#0' initialized from an externally provided properties instance.
2020-09-04 10:44:27,403 org.quartz.impl.StdSchedulerFactory [main] (StdSchedulerFactory.java:1331) INFO  --> Quartz scheduler version: 2.2.3
2020-09-04 10:44:27,406 org.quartz.core.QuartzScheduler [main] (QuartzScheduler.java:2311) INFO  --> JobFactory set to: org.springframework.scheduling.quartz.AdaptableJobFactory@34a6d9db
2020-09-04 10:44:27,814 org.springframework.web.servlet.mvc.method.annotation.RequestMappingHandlerAdapter [main] (RequestMappingHandlerAdapter.java:534) INFO  --> Looking for @ControllerAdvice: org.springframework.boot.context.embedded.AnnotationConfigEmbeddedWebApplicationContext@1757cd72: startup date [Fri Sep 04 10:44:20 CST 2020]; root of context hierarchy
2020-09-04 10:44:27,902 org.springframework.web.servlet.handler.SimpleUrlHandlerMapping [main] (AbstractUrlHandlerMapping.java:362) INFO  --> Mapped URL path [/webjars/**] onto handler of type [class org.springframework.web.servlet.resource.ResourceHttpRequestHandler]
2020-09-04 10:44:27,902 org.springframework.web.servlet.handler.SimpleUrlHandlerMapping [main] (AbstractUrlHandlerMapping.java:362) INFO  --> Mapped URL path [/**] onto handler of type [class org.springframework.web.servlet.resource.ResourceHttpRequestHandler]
2020-09-04 10:44:27,965 org.springframework.web.servlet.handler.SimpleUrlHandlerMapping [main] (AbstractUrlHandlerMapping.java:362) INFO  --> Mapped URL path [/**/favicon.ico] onto handler of type [class org.springframework.web.servlet.resource.ResourceHttpRequestHandler]
2020-09-04 10:44:29,090 org.springframework.jmx.export.annotation.AnnotationMBeanExporter [main] (MBeanExporter.java:431) INFO  --> Registering beans for JMX exposure on startup
2020-09-04 10:44:29,091 org.springframework.jmx.export.annotation.AnnotationMBeanExporter [main] (MBeanExporter.java:918) INFO  --> Bean with name 'masterDataSource' has been autodetected for JMX exposure
2020-09-04 10:44:29,092 org.springframework.jmx.export.annotation.AnnotationMBeanExporter [main] (MBeanExporter.java:918) INFO  --> Bean with name 'slaveDataSource' has been autodetected for JMX exposure
2020-09-04 10:44:29,093 org.springframework.jmx.export.annotation.AnnotationMBeanExporter [main] (MBeanExporter.java:918) INFO  --> Bean with name 'statFilter' has been autodetected for JMX exposure
2020-09-04 10:44:29,102 org.springframework.jmx.export.annotation.AnnotationMBeanExporter [main] (MBeanExporter.java:672) INFO  --> Located MBean 'masterDataSource': registering with JMX server as MBean [com.alibaba.druid.pool:name=masterDataSource,type=DruidDataSource]
2020-09-04 10:44:29,103 org.springframework.jmx.export.annotation.AnnotationMBeanExporter [main] (MBeanExporter.java:672) INFO  --> Located MBean 'slaveDataSource': registering with JMX server as MBean [com.alibaba.druid.pool:name=slaveDataSource,type=DruidDataSource]
2020-09-04 10:44:29,104 org.springframework.jmx.export.annotation.AnnotationMBeanExporter [main] (MBeanExporter.java:672) INFO  --> Located MBean 'statFilter': registering with JMX server as MBean [com.alibaba.druid.filter.stat:name=statFilter,type=StatFilter]
2020-09-04 10:44:29,108 org.springframework.context.support.DefaultLifecycleProcessor [main] (DefaultLifecycleProcessor.java:341) INFO  --> Starting beans in phase 2147483647
2020-09-04 10:44:29,109 springfox.documentation.spring.web.plugins.DocumentationPluginsBootstrapper [main] (DocumentationPluginsBootstrapper.java:147) INFO  --> Context refreshed
2020-09-04 10:44:29,163 springfox.documentation.spring.web.plugins.DocumentationPluginsBootstrapper [main] (DocumentationPluginsBootstrapper.java:150) INFO  --> Found 1 custom documentation plugin(s)
2020-09-04 10:44:29,219 springfox.documentation.spring.web.scanners.ApiListingReferenceScanner [main] (ApiListingReferenceScanner.java:41) INFO  --> Scanning for api listing references
2020-09-04 10:44:29,575 springfox.documentation.spring.web.readers.operation.CachingOperationNameGenerator [main] (CachingOperationNameGenerator.java:40) INFO  --> Generating unique operation named: checkAccountUsingPOST_1
2020-09-04 10:44:29,668 org.springframework.scheduling.quartz.SchedulerFactoryBean [main] (SchedulerFactoryBean.java:671) INFO  --> Starting Quartz Scheduler now
2020-09-04 10:44:29,668 org.quartz.core.QuartzScheduler [main] (QuartzScheduler.java:575) INFO  --> Scheduler org.springframework.scheduling.quartz.SchedulerFactoryBean#0_$_NON_CLUSTERED started.
2020-09-04 10:44:29,794 org.springframework.boot.context.embedded.tomcat.TomcatEmbeddedServletContainer [main] (TomcatEmbeddedServletContainer.java:216) INFO  --> Tomcat started on port(s): 8088 (http)
2020-09-04 10:44:29,801 com.yaof.RecordClearAideApplication [main] (StartupInfoLogger.java:57) INFO  --> Started RecordClearAideApplication in 9.697 seconds (JVM running for 10.424)
2020-09-04 10:44:29,801 com.yaof.RecordClearAideApplication [main] (RecordClearAideApplication.java:23) INFO  --> RecordClearAideApplication start success.
2020-09-04 10:46:03,846 org.springframework.web.servlet.DispatcherServlet [http-nio-8088-exec-7] (FrameworkServlet.java:489) INFO  --> FrameworkServlet 'dispatcherServlet': initialization started
2020-09-04 10:46:03,884 org.springframework.web.servlet.DispatcherServlet [http-nio-8088-exec-7] (FrameworkServlet.java:508) INFO  --> FrameworkServlet 'dispatcherServlet': initialization completed in 37 ms
