2019-05-27 10:44:17,447 com.yaof.RecordClearAideApplication [main] (StartupInfoLogger.java:48) INFO  --> Starting RecordClearAideApplication on yaofang with PID 10452 (E:\workspace_winning\RecordClearAide\target\classes started by yaofang in E:\workspace_winning\RecordClearAide)
2019-05-27 10:44:17,485 com.yaof.RecordClearAideApplication [main] (SpringApplication.java:593) INFO  --> No active profile set, falling back to default profiles: default
2019-05-27 10:44:17,623 org.springframework.boot.context.embedded.AnnotationConfigEmbeddedWebApplicationContext [main] (AbstractApplicationContext.java:583) INFO  --> Refreshing org.springframework.boot.context.embedded.AnnotationConfigEmbeddedWebApplicationContext@1f59a598: startup date [Mon May 27 10:44:17 CST 2019]; root of context hierarchy
2019-05-27 10:44:18,521 org.hibernate.validator.internal.util.Version [background-preinit] (Version.java:30) INFO  --> HV000001: Hibernate Validator 5.3.6.Final
2019-05-27 10:44:19,613 org.springframework.beans.factory.xml.XmlBeanDefinitionReader [main] (XmlBeanDefinitionReader.java:317) INFO  --> Loading XML bean definitions from class path resource [spring-mybatis.xml]
2019-05-27 10:44:20,307 org.mybatis.spring.mapper.ClassPathMapperScanner [main] (ClassPathMapperScanner.java:166) WARN  --> No MyBatis mapper was found in '[com.yaof]' package. Please check your configuration.
2019-05-27 10:44:21,104 org.springframework.context.support.PostProcessorRegistrationDelegate$BeanPostProcessorChecker [main] (PostProcessorRegistrationDelegate.java:327) INFO  --> Bean '(inner bean)#281ce6bb' of type [org.springframework.aop.aspectj.AspectJMethodBeforeAdvice] is not eligible for getting processed by all BeanPostProcessors (for example: not eligible for auto-proxying)
2019-05-27 10:44:21,362 org.springframework.context.support.PostProcessorRegistrationDelegate$BeanPostProcessorChecker [main] (PostProcessorRegistrationDelegate.java:327) INFO  --> Bean 'org.springframework.aop.aspectj.AspectJPointcutAdvisor#0' of type [org.springframework.aop.aspectj.AspectJPointcutAdvisor] is not eligible for getting processed by all BeanPostProcessors (for example: not eligible for auto-proxying)
2019-05-27 10:44:21,369 org.springframework.context.support.PostProcessorRegistrationDelegate$BeanPostProcessorChecker [main] (PostProcessorRegistrationDelegate.java:327) INFO  --> Bean '(inner bean)#238bfd6c' of type [org.springframework.aop.aspectj.AspectJAfterAdvice] is not eligible for getting processed by all BeanPostProcessors (for example: not eligible for auto-proxying)
2019-05-27 10:44:21,370 org.springframework.context.support.PostProcessorRegistrationDelegate$BeanPostProcessorChecker [main] (PostProcessorRegistrationDelegate.java:327) INFO  --> Bean 'org.springframework.aop.aspectj.AspectJPointcutAdvisor#1' of type [org.springframework.aop.aspectj.AspectJPointcutAdvisor] is not eligible for getting processed by all BeanPostProcessors (for example: not eligible for auto-proxying)
2019-05-27 10:44:21,437 org.springframework.context.support.PostProcessorRegistrationDelegate$BeanPostProcessorChecker [main] (PostProcessorRegistrationDelegate.java:327) INFO  --> Bean 'org.springframework.transaction.annotation.ProxyTransactionManagementConfiguration' of type [org.springframework.transaction.annotation.ProxyTransactionManagementConfiguration$$EnhancerBySpringCGLIB$$448e2a41] is not eligible for getting processed by all BeanPostProcessors (for example: not eligible for auto-proxying)
2019-05-27 10:44:23,770 org.springframework.boot.context.embedded.tomcat.TomcatEmbeddedServletContainer [main] (TomcatEmbeddedServletContainer.java:92) INFO  --> Tomcat initialized with port(s): 8088 (http)
2019-05-27 10:44:24,719 org.springframework.web.context.ContextLoader [localhost-startStop-1] (EmbeddedWebApplicationContext.java:276) INFO  --> Root WebApplicationContext: initialization completed in 7101 ms
2019-05-27 10:44:25,589 org.springframework.boot.web.servlet.FilterRegistrationBean [localhost-startStop-1] (AbstractFilterRegistrationBean.java:258) INFO  --> Mapping filter: 'characterEncodingFilter' to: [/*]
2019-05-27 10:44:25,590 org.springframework.boot.web.servlet.FilterRegistrationBean [localhost-startStop-1] (AbstractFilterRegistrationBean.java:258) INFO  --> Mapping filter: 'hiddenHttpMethodFilter' to: [/*]
2019-05-27 10:44:25,590 org.springframework.boot.web.servlet.FilterRegistrationBean [localhost-startStop-1] (AbstractFilterRegistrationBean.java:258) INFO  --> Mapping filter: 'httpPutFormContentFilter' to: [/*]
2019-05-27 10:44:25,592 org.springframework.boot.web.servlet.FilterRegistrationBean [localhost-startStop-1] (AbstractFilterRegistrationBean.java:258) INFO  --> Mapping filter: 'requestContextFilter' to: [/*]
2019-05-27 10:44:25,592 org.springframework.boot.web.servlet.FilterRegistrationBean [localhost-startStop-1] (AbstractFilterRegistrationBean.java:271) INFO  --> Mapping filter: 'sessionFilter' to urls: [/*]
2019-05-27 10:44:25,592 org.springframework.boot.web.servlet.FilterRegistrationBean [localhost-startStop-1] (AbstractFilterRegistrationBean.java:271) INFO  --> Mapping filter: 'webStatFilter' to urls: [/*]
2019-05-27 10:44:25,592 org.springframework.boot.web.servlet.ServletRegistrationBean [localhost-startStop-1] (ServletRegistrationBean.java:190) INFO  --> Mapping servlet: 'dispatcherServlet' to [/]
2019-05-27 10:44:25,615 org.springframework.boot.web.servlet.ServletRegistrationBean [localhost-startStop-1] (ServletRegistrationBean.java:190) INFO  --> Mapping servlet: 'statViewServlet' to [/druid/*]
2019-05-27 10:44:26,335 com.alibaba.druid.pool.DruidDataSource [main] (DruidDataSource.java:847) INFO  --> {dataSource-1} inited
2019-05-27 10:44:27,088 com.yaof.RecordClearAideApplication [main] (RecordClearAideApplication.java:32) INFO  --> test:------初始化测试。。。。
2019-05-27 10:44:28,534 org.springframework.web.servlet.mvc.method.annotation.RequestMappingHandlerMapping [main] (AbstractHandlerMethodMapping.java:543) INFO  --> Mapped "{[/user/queryAccountDetail],methods=[POST]}" onto public com.yaof.pojo.utils.Response<java.util.List<com.yaof.pojo.AmmountSum>> com.yaof.controller.AmmountController.queryAccountDetail(com.yaof.pojo.AmmountSum,javax.servlet.http.HttpSession)
2019-05-27 10:44:28,536 org.springframework.web.servlet.mvc.method.annotation.RequestMappingHandlerMapping [main] (AbstractHandlerMethodMapping.java:543) INFO  --> Mapped "{[/user/saveDayDetailById],methods=[POST]}" onto public com.yaof.pojo.utils.Response<java.lang.String> com.yaof.controller.AmmountController.saveDayDetailById(com.yaof.pojo.AmmountSum)
2019-05-27 10:44:28,537 org.springframework.web.servlet.mvc.method.annotation.RequestMappingHandlerMapping [main] (AbstractHandlerMethodMapping.java:543) INFO  --> Mapped "{[/user/deleteDayDetailById],methods=[POST]}" onto public com.yaof.pojo.utils.Response<java.lang.String> com.yaof.controller.AmmountController.deleteDayDetailById(com.yaof.pojo.AmmountSum)
2019-05-27 10:44:28,538 org.springframework.web.servlet.mvc.method.annotation.RequestMappingHandlerMapping [main] (AbstractHandlerMethodMapping.java:543) INFO  --> Mapped "{[/user/queryDayDetail],methods=[POST]}" onto public com.yaof.pojo.utils.Response<java.util.List<com.yaof.pojo.AmmountSum>> com.yaof.controller.AmmountController.queryDayDetail(com.yaof.pojo.AmmountSum,javax.servlet.http.HttpSession)
2019-05-27 10:44:28,539 org.springframework.web.servlet.mvc.method.annotation.RequestMappingHandlerMapping [main] (AbstractHandlerMethodMapping.java:543) INFO  --> Mapped "{[/user/addAccountDetail],methods=[POST]}" onto public com.yaof.pojo.utils.Response<java.lang.String> com.yaof.controller.AmmountController.addAccountDetail(java.util.List<com.yaof.pojo.AmmountSum>,javax.servlet.http.HttpSession)
2019-05-27 10:44:28,582 org.springframework.web.servlet.mvc.method.annotation.RequestMappingHandlerMapping [main] (AbstractHandlerMethodMapping.java:543) INFO  --> Mapped "{[/register],methods=[POST]}" onto public com.yaof.pojo.utils.Response com.yaof.controller.UserController.register(com.yaof.pojo.User)
2019-05-27 10:44:28,582 org.springframework.web.servlet.mvc.method.annotation.RequestMappingHandlerMapping [main] (AbstractHandlerMethodMapping.java:543) INFO  --> Mapped "{[/getUserInfo],methods=[POST]}" onto public java.lang.String com.yaof.controller.UserController.getUserInfo(java.lang.String,javax.servlet.http.HttpServletRequest)
2019-05-27 10:44:28,583 org.springframework.web.servlet.mvc.method.annotation.RequestMappingHandlerMapping [main] (AbstractHandlerMethodMapping.java:543) INFO  --> Mapped "{[/updatePassword],methods=[POST]}" onto public com.yaof.pojo.utils.Response com.yaof.controller.UserController.updatePassword(java.util.Map<java.lang.String, java.lang.Object>,javax.servlet.http.HttpSession)
2019-05-27 10:44:28,584 org.springframework.web.servlet.mvc.method.annotation.RequestMappingHandlerMapping [main] (AbstractHandlerMethodMapping.java:543) INFO  --> Mapped "{[/addRcaUserInfo],methods=[POST]}" onto public com.yaof.pojo.utils.Response com.yaof.controller.UserController.addRcaUserInfo(com.yaof.pojo.User,javax.servlet.http.HttpSession)
2019-05-27 10:44:28,590 org.springframework.web.servlet.mvc.method.annotation.RequestMappingHandlerMapping [main] (AbstractHandlerMethodMapping.java:543) INFO  --> Mapped "{[/saveUserInfo],methods=[POST]}" onto public com.yaof.pojo.utils.Response com.yaof.controller.UserController.saveUserInfo(com.yaof.pojo.User,javax.servlet.http.HttpSession)
2019-05-27 10:44:28,592 org.springframework.web.servlet.mvc.method.annotation.RequestMappingHandlerMapping [main] (AbstractHandlerMethodMapping.java:543) INFO  --> Mapped "{[/logout],methods=[POST]}" onto public com.yaof.pojo.utils.Response com.yaof.controller.UserController.checkAccount(javax.servlet.http.HttpServletRequest)
2019-05-27 10:44:28,593 org.springframework.web.servlet.mvc.method.annotation.RequestMappingHandlerMapping [main] (AbstractHandlerMethodMapping.java:543) INFO  --> Mapped "{[/checkAccount],methods=[POST]}" onto public com.yaof.pojo.utils.Response com.yaof.controller.UserController.checkAccount(java.lang.String)
2019-05-27 10:44:28,594 org.springframework.web.servlet.mvc.method.annotation.RequestMappingHandlerMapping [main] (AbstractHandlerMethodMapping.java:543) INFO  --> Mapped "{[/queryAccountByPower],methods=[POST]}" onto private com.yaof.pojo.utils.Response<java.util.List<com.yaof.pojo.User>> com.yaof.controller.UserController.queryAccountByPower(com.yaof.pojo.User,javax.servlet.http.HttpSession)
2019-05-27 10:44:28,595 org.springframework.web.servlet.mvc.method.annotation.RequestMappingHandlerMapping [main] (AbstractHandlerMethodMapping.java:543) INFO  --> Mapped "{[/updatePasswordByAccount],methods=[POST]}" onto public com.yaof.pojo.utils.Response com.yaof.controller.UserController.updatePasswordByAccount(com.yaof.pojo.User,javax.servlet.http.HttpSession)
2019-05-27 10:44:28,595 org.springframework.web.servlet.mvc.method.annotation.RequestMappingHandlerMapping [main] (AbstractHandlerMethodMapping.java:543) INFO  --> Mapped "{[/deleteAccountById],methods=[POST]}" onto private com.yaof.pojo.utils.Response com.yaof.controller.UserController.deleteAccountById(java.lang.String)
2019-05-27 10:44:28,596 org.springframework.web.servlet.mvc.method.annotation.RequestMappingHandlerMapping [main] (AbstractHandlerMethodMapping.java:543) INFO  --> Mapped "{[/getAccount],methods=[POST]}" onto private java.lang.String com.yaof.controller.UserController.getAccount(javax.servlet.http.HttpSession)
2019-05-27 10:44:28,598 org.springframework.web.servlet.mvc.method.annotation.RequestMappingHandlerMapping [main] (AbstractHandlerMethodMapping.java:543) INFO  --> Mapped "{[/login],methods=[POST]}" onto public com.yaof.pojo.utils.Response com.yaof.controller.UserController.login(com.yaof.pojo.User,javax.servlet.http.HttpServletRequest)
2019-05-27 10:44:28,610 org.springframework.web.servlet.mvc.method.annotation.RequestMappingHandlerMapping [main] (AbstractHandlerMethodMapping.java:543) INFO  --> Mapped "{[/swagger-resources/configuration/ui]}" onto public org.springframework.http.ResponseEntity<springfox.documentation.swagger.web.UiConfiguration> springfox.documentation.swagger.web.ApiResourceController.uiConfiguration()
2019-05-27 10:44:28,611 org.springframework.web.servlet.mvc.method.annotation.RequestMappingHandlerMapping [main] (AbstractHandlerMethodMapping.java:543) INFO  --> Mapped "{[/swagger-resources]}" onto public org.springframework.http.ResponseEntity<java.util.List<springfox.documentation.swagger.web.SwaggerResource>> springfox.documentation.swagger.web.ApiResourceController.swaggerResources()
2019-05-27 10:44:28,613 org.springframework.web.servlet.mvc.method.annotation.RequestMappingHandlerMapping [main] (AbstractHandlerMethodMapping.java:543) INFO  --> Mapped "{[/swagger-resources/configuration/security]}" onto public org.springframework.http.ResponseEntity<springfox.documentation.swagger.web.SecurityConfiguration> springfox.documentation.swagger.web.ApiResourceController.securityConfiguration()
2019-05-27 10:44:28,616 org.springframework.web.servlet.mvc.method.annotation.RequestMappingHandlerMapping [main] (AbstractHandlerMethodMapping.java:543) INFO  --> Mapped "{[/error]}" onto public org.springframework.http.ResponseEntity<java.util.Map<java.lang.String, java.lang.Object>> org.springframework.boot.autoconfigure.web.BasicErrorController.error(javax.servlet.http.HttpServletRequest)
2019-05-27 10:44:28,617 org.springframework.web.servlet.mvc.method.annotation.RequestMappingHandlerMapping [main] (AbstractHandlerMethodMapping.java:543) INFO  --> Mapped "{[/error],produces=[text/html]}" onto public org.springframework.web.servlet.ModelAndView org.springframework.boot.autoconfigure.web.BasicErrorController.errorHtml(javax.servlet.http.HttpServletRequest,javax.servlet.http.HttpServletResponse)
2019-05-27 10:44:29,248 springfox.documentation.spring.web.PropertySourcedRequestMappingHandlerMapping [main] (PropertySourcedRequestMappingHandlerMapping.java:69) INFO  --> Mapped URL path [/v2/api-docs] onto method [public org.springframework.http.ResponseEntity<springfox.documentation.spring.web.json.Json> springfox.documentation.swagger2.web.Swagger2Controller.getDocumentation(java.lang.String,javax.servlet.http.HttpServletRequest)]
2019-05-27 10:44:30,118 org.springframework.web.servlet.mvc.method.annotation.RequestMappingHandlerAdapter [main] (RequestMappingHandlerAdapter.java:534) INFO  --> Looking for @ControllerAdvice: org.springframework.boot.context.embedded.AnnotationConfigEmbeddedWebApplicationContext@1f59a598: startup date [Mon May 27 10:44:17 CST 2019]; root of context hierarchy
2019-05-27 10:44:30,306 org.springframework.web.servlet.handler.SimpleUrlHandlerMapping [main] (AbstractUrlHandlerMapping.java:362) INFO  --> Mapped URL path [/webjars/**] onto handler of type [class org.springframework.web.servlet.resource.ResourceHttpRequestHandler]
2019-05-27 10:44:30,306 org.springframework.web.servlet.handler.SimpleUrlHandlerMapping [main] (AbstractUrlHandlerMapping.java:362) INFO  --> Mapped URL path [/**] onto handler of type [class org.springframework.web.servlet.resource.ResourceHttpRequestHandler]
2019-05-27 10:44:30,487 org.springframework.web.servlet.handler.SimpleUrlHandlerMapping [main] (AbstractUrlHandlerMapping.java:362) INFO  --> Mapped URL path [/**/favicon.ico] onto handler of type [class org.springframework.web.servlet.resource.ResourceHttpRequestHandler]
2019-05-27 10:44:31,807 org.springframework.jmx.export.annotation.AnnotationMBeanExporter [main] (MBeanExporter.java:431) INFO  --> Registering beans for JMX exposure on startup
2019-05-27 10:44:31,810 org.springframework.jmx.export.annotation.AnnotationMBeanExporter [main] (MBeanExporter.java:918) INFO  --> Bean with name 'dataSource' has been autodetected for JMX exposure
2019-05-27 10:44:31,820 org.springframework.jmx.export.annotation.AnnotationMBeanExporter [main] (MBeanExporter.java:672) INFO  --> Located MBean 'dataSource': registering with JMX server as MBean [com.alibaba.druid.pool:name=dataSource,type=DruidDataSource]
2019-05-27 10:44:31,824 org.springframework.context.support.DefaultLifecycleProcessor [main] (DefaultLifecycleProcessor.java:341) INFO  --> Starting beans in phase 2147483647
2019-05-27 10:44:31,825 springfox.documentation.spring.web.plugins.DocumentationPluginsBootstrapper [main] (DocumentationPluginsBootstrapper.java:147) INFO  --> Context refreshed
2019-05-27 10:44:31,889 springfox.documentation.spring.web.plugins.DocumentationPluginsBootstrapper [main] (DocumentationPluginsBootstrapper.java:150) INFO  --> Found 1 custom documentation plugin(s)
2019-05-27 10:44:32,080 springfox.documentation.spring.web.scanners.ApiListingReferenceScanner [main] (ApiListingReferenceScanner.java:41) INFO  --> Scanning for api listing references
2019-05-27 10:44:32,747 springfox.documentation.spring.web.readers.operation.CachingOperationNameGenerator [main] (CachingOperationNameGenerator.java:40) INFO  --> Generating unique operation named: checkAccountUsingPOST_1
2019-05-27 10:44:33,195 org.springframework.boot.context.embedded.tomcat.TomcatEmbeddedServletContainer [main] (TomcatEmbeddedServletContainer.java:216) INFO  --> Tomcat started on port(s): 8088 (http)
2019-05-27 10:44:33,203 com.yaof.RecordClearAideApplication [main] (StartupInfoLogger.java:57) INFO  --> Started RecordClearAideApplication in 16.384 seconds (JVM running for 23.269)
2019-05-27 10:44:33,203 com.yaof.RecordClearAideApplication [main] (RecordClearAideApplication.java:22) INFO  --> RecordClearAideApplication start success.
2019-05-27 10:44:41,227 org.springframework.web.servlet.DispatcherServlet [http-nio-8088-exec-8] (FrameworkServlet.java:489) INFO  --> FrameworkServlet 'dispatcherServlet': initialization started
2019-05-27 10:44:41,314 org.springframework.web.servlet.DispatcherServlet [http-nio-8088-exec-8] (FrameworkServlet.java:508) INFO  --> FrameworkServlet 'dispatcherServlet': initialization completed in 86 ms
2019-05-27 10:44:53,951 com.yaof.controller.UserController [http-nio-8088-exec-2] (UserController.java:68) INFO  --> 请求参数:{"account":"yaofang","id":0,"password":"123456"}
2019-05-27 10:44:53,951 com.yaof.controller.UserController [http-nio-8088-exec-2] (UserController.java:71) INFO  --> test.id:--------------->123
2019-05-27 10:44:54,960 com.yaof.point.TransactionDemo [http-nio-8088-exec-2] (TransactionDemo.java:13) INFO  --> point before...
2019-05-27 10:44:57,203 com.yaof.point.TransactionDemo [http-nio-8088-exec-2] (TransactionDemo.java:17) INFO  --> point after...
2019-05-27 10:45:05,953 com.yaof.interceptor.WebAppConfig [http-nio-8088-exec-6] (WebAppConfig.java:52) INFO  --> ============================================
2019-05-27 10:45:05,953 com.yaof.interceptor.WebAppConfig [http-nio-8088-exec-6] (WebAppConfig.java:53) INFO  --> 拦截账号：null
2019-05-27 10:45:05,965 com.yaof.controller.AmmountController [http-nio-8088-exec-6] (AmmountController.java:46) INFO  --> 根据用户Id查询账户信息，参数:{"cost":0.0,"income":0.0,"limit":0,"month":"5","sub":0.0,"type":"day","userId":"1","year":"2019"}
2019-05-27 10:45:05,966 com.yaof.point.TransactionDemo [http-nio-8088-exec-6] (TransactionDemo.java:13) INFO  --> point before...
2019-05-27 10:45:06,220 com.yaof.point.TransactionDemo [http-nio-8088-exec-6] (TransactionDemo.java:17) INFO  --> point after...
2019-05-27 10:45:06,222 com.yaof.controller.AmmountController [http-nio-8088-exec-6] (AmmountController.java:48) INFO  --> 根据用户Id查询账户信息，返回结果:[{"cost":188.0,"day":"19","income":0.0,"limit":0,"month":"5","sub":-188.0,"userId":"0","year":"2019"},{"cost":41.6,"day":"18","income":0.0,"limit":0,"month":"5","sub":-41.6,"userId":"0","year":"2019"},{"cost":12.5,"day":"15","income":0.0,"limit":0,"month":"5","sub":-12.5,"userId":"0","year":"2019"},{"cost":7.9,"day":"14","income":0.0,"limit":0,"month":"5","sub":-7.9,"userId":"0","year":"2019"},{"cost":115.5,"day":"12","income":0.0,"limit":0,"month":"5","sub":-115.5,"userId":"0","year":"2019"},{"cost":123.3,"day":"9","income":0.0,"limit":0,"month":"5","sub":-123.3,"userId":"0","year":"2019"},{"cost":27.5,"day":"4","income":0.0,"limit":0,"month":"5","sub":-27.5,"userId":"0","year":"2019"},{"cost":217.3,"day":"3","income":0.0,"limit":0,"month":"5","sub":-217.3,"userId":"0","year":"2019"},{"cost":99.8,"day":"2","income":0.0,"limit":0,"month":"5","sub":-99.8,"userId":"0","year":"2019"},{"cost":1900.0,"day":"1","income":0.0,"limit":0,"month":"5","sub":-1900.0,"userId":"0","year":"2019"}]
2019-05-27 10:45:09,330 com.yaof.interceptor.WebAppConfig [http-nio-8088-exec-7] (WebAppConfig.java:52) INFO  --> ============================================
2019-05-27 10:45:09,331 com.yaof.interceptor.WebAppConfig [http-nio-8088-exec-7] (WebAppConfig.java:53) INFO  --> 拦截账号：null
2019-05-27 10:45:09,334 com.yaof.controller.AmmountController [http-nio-8088-exec-7] (AmmountController.java:46) INFO  --> 根据用户Id查询账户信息，参数:{"cost":0.0,"day":"","income":0.0,"limit":0,"month":"5","sub":0.0,"type":"day","userId":"1","year":"2019"}
2019-05-27 10:45:09,334 com.yaof.point.TransactionDemo [http-nio-8088-exec-7] (TransactionDemo.java:13) INFO  --> point before...
2019-05-27 10:45:09,343 com.yaof.point.TransactionDemo [http-nio-8088-exec-7] (TransactionDemo.java:17) INFO  --> point after...
2019-05-27 10:45:09,347 com.yaof.controller.AmmountController [http-nio-8088-exec-7] (AmmountController.java:48) INFO  --> 根据用户Id查询账户信息，返回结果:[{"cost":188.0,"day":"19","income":0.0,"limit":0,"month":"5","sub":-188.0,"userId":"0","year":"2019"},{"cost":41.6,"day":"18","income":0.0,"limit":0,"month":"5","sub":-41.6,"userId":"0","year":"2019"},{"cost":12.5,"day":"15","income":0.0,"limit":0,"month":"5","sub":-12.5,"userId":"0","year":"2019"},{"cost":7.9,"day":"14","income":0.0,"limit":0,"month":"5","sub":-7.9,"userId":"0","year":"2019"},{"cost":115.5,"day":"12","income":0.0,"limit":0,"month":"5","sub":-115.5,"userId":"0","year":"2019"},{"cost":123.3,"day":"9","income":0.0,"limit":0,"month":"5","sub":-123.3,"userId":"0","year":"2019"},{"cost":27.5,"day":"4","income":0.0,"limit":0,"month":"5","sub":-27.5,"userId":"0","year":"2019"},{"cost":217.3,"day":"3","income":0.0,"limit":0,"month":"5","sub":-217.3,"userId":"0","year":"2019"},{"cost":99.8,"day":"2","income":0.0,"limit":0,"month":"5","sub":-99.8,"userId":"0","year":"2019"},{"cost":1900.0,"day":"1","income":0.0,"limit":0,"month":"5","sub":-1900.0,"userId":"0","year":"2019"}]
2019-05-27 10:45:14,180 com.yaof.interceptor.WebAppConfig [http-nio-8088-exec-1] (WebAppConfig.java:52) INFO  --> ============================================
2019-05-27 10:45:14,181 com.yaof.interceptor.WebAppConfig [http-nio-8088-exec-1] (WebAppConfig.java:53) INFO  --> 拦截账号：null
2019-05-27 10:45:14,184 com.yaof.controller.AmmountController [http-nio-8088-exec-1] (AmmountController.java:46) INFO  --> 根据用户Id查询账户信息，参数:{"cost":0.0,"income":0.0,"limit":0,"month":"5","sub":0.0,"type":"day","userId":"1","year":"2019"}
2019-05-27 10:45:14,185 com.yaof.point.TransactionDemo [http-nio-8088-exec-1] (TransactionDemo.java:13) INFO  --> point before...
2019-05-27 10:45:14,191 com.yaof.point.TransactionDemo [http-nio-8088-exec-1] (TransactionDemo.java:17) INFO  --> point after...
2019-05-27 10:45:14,192 com.yaof.controller.AmmountController [http-nio-8088-exec-1] (AmmountController.java:48) INFO  --> 根据用户Id查询账户信息，返回结果:[{"cost":188.0,"day":"19","income":0.0,"limit":0,"month":"5","sub":-188.0,"userId":"0","year":"2019"},{"cost":41.6,"day":"18","income":0.0,"limit":0,"month":"5","sub":-41.6,"userId":"0","year":"2019"},{"cost":12.5,"day":"15","income":0.0,"limit":0,"month":"5","sub":-12.5,"userId":"0","year":"2019"},{"cost":7.9,"day":"14","income":0.0,"limit":0,"month":"5","sub":-7.9,"userId":"0","year":"2019"},{"cost":115.5,"day":"12","income":0.0,"limit":0,"month":"5","sub":-115.5,"userId":"0","year":"2019"},{"cost":123.3,"day":"9","income":0.0,"limit":0,"month":"5","sub":-123.3,"userId":"0","year":"2019"},{"cost":27.5,"day":"4","income":0.0,"limit":0,"month":"5","sub":-27.5,"userId":"0","year":"2019"},{"cost":217.3,"day":"3","income":0.0,"limit":0,"month":"5","sub":-217.3,"userId":"0","year":"2019"},{"cost":99.8,"day":"2","income":0.0,"limit":0,"month":"5","sub":-99.8,"userId":"0","year":"2019"},{"cost":1900.0,"day":"1","income":0.0,"limit":0,"month":"5","sub":-1900.0,"userId":"0","year":"2019"}]
2019-05-27 11:51:04,016 com.yaof.controller.UserController [http-nio-8088-exec-4] (UserController.java:68) INFO  --> 请求参数:{"account":"yaofang","id":0,"password":"123456"}
2019-05-27 11:51:04,022 com.yaof.controller.UserController [http-nio-8088-exec-4] (UserController.java:71) INFO  --> test.id:--------------->123
2019-05-27 11:51:05,025 com.yaof.point.TransactionDemo [http-nio-8088-exec-4] (TransactionDemo.java:13) INFO  --> point before...
2019-05-27 11:51:05,063 com.yaof.point.TransactionDemo [http-nio-8088-exec-4] (TransactionDemo.java:17) INFO  --> point after...
2019-05-27 11:51:06,945 com.yaof.interceptor.WebAppConfig [http-nio-8088-exec-3] (WebAppConfig.java:52) INFO  --> ============================================
2019-05-27 11:51:06,945 com.yaof.interceptor.WebAppConfig [http-nio-8088-exec-3] (WebAppConfig.java:53) INFO  --> 拦截账号：null
2019-05-27 11:51:06,948 com.yaof.controller.AmmountController [http-nio-8088-exec-3] (AmmountController.java:46) INFO  --> 根据用户Id查询账户信息，参数:{"cost":0.0,"income":0.0,"limit":0,"month":"5","sub":0.0,"type":"day","userId":"1","year":"2019"}
2019-05-27 11:51:06,948 com.yaof.point.TransactionDemo [http-nio-8088-exec-3] (TransactionDemo.java:13) INFO  --> point before...
2019-05-27 11:51:06,960 com.yaof.point.TransactionDemo [http-nio-8088-exec-3] (TransactionDemo.java:17) INFO  --> point after...
2019-05-27 11:51:06,961 com.yaof.controller.AmmountController [http-nio-8088-exec-3] (AmmountController.java:48) INFO  --> 根据用户Id查询账户信息，返回结果:[{"cost":188.0,"day":"19","income":0.0,"limit":0,"month":"5","sub":-188.0,"userId":"0","year":"2019"},{"cost":41.6,"day":"18","income":0.0,"limit":0,"month":"5","sub":-41.6,"userId":"0","year":"2019"},{"cost":12.5,"day":"15","income":0.0,"limit":0,"month":"5","sub":-12.5,"userId":"0","year":"2019"},{"cost":7.9,"day":"14","income":0.0,"limit":0,"month":"5","sub":-7.9,"userId":"0","year":"2019"},{"cost":115.5,"day":"12","income":0.0,"limit":0,"month":"5","sub":-115.5,"userId":"0","year":"2019"},{"cost":123.3,"day":"9","income":0.0,"limit":0,"month":"5","sub":-123.3,"userId":"0","year":"2019"},{"cost":27.5,"day":"4","income":0.0,"limit":0,"month":"5","sub":-27.5,"userId":"0","year":"2019"},{"cost":217.3,"day":"3","income":0.0,"limit":0,"month":"5","sub":-217.3,"userId":"0","year":"2019"},{"cost":99.8,"day":"2","income":0.0,"limit":0,"month":"5","sub":-99.8,"userId":"0","year":"2019"},{"cost":1900.0,"day":"1","income":0.0,"limit":0,"month":"5","sub":-1900.0,"userId":"0","year":"2019"}]
2019-05-27 11:52:03,102 com.yaof.interceptor.WebAppConfig [http-nio-8088-exec-10] (WebAppConfig.java:52) INFO  --> ============================================
2019-05-27 11:52:03,103 com.yaof.interceptor.WebAppConfig [http-nio-8088-exec-10] (WebAppConfig.java:53) INFO  --> 拦截账号：null
2019-05-27 11:52:03,112 com.yaof.controller.UserController [http-nio-8088-exec-9] (UserController.java:68) INFO  --> 请求参数:{"account":"yaofang","id":0,"password":"123456"}
2019-05-27 11:52:03,113 com.yaof.controller.UserController [http-nio-8088-exec-9] (UserController.java:71) INFO  --> test.id:--------------->123
2019-05-27 11:52:04,113 com.yaof.point.TransactionDemo [http-nio-8088-exec-9] (TransactionDemo.java:13) INFO  --> point before...
2019-05-27 11:52:04,123 com.yaof.point.TransactionDemo [http-nio-8088-exec-9] (TransactionDemo.java:17) INFO  --> point after...
2019-05-27 11:52:04,136 com.yaof.interceptor.WebAppConfig [http-nio-8088-exec-5] (WebAppConfig.java:52) INFO  --> ============================================
2019-05-27 11:52:04,136 com.yaof.interceptor.WebAppConfig [http-nio-8088-exec-5] (WebAppConfig.java:53) INFO  --> 拦截账号：null
2019-05-27 11:52:04,139 com.yaof.point.TransactionDemo [http-nio-8088-exec-5] (TransactionDemo.java:13) INFO  --> point before...
2019-05-27 11:52:04,141 com.yaof.service.impl.UserServiceImpl [http-nio-8088-exec-5] (UserServiceImpl.java:90) INFO  --> ---------
2019-05-27 11:52:04,146 com.yaof.point.TransactionDemo [http-nio-8088-exec-5] (TransactionDemo.java:17) INFO  --> point after...
2019-05-27 11:52:29,250 com.yaof.controller.UserController [http-nio-8088-exec-7] (UserController.java:123) INFO  --> 检查此账号是否已经被注册请求参数:qw
2019-05-27 11:52:29,250 com.yaof.point.TransactionDemo [http-nio-8088-exec-7] (TransactionDemo.java:13) INFO  --> point before...
2019-05-27 11:52:29,253 com.yaof.point.TransactionDemo [http-nio-8088-exec-7] (TransactionDemo.java:17) INFO  --> point after...
2019-05-27 11:52:30,786 com.yaof.controller.UserController [http-nio-8088-exec-6] (UserController.java:123) INFO  --> 检查此账号是否已经被注册请求参数:qwq
2019-05-27 11:52:30,787 com.yaof.point.TransactionDemo [http-nio-8088-exec-6] (TransactionDemo.java:13) INFO  --> point before...
2019-05-27 11:52:30,793 com.yaof.point.TransactionDemo [http-nio-8088-exec-6] (TransactionDemo.java:17) INFO  --> point after...
2019-05-27 11:52:32,180 com.yaof.controller.UserController [http-nio-8088-exec-8] (UserController.java:123) INFO  --> 检查此账号是否已经被注册请求参数:qwq
2019-05-27 11:52:32,182 com.yaof.point.TransactionDemo [http-nio-8088-exec-8] (TransactionDemo.java:13) INFO  --> point before...
2019-05-27 11:52:32,188 com.yaof.point.TransactionDemo [http-nio-8088-exec-8] (TransactionDemo.java:17) INFO  --> point after...
2019-05-27 11:52:34,418 com.yaof.controller.UserController [http-nio-8088-exec-3] (UserController.java:123) INFO  --> 检查此账号是否已经被注册请求参数:qwqeqweqeqw
2019-05-27 11:52:34,419 com.yaof.point.TransactionDemo [http-nio-8088-exec-3] (TransactionDemo.java:13) INFO  --> point before...
2019-05-27 11:52:34,423 com.yaof.point.TransactionDemo [http-nio-8088-exec-3] (TransactionDemo.java:17) INFO  --> point after...
2019-05-27 11:52:39,473 com.yaof.controller.UserController [http-nio-8088-exec-10] (UserController.java:123) INFO  --> 检查此账号是否已经被注册请求参数:yaofang
2019-05-27 11:52:39,474 com.yaof.point.TransactionDemo [http-nio-8088-exec-10] (TransactionDemo.java:13) INFO  --> point before...
2019-05-27 11:52:39,479 com.yaof.point.TransactionDemo [http-nio-8088-exec-10] (TransactionDemo.java:17) INFO  --> point after...
2019-05-27 11:52:41,939 com.yaof.controller.UserController [http-nio-8088-exec-9] (UserController.java:123) INFO  --> 检查此账号是否已经被注册请求参数:yaofang
2019-05-27 11:52:41,940 com.yaof.point.TransactionDemo [http-nio-8088-exec-9] (TransactionDemo.java:13) INFO  --> point before...
2019-05-27 11:52:41,944 com.yaof.point.TransactionDemo [http-nio-8088-exec-9] (TransactionDemo.java:17) INFO  --> point after...
2019-05-27 11:52:48,869 com.yaof.interceptor.WebAppConfig [http-nio-8088-exec-2] (WebAppConfig.java:52) INFO  --> ============================================
2019-05-27 11:52:48,869 com.yaof.interceptor.WebAppConfig [http-nio-8088-exec-2] (WebAppConfig.java:53) INFO  --> 拦截账号：null
2019-05-27 11:52:55,285 com.yaof.interceptor.WebAppConfig [http-nio-8088-exec-4] (WebAppConfig.java:52) INFO  --> ============================================
2019-05-27 11:52:55,285 com.yaof.interceptor.WebAppConfig [http-nio-8088-exec-4] (WebAppConfig.java:53) INFO  --> 拦截账号：null
2019-05-27 11:52:55,286 com.yaof.controller.AmmountController [http-nio-8088-exec-4] (AmmountController.java:46) INFO  --> 根据用户Id查询账户信息，参数:{"cost":0.0,"day":"","income":0.0,"limit":0,"month":"5","sub":0.0,"type":"day","userId":"1","year":"2019"}
2019-05-27 11:52:55,286 com.yaof.point.TransactionDemo [http-nio-8088-exec-4] (TransactionDemo.java:13) INFO  --> point before...
2019-05-27 11:52:55,292 com.yaof.point.TransactionDemo [http-nio-8088-exec-4] (TransactionDemo.java:17) INFO  --> point after...
2019-05-27 11:52:55,292 com.yaof.controller.AmmountController [http-nio-8088-exec-4] (AmmountController.java:48) INFO  --> 根据用户Id查询账户信息，返回结果:[{"cost":188.0,"day":"19","income":0.0,"limit":0,"month":"5","sub":-188.0,"userId":"0","year":"2019"},{"cost":41.6,"day":"18","income":0.0,"limit":0,"month":"5","sub":-41.6,"userId":"0","year":"2019"},{"cost":12.5,"day":"15","income":0.0,"limit":0,"month":"5","sub":-12.5,"userId":"0","year":"2019"},{"cost":7.9,"day":"14","income":0.0,"limit":0,"month":"5","sub":-7.9,"userId":"0","year":"2019"},{"cost":115.5,"day":"12","income":0.0,"limit":0,"month":"5","sub":-115.5,"userId":"0","year":"2019"},{"cost":123.3,"day":"9","income":0.0,"limit":0,"month":"5","sub":-123.3,"userId":"0","year":"2019"},{"cost":27.5,"day":"4","income":0.0,"limit":0,"month":"5","sub":-27.5,"userId":"0","year":"2019"},{"cost":217.3,"day":"3","income":0.0,"limit":0,"month":"5","sub":-217.3,"userId":"0","year":"2019"},{"cost":99.8,"day":"2","income":0.0,"limit":0,"month":"5","sub":-99.8,"userId":"0","year":"2019"},{"cost":1900.0,"day":"1","income":0.0,"limit":0,"month":"5","sub":-1900.0,"userId":"0","year":"2019"}]
2019-05-27 11:52:56,214 com.yaof.interceptor.WebAppConfig [http-nio-8088-exec-1] (WebAppConfig.java:52) INFO  --> ============================================
2019-05-27 11:52:56,214 com.yaof.interceptor.WebAppConfig [http-nio-8088-exec-1] (WebAppConfig.java:53) INFO  --> 拦截账号：null
2019-05-27 11:52:56,217 com.yaof.controller.AmmountController [http-nio-8088-exec-1] (AmmountController.java:63) INFO  --> 根据当天花费Id查询当天详细信息，参数:{"cost":0.0,"happenDate":"2019-5-19","income":0.0,"limit":0,"sub":0.0,"userId":"1"}
2019-05-27 11:52:56,219 com.yaof.point.TransactionDemo [http-nio-8088-exec-1] (TransactionDemo.java:13) INFO  --> point before...
2019-05-27 11:52:56,242 com.yaof.point.TransactionDemo [http-nio-8088-exec-1] (TransactionDemo.java:17) INFO  --> point after...
2019-05-27 11:52:56,242 com.yaof.controller.AmmountController [http-nio-8088-exec-1] (AmmountController.java:65) INFO  --> 根据当天花费Id查询当天详细信息，返回结果:[{"cost":88.0,"day":"19","desc":"礼物","happenTime":"13:30:00","id":"579","income":0.0,"limit":0,"month":"5","sub":0.0,"userId":"0","year":"2019"},{"cost":100.0,"day":"19","desc":"话费","happenTime":"17:30:00","id":"580","income":0.0,"limit":0,"month":"5","sub":0.0,"userId":"0","year":"2019"}]
2019-05-27 11:53:00,284 com.yaof.interceptor.WebAppConfig [http-nio-8088-exec-7] (WebAppConfig.java:52) INFO  --> ============================================
2019-05-27 11:53:00,285 com.yaof.interceptor.WebAppConfig [http-nio-8088-exec-7] (WebAppConfig.java:53) INFO  --> 拦截账号：null
2019-05-27 11:53:00,285 com.yaof.controller.AmmountController [http-nio-8088-exec-7] (AmmountController.java:46) INFO  --> 根据用户Id查询账户信息，参数:{"cost":0.0,"day":"","income":0.0,"limit":0,"month":"5","sub":0.0,"type":"day","userId":"1","year":"2019"}
2019-05-27 11:53:00,286 com.yaof.point.TransactionDemo [http-nio-8088-exec-7] (TransactionDemo.java:13) INFO  --> point before...
2019-05-27 11:53:00,291 com.yaof.point.TransactionDemo [http-nio-8088-exec-7] (TransactionDemo.java:17) INFO  --> point after...
2019-05-27 11:53:00,292 com.yaof.controller.AmmountController [http-nio-8088-exec-7] (AmmountController.java:48) INFO  --> 根据用户Id查询账户信息，返回结果:[{"cost":188.0,"day":"19","income":0.0,"limit":0,"month":"5","sub":-188.0,"userId":"0","year":"2019"},{"cost":41.6,"day":"18","income":0.0,"limit":0,"month":"5","sub":-41.6,"userId":"0","year":"2019"},{"cost":12.5,"day":"15","income":0.0,"limit":0,"month":"5","sub":-12.5,"userId":"0","year":"2019"},{"cost":7.9,"day":"14","income":0.0,"limit":0,"month":"5","sub":-7.9,"userId":"0","year":"2019"},{"cost":115.5,"day":"12","income":0.0,"limit":0,"month":"5","sub":-115.5,"userId":"0","year":"2019"},{"cost":123.3,"day":"9","income":0.0,"limit":0,"month":"5","sub":-123.3,"userId":"0","year":"2019"},{"cost":27.5,"day":"4","income":0.0,"limit":0,"month":"5","sub":-27.5,"userId":"0","year":"2019"},{"cost":217.3,"day":"3","income":0.0,"limit":0,"month":"5","sub":-217.3,"userId":"0","year":"2019"},{"cost":99.8,"day":"2","income":0.0,"limit":0,"month":"5","sub":-99.8,"userId":"0","year":"2019"},{"cost":1900.0,"day":"1","income":0.0,"limit":0,"month":"5","sub":-1900.0,"userId":"0","year":"2019"}]
2019-05-27 13:49:57,348 com.yaof.controller.UserController [http-nio-8088-exec-10] (UserController.java:68) INFO  --> 请求参数:{"account":"yaofang","id":0,"password":"123456"}
2019-05-27 13:49:57,350 com.yaof.controller.UserController [http-nio-8088-exec-10] (UserController.java:71) INFO  --> test.id:--------------->123
2019-05-27 13:49:58,351 com.yaof.point.TransactionDemo [http-nio-8088-exec-10] (TransactionDemo.java:13) INFO  --> point before...
2019-05-27 13:49:58,370 com.yaof.point.TransactionDemo [http-nio-8088-exec-10] (TransactionDemo.java:17) INFO  --> point after...
2019-05-27 13:49:59,387 com.yaof.interceptor.WebAppConfig [http-nio-8088-exec-6] (WebAppConfig.java:52) INFO  --> ============================================
2019-05-27 13:49:59,387 com.yaof.interceptor.WebAppConfig [http-nio-8088-exec-6] (WebAppConfig.java:53) INFO  --> 拦截账号：null
2019-05-27 13:49:59,388 com.yaof.controller.AmmountController [http-nio-8088-exec-6] (AmmountController.java:46) INFO  --> 根据用户Id查询账户信息，参数:{"cost":0.0,"income":0.0,"limit":0,"month":"5","sub":0.0,"type":"day","userId":"1","year":"2019"}
2019-05-27 13:49:59,389 com.yaof.point.TransactionDemo [http-nio-8088-exec-6] (TransactionDemo.java:13) INFO  --> point before...
2019-05-27 13:49:59,394 com.yaof.point.TransactionDemo [http-nio-8088-exec-6] (TransactionDemo.java:17) INFO  --> point after...
2019-05-27 13:49:59,395 com.yaof.controller.AmmountController [http-nio-8088-exec-6] (AmmountController.java:48) INFO  --> 根据用户Id查询账户信息，返回结果:[{"cost":188.0,"day":"19","income":0.0,"limit":0,"month":"5","sub":-188.0,"userId":"0","year":"2019"},{"cost":41.6,"day":"18","income":0.0,"limit":0,"month":"5","sub":-41.6,"userId":"0","year":"2019"},{"cost":12.5,"day":"15","income":0.0,"limit":0,"month":"5","sub":-12.5,"userId":"0","year":"2019"},{"cost":7.9,"day":"14","income":0.0,"limit":0,"month":"5","sub":-7.9,"userId":"0","year":"2019"},{"cost":115.5,"day":"12","income":0.0,"limit":0,"month":"5","sub":-115.5,"userId":"0","year":"2019"},{"cost":123.3,"day":"9","income":0.0,"limit":0,"month":"5","sub":-123.3,"userId":"0","year":"2019"},{"cost":27.5,"day":"4","income":0.0,"limit":0,"month":"5","sub":-27.5,"userId":"0","year":"2019"},{"cost":217.3,"day":"3","income":0.0,"limit":0,"month":"5","sub":-217.3,"userId":"0","year":"2019"},{"cost":99.8,"day":"2","income":0.0,"limit":0,"month":"5","sub":-99.8,"userId":"0","year":"2019"},{"cost":1900.0,"day":"1","income":0.0,"limit":0,"month":"5","sub":-1900.0,"userId":"0","year":"2019"}]
2019-05-27 13:50:31,355 com.yaof.interceptor.WebAppConfig [http-nio-8088-exec-8] (WebAppConfig.java:52) INFO  --> ============================================
2019-05-27 13:50:31,355 com.yaof.interceptor.WebAppConfig [http-nio-8088-exec-8] (WebAppConfig.java:53) INFO  --> 拦截账号：null
2019-05-27 13:50:31,366 com.yaof.controller.AmmountController [http-nio-8088-exec-8] (AmmountController.java:76) INFO  --> 保存添加的费用明细，参数:[{"cost":0.0,"desc":"","happenDate":"2019-05-20","happenTime":"10:00:00","income":5.2,"limit":0,"sub":0.0,"userId":"0"},{"cost":520.0,"desc":"","happenDate":"2019-05-20","happenTime":"10:10:00","income":0.0,"limit":0,"sub":0.0,"userId":"0"}]
2019-05-27 13:50:31,367 com.yaof.point.TransactionDemo [http-nio-8088-exec-8] (TransactionDemo.java:13) INFO  --> point before...
2019-05-27 13:50:31,507 com.yaof.point.TransactionDemo [http-nio-8088-exec-8] (TransactionDemo.java:17) INFO  --> point after...
2019-05-27 13:50:47,048 com.yaof.interceptor.WebAppConfig [http-nio-8088-exec-3] (WebAppConfig.java:52) INFO  --> ============================================
2019-05-27 13:50:47,049 com.yaof.interceptor.WebAppConfig [http-nio-8088-exec-3] (WebAppConfig.java:53) INFO  --> 拦截账号：null
2019-05-27 13:50:47,050 com.yaof.controller.AmmountController [http-nio-8088-exec-3] (AmmountController.java:76) INFO  --> 保存添加的费用明细，参数:[{"cost":10000.0,"desc":"","happenDate":"2019-05-26","happenTime":"19:10:00","income":0.0,"limit":0,"sub":0.0,"userId":"0"}]
2019-05-27 13:50:47,051 com.yaof.point.TransactionDemo [http-nio-8088-exec-3] (TransactionDemo.java:13) INFO  --> point before...
2019-05-27 13:50:47,100 com.yaof.point.TransactionDemo [http-nio-8088-exec-3] (TransactionDemo.java:17) INFO  --> point after...
2019-05-27 13:51:47,075 com.yaof.interceptor.WebAppConfig [http-nio-8088-exec-2] (WebAppConfig.java:52) INFO  --> ============================================
2019-05-27 13:51:47,075 com.yaof.interceptor.WebAppConfig [http-nio-8088-exec-2] (WebAppConfig.java:53) INFO  --> 拦截账号：null
2019-05-27 13:51:47,076 com.yaof.controller.AmmountController [http-nio-8088-exec-2] (AmmountController.java:46) INFO  --> 根据用户Id查询账户信息，参数:{"cost":0.0,"day":"","income":0.0,"limit":0,"month":"5","sub":0.0,"type":"day","userId":"1","year":"2019"}
2019-05-27 13:51:47,077 com.yaof.point.TransactionDemo [http-nio-8088-exec-2] (TransactionDemo.java:13) INFO  --> point before...
2019-05-27 13:51:47,084 com.yaof.point.TransactionDemo [http-nio-8088-exec-2] (TransactionDemo.java:17) INFO  --> point after...
2019-05-27 13:51:47,085 com.yaof.controller.AmmountController [http-nio-8088-exec-2] (AmmountController.java:48) INFO  --> 根据用户Id查询账户信息，返回结果:[{"cost":10000.0,"day":"26","income":0.0,"limit":0,"month":"5","sub":-10000.0,"userId":"0","year":"2019"},{"cost":520.0,"day":"20","income":5.2,"limit":0,"month":"5","sub":-514.8,"userId":"0","year":"2019"},{"cost":188.0,"day":"19","income":0.0,"limit":0,"month":"5","sub":-188.0,"userId":"0","year":"2019"},{"cost":41.6,"day":"18","income":0.0,"limit":0,"month":"5","sub":-41.6,"userId":"0","year":"2019"},{"cost":12.5,"day":"15","income":0.0,"limit":0,"month":"5","sub":-12.5,"userId":"0","year":"2019"},{"cost":7.9,"day":"14","income":0.0,"limit":0,"month":"5","sub":-7.9,"userId":"0","year":"2019"},{"cost":115.5,"day":"12","income":0.0,"limit":0,"month":"5","sub":-115.5,"userId":"0","year":"2019"},{"cost":123.3,"day":"9","income":0.0,"limit":0,"month":"5","sub":-123.3,"userId":"0","year":"2019"},{"cost":27.5,"day":"4","income":0.0,"limit":0,"month":"5","sub":-27.5,"userId":"0","year":"2019"},{"cost":217.3,"day":"3","income":0.0,"limit":0,"month":"5","sub":-217.3,"userId":"0","year":"2019"},{"cost":99.8,"day":"2","income":0.0,"limit":0,"month":"5","sub":-99.8,"userId":"0","year":"2019"},{"cost":1900.0,"day":"1","income":0.0,"limit":0,"month":"5","sub":-1900.0,"userId":"0","year":"2019"}]
2019-05-27 13:51:47,568 com.yaof.interceptor.WebAppConfig [http-nio-8088-exec-5] (WebAppConfig.java:52) INFO  --> ============================================
2019-05-27 13:51:47,569 com.yaof.interceptor.WebAppConfig [http-nio-8088-exec-5] (WebAppConfig.java:53) INFO  --> 拦截账号：null
2019-05-27 13:51:47,570 com.yaof.controller.AmmountController [http-nio-8088-exec-5] (AmmountController.java:46) INFO  --> 根据用户Id查询账户信息，参数:{"cost":0.0,"day":"","income":0.0,"limit":0,"month":"5","sub":0.0,"type":"day","userId":"1","year":"2019"}
2019-05-27 13:51:47,571 com.yaof.point.TransactionDemo [http-nio-8088-exec-5] (TransactionDemo.java:13) INFO  --> point before...
2019-05-27 13:51:47,576 com.yaof.point.TransactionDemo [http-nio-8088-exec-5] (TransactionDemo.java:17) INFO  --> point after...
2019-05-27 13:51:47,577 com.yaof.controller.AmmountController [http-nio-8088-exec-5] (AmmountController.java:48) INFO  --> 根据用户Id查询账户信息，返回结果:[{"cost":10000.0,"day":"26","income":0.0,"limit":0,"month":"5","sub":-10000.0,"userId":"0","year":"2019"},{"cost":520.0,"day":"20","income":5.2,"limit":0,"month":"5","sub":-514.8,"userId":"0","year":"2019"},{"cost":188.0,"day":"19","income":0.0,"limit":0,"month":"5","sub":-188.0,"userId":"0","year":"2019"},{"cost":41.6,"day":"18","income":0.0,"limit":0,"month":"5","sub":-41.6,"userId":"0","year":"2019"},{"cost":12.5,"day":"15","income":0.0,"limit":0,"month":"5","sub":-12.5,"userId":"0","year":"2019"},{"cost":7.9,"day":"14","income":0.0,"limit":0,"month":"5","sub":-7.9,"userId":"0","year":"2019"},{"cost":115.5,"day":"12","income":0.0,"limit":0,"month":"5","sub":-115.5,"userId":"0","year":"2019"},{"cost":123.3,"day":"9","income":0.0,"limit":0,"month":"5","sub":-123.3,"userId":"0","year":"2019"},{"cost":27.5,"day":"4","income":0.0,"limit":0,"month":"5","sub":-27.5,"userId":"0","year":"2019"},{"cost":217.3,"day":"3","income":0.0,"limit":0,"month":"5","sub":-217.3,"userId":"0","year":"2019"},{"cost":99.8,"day":"2","income":0.0,"limit":0,"month":"5","sub":-99.8,"userId":"0","year":"2019"},{"cost":1900.0,"day":"1","income":0.0,"limit":0,"month":"5","sub":-1900.0,"userId":"0","year":"2019"}]
2019-05-27 13:51:47,728 com.yaof.interceptor.WebAppConfig [http-nio-8088-exec-4] (WebAppConfig.java:52) INFO  --> ============================================
2019-05-27 13:51:47,729 com.yaof.interceptor.WebAppConfig [http-nio-8088-exec-4] (WebAppConfig.java:53) INFO  --> 拦截账号：null
2019-05-27 13:51:47,731 com.yaof.controller.AmmountController [http-nio-8088-exec-4] (AmmountController.java:46) INFO  --> 根据用户Id查询账户信息，参数:{"cost":0.0,"day":"","income":0.0,"limit":0,"month":"5","sub":0.0,"type":"day","userId":"1","year":"2019"}
2019-05-27 13:51:47,733 com.yaof.point.TransactionDemo [http-nio-8088-exec-4] (TransactionDemo.java:13) INFO  --> point before...
2019-05-27 13:51:47,740 com.yaof.point.TransactionDemo [http-nio-8088-exec-4] (TransactionDemo.java:17) INFO  --> point after...
2019-05-27 13:51:47,741 com.yaof.controller.AmmountController [http-nio-8088-exec-4] (AmmountController.java:48) INFO  --> 根据用户Id查询账户信息，返回结果:[{"cost":10000.0,"day":"26","income":0.0,"limit":0,"month":"5","sub":-10000.0,"userId":"0","year":"2019"},{"cost":520.0,"day":"20","income":5.2,"limit":0,"month":"5","sub":-514.8,"userId":"0","year":"2019"},{"cost":188.0,"day":"19","income":0.0,"limit":0,"month":"5","sub":-188.0,"userId":"0","year":"2019"},{"cost":41.6,"day":"18","income":0.0,"limit":0,"month":"5","sub":-41.6,"userId":"0","year":"2019"},{"cost":12.5,"day":"15","income":0.0,"limit":0,"month":"5","sub":-12.5,"userId":"0","year":"2019"},{"cost":7.9,"day":"14","income":0.0,"limit":0,"month":"5","sub":-7.9,"userId":"0","year":"2019"},{"cost":115.5,"day":"12","income":0.0,"limit":0,"month":"5","sub":-115.5,"userId":"0","year":"2019"},{"cost":123.3,"day":"9","income":0.0,"limit":0,"month":"5","sub":-123.3,"userId":"0","year":"2019"},{"cost":27.5,"day":"4","income":0.0,"limit":0,"month":"5","sub":-27.5,"userId":"0","year":"2019"},{"cost":217.3,"day":"3","income":0.0,"limit":0,"month":"5","sub":-217.3,"userId":"0","year":"2019"},{"cost":99.8,"day":"2","income":0.0,"limit":0,"month":"5","sub":-99.8,"userId":"0","year":"2019"},{"cost":1900.0,"day":"1","income":0.0,"limit":0,"month":"5","sub":-1900.0,"userId":"0","year":"2019"}]
2019-05-27 13:51:47,983 com.yaof.interceptor.WebAppConfig [http-nio-8088-exec-7] (WebAppConfig.java:52) INFO  --> ============================================
2019-05-27 13:51:47,983 com.yaof.interceptor.WebAppConfig [http-nio-8088-exec-7] (WebAppConfig.java:53) INFO  --> 拦截账号：null
2019-05-27 13:51:47,985 com.yaof.controller.AmmountController [http-nio-8088-exec-7] (AmmountController.java:46) INFO  --> 根据用户Id查询账户信息，参数:{"cost":0.0,"day":"","income":0.0,"limit":0,"month":"5","sub":0.0,"type":"day","userId":"1","year":"2019"}
2019-05-27 13:51:47,985 com.yaof.point.TransactionDemo [http-nio-8088-exec-7] (TransactionDemo.java:13) INFO  --> point before...
2019-05-27 13:51:47,990 com.yaof.point.TransactionDemo [http-nio-8088-exec-7] (TransactionDemo.java:17) INFO  --> point after...
2019-05-27 13:51:47,991 com.yaof.controller.AmmountController [http-nio-8088-exec-7] (AmmountController.java:48) INFO  --> 根据用户Id查询账户信息，返回结果:[{"cost":10000.0,"day":"26","income":0.0,"limit":0,"month":"5","sub":-10000.0,"userId":"0","year":"2019"},{"cost":520.0,"day":"20","income":5.2,"limit":0,"month":"5","sub":-514.8,"userId":"0","year":"2019"},{"cost":188.0,"day":"19","income":0.0,"limit":0,"month":"5","sub":-188.0,"userId":"0","year":"2019"},{"cost":41.6,"day":"18","income":0.0,"limit":0,"month":"5","sub":-41.6,"userId":"0","year":"2019"},{"cost":12.5,"day":"15","income":0.0,"limit":0,"month":"5","sub":-12.5,"userId":"0","year":"2019"},{"cost":7.9,"day":"14","income":0.0,"limit":0,"month":"5","sub":-7.9,"userId":"0","year":"2019"},{"cost":115.5,"day":"12","income":0.0,"limit":0,"month":"5","sub":-115.5,"userId":"0","year":"2019"},{"cost":123.3,"day":"9","income":0.0,"limit":0,"month":"5","sub":-123.3,"userId":"0","year":"2019"},{"cost":27.5,"day":"4","income":0.0,"limit":0,"month":"5","sub":-27.5,"userId":"0","year":"2019"},{"cost":217.3,"day":"3","income":0.0,"limit":0,"month":"5","sub":-217.3,"userId":"0","year":"2019"},{"cost":99.8,"day":"2","income":0.0,"limit":0,"month":"5","sub":-99.8,"userId":"0","year":"2019"},{"cost":1900.0,"day":"1","income":0.0,"limit":0,"month":"5","sub":-1900.0,"userId":"0","year":"2019"}]
2019-05-27 13:51:48,143 com.yaof.interceptor.WebAppConfig [http-nio-8088-exec-1] (WebAppConfig.java:52) INFO  --> ============================================
2019-05-27 13:51:48,144 com.yaof.interceptor.WebAppConfig [http-nio-8088-exec-1] (WebAppConfig.java:53) INFO  --> 拦截账号：null
2019-05-27 13:51:48,145 com.yaof.controller.AmmountController [http-nio-8088-exec-1] (AmmountController.java:46) INFO  --> 根据用户Id查询账户信息，参数:{"cost":0.0,"day":"","income":0.0,"limit":0,"month":"5","sub":0.0,"type":"day","userId":"1","year":"2019"}
2019-05-27 13:51:48,145 com.yaof.point.TransactionDemo [http-nio-8088-exec-1] (TransactionDemo.java:13) INFO  --> point before...
2019-05-27 13:51:48,153 com.yaof.point.TransactionDemo [http-nio-8088-exec-1] (TransactionDemo.java:17) INFO  --> point after...
2019-05-27 13:51:48,153 com.yaof.controller.AmmountController [http-nio-8088-exec-1] (AmmountController.java:48) INFO  --> 根据用户Id查询账户信息，返回结果:[{"cost":10000.0,"day":"26","income":0.0,"limit":0,"month":"5","sub":-10000.0,"userId":"0","year":"2019"},{"cost":520.0,"day":"20","income":5.2,"limit":0,"month":"5","sub":-514.8,"userId":"0","year":"2019"},{"cost":188.0,"day":"19","income":0.0,"limit":0,"month":"5","sub":-188.0,"userId":"0","year":"2019"},{"cost":41.6,"day":"18","income":0.0,"limit":0,"month":"5","sub":-41.6,"userId":"0","year":"2019"},{"cost":12.5,"day":"15","income":0.0,"limit":0,"month":"5","sub":-12.5,"userId":"0","year":"2019"},{"cost":7.9,"day":"14","income":0.0,"limit":0,"month":"5","sub":-7.9,"userId":"0","year":"2019"},{"cost":115.5,"day":"12","income":0.0,"limit":0,"month":"5","sub":-115.5,"userId":"0","year":"2019"},{"cost":123.3,"day":"9","income":0.0,"limit":0,"month":"5","sub":-123.3,"userId":"0","year":"2019"},{"cost":27.5,"day":"4","income":0.0,"limit":0,"month":"5","sub":-27.5,"userId":"0","year":"2019"},{"cost":217.3,"day":"3","income":0.0,"limit":0,"month":"5","sub":-217.3,"userId":"0","year":"2019"},{"cost":99.8,"day":"2","income":0.0,"limit":0,"month":"5","sub":-99.8,"userId":"0","year":"2019"},{"cost":1900.0,"day":"1","income":0.0,"limit":0,"month":"5","sub":-1900.0,"userId":"0","year":"2019"}]
2019-05-27 13:53:42,915 com.yaof.interceptor.WebAppConfig [http-nio-8088-exec-8] (WebAppConfig.java:52) INFO  --> ============================================
2019-05-27 13:53:42,916 com.yaof.interceptor.WebAppConfig [http-nio-8088-exec-8] (WebAppConfig.java:53) INFO  --> 拦截账号：null
2019-05-27 13:53:42,918 com.yaof.controller.AmmountController [http-nio-8088-exec-8] (AmmountController.java:76) INFO  --> 保存添加的费用明细，参数:[{"cost":7.8,"desc":"","happenDate":"2019-05-20","happenTime":"19:10:00","income":0.0,"limit":0,"sub":0.0,"userId":"0"},{"cost":7.5,"desc":"","happenDate":"2019-05-20","happenTime":"19:20:00","income":0.0,"limit":0,"sub":0.0,"userId":"0"},{"cost":1.0,"desc":"","happenDate":"2019-05-20","happenTime":"19:30:00","income":0.0,"limit":0,"sub":0.0,"userId":"0"}]
2019-05-27 13:53:42,918 com.yaof.point.TransactionDemo [http-nio-8088-exec-8] (TransactionDemo.java:13) INFO  --> point before...
2019-05-27 13:53:42,958 com.yaof.point.TransactionDemo [http-nio-8088-exec-8] (TransactionDemo.java:17) INFO  --> point after...
2019-05-27 13:54:05,416 com.yaof.interceptor.WebAppConfig [http-nio-8088-exec-3] (WebAppConfig.java:52) INFO  --> ============================================
2019-05-27 13:54:05,417 com.yaof.interceptor.WebAppConfig [http-nio-8088-exec-3] (WebAppConfig.java:53) INFO  --> 拦截账号：null
2019-05-27 13:54:05,418 com.yaof.controller.AmmountController [http-nio-8088-exec-3] (AmmountController.java:76) INFO  --> 保存添加的费用明细，参数:[{"cost":3.8,"desc":"","happenDate":"2019-05-21","happenTime":"19:40:00","income":0.0,"limit":0,"sub":0.0,"userId":"0"}]
2019-05-27 13:54:05,418 com.yaof.point.TransactionDemo [http-nio-8088-exec-3] (TransactionDemo.java:13) INFO  --> point before...
2019-05-27 13:54:05,444 com.yaof.point.TransactionDemo [http-nio-8088-exec-3] (TransactionDemo.java:17) INFO  --> point after...
2019-05-27 13:57:31,644 com.yaof.interceptor.WebAppConfig [http-nio-8088-exec-9] (WebAppConfig.java:52) INFO  --> ============================================
2019-05-27 13:57:31,644 com.yaof.interceptor.WebAppConfig [http-nio-8088-exec-9] (WebAppConfig.java:53) INFO  --> 拦截账号：null
2019-05-27 13:57:31,646 com.yaof.controller.AmmountController [http-nio-8088-exec-9] (AmmountController.java:76) INFO  --> 保存添加的费用明细，参数:[{"cost":13.5,"desc":"买菜","happenDate":"2019-05-24","happenTime":"19:40:00","income":0.0,"limit":0,"sub":0.0,"userId":"0"},{"cost":4.0,"desc":"豆干","happenDate":"2019-05-24","happenTime":"19:44:00","income":0.0,"limit":0,"sub":0.0,"userId":"0"},{"cost":1.3,"desc":"芹菜","happenDate":"2019-05-24","happenTime":"19:46:00","income":0.0,"limit":0,"sub":0.0,"userId":"0"},{"cost":6.0,"desc":"粉丝","happenDate":"2019-05-24","happenTime":"19:50:00","income":0.0,"limit":0,"sub":0.0,"userId":"0"},{"cost":4.3,"desc":"鸡蛋","happenDate":"2019-05-24","happenTime":"19:53:00","income":0.0,"limit":0,"sub":0.0,"userId":"0"},{"cost":6.0,"desc":"肉","happenDate":"2019-05-24","happenTime":"19:57:00","income":0.0,"limit":0,"sub":0.0,"userId":"0"},{"cost":480.0,"desc":"火车票","happenDate":"2019-05-24","happenTime":"22:40:00","income":0.0,"limit":0,"sub":0.0,"userId":"0"}]
2019-05-27 13:57:31,647 com.yaof.point.TransactionDemo [http-nio-8088-exec-9] (TransactionDemo.java:13) INFO  --> point before...
2019-05-27 13:57:31,716 com.yaof.point.TransactionDemo [http-nio-8088-exec-9] (TransactionDemo.java:17) INFO  --> point after...
2019-05-27 13:58:16,466 com.yaof.interceptor.WebAppConfig [http-nio-8088-exec-2] (WebAppConfig.java:52) INFO  --> ============================================
2019-05-27 13:58:16,466 com.yaof.interceptor.WebAppConfig [http-nio-8088-exec-2] (WebAppConfig.java:53) INFO  --> 拦截账号：null
2019-05-27 13:58:16,468 com.yaof.controller.AmmountController [http-nio-8088-exec-2] (AmmountController.java:76) INFO  --> 保存添加的费用明细，参数:[{"cost":4.2,"desc":"肥宅水","happenDate":"2019-05-25","happenTime":"17:20:00","income":0.0,"limit":0,"sub":0.0,"userId":"0"}]
2019-05-27 13:58:16,468 com.yaof.point.TransactionDemo [http-nio-8088-exec-2] (TransactionDemo.java:13) INFO  --> point before...
2019-05-27 13:58:16,576 com.yaof.point.TransactionDemo [http-nio-8088-exec-2] (TransactionDemo.java:17) INFO  --> point after...
2019-05-27 13:59:29,594 com.yaof.interceptor.WebAppConfig [http-nio-8088-exec-4] (WebAppConfig.java:52) INFO  --> ============================================
2019-05-27 13:59:29,595 com.yaof.interceptor.WebAppConfig [http-nio-8088-exec-4] (WebAppConfig.java:53) INFO  --> 拦截账号：null
2019-05-27 13:59:29,596 com.yaof.controller.AmmountController [http-nio-8088-exec-4] (AmmountController.java:76) INFO  --> 保存添加的费用明细，参数:[{"cost":5.0,"desc":"鸡蛋","happenDate":"2019-05-26","happenTime":"17:10:00","income":0.0,"limit":0,"sub":0.0,"userId":"0"},{"cost":6.0,"desc":"菜","happenDate":"2019-05-26","happenTime":"17:20:00","income":0.0,"limit":0,"sub":0.0,"userId":"0"}]
2019-05-27 13:59:29,596 com.yaof.point.TransactionDemo [http-nio-8088-exec-4] (TransactionDemo.java:13) INFO  --> point before...
2019-05-27 13:59:29,644 com.yaof.point.TransactionDemo [http-nio-8088-exec-4] (TransactionDemo.java:17) INFO  --> point after...
2019-05-27 13:59:33,992 com.yaof.interceptor.WebAppConfig [http-nio-8088-exec-7] (WebAppConfig.java:52) INFO  --> ============================================
2019-05-27 13:59:33,992 com.yaof.interceptor.WebAppConfig [http-nio-8088-exec-7] (WebAppConfig.java:53) INFO  --> 拦截账号：null
2019-05-27 13:59:33,994 com.yaof.controller.AmmountController [http-nio-8088-exec-7] (AmmountController.java:46) INFO  --> 根据用户Id查询账户信息，参数:{"cost":0.0,"day":"","income":0.0,"limit":0,"month":"5","sub":0.0,"type":"day","userId":"1","year":"2019"}
2019-05-27 13:59:33,994 com.yaof.point.TransactionDemo [http-nio-8088-exec-7] (TransactionDemo.java:13) INFO  --> point before...
2019-05-27 13:59:33,999 com.yaof.point.TransactionDemo [http-nio-8088-exec-7] (TransactionDemo.java:17) INFO  --> point after...
2019-05-27 13:59:34,000 com.yaof.controller.AmmountController [http-nio-8088-exec-7] (AmmountController.java:48) INFO  --> 根据用户Id查询账户信息，返回结果:[{"cost":10011.0,"day":"26","income":0.0,"limit":0,"month":"5","sub":-10011.0,"userId":"0","year":"2019"},{"cost":4.2,"day":"25","income":0.0,"limit":0,"month":"5","sub":-4.2,"userId":"0","year":"2019"},{"cost":515.1,"day":"24","income":0.0,"limit":0,"month":"5","sub":-515.1,"userId":"0","year":"2019"},{"cost":3.8,"day":"21","income":0.0,"limit":0,"month":"5","sub":-3.8,"userId":"0","year":"2019"},{"cost":536.3,"day":"20","income":5.2,"limit":0,"month":"5","sub":-531.1,"userId":"0","year":"2019"},{"cost":188.0,"day":"19","income":0.0,"limit":0,"month":"5","sub":-188.0,"userId":"0","year":"2019"},{"cost":41.6,"day":"18","income":0.0,"limit":0,"month":"5","sub":-41.6,"userId":"0","year":"2019"},{"cost":12.5,"day":"15","income":0.0,"limit":0,"month":"5","sub":-12.5,"userId":"0","year":"2019"},{"cost":7.9,"day":"14","income":0.0,"limit":0,"month":"5","sub":-7.9,"userId":"0","year":"2019"},{"cost":115.5,"day":"12","income":0.0,"limit":0,"month":"5","sub":-115.5,"userId":"0","year":"2019"},{"cost":123.3,"day":"9","income":0.0,"limit":0,"month":"5","sub":-123.3,"userId":"0","year":"2019"},{"cost":27.5,"day":"4","income":0.0,"limit":0,"month":"5","sub":-27.5,"userId":"0","year":"2019"},{"cost":217.3,"day":"3","income":0.0,"limit":0,"month":"5","sub":-217.3,"userId":"0","year":"2019"},{"cost":99.8,"day":"2","income":0.0,"limit":0,"month":"5","sub":-99.8,"userId":"0","year":"2019"},{"cost":1900.0,"day":"1","income":0.0,"limit":0,"month":"5","sub":-1900.0,"userId":"0","year":"2019"}]
2019-05-27 13:59:37,254 com.yaof.interceptor.WebAppConfig [http-nio-8088-exec-1] (WebAppConfig.java:52) INFO  --> ============================================
2019-05-27 13:59:37,255 com.yaof.interceptor.WebAppConfig [http-nio-8088-exec-1] (WebAppConfig.java:53) INFO  --> 拦截账号：null
2019-05-27 13:59:37,256 com.yaof.controller.AmmountController [http-nio-8088-exec-1] (AmmountController.java:46) INFO  --> 根据用户Id查询账户信息，参数:{"cost":0.0,"day":"","income":0.0,"limit":0,"month":"5","sub":0.0,"type":"month","userId":"1","year":"2019"}
2019-05-27 13:59:37,256 com.yaof.point.TransactionDemo [http-nio-8088-exec-1] (TransactionDemo.java:13) INFO  --> point before...
2019-05-27 13:59:37,275 com.yaof.point.TransactionDemo [http-nio-8088-exec-1] (TransactionDemo.java:17) INFO  --> point after...
2019-05-27 13:59:37,276 com.yaof.controller.AmmountController [http-nio-8088-exec-1] (AmmountController.java:48) INFO  --> 根据用户Id查询账户信息，返回结果:[{"cost":13803.8,"day":"-","income":5.2,"limit":0,"month":"5","sub":-13798.6,"userId":"0","year":"2019"}]
2019-05-27 13:59:43,280 com.yaof.interceptor.WebAppConfig [http-nio-8088-exec-6] (WebAppConfig.java:52) INFO  --> ============================================
2019-05-27 13:59:43,280 com.yaof.interceptor.WebAppConfig [http-nio-8088-exec-6] (WebAppConfig.java:53) INFO  --> 拦截账号：null
2019-05-27 13:59:43,282 com.yaof.controller.AmmountController [http-nio-8088-exec-6] (AmmountController.java:46) INFO  --> 根据用户Id查询账户信息，参数:{"cost":0.0,"income":0.0,"limit":0,"month":"5","sub":0.0,"type":"day","userId":"1","year":"2019"}
2019-05-27 13:59:43,282 com.yaof.point.TransactionDemo [http-nio-8088-exec-6] (TransactionDemo.java:13) INFO  --> point before...
2019-05-27 13:59:43,295 com.yaof.point.TransactionDemo [http-nio-8088-exec-6] (TransactionDemo.java:17) INFO  --> point after...
2019-05-27 13:59:43,296 com.yaof.controller.AmmountController [http-nio-8088-exec-6] (AmmountController.java:48) INFO  --> 根据用户Id查询账户信息，返回结果:[{"cost":10011.0,"day":"26","income":0.0,"limit":0,"month":"5","sub":-10011.0,"userId":"0","year":"2019"},{"cost":4.2,"day":"25","income":0.0,"limit":0,"month":"5","sub":-4.2,"userId":"0","year":"2019"},{"cost":515.1,"day":"24","income":0.0,"limit":0,"month":"5","sub":-515.1,"userId":"0","year":"2019"},{"cost":3.8,"day":"21","income":0.0,"limit":0,"month":"5","sub":-3.8,"userId":"0","year":"2019"},{"cost":536.3,"day":"20","income":5.2,"limit":0,"month":"5","sub":-531.1,"userId":"0","year":"2019"},{"cost":188.0,"day":"19","income":0.0,"limit":0,"month":"5","sub":-188.0,"userId":"0","year":"2019"},{"cost":41.6,"day":"18","income":0.0,"limit":0,"month":"5","sub":-41.6,"userId":"0","year":"2019"},{"cost":12.5,"day":"15","income":0.0,"limit":0,"month":"5","sub":-12.5,"userId":"0","year":"2019"},{"cost":7.9,"day":"14","income":0.0,"limit":0,"month":"5","sub":-7.9,"userId":"0","year":"2019"},{"cost":115.5,"day":"12","income":0.0,"limit":0,"month":"5","sub":-115.5,"userId":"0","year":"2019"},{"cost":123.3,"day":"9","income":0.0,"limit":0,"month":"5","sub":-123.3,"userId":"0","year":"2019"},{"cost":27.5,"day":"4","income":0.0,"limit":0,"month":"5","sub":-27.5,"userId":"0","year":"2019"},{"cost":217.3,"day":"3","income":0.0,"limit":0,"month":"5","sub":-217.3,"userId":"0","year":"2019"},{"cost":99.8,"day":"2","income":0.0,"limit":0,"month":"5","sub":-99.8,"userId":"0","year":"2019"},{"cost":1900.0,"day":"1","income":0.0,"limit":0,"month":"5","sub":-1900.0,"userId":"0","year":"2019"}]
2019-05-27 13:59:53,344 com.yaof.interceptor.WebAppConfig [http-nio-8088-exec-8] (WebAppConfig.java:52) INFO  --> ============================================
2019-05-27 13:59:53,345 com.yaof.interceptor.WebAppConfig [http-nio-8088-exec-8] (WebAppConfig.java:53) INFO  --> 拦截账号：null
2019-05-27 13:59:53,346 com.yaof.controller.AmmountController [http-nio-8088-exec-8] (AmmountController.java:63) INFO  --> 根据当天花费Id查询当天详细信息，参数:{"cost":0.0,"happenDate":"2019-5-20","income":0.0,"limit":0,"sub":0.0,"userId":"1"}
2019-05-27 13:59:53,347 com.yaof.point.TransactionDemo [http-nio-8088-exec-8] (TransactionDemo.java:13) INFO  --> point before...
2019-05-27 13:59:53,353 com.yaof.point.TransactionDemo [http-nio-8088-exec-8] (TransactionDemo.java:17) INFO  --> point after...
2019-05-27 13:59:53,353 com.yaof.controller.AmmountController [http-nio-8088-exec-8] (AmmountController.java:65) INFO  --> 根据当天花费Id查询当天详细信息，返回结果:[{"cost":0.0,"day":"20","desc":"","happenTime":"10:00:00","id":"581","income":5.2,"limit":0,"month":"5","sub":0.0,"userId":"0","year":"2019"},{"cost":520.0,"day":"20","desc":"","happenTime":"10:10:00","id":"582","income":0.0,"limit":0,"month":"5","sub":0.0,"userId":"0","year":"2019"},{"cost":7.8,"day":"20","desc":"","happenTime":"19:10:00","id":"584","income":0.0,"limit":0,"month":"5","sub":0.0,"userId":"0","year":"2019"},{"cost":7.5,"day":"20","desc":"","happenTime":"19:20:00","id":"585","income":0.0,"limit":0,"month":"5","sub":0.0,"userId":"0","year":"2019"},{"cost":1.0,"day":"20","desc":"","happenTime":"19:30:00","id":"586","income":0.0,"limit":0,"month":"5","sub":0.0,"userId":"0","year":"2019"}]
2019-05-27 13:59:56,847 com.yaof.interceptor.WebAppConfig [http-nio-8088-exec-3] (WebAppConfig.java:52) INFO  --> ============================================
2019-05-27 13:59:56,848 com.yaof.interceptor.WebAppConfig [http-nio-8088-exec-3] (WebAppConfig.java:53) INFO  --> 拦截账号：null
2019-05-27 13:59:56,850 com.yaof.controller.AmmountController [http-nio-8088-exec-3] (AmmountController.java:46) INFO  --> 根据用户Id查询账户信息，参数:{"cost":0.0,"day":"","income":0.0,"limit":0,"month":"5","sub":0.0,"type":"month","userId":"1","year":"2019"}
2019-05-27 13:59:56,850 com.yaof.point.TransactionDemo [http-nio-8088-exec-3] (TransactionDemo.java:13) INFO  --> point before...
2019-05-27 13:59:56,855 com.yaof.point.TransactionDemo [http-nio-8088-exec-3] (TransactionDemo.java:17) INFO  --> point after...
2019-05-27 13:59:56,856 com.yaof.controller.AmmountController [http-nio-8088-exec-3] (AmmountController.java:48) INFO  --> 根据用户Id查询账户信息，返回结果:[{"cost":13803.8,"day":"-","income":5.2,"limit":0,"month":"5","sub":-13798.6,"userId":"0","year":"2019"}]
2019-05-27 13:59:58,229 com.yaof.interceptor.WebAppConfig [http-nio-8088-exec-10] (WebAppConfig.java:52) INFO  --> ============================================
2019-05-27 13:59:58,230 com.yaof.interceptor.WebAppConfig [http-nio-8088-exec-10] (WebAppConfig.java:53) INFO  --> 拦截账号：null
2019-05-27 13:59:58,231 com.yaof.controller.AmmountController [http-nio-8088-exec-10] (AmmountController.java:46) INFO  --> 根据用户Id查询账户信息，参数:{"cost":0.0,"day":"","income":0.0,"limit":0,"month":"5","sub":0.0,"type":"day","userId":"1","year":"2019"}
2019-05-27 13:59:58,232 com.yaof.point.TransactionDemo [http-nio-8088-exec-10] (TransactionDemo.java:13) INFO  --> point before...
2019-05-27 13:59:58,237 com.yaof.point.TransactionDemo [http-nio-8088-exec-10] (TransactionDemo.java:17) INFO  --> point after...
2019-05-27 13:59:58,237 com.yaof.controller.AmmountController [http-nio-8088-exec-10] (AmmountController.java:48) INFO  --> 根据用户Id查询账户信息，返回结果:[{"cost":10011.0,"day":"26","income":0.0,"limit":0,"month":"5","sub":-10011.0,"userId":"0","year":"2019"},{"cost":4.2,"day":"25","income":0.0,"limit":0,"month":"5","sub":-4.2,"userId":"0","year":"2019"},{"cost":515.1,"day":"24","income":0.0,"limit":0,"month":"5","sub":-515.1,"userId":"0","year":"2019"},{"cost":3.8,"day":"21","income":0.0,"limit":0,"month":"5","sub":-3.8,"userId":"0","year":"2019"},{"cost":536.3,"day":"20","income":5.2,"limit":0,"month":"5","sub":-531.1,"userId":"0","year":"2019"},{"cost":188.0,"day":"19","income":0.0,"limit":0,"month":"5","sub":-188.0,"userId":"0","year":"2019"},{"cost":41.6,"day":"18","income":0.0,"limit":0,"month":"5","sub":-41.6,"userId":"0","year":"2019"},{"cost":12.5,"day":"15","income":0.0,"limit":0,"month":"5","sub":-12.5,"userId":"0","year":"2019"},{"cost":7.9,"day":"14","income":0.0,"limit":0,"month":"5","sub":-7.9,"userId":"0","year":"2019"},{"cost":115.5,"day":"12","income":0.0,"limit":0,"month":"5","sub":-115.5,"userId":"0","year":"2019"},{"cost":123.3,"day":"9","income":0.0,"limit":0,"month":"5","sub":-123.3,"userId":"0","year":"2019"},{"cost":27.5,"day":"4","income":0.0,"limit":0,"month":"5","sub":-27.5,"userId":"0","year":"2019"},{"cost":217.3,"day":"3","income":0.0,"limit":0,"month":"5","sub":-217.3,"userId":"0","year":"2019"},{"cost":99.8,"day":"2","income":0.0,"limit":0,"month":"5","sub":-99.8,"userId":"0","year":"2019"},{"cost":1900.0,"day":"1","income":0.0,"limit":0,"month":"5","sub":-1900.0,"userId":"0","year":"2019"}]
2019-05-27 14:00:03,088 com.yaof.interceptor.WebAppConfig [http-nio-8088-exec-9] (WebAppConfig.java:52) INFO  --> ============================================
2019-05-27 14:00:03,088 com.yaof.interceptor.WebAppConfig [http-nio-8088-exec-9] (WebAppConfig.java:53) INFO  --> 拦截账号：null
2019-05-27 14:00:03,090 com.yaof.controller.AmmountController [http-nio-8088-exec-9] (AmmountController.java:63) INFO  --> 根据当天花费Id查询当天详细信息，参数:{"cost":0.0,"happenDate":"2019-5-24","income":0.0,"limit":0,"sub":0.0,"userId":"1"}
2019-05-27 14:00:03,090 com.yaof.point.TransactionDemo [http-nio-8088-exec-9] (TransactionDemo.java:13) INFO  --> point before...
2019-05-27 14:00:03,094 com.yaof.point.TransactionDemo [http-nio-8088-exec-9] (TransactionDemo.java:17) INFO  --> point after...
2019-05-27 14:00:03,095 com.yaof.controller.AmmountController [http-nio-8088-exec-9] (AmmountController.java:65) INFO  --> 根据当天花费Id查询当天详细信息，返回结果:[{"cost":13.5,"day":"24","desc":"买菜","happenTime":"19:40:00","id":"588","income":0.0,"limit":0,"month":"5","sub":0.0,"userId":"0","year":"2019"},{"cost":4.0,"day":"24","desc":"豆干","happenTime":"19:44:00","id":"589","income":0.0,"limit":0,"month":"5","sub":0.0,"userId":"0","year":"2019"},{"cost":1.3,"day":"24","desc":"芹菜","happenTime":"19:46:00","id":"590","income":0.0,"limit":0,"month":"5","sub":0.0,"userId":"0","year":"2019"},{"cost":6.0,"day":"24","desc":"粉丝","happenTime":"19:50:00","id":"591","income":0.0,"limit":0,"month":"5","sub":0.0,"userId":"0","year":"2019"},{"cost":4.3,"day":"24","desc":"鸡蛋","happenTime":"19:53:00","id":"592","income":0.0,"limit":0,"month":"5","sub":0.0,"userId":"0","year":"2019"},{"cost":6.0,"day":"24","desc":"肉","happenTime":"19:57:00","id":"593","income":0.0,"limit":0,"month":"5","sub":0.0,"userId":"0","year":"2019"},{"cost":480.0,"day":"24","desc":"火车票","happenTime":"22:40:00","id":"594","income":0.0,"limit":0,"month":"5","sub":0.0,"userId":"0","year":"2019"}]
2019-05-27 14:00:12,288 com.yaof.interceptor.WebAppConfig [http-nio-8088-exec-2] (WebAppConfig.java:52) INFO  --> ============================================
2019-05-27 14:00:12,289 com.yaof.interceptor.WebAppConfig [http-nio-8088-exec-2] (WebAppConfig.java:53) INFO  --> 拦截账号：null
2019-05-27 14:00:12,290 com.yaof.controller.AmmountController [http-nio-8088-exec-2] (AmmountController.java:46) INFO  --> 根据用户Id查询账户信息，参数:{"cost":0.0,"day":"","income":0.0,"limit":0,"month":"5","sub":0.0,"type":"day","userId":"1","year":"2019"}
2019-05-27 14:00:12,290 com.yaof.point.TransactionDemo [http-nio-8088-exec-2] (TransactionDemo.java:13) INFO  --> point before...
2019-05-27 14:00:12,294 com.yaof.point.TransactionDemo [http-nio-8088-exec-2] (TransactionDemo.java:17) INFO  --> point after...
2019-05-27 14:00:12,295 com.yaof.controller.AmmountController [http-nio-8088-exec-2] (AmmountController.java:48) INFO  --> 根据用户Id查询账户信息，返回结果:[{"cost":10011.0,"day":"26","income":0.0,"limit":0,"month":"5","sub":-10011.0,"userId":"0","year":"2019"},{"cost":4.2,"day":"25","income":0.0,"limit":0,"month":"5","sub":-4.2,"userId":"0","year":"2019"},{"cost":515.1,"day":"24","income":0.0,"limit":0,"month":"5","sub":-515.1,"userId":"0","year":"2019"},{"cost":3.8,"day":"21","income":0.0,"limit":0,"month":"5","sub":-3.8,"userId":"0","year":"2019"},{"cost":536.3,"day":"20","income":5.2,"limit":0,"month":"5","sub":-531.1,"userId":"0","year":"2019"},{"cost":188.0,"day":"19","income":0.0,"limit":0,"month":"5","sub":-188.0,"userId":"0","year":"2019"},{"cost":41.6,"day":"18","income":0.0,"limit":0,"month":"5","sub":-41.6,"userId":"0","year":"2019"},{"cost":12.5,"day":"15","income":0.0,"limit":0,"month":"5","sub":-12.5,"userId":"0","year":"2019"},{"cost":7.9,"day":"14","income":0.0,"limit":0,"month":"5","sub":-7.9,"userId":"0","year":"2019"},{"cost":115.5,"day":"12","income":0.0,"limit":0,"month":"5","sub":-115.5,"userId":"0","year":"2019"},{"cost":123.3,"day":"9","income":0.0,"limit":0,"month":"5","sub":-123.3,"userId":"0","year":"2019"},{"cost":27.5,"day":"4","income":0.0,"limit":0,"month":"5","sub":-27.5,"userId":"0","year":"2019"},{"cost":217.3,"day":"3","income":0.0,"limit":0,"month":"5","sub":-217.3,"userId":"0","year":"2019"},{"cost":99.8,"day":"2","income":0.0,"limit":0,"month":"5","sub":-99.8,"userId":"0","year":"2019"},{"cost":1900.0,"day":"1","income":0.0,"limit":0,"month":"5","sub":-1900.0,"userId":"0","year":"2019"}]
2019-05-27 14:00:20,198 com.yaof.interceptor.WebAppConfig [http-nio-8088-exec-5] (WebAppConfig.java:52) INFO  --> ============================================
2019-05-27 14:00:20,199 com.yaof.interceptor.WebAppConfig [http-nio-8088-exec-5] (WebAppConfig.java:53) INFO  --> 拦截账号：null
2019-05-27 14:00:20,200 com.yaof.controller.AmmountController [http-nio-8088-exec-5] (AmmountController.java:46) INFO  --> 根据用户Id查询账户信息，参数:{"cost":0.0,"day":"","income":0.0,"limit":0,"month":"5","sub":0.0,"type":"month","userId":"1","year":"2019"}
2019-05-27 14:00:20,200 com.yaof.point.TransactionDemo [http-nio-8088-exec-5] (TransactionDemo.java:13) INFO  --> point before...
2019-05-27 14:00:20,204 com.yaof.point.TransactionDemo [http-nio-8088-exec-5] (TransactionDemo.java:17) INFO  --> point after...
2019-05-27 14:00:20,204 com.yaof.controller.AmmountController [http-nio-8088-exec-5] (AmmountController.java:48) INFO  --> 根据用户Id查询账户信息，返回结果:[{"cost":13803.8,"day":"-","income":5.2,"limit":0,"month":"5","sub":-13798.6,"userId":"0","year":"2019"}]
2019-05-27 14:00:24,062 com.yaof.interceptor.WebAppConfig [http-nio-8088-exec-4] (WebAppConfig.java:52) INFO  --> ============================================
2019-05-27 14:00:24,063 com.yaof.interceptor.WebAppConfig [http-nio-8088-exec-4] (WebAppConfig.java:53) INFO  --> 拦截账号：null
2019-05-27 14:00:24,065 com.yaof.controller.AmmountController [http-nio-8088-exec-4] (AmmountController.java:46) INFO  --> 根据用户Id查询账户信息，参数:{"cost":0.0,"day":"","income":0.0,"limit":0,"month":"5","sub":0.0,"type":"day","userId":"1","year":"2019"}
2019-05-27 14:00:24,065 com.yaof.point.TransactionDemo [http-nio-8088-exec-4] (TransactionDemo.java:13) INFO  --> point before...
2019-05-27 14:00:24,072 com.yaof.point.TransactionDemo [http-nio-8088-exec-4] (TransactionDemo.java:17) INFO  --> point after...
2019-05-27 14:00:24,073 com.yaof.controller.AmmountController [http-nio-8088-exec-4] (AmmountController.java:48) INFO  --> 根据用户Id查询账户信息，返回结果:[{"cost":10011.0,"day":"26","income":0.0,"limit":0,"month":"5","sub":-10011.0,"userId":"0","year":"2019"},{"cost":4.2,"day":"25","income":0.0,"limit":0,"month":"5","sub":-4.2,"userId":"0","year":"2019"},{"cost":515.1,"day":"24","income":0.0,"limit":0,"month":"5","sub":-515.1,"userId":"0","year":"2019"},{"cost":3.8,"day":"21","income":0.0,"limit":0,"month":"5","sub":-3.8,"userId":"0","year":"2019"},{"cost":536.3,"day":"20","income":5.2,"limit":0,"month":"5","sub":-531.1,"userId":"0","year":"2019"},{"cost":188.0,"day":"19","income":0.0,"limit":0,"month":"5","sub":-188.0,"userId":"0","year":"2019"},{"cost":41.6,"day":"18","income":0.0,"limit":0,"month":"5","sub":-41.6,"userId":"0","year":"2019"},{"cost":12.5,"day":"15","income":0.0,"limit":0,"month":"5","sub":-12.5,"userId":"0","year":"2019"},{"cost":7.9,"day":"14","income":0.0,"limit":0,"month":"5","sub":-7.9,"userId":"0","year":"2019"},{"cost":115.5,"day":"12","income":0.0,"limit":0,"month":"5","sub":-115.5,"userId":"0","year":"2019"},{"cost":123.3,"day":"9","income":0.0,"limit":0,"month":"5","sub":-123.3,"userId":"0","year":"2019"},{"cost":27.5,"day":"4","income":0.0,"limit":0,"month":"5","sub":-27.5,"userId":"0","year":"2019"},{"cost":217.3,"day":"3","income":0.0,"limit":0,"month":"5","sub":-217.3,"userId":"0","year":"2019"},{"cost":99.8,"day":"2","income":0.0,"limit":0,"month":"5","sub":-99.8,"userId":"0","year":"2019"},{"cost":1900.0,"day":"1","income":0.0,"limit":0,"month":"5","sub":-1900.0,"userId":"0","year":"2019"}]
2019-05-27 14:00:26,650 com.yaof.interceptor.WebAppConfig [http-nio-8088-exec-9] (WebAppConfig.java:52) INFO  --> ============================================
2019-05-27 14:00:26,651 com.yaof.interceptor.WebAppConfig [http-nio-8088-exec-9] (WebAppConfig.java:53) INFO  --> 拦截账号：null
2019-05-27 14:00:26,652 com.yaof.controller.AmmountController [http-nio-8088-exec-9] (AmmountController.java:46) INFO  --> 根据用户Id查询账户信息，参数:{"cost":0.0,"income":0.0,"limit":0,"month":"5","sub":0.0,"type":"day","userId":"1","year":"2019"}
2019-05-27 14:00:26,652 com.yaof.point.TransactionDemo [http-nio-8088-exec-9] (TransactionDemo.java:13) INFO  --> point before...
2019-05-27 14:00:26,656 com.yaof.point.TransactionDemo [http-nio-8088-exec-9] (TransactionDemo.java:17) INFO  --> point after...
2019-05-27 14:00:26,656 com.yaof.controller.AmmountController [http-nio-8088-exec-9] (AmmountController.java:48) INFO  --> 根据用户Id查询账户信息，返回结果:[{"cost":10011.0,"day":"26","income":0.0,"limit":0,"month":"5","sub":-10011.0,"userId":"0","year":"2019"},{"cost":4.2,"day":"25","income":0.0,"limit":0,"month":"5","sub":-4.2,"userId":"0","year":"2019"},{"cost":515.1,"day":"24","income":0.0,"limit":0,"month":"5","sub":-515.1,"userId":"0","year":"2019"},{"cost":3.8,"day":"21","income":0.0,"limit":0,"month":"5","sub":-3.8,"userId":"0","year":"2019"},{"cost":536.3,"day":"20","income":5.2,"limit":0,"month":"5","sub":-531.1,"userId":"0","year":"2019"},{"cost":188.0,"day":"19","income":0.0,"limit":0,"month":"5","sub":-188.0,"userId":"0","year":"2019"},{"cost":41.6,"day":"18","income":0.0,"limit":0,"month":"5","sub":-41.6,"userId":"0","year":"2019"},{"cost":12.5,"day":"15","income":0.0,"limit":0,"month":"5","sub":-12.5,"userId":"0","year":"2019"},{"cost":7.9,"day":"14","income":0.0,"limit":0,"month":"5","sub":-7.9,"userId":"0","year":"2019"},{"cost":115.5,"day":"12","income":0.0,"limit":0,"month":"5","sub":-115.5,"userId":"0","year":"2019"},{"cost":123.3,"day":"9","income":0.0,"limit":0,"month":"5","sub":-123.3,"userId":"0","year":"2019"},{"cost":27.5,"day":"4","income":0.0,"limit":0,"month":"5","sub":-27.5,"userId":"0","year":"2019"},{"cost":217.3,"day":"3","income":0.0,"limit":0,"month":"5","sub":-217.3,"userId":"0","year":"2019"},{"cost":99.8,"day":"2","income":0.0,"limit":0,"month":"5","sub":-99.8,"userId":"0","year":"2019"},{"cost":1900.0,"day":"1","income":0.0,"limit":0,"month":"5","sub":-1900.0,"userId":"0","year":"2019"}]
