2020-10-29 17:09:48,352 com.yaof.RecordClearAideApplication [main] (StartupInfoLogger.java:48) INFO  --> Starting RecordClearAideApplication on yaofang with PID 11664 (E:\workspace_winning\RecordClearAide\target\classes started by Administrator in E:\workspace_winning\RecordClearAide)
2020-10-29 17:09:48,368 com.yaof.RecordClearAideApplication [main] (SpringApplication.java:597) INFO  --> The following profiles are active: prd
2020-10-29 17:09:48,538 org.springframework.boot.context.embedded.AnnotationConfigEmbeddedWebApplicationContext [main] (AbstractApplicationContext.java:583) INFO  --> Refreshing org.springframework.boot.context.embedded.AnnotationConfigEmbeddedWebApplicationContext@435fb7b5: startup date [Thu Oct 29 17:09:48 CST 2020]; root of context hierarchy
2020-10-29 17:09:50,893 org.springframework.beans.factory.xml.XmlBeanDefinitionReader [main] (XmlBeanDefinitionReader.java:317) INFO  --> Loading XML bean definitions from class path resource [spring-mybatis.xml]
2020-10-29 17:09:51,516 org.mybatis.spring.mapper.ClassPathMapperScanner [main] (ClassPathMapperScanner.java:166) WARN  --> No MyBatis mapper was found in '[com.yaof]' package. Please check your configuration.
2020-10-29 17:09:52,444 org.springframework.context.support.PostProcessorRegistrationDelegate$BeanPostProcessorChecker [main] (PostProcessorRegistrationDelegate.java:327) INFO  --> Bean '(inner bean)#4130955c' of type [org.springframework.aop.aspectj.AspectJMethodBeforeAdvice] is not eligible for getting processed by all BeanPostProcessors (for example: not eligible for auto-proxying)
2020-10-29 17:09:52,838 org.springframework.context.support.PostProcessorRegistrationDelegate$BeanPostProcessorChecker [main] (PostProcessorRegistrationDelegate.java:327) INFO  --> Bean 'org.springframework.aop.aspectj.AspectJPointcutAdvisor#0' of type [org.springframework.aop.aspectj.AspectJPointcutAdvisor] is not eligible for getting processed by all BeanPostProcessors (for example: not eligible for auto-proxying)
2020-10-29 17:09:52,854 org.springframework.context.support.PostProcessorRegistrationDelegate$BeanPostProcessorChecker [main] (PostProcessorRegistrationDelegate.java:327) INFO  --> Bean '(inner bean)#41ccb3b9' of type [org.springframework.aop.aspectj.AspectJAfterAdvice] is not eligible for getting processed by all BeanPostProcessors (for example: not eligible for auto-proxying)
2020-10-29 17:09:52,858 org.springframework.context.support.PostProcessorRegistrationDelegate$BeanPostProcessorChecker [main] (PostProcessorRegistrationDelegate.java:327) INFO  --> Bean 'org.springframework.aop.aspectj.AspectJPointcutAdvisor#1' of type [org.springframework.aop.aspectj.AspectJPointcutAdvisor] is not eligible for getting processed by all BeanPostProcessors (for example: not eligible for auto-proxying)
2020-10-29 17:09:52,983 org.springframework.context.support.PostProcessorRegistrationDelegate$BeanPostProcessorChecker [main] (PostProcessorRegistrationDelegate.java:327) INFO  --> Bean 'org.springframework.transaction.annotation.ProxyTransactionManagementConfiguration' of type [org.springframework.transaction.annotation.ProxyTransactionManagementConfiguration$$EnhancerBySpringCGLIB$$d2ba73f6] is not eligible for getting processed by all BeanPostProcessors (for example: not eligible for auto-proxying)
2020-10-29 17:09:54,226 org.eclipse.jetty.util.log [main] (Log.java:193) INFO  --> Logging initialized @9486ms to org.eclipse.jetty.util.log.Slf4jLog
2020-10-29 17:09:54,642 org.springframework.boot.context.embedded.jetty.JettyEmbeddedServletContainerFactory [main] (JettyEmbeddedServletContainerFactory.java:177) INFO  --> Server initialized with port: 8088
2020-10-29 17:09:54,646 org.eclipse.jetty.server.Server [main] (Server.java:374) INFO  --> jetty-9.4.10.v20180503; built: 2018-05-03T15:56:21.710Z; git: daa59876e6f384329b122929e70a80934569428c; jvm 1.8.0_172-b11
2020-10-29 17:09:54,916 org.eclipse.jetty.server.session [main] (DefaultSessionIdManager.java:365) INFO  --> DefaultSessionIdManager workerName=node0
2020-10-29 17:09:54,917 org.eclipse.jetty.server.session [main] (DefaultSessionIdManager.java:370) INFO  --> No SessionScavenger set, using defaults
2020-10-29 17:09:54,922 org.eclipse.jetty.server.session [main] (HouseKeeper.java:149) INFO  --> node0 Scavenging every 660000ms
2020-10-29 17:09:54,973 org.eclipse.jetty.server.handler.ContextHandler.application [main] (ContextHandler.java:2221) INFO  --> Warning: No org.apache.tomcat.JarScanner set in ServletContext. Falling back to default JarScanner implementation.
2020-10-29 17:09:55,775 org.apache.jasper.servlet.TldScanner [main] (DirectJDKLog.java:180) INFO  --> At least one JAR was scanned for TLDs yet contained no TLDs. Enable debug logging for this logger for a complete list of JARs that were scanned but no TLDs were found in them. Skipping unneeded JARs during scanning can improve startup time and JSP compilation time.
2020-10-29 17:09:55,787 org.eclipse.jetty.server.handler.ContextHandler.application [main] (ContextHandler.java:2221) INFO  --> Initializing Spring embedded WebApplicationContext
2020-10-29 17:09:55,787 org.springframework.web.context.ContextLoader [main] (EmbeddedWebApplicationContext.java:276) INFO  --> Root WebApplicationContext: initialization completed in 7255 ms
2020-10-29 17:09:56,386 org.springframework.boot.web.servlet.FilterRegistrationBean [main] (AbstractFilterRegistrationBean.java:258) INFO  --> Mapping filter: 'characterEncodingFilter' to: [/*]
2020-10-29 17:09:56,394 org.springframework.boot.web.servlet.FilterRegistrationBean [main] (AbstractFilterRegistrationBean.java:258) INFO  --> Mapping filter: 'hiddenHttpMethodFilter' to: [/*]
2020-10-29 17:09:56,394 org.springframework.boot.web.servlet.FilterRegistrationBean [main] (AbstractFilterRegistrationBean.java:258) INFO  --> Mapping filter: 'httpPutFormContentFilter' to: [/*]
2020-10-29 17:09:56,395 org.springframework.boot.web.servlet.FilterRegistrationBean [main] (AbstractFilterRegistrationBean.java:258) INFO  --> Mapping filter: 'requestContextFilter' to: [/*]
2020-10-29 17:09:56,395 org.springframework.boot.web.servlet.FilterRegistrationBean [main] (AbstractFilterRegistrationBean.java:271) INFO  --> Mapping filter: 'sessionFilter' to urls: [/*]
2020-10-29 17:09:56,396 org.springframework.boot.web.servlet.FilterRegistrationBean [main] (AbstractFilterRegistrationBean.java:271) INFO  --> Mapping filter: 'webStatFilter' to urls: [/*]
2020-10-29 17:09:56,396 org.springframework.boot.web.servlet.ServletRegistrationBean [main] (ServletRegistrationBean.java:190) INFO  --> Mapping servlet: 'dispatcherServlet' to [/]
2020-10-29 17:09:56,398 org.springframework.boot.web.servlet.ServletRegistrationBean [main] (ServletRegistrationBean.java:190) INFO  --> Mapping servlet: 'statViewServlet' to [/druid/*]
2020-10-29 17:09:56,409 org.eclipse.jetty.server.handler.ContextHandler [main] (ContextHandler.java:788) INFO  --> Started o.s.b.c.e.j.JettyEmbeddedWebAppContext@44eb2452{/rca,[file:///E:/workspace_winning/RecordClearAide/src/main/webapp/, jar:file:/D:/dev/maven/maven_31/io/springfox/springfox-swagger-ui/2.7.0/springfox-swagger-ui-2.7.0.jar!/META-INF/resources],AVAILABLE}
2020-10-29 17:09:56,413 org.eclipse.jetty.server.Server [main] (Server.java:411) INFO  --> Started @11678ms
2020-10-29 17:09:56,929 com.alibaba.druid.pool.DruidDataSource [main] (DruidDataSource.java:889) INFO  --> {dataSource-1} inited
2020-10-29 17:09:58,096 com.alibaba.druid.pool.DruidDataSource [main] (DruidDataSource.java:889) INFO  --> {dataSource-2} inited
2020-10-29 17:10:01,372 org.springframework.web.servlet.mvc.method.annotation.RequestMappingHandlerMapping [main] (AbstractHandlerMethodMapping.java:543) INFO  --> Mapped "{[/user/queryDayDetail],methods=[POST]}" onto public com.yaof.pojo.utils.Response<java.util.List<com.yaof.pojo.AmmountSum>> com.yaof.controller.AmmountController.queryDayDetail(com.yaof.pojo.AmmountSum,javax.servlet.http.HttpSession)
2020-10-29 17:10:01,380 org.springframework.web.servlet.mvc.method.annotation.RequestMappingHandlerMapping [main] (AbstractHandlerMethodMapping.java:543) INFO  --> Mapped "{[/user/addAccountDetail],methods=[POST]}" onto public com.yaof.pojo.utils.Response<java.lang.String> com.yaof.controller.AmmountController.addAccountDetail(java.util.List<com.yaof.pojo.AmmountSum>,javax.servlet.http.HttpSession)
2020-10-29 17:10:01,381 org.springframework.web.servlet.mvc.method.annotation.RequestMappingHandlerMapping [main] (AbstractHandlerMethodMapping.java:543) INFO  --> Mapped "{[/user/queryAccountDetail],methods=[POST]}" onto public com.yaof.pojo.utils.Response<java.util.List<com.yaof.pojo.AmmountSum>> com.yaof.controller.AmmountController.queryAccountDetail(com.yaof.pojo.AmmountSum,javax.servlet.http.HttpSession)
2020-10-29 17:10:01,382 org.springframework.web.servlet.mvc.method.annotation.RequestMappingHandlerMapping [main] (AbstractHandlerMethodMapping.java:543) INFO  --> Mapped "{[/user/deleteDayDetailById],methods=[POST]}" onto public com.yaof.pojo.utils.Response<java.lang.String> com.yaof.controller.AmmountController.deleteDayDetailById(com.yaof.pojo.AmmountSum)
2020-10-29 17:10:01,383 org.springframework.web.servlet.mvc.method.annotation.RequestMappingHandlerMapping [main] (AbstractHandlerMethodMapping.java:543) INFO  --> Mapped "{[/user/saveDayDetailById],methods=[POST]}" onto public com.yaof.pojo.utils.Response<java.lang.String> com.yaof.controller.AmmountController.saveDayDetailById(com.yaof.pojo.AmmountSum)
2020-10-29 17:10:01,385 org.springframework.web.servlet.mvc.method.annotation.RequestMappingHandlerMapping [main] (AbstractHandlerMethodMapping.java:543) INFO  --> Mapped "{[/index]}" onto public java.lang.String com.yaof.controller.GameRoleController.index(java.lang.String)
2020-10-29 17:10:01,386 org.springframework.web.servlet.mvc.method.annotation.RequestMappingHandlerMapping [main] (AbstractHandlerMethodMapping.java:543) INFO  --> Mapped "{[/selectNumber],methods=[POST]}" onto public com.yaof.pojo.utils.Response<com.alibaba.fastjson.JSONObject> com.yaof.controller.GameRoleController.selectNumber()
2020-10-29 17:10:01,387 org.springframework.web.servlet.mvc.method.annotation.RequestMappingHandlerMapping [main] (AbstractHandlerMethodMapping.java:543) INFO  --> Mapped "{[/insertRoleInfo],methods=[POST]}" onto public com.yaof.pojo.utils.Response<com.alibaba.fastjson.JSONObject> com.yaof.controller.GameRoleController.insertRoleInfo(com.yaof.pojo.GameRole,javax.servlet.http.HttpServletRequest)
2020-10-29 17:10:01,388 org.springframework.web.servlet.mvc.method.annotation.RequestMappingHandlerMapping [main] (AbstractHandlerMethodMapping.java:543) INFO  --> Mapped "{[/insertBatchRoleInfo],methods=[POST]}" onto public com.yaof.pojo.utils.Response<com.alibaba.fastjson.JSONObject> com.yaof.controller.GameRoleController.insertBatchRoleInfo()
2020-10-29 17:10:01,394 org.springframework.web.servlet.mvc.method.annotation.RequestMappingHandlerMapping [main] (AbstractHandlerMethodMapping.java:543) INFO  --> Mapped "{[/register],methods=[POST]}" onto public com.yaof.pojo.utils.Response com.yaof.controller.UserController.register(com.yaof.pojo.User)
2020-10-29 17:10:01,395 org.springframework.web.servlet.mvc.method.annotation.RequestMappingHandlerMapping [main] (AbstractHandlerMethodMapping.java:543) INFO  --> Mapped "{[/getUserInfo],methods=[POST]}" onto public java.lang.String com.yaof.controller.UserController.getUserInfo(java.lang.String,javax.servlet.http.HttpServletRequest)
2020-10-29 17:10:01,395 org.springframework.web.servlet.mvc.method.annotation.RequestMappingHandlerMapping [main] (AbstractHandlerMethodMapping.java:543) INFO  --> Mapped "{[/updatePassword],methods=[POST]}" onto public com.yaof.pojo.utils.Response com.yaof.controller.UserController.updatePassword(java.util.Map<java.lang.String, java.lang.Object>,javax.servlet.http.HttpSession)
2020-10-29 17:10:01,396 org.springframework.web.servlet.mvc.method.annotation.RequestMappingHandlerMapping [main] (AbstractHandlerMethodMapping.java:543) INFO  --> Mapped "{[/login],methods=[POST]}" onto public com.yaof.pojo.utils.Response com.yaof.controller.UserController.login(com.yaof.pojo.User,javax.servlet.http.HttpServletRequest)
2020-10-29 17:10:01,397 org.springframework.web.servlet.mvc.method.annotation.RequestMappingHandlerMapping [main] (AbstractHandlerMethodMapping.java:543) INFO  --> Mapped "{[/addRcaUserInfo],methods=[POST]}" onto public com.yaof.pojo.utils.Response com.yaof.controller.UserController.addRcaUserInfo(com.yaof.pojo.User,javax.servlet.http.HttpSession)
2020-10-29 17:10:01,397 org.springframework.web.servlet.mvc.method.annotation.RequestMappingHandlerMapping [main] (AbstractHandlerMethodMapping.java:543) INFO  --> Mapped "{[/getAccount],methods=[POST]}" onto private java.lang.String com.yaof.controller.UserController.getAccount(javax.servlet.http.HttpSession)
2020-10-29 17:10:01,398 org.springframework.web.servlet.mvc.method.annotation.RequestMappingHandlerMapping [main] (AbstractHandlerMethodMapping.java:543) INFO  --> Mapped "{[/checkAccount],methods=[POST]}" onto public com.yaof.pojo.utils.Response com.yaof.controller.UserController.checkAccount(java.lang.String)
2020-10-29 17:10:01,398 org.springframework.web.servlet.mvc.method.annotation.RequestMappingHandlerMapping [main] (AbstractHandlerMethodMapping.java:543) INFO  --> Mapped "{[/logout],methods=[POST]}" onto public com.yaof.pojo.utils.Response com.yaof.controller.UserController.checkAccount(javax.servlet.http.HttpServletRequest)
2020-10-29 17:10:01,399 org.springframework.web.servlet.mvc.method.annotation.RequestMappingHandlerMapping [main] (AbstractHandlerMethodMapping.java:543) INFO  --> Mapped "{[/saveUserInfo],methods=[POST]}" onto public com.yaof.pojo.utils.Response com.yaof.controller.UserController.saveUserInfo(com.yaof.pojo.User,javax.servlet.http.HttpSession)
2020-10-29 17:10:01,399 org.springframework.web.servlet.mvc.method.annotation.RequestMappingHandlerMapping [main] (AbstractHandlerMethodMapping.java:543) INFO  --> Mapped "{[/queryAccountByPower],methods=[POST]}" onto private com.yaof.pojo.utils.Response<java.util.List<com.yaof.pojo.User>> com.yaof.controller.UserController.queryAccountByPower(com.yaof.pojo.User,javax.servlet.http.HttpSession)
2020-10-29 17:10:01,400 org.springframework.web.servlet.mvc.method.annotation.RequestMappingHandlerMapping [main] (AbstractHandlerMethodMapping.java:543) INFO  --> Mapped "{[/deleteAccountById],methods=[POST]}" onto private com.yaof.pojo.utils.Response com.yaof.controller.UserController.deleteAccountById(java.lang.String)
2020-10-29 17:10:01,400 org.springframework.web.servlet.mvc.method.annotation.RequestMappingHandlerMapping [main] (AbstractHandlerMethodMapping.java:543) INFO  --> Mapped "{[/updatePasswordByAccount],methods=[POST]}" onto public com.yaof.pojo.utils.Response com.yaof.controller.UserController.updatePasswordByAccount(com.yaof.pojo.User,javax.servlet.http.HttpSession)
2020-10-29 17:10:01,406 org.springframework.web.servlet.mvc.method.annotation.RequestMappingHandlerMapping [main] (AbstractHandlerMethodMapping.java:543) INFO  --> Mapped "{[/swagger-resources/configuration/security]}" onto public org.springframework.http.ResponseEntity<springfox.documentation.swagger.web.SecurityConfiguration> springfox.documentation.swagger.web.ApiResourceController.securityConfiguration()
2020-10-29 17:10:01,407 org.springframework.web.servlet.mvc.method.annotation.RequestMappingHandlerMapping [main] (AbstractHandlerMethodMapping.java:543) INFO  --> Mapped "{[/swagger-resources/configuration/ui]}" onto public org.springframework.http.ResponseEntity<springfox.documentation.swagger.web.UiConfiguration> springfox.documentation.swagger.web.ApiResourceController.uiConfiguration()
2020-10-29 17:10:01,409 org.springframework.web.servlet.mvc.method.annotation.RequestMappingHandlerMapping [main] (AbstractHandlerMethodMapping.java:543) INFO  --> Mapped "{[/swagger-resources]}" onto public org.springframework.http.ResponseEntity<java.util.List<springfox.documentation.swagger.web.SwaggerResource>> springfox.documentation.swagger.web.ApiResourceController.swaggerResources()
2020-10-29 17:10:01,412 org.springframework.web.servlet.mvc.method.annotation.RequestMappingHandlerMapping [main] (AbstractHandlerMethodMapping.java:543) INFO  --> Mapped "{[/error]}" onto public org.springframework.http.ResponseEntity<java.util.Map<java.lang.String, java.lang.Object>> org.springframework.boot.autoconfigure.web.BasicErrorController.error(javax.servlet.http.HttpServletRequest)
2020-10-29 17:10:01,414 org.springframework.web.servlet.mvc.method.annotation.RequestMappingHandlerMapping [main] (AbstractHandlerMethodMapping.java:543) INFO  --> Mapped "{[/error],produces=[text/html]}" onto public org.springframework.web.servlet.ModelAndView org.springframework.boot.autoconfigure.web.BasicErrorController.errorHtml(javax.servlet.http.HttpServletRequest,javax.servlet.http.HttpServletResponse)
2020-10-29 17:10:03,274 springfox.documentation.spring.web.PropertySourcedRequestMappingHandlerMapping [main] (PropertySourcedRequestMappingHandlerMapping.java:69) INFO  --> Mapped URL path [/v2/api-docs] onto method [public org.springframework.http.ResponseEntity<springfox.documentation.spring.web.json.Json> springfox.documentation.swagger2.web.Swagger2Controller.getDocumentation(java.lang.String,javax.servlet.http.HttpServletRequest)]
2020-10-29 17:10:03,406 org.springframework.scheduling.concurrent.ThreadPoolTaskExecutor [main] (ExecutorConfigurationSupport.java:165) INFO  --> Initializing ExecutorService  'executor'
2020-10-29 17:10:03,674 org.quartz.impl.StdSchedulerFactory [main] (StdSchedulerFactory.java:1172) INFO  --> Using default implementation for ThreadExecutor
2020-10-29 17:10:03,721 org.quartz.core.SchedulerSignalerImpl [main] (SchedulerSignalerImpl.java:61) INFO  --> Initialized Scheduler Signaller of type: class org.quartz.core.SchedulerSignalerImpl
2020-10-29 17:10:03,721 org.quartz.core.QuartzScheduler [main] (QuartzScheduler.java:240) INFO  --> Quartz Scheduler v.2.2.3 created.
2020-10-29 17:10:03,724 org.quartz.simpl.RAMJobStore [main] (RAMJobStore.java:155) INFO  --> RAMJobStore initialized.
2020-10-29 17:10:03,726 org.quartz.core.QuartzScheduler [main] (QuartzScheduler.java:305) INFO  --> Scheduler meta-data: Quartz Scheduler (v2.2.3) 'org.springframework.scheduling.quartz.SchedulerFactoryBean#0' with instanceId 'NON_CLUSTERED'
  Scheduler class: 'org.quartz.core.QuartzScheduler' - running locally.
  NOT STARTED.
  Currently in standby mode.
  Number of jobs executed: 0
  Using thread pool 'org.springframework.scheduling.quartz.LocalTaskExecutorThreadPool' - with -1 threads.
  Using job-store 'org.quartz.simpl.RAMJobStore' - which does not support persistence. and is not clustered.

2020-10-29 17:10:03,726 org.quartz.impl.StdSchedulerFactory [main] (StdSchedulerFactory.java:1327) INFO  --> Quartz scheduler 'org.springframework.scheduling.quartz.SchedulerFactoryBean#0' initialized from an externally provided properties instance.
2020-10-29 17:10:03,727 org.quartz.impl.StdSchedulerFactory [main] (StdSchedulerFactory.java:1331) INFO  --> Quartz scheduler version: 2.2.3
2020-10-29 17:10:03,730 org.quartz.core.QuartzScheduler [main] (QuartzScheduler.java:2311) INFO  --> JobFactory set to: org.springframework.scheduling.quartz.AdaptableJobFactory@2a19c36b
2020-10-29 17:10:05,287 org.springframework.web.servlet.mvc.method.annotation.RequestMappingHandlerAdapter [main] (RequestMappingHandlerAdapter.java:534) INFO  --> Looking for @ControllerAdvice: org.springframework.boot.context.embedded.AnnotationConfigEmbeddedWebApplicationContext@435fb7b5: startup date [Thu Oct 29 17:09:48 CST 2020]; root of context hierarchy
2020-10-29 17:10:05,539 org.springframework.web.servlet.handler.SimpleUrlHandlerMapping [main] (AbstractUrlHandlerMapping.java:362) INFO  --> Mapped URL path [/webjars/**] onto handler of type [class org.springframework.web.servlet.resource.ResourceHttpRequestHandler]
2020-10-29 17:10:05,540 org.springframework.web.servlet.handler.SimpleUrlHandlerMapping [main] (AbstractUrlHandlerMapping.java:362) INFO  --> Mapped URL path [/**] onto handler of type [class org.springframework.web.servlet.resource.ResourceHttpRequestHandler]
2020-10-29 17:10:05,727 org.springframework.web.servlet.handler.SimpleUrlHandlerMapping [main] (AbstractUrlHandlerMapping.java:362) INFO  --> Mapped URL path [/**/favicon.ico] onto handler of type [class org.springframework.web.servlet.resource.ResourceHttpRequestHandler]
2020-10-29 17:10:08,553 org.springframework.jmx.export.annotation.AnnotationMBeanExporter [main] (MBeanExporter.java:431) INFO  --> Registering beans for JMX exposure on startup
2020-10-29 17:10:08,555 org.springframework.jmx.export.annotation.AnnotationMBeanExporter [main] (MBeanExporter.java:918) INFO  --> Bean with name 'masterDataSource' has been autodetected for JMX exposure
2020-10-29 17:10:08,557 org.springframework.jmx.export.annotation.AnnotationMBeanExporter [main] (MBeanExporter.java:918) INFO  --> Bean with name 'slaveDataSource' has been autodetected for JMX exposure
2020-10-29 17:10:08,557 org.springframework.jmx.export.annotation.AnnotationMBeanExporter [main] (MBeanExporter.java:918) INFO  --> Bean with name 'statFilter' has been autodetected for JMX exposure
2020-10-29 17:10:08,564 org.springframework.jmx.export.annotation.AnnotationMBeanExporter [main] (MBeanExporter.java:672) INFO  --> Located MBean 'masterDataSource': registering with JMX server as MBean [com.alibaba.druid.pool:name=masterDataSource,type=DruidDataSource]
2020-10-29 17:10:08,565 org.springframework.jmx.export.annotation.AnnotationMBeanExporter [main] (MBeanExporter.java:672) INFO  --> Located MBean 'slaveDataSource': registering with JMX server as MBean [com.alibaba.druid.pool:name=slaveDataSource,type=DruidDataSource]
2020-10-29 17:10:08,567 org.springframework.jmx.export.annotation.AnnotationMBeanExporter [main] (MBeanExporter.java:672) INFO  --> Located MBean 'statFilter': registering with JMX server as MBean [com.alibaba.druid.filter.stat:name=statFilter,type=StatFilter]
2020-10-29 17:10:08,572 org.springframework.context.support.DefaultLifecycleProcessor [main] (DefaultLifecycleProcessor.java:341) INFO  --> Starting beans in phase 2147483647
2020-10-29 17:10:08,572 springfox.documentation.spring.web.plugins.DocumentationPluginsBootstrapper [main] (DocumentationPluginsBootstrapper.java:147) INFO  --> Context refreshed
2020-10-29 17:10:08,610 springfox.documentation.spring.web.plugins.DocumentationPluginsBootstrapper [main] (DocumentationPluginsBootstrapper.java:150) INFO  --> Found 1 custom documentation plugin(s)
2020-10-29 17:10:08,667 springfox.documentation.spring.web.scanners.ApiListingReferenceScanner [main] (ApiListingReferenceScanner.java:41) INFO  --> Scanning for api listing references
2020-10-29 17:10:09,427 springfox.documentation.spring.web.readers.operation.CachingOperationNameGenerator [main] (CachingOperationNameGenerator.java:40) INFO  --> Generating unique operation named: checkAccountUsingPOST_1
2020-10-29 17:10:09,552 org.springframework.scheduling.quartz.SchedulerFactoryBean [main] (SchedulerFactoryBean.java:671) INFO  --> Starting Quartz Scheduler now
2020-10-29 17:10:09,553 org.quartz.core.QuartzScheduler [main] (QuartzScheduler.java:575) INFO  --> Scheduler org.springframework.scheduling.quartz.SchedulerFactoryBean#0_$_NON_CLUSTERED started.
2020-10-29 17:10:09,562 org.springframework.scheduling.annotation.ScheduledAnnotationBeanPostProcessor [main] (ScheduledAnnotationBeanPostProcessor.java:268) INFO  --> No TaskScheduler/ScheduledExecutorService bean found for scheduled processing
2020-10-29 17:10:09,585 org.eclipse.jetty.server.handler.ContextHandler.application [main] (ContextHandler.java:2221) INFO  --> Initializing Spring FrameworkServlet 'dispatcherServlet'
2020-10-29 17:10:09,585 org.springframework.web.servlet.DispatcherServlet [main] (FrameworkServlet.java:489) INFO  --> FrameworkServlet 'dispatcherServlet': initialization started
2020-10-29 17:10:09,618 org.springframework.web.servlet.DispatcherServlet [main] (FrameworkServlet.java:508) INFO  --> FrameworkServlet 'dispatcherServlet': initialization completed in 33 ms
2020-10-29 17:10:10,782 org.eclipse.jetty.server.AbstractConnector [main] (AbstractConnector.java:289) INFO  --> Started ServerConnector@31940704{HTTP/1.1,[http/1.1]}{0.0.0.0:8088}
2020-10-29 17:10:10,783 org.springframework.boot.context.embedded.jetty.JettyEmbeddedServletContainer [main] (JettyEmbeddedServletContainer.java:155) INFO  --> Jetty started on port(s) 8088 (http/1.1)
2020-10-29 17:10:10,796 com.yaof.RecordClearAideApplication [main] (StartupInfoLogger.java:57) INFO  --> Started RecordClearAideApplication in 24.372 seconds (JVM running for 26.061)
2020-10-29 17:10:10,796 com.yaof.RecordClearAideApplication [main] (RecordClearAideApplication.java:24) INFO  --> RecordClearAideApplication start success.
2020-10-29 17:15:00,002 com.yaof.quartz.job.TestJob [pool-2-thread-1] (TestJob.java:25) INFO  --> testJob calculate the count is：1
2020-10-29 17:16:01,389 com.yaof.point.TransactionDemo [executor-1] (TransactionDemo.java:27) ERROR --> No thread-bound request found: Are you referring to request attributes outside of an actual web request, or processing a request outside of the originally receiving thread? If you are actually operating within a web request and still receive this message, your code is probably running outside of DispatcherServlet/DispatcherPortlet: In this case, use RequestContextListener or RequestContextFilter to expose the current request.
2020-10-29 17:16:01,389 com.yaof.point.TransactionDemo [executor-1] (TransactionDemo.java:29) INFO  --> now the url is:
2020-10-29 17:16:01,389 com.yaof.point.TransactionDemo [executor-1] (TransactionDemo.java:35) INFO  --> point before...
2020-10-29 17:16:01,735 com.yaof.mapper.GameRoleMapper.insertRoleInfo [executor-1] (BaseJdbcLogger.java:159) DEBUG --> ==>  Preparing: insert into index_test ( id, account, name, sole_type, sole_genner, sole_grade, sole_appearance_type, sole_gold_num, sole_silver_num, sole_monny_num, user_id, user_name, is_adult, user_vip_type, machine_type ) values ( ?, ?, ?, ?, ?, ?, ?, ?, ?, ?, ?, ?, ?, ?, ? ) 
2020-10-29 17:16:01,906 com.yaof.mapper.GameRoleMapper.insertRoleInfo [executor-1] (BaseJdbcLogger.java:159) DEBUG --> ==> Parameters: 160396296007510000(String), oynbumscwf(String), 赴景赦嘱(String), 03(String), M(String), 75(Integer), 8(Integer), 5767168(Integer), 37748736(Integer), 384(Integer), 810207193505246572(String), 挑捎(String), Y(String), 5(String), 1(String)
2020-10-29 17:16:01,921 com.yaof.mapper.GameRoleMapper.insertRoleInfo [executor-1] (BaseJdbcLogger.java:159) DEBUG --> <==    Updates: 1
2020-10-29 17:16:01,921 com.yaof.point.TransactionDemo [executor-1] (TransactionDemo.java:39) INFO  --> point after...
2020-10-29 17:20:00,012 com.yaof.quartz.job.TestJob [pool-2-thread-1] (TestJob.java:25) INFO  --> testJob calculate the count is：2
2020-10-29 17:23:00,006 com.yaof.point.TransactionDemo [executor-1] (TransactionDemo.java:27) ERROR --> No thread-bound request found: Are you referring to request attributes outside of an actual web request, or processing a request outside of the originally receiving thread? If you are actually operating within a web request and still receive this message, your code is probably running outside of DispatcherServlet/DispatcherPortlet: In this case, use RequestContextListener or RequestContextFilter to expose the current request.
2020-10-29 17:23:00,007 com.yaof.point.TransactionDemo [executor-1] (TransactionDemo.java:29) INFO  --> now the url is:
2020-10-29 17:23:00,007 com.yaof.point.TransactionDemo [executor-1] (TransactionDemo.java:35) INFO  --> point before...
2020-10-29 17:23:00,009 com.yaof.mapper.GameRoleMapper.insertRoleInfo [executor-1] (BaseJdbcLogger.java:159) DEBUG --> ==>  Preparing: insert into index_test ( id, account, name, sole_type, sole_genner, sole_grade, sole_appearance_type, sole_gold_num, sole_silver_num, sole_monny_num, user_id, user_name, is_adult, user_vip_type, machine_type ) values ( ?, ?, ?, ?, ?, ?, ?, ?, ?, ?, ?, ?, ?, ?, ? ) 
2020-10-29 17:23:00,012 com.yaof.mapper.GameRoleMapper.insertRoleInfo [executor-1] (BaseJdbcLogger.java:159) DEBUG --> ==> Parameters: 160396338000410001(String), uxghtoc(String), 统许嫉先(String), 04(String), M(String), 77(Integer), 9(Integer), 3670016(Integer), 37748736(Integer), 128(Integer), 430930200011299841(String), 涉文(String), Y(String), 1(String), 1(String)
2020-10-29 17:23:00,015 com.yaof.mapper.GameRoleMapper.insertRoleInfo [executor-1] (BaseJdbcLogger.java:159) DEBUG --> <==    Updates: 1
2020-10-29 17:23:00,016 com.yaof.point.TransactionDemo [executor-1] (TransactionDemo.java:39) INFO  --> point after...
2020-10-29 17:25:00,008 com.yaof.quartz.job.TestJob [pool-2-thread-1] (TestJob.java:25) INFO  --> testJob calculate the count is：3
2020-10-29 17:29:57,858 com.yaof.quartz.job.TestJob [pool-2-thread-1] (TestJob.java:25) INFO  --> testJob calculate the count is：4
2020-10-29 17:30:00,012 com.yaof.point.TransactionDemo [executor-1] (TransactionDemo.java:27) ERROR --> No thread-bound request found: Are you referring to request attributes outside of an actual web request, or processing a request outside of the originally receiving thread? If you are actually operating within a web request and still receive this message, your code is probably running outside of DispatcherServlet/DispatcherPortlet: In this case, use RequestContextListener or RequestContextFilter to expose the current request.
2020-10-29 17:30:00,013 com.yaof.point.TransactionDemo [executor-1] (TransactionDemo.java:29) INFO  --> now the url is:
2020-10-29 17:30:00,014 com.yaof.point.TransactionDemo [executor-1] (TransactionDemo.java:35) INFO  --> point before...
2020-10-29 17:30:00,017 com.yaof.mapper.GameRoleMapper.insertRoleInfo [executor-1] (BaseJdbcLogger.java:159) DEBUG --> ==>  Preparing: insert into index_test ( id, account, name, sole_type, sole_genner, sole_grade, sole_appearance_type, sole_gold_num, sole_silver_num, sole_monny_num, user_id, user_name, is_adult, user_vip_type, machine_type ) values ( ?, ?, ?, ?, ?, ?, ?, ?, ?, ?, ?, ?, ?, ?, ? ) 
2020-10-29 17:30:00,024 com.yaof.mapper.GameRoleMapper.insertRoleInfo [executor-1] (BaseJdbcLogger.java:159) DEBUG --> ==> Parameters: 160396380000410002(String), mokpootnulkq(String), 悉宴狱森(String), 04(String), F(String), 79(Integer), 0(Integer), 4718592(Integer), 29360128(Integer), 384(Integer), 452431199308081341(String), 茶洞(String), Y(String), 1(String), 1(String)
2020-10-29 17:30:00,033 com.yaof.mapper.GameRoleMapper.insertRoleInfo [executor-1] (BaseJdbcLogger.java:159) DEBUG --> <==    Updates: 1
2020-10-29 17:30:00,034 com.yaof.point.TransactionDemo [executor-1] (TransactionDemo.java:39) INFO  --> point after...
2020-10-29 17:35:00,002 com.yaof.quartz.job.TestJob [pool-2-thread-1] (TestJob.java:25) INFO  --> testJob calculate the count is：5
2020-10-29 17:37:00,024 com.yaof.point.TransactionDemo [executor-1] (TransactionDemo.java:27) ERROR --> No thread-bound request found: Are you referring to request attributes outside of an actual web request, or processing a request outside of the originally receiving thread? If you are actually operating within a web request and still receive this message, your code is probably running outside of DispatcherServlet/DispatcherPortlet: In this case, use RequestContextListener or RequestContextFilter to expose the current request.
2020-10-29 17:37:00,025 com.yaof.point.TransactionDemo [executor-1] (TransactionDemo.java:29) INFO  --> now the url is:
2020-10-29 17:37:00,026 com.yaof.point.TransactionDemo [executor-1] (TransactionDemo.java:35) INFO  --> point before...
2020-10-29 17:37:00,032 com.yaof.mapper.GameRoleMapper.insertRoleInfo [executor-1] (BaseJdbcLogger.java:159) DEBUG --> ==>  Preparing: insert into index_test ( id, account, name, sole_type, sole_genner, sole_grade, sole_appearance_type, sole_gold_num, sole_silver_num, sole_monny_num, user_id, user_name, is_adult, user_vip_type, machine_type ) values ( ?, ?, ?, ?, ?, ?, ?, ?, ?, ?, ?, ?, ?, ?, ? ) 
2020-10-29 17:37:00,038 com.yaof.mapper.GameRoleMapper.insertRoleInfo [executor-1] (BaseJdbcLogger.java:159) DEBUG --> ==> Parameters: 160396422001210003(String), vjvmrubohpeoyerh(String), 顾泻称施(String), 02(String), M(String), 77(Integer), 13(Integer), 5767168(Integer), 37748736(Integer), 64(Integer), 121010195204032360(String), 峰耘艾(String), Y(String), 3(String), 3(String)
2020-10-29 17:37:00,042 com.yaof.mapper.GameRoleMapper.insertRoleInfo [executor-1] (BaseJdbcLogger.java:159) DEBUG --> <==    Updates: 1
2020-10-29 17:37:00,050 com.yaof.point.TransactionDemo [executor-1] (TransactionDemo.java:39) INFO  --> point after...
2020-10-29 17:40:00,011 com.yaof.quartz.job.TestJob [pool-2-thread-1] (TestJob.java:25) INFO  --> testJob calculate the count is：6
2020-10-29 17:44:00,007 com.yaof.point.TransactionDemo [executor-1] (TransactionDemo.java:27) ERROR --> No thread-bound request found: Are you referring to request attributes outside of an actual web request, or processing a request outside of the originally receiving thread? If you are actually operating within a web request and still receive this message, your code is probably running outside of DispatcherServlet/DispatcherPortlet: In this case, use RequestContextListener or RequestContextFilter to expose the current request.
2020-10-29 17:44:00,008 com.yaof.point.TransactionDemo [executor-1] (TransactionDemo.java:29) INFO  --> now the url is:
2020-10-29 17:44:00,009 com.yaof.point.TransactionDemo [executor-1] (TransactionDemo.java:35) INFO  --> point before...
2020-10-29 17:44:00,011 com.yaof.mapper.GameRoleMapper.insertRoleInfo [executor-1] (BaseJdbcLogger.java:159) DEBUG --> ==>  Preparing: insert into index_test ( id, account, name, sole_type, sole_genner, sole_grade, sole_appearance_type, sole_gold_num, sole_silver_num, sole_monny_num, user_id, user_name, is_adult, user_vip_type, machine_type ) values ( ?, ?, ?, ?, ?, ?, ?, ?, ?, ?, ?, ?, ?, ?, ? ) 
2020-10-29 17:44:00,016 com.yaof.mapper.GameRoleMapper.insertRoleInfo [executor-1] (BaseJdbcLogger.java:159) DEBUG --> ==> Parameters: 160396464000310004(String), oeqktxrnjzcnbukw(String), 恩干骸吕(String), 05(String), M(String), 79(Integer), 3(Integer), 4718592(Integer), 25165824(Integer), 256(Integer), 461022198407198874(String), 出剖(String), Y(String), 5(String), 3(String)
2020-10-29 17:44:00,019 com.yaof.mapper.GameRoleMapper.insertRoleInfo [executor-1] (BaseJdbcLogger.java:159) DEBUG --> <==    Updates: 1
2020-10-29 17:44:00,020 com.yaof.point.TransactionDemo [executor-1] (TransactionDemo.java:39) INFO  --> point after...
2020-10-29 17:45:00,002 com.yaof.quartz.job.TestJob [pool-2-thread-1] (TestJob.java:25) INFO  --> testJob calculate the count is：7
2020-10-29 17:50:00,008 com.yaof.quartz.job.TestJob [pool-2-thread-1] (TestJob.java:25) INFO  --> testJob calculate the count is：8
2020-10-29 17:51:00,012 com.yaof.point.TransactionDemo [executor-1] (TransactionDemo.java:27) ERROR --> No thread-bound request found: Are you referring to request attributes outside of an actual web request, or processing a request outside of the originally receiving thread? If you are actually operating within a web request and still receive this message, your code is probably running outside of DispatcherServlet/DispatcherPortlet: In this case, use RequestContextListener or RequestContextFilter to expose the current request.
2020-10-29 17:51:00,013 com.yaof.point.TransactionDemo [executor-1] (TransactionDemo.java:29) INFO  --> now the url is:
2020-10-29 17:51:00,014 com.yaof.point.TransactionDemo [executor-1] (TransactionDemo.java:35) INFO  --> point before...
2020-10-29 17:51:00,019 com.yaof.mapper.GameRoleMapper.insertRoleInfo [executor-1] (BaseJdbcLogger.java:159) DEBUG --> ==>  Preparing: insert into index_test ( id, account, name, sole_type, sole_genner, sole_grade, sole_appearance_type, sole_gold_num, sole_silver_num, sole_monny_num, user_id, user_name, is_adult, user_vip_type, machine_type ) values ( ?, ?, ?, ?, ?, ?, ?, ?, ?, ?, ?, ?, ?, ?, ? ) 
2020-10-29 17:51:00,026 com.yaof.mapper.GameRoleMapper.insertRoleInfo [executor-1] (BaseJdbcLogger.java:159) DEBUG --> ==> Parameters: 160396506000310005(String), rmxpcpot(String), 讹湃顽乙(String), 02(String), M(String), 79(Integer), 5(Integer), 5242880(Integer), 25165824(Integer), 384(Integer), 530303197204120032(String), 晌荡奔(String), Y(String), 1(String), 1(String)
2020-10-29 17:51:00,030 com.yaof.mapper.GameRoleMapper.insertRoleInfo [executor-1] (BaseJdbcLogger.java:159) DEBUG --> <==    Updates: 1
2020-10-29 17:51:00,030 com.yaof.point.TransactionDemo [executor-1] (TransactionDemo.java:39) INFO  --> point after...
