2020-10-26 17:43:35,540 com.yaof.RecordClearAideApplication [main] (StartupInfoLogger.java:48) INFO  --> Starting RecordClearAideApplication on yaofang with PID 11768 (E:\workspace_winning\RecordClearAide\target\classes started by Administrator in E:\workspace_winning\RecordClearAide)
2020-10-26 17:43:35,545 com.yaof.RecordClearAideApplication [main] (SpringApplication.java:597) INFO  --> The following profiles are active: prd
2020-10-26 17:43:35,686 org.springframework.boot.context.embedded.AnnotationConfigEmbeddedWebApplicationContext [main] (AbstractApplicationContext.java:583) INFO  --> Refreshing org.springframework.boot.context.embedded.AnnotationConfigEmbeddedWebApplicationContext@4b20ca2b: startup date [Mon Oct 26 17:43:35 CST 2020]; root of context hierarchy
2020-10-26 17:43:38,836 org.springframework.beans.factory.xml.XmlBeanDefinitionReader [main] (XmlBeanDefinitionReader.java:317) INFO  --> Loading XML bean definitions from class path resource [spring-mybatis.xml]
2020-10-26 17:43:39,257 org.mybatis.spring.mapper.ClassPathMapperScanner [main] (ClassPathMapperScanner.java:166) WARN  --> No MyBatis mapper was found in '[com.yaof]' package. Please check your configuration.
2020-10-26 17:43:40,067 org.springframework.context.support.PostProcessorRegistrationDelegate$BeanPostProcessorChecker [main] (PostProcessorRegistrationDelegate.java:327) INFO  --> Bean '(inner bean)#d16be4f' of type [org.springframework.aop.aspectj.AspectJMethodBeforeAdvice] is not eligible for getting processed by all BeanPostProcessors (for example: not eligible for auto-proxying)
2020-10-26 17:43:40,188 org.springframework.context.support.PostProcessorRegistrationDelegate$BeanPostProcessorChecker [main] (PostProcessorRegistrationDelegate.java:327) INFO  --> Bean 'org.springframework.aop.aspectj.AspectJPointcutAdvisor#0' of type [org.springframework.aop.aspectj.AspectJPointcutAdvisor] is not eligible for getting processed by all BeanPostProcessors (for example: not eligible for auto-proxying)
2020-10-26 17:43:40,194 org.springframework.context.support.PostProcessorRegistrationDelegate$BeanPostProcessorChecker [main] (PostProcessorRegistrationDelegate.java:327) INFO  --> Bean '(inner bean)#4346808' of type [org.springframework.aop.aspectj.AspectJAfterAdvice] is not eligible for getting processed by all BeanPostProcessors (for example: not eligible for auto-proxying)
2020-10-26 17:43:40,196 org.springframework.context.support.PostProcessorRegistrationDelegate$BeanPostProcessorChecker [main] (PostProcessorRegistrationDelegate.java:327) INFO  --> Bean 'org.springframework.aop.aspectj.AspectJPointcutAdvisor#1' of type [org.springframework.aop.aspectj.AspectJPointcutAdvisor] is not eligible for getting processed by all BeanPostProcessors (for example: not eligible for auto-proxying)
2020-10-26 17:43:40,244 org.springframework.context.support.PostProcessorRegistrationDelegate$BeanPostProcessorChecker [main] (PostProcessorRegistrationDelegate.java:327) INFO  --> Bean 'org.springframework.transaction.annotation.ProxyTransactionManagementConfiguration' of type [org.springframework.transaction.annotation.ProxyTransactionManagementConfiguration$$EnhancerBySpringCGLIB$$2aaa7916] is not eligible for getting processed by all BeanPostProcessors (for example: not eligible for auto-proxying)
2020-10-26 17:43:40,874 org.eclipse.jetty.util.log [main] (Log.java:193) INFO  --> Logging initialized @7635ms to org.eclipse.jetty.util.log.Slf4jLog
2020-10-26 17:43:41,143 org.springframework.boot.context.embedded.jetty.JettyEmbeddedServletContainerFactory [main] (JettyEmbeddedServletContainerFactory.java:177) INFO  --> Server initialized with port: 8088
2020-10-26 17:43:41,146 org.eclipse.jetty.server.Server [main] (Server.java:374) INFO  --> jetty-9.4.10.v20180503; built: 2018-05-03T15:56:21.710Z; git: daa59876e6f384329b122929e70a80934569428c; jvm 1.8.0_172-b11
2020-10-26 17:43:41,322 org.eclipse.jetty.server.session [main] (DefaultSessionIdManager.java:365) INFO  --> DefaultSessionIdManager workerName=node0
2020-10-26 17:43:41,322 org.eclipse.jetty.server.session [main] (DefaultSessionIdManager.java:370) INFO  --> No SessionScavenger set, using defaults
2020-10-26 17:43:41,326 org.eclipse.jetty.server.session [main] (HouseKeeper.java:149) INFO  --> node0 Scavenging every 660000ms
2020-10-26 17:43:41,376 org.eclipse.jetty.server.handler.ContextHandler.application [main] (ContextHandler.java:2221) INFO  --> Warning: No org.apache.tomcat.JarScanner set in ServletContext. Falling back to default JarScanner implementation.
2020-10-26 17:43:41,763 org.apache.jasper.servlet.TldScanner [main] (DirectJDKLog.java:180) INFO  --> At least one JAR was scanned for TLDs yet contained no TLDs. Enable debug logging for this logger for a complete list of JARs that were scanned but no TLDs were found in them. Skipping unneeded JARs during scanning can improve startup time and JSP compilation time.
2020-10-26 17:43:41,778 org.eclipse.jetty.server.handler.ContextHandler.application [main] (ContextHandler.java:2221) INFO  --> Initializing Spring embedded WebApplicationContext
2020-10-26 17:43:41,779 org.springframework.web.context.ContextLoader [main] (EmbeddedWebApplicationContext.java:276) INFO  --> Root WebApplicationContext: initialization completed in 6098 ms
2020-10-26 17:43:42,217 org.springframework.boot.web.servlet.FilterRegistrationBean [main] (AbstractFilterRegistrationBean.java:258) INFO  --> Mapping filter: 'characterEncodingFilter' to: [/*]
2020-10-26 17:43:42,219 org.springframework.boot.web.servlet.FilterRegistrationBean [main] (AbstractFilterRegistrationBean.java:258) INFO  --> Mapping filter: 'hiddenHttpMethodFilter' to: [/*]
2020-10-26 17:43:42,219 org.springframework.boot.web.servlet.FilterRegistrationBean [main] (AbstractFilterRegistrationBean.java:258) INFO  --> Mapping filter: 'httpPutFormContentFilter' to: [/*]
2020-10-26 17:43:42,220 org.springframework.boot.web.servlet.FilterRegistrationBean [main] (AbstractFilterRegistrationBean.java:258) INFO  --> Mapping filter: 'requestContextFilter' to: [/*]
2020-10-26 17:43:42,221 org.springframework.boot.web.servlet.FilterRegistrationBean [main] (AbstractFilterRegistrationBean.java:271) INFO  --> Mapping filter: 'sessionFilter' to urls: [/*]
2020-10-26 17:43:42,221 org.springframework.boot.web.servlet.FilterRegistrationBean [main] (AbstractFilterRegistrationBean.java:271) INFO  --> Mapping filter: 'webStatFilter' to urls: [/*]
2020-10-26 17:43:42,222 org.springframework.boot.web.servlet.ServletRegistrationBean [main] (ServletRegistrationBean.java:190) INFO  --> Mapping servlet: 'dispatcherServlet' to [/]
2020-10-26 17:43:42,224 org.springframework.boot.web.servlet.ServletRegistrationBean [main] (ServletRegistrationBean.java:190) INFO  --> Mapping servlet: 'statViewServlet' to [/druid/*]
2020-10-26 17:43:42,231 org.eclipse.jetty.server.handler.ContextHandler [main] (ContextHandler.java:788) INFO  --> Started o.s.b.c.e.j.JettyEmbeddedWebAppContext@3dea226b{/rca,[file:///E:/workspace_winning/RecordClearAide/src/main/webapp/, jar:file:/D:/dev/maven/maven_31/io/springfox/springfox-swagger-ui/2.7.0/springfox-swagger-ui-2.7.0.jar!/META-INF/resources],AVAILABLE}
2020-10-26 17:43:42,232 org.eclipse.jetty.server.Server [main] (Server.java:411) INFO  --> Started @8996ms
2020-10-26 17:43:42,456 com.alibaba.druid.pool.DruidDataSource [main] (DruidDataSource.java:889) INFO  --> {dataSource-1} inited
2020-10-26 17:43:43,095 com.alibaba.druid.pool.DruidDataSource [main] (DruidDataSource.java:889) INFO  --> {dataSource-2} inited
2020-10-26 17:43:43,489 org.springframework.boot.context.embedded.AnnotationConfigEmbeddedWebApplicationContext [main] (AbstractApplicationContext.java:551) WARN  --> Exception encountered during context initialization - cancelling refresh attempt: org.springframework.beans.factory.UnsatisfiedDependencyException: Error creating bean with name 'gameRoleController': Unsatisfied dependency expressed through field 'gameRoleService'; nested exception is org.springframework.beans.factory.BeanCreationException: Error creating bean with name 'gameRoleServiceImpl' defined in file [E:\workspace_winning\RecordClearAide\target\classes\com\yaof\service\impl\GameRoleServiceImpl.class]: Instantiation of bean failed; nested exception is org.springframework.beans.BeanInstantiationException: Failed to instantiate [com.yaof.service.impl.GameRoleServiceImpl]: Constructor threw exception; nested exception is java.lang.Error: Unresolved compilation problems: 
	The import com.yaof.tools.CommonUnit cannot be resolved
	CommonUnit cannot be resolved
	CommonUnit cannot be resolved
	CommonUnit cannot be resolved
	CommonUnit cannot be resolved
	CommonUnit cannot be resolved
	CommonUnit cannot be resolved
	CommonUnit cannot be resolved

2020-10-26 17:43:43,496 com.alibaba.druid.pool.DruidDataSource [main] (DruidDataSource.java:1658) INFO  --> {dataSource-2} closed
2020-10-26 17:43:43,497 com.alibaba.druid.pool.DruidDataSource [main] (DruidDataSource.java:1658) INFO  --> {dataSource-1} closed
2020-10-26 17:43:43,503 org.eclipse.jetty.server.session [main] (HouseKeeper.java:167) INFO  --> node0 Stopped scavenging
2020-10-26 17:43:43,508 org.eclipse.jetty.server.handler.ContextHandler [main] (ContextHandler.java:957) INFO  --> Stopped o.s.b.c.e.j.JettyEmbeddedWebAppContext@3dea226b{/rca,[file:///E:/workspace_winning/RecordClearAide/src/main/webapp/, jar:file:/D:/dev/maven/maven_31/io/springfox/springfox-swagger-ui/2.7.0/springfox-swagger-ui-2.7.0.jar!/META-INF/resources],UNAVAILABLE}
2020-10-26 17:43:43,518 org.springframework.boot.autoconfigure.logging.AutoConfigurationReportLoggingInitializer [main] (AutoConfigurationReportLoggingInitializer.java:101) INFO  --> 

Error starting ApplicationContext. To display the auto-configuration report re-run your application with 'debug' enabled.
2020-10-26 17:43:43,523 org.springframework.boot.SpringApplication [main] (SpringApplication.java:771) ERROR --> Application startup failed
org.springframework.beans.factory.UnsatisfiedDependencyException: Error creating bean with name 'gameRoleController': Unsatisfied dependency expressed through field 'gameRoleService'; nested exception is org.springframework.beans.factory.BeanCreationException: Error creating bean with name 'gameRoleServiceImpl' defined in file [E:\workspace_winning\RecordClearAide\target\classes\com\yaof\service\impl\GameRoleServiceImpl.class]: Instantiation of bean failed; nested exception is org.springframework.beans.BeanInstantiationException: Failed to instantiate [com.yaof.service.impl.GameRoleServiceImpl]: Constructor threw exception; nested exception is java.lang.Error: Unresolved compilation problems: 
	The import com.yaof.tools.CommonUnit cannot be resolved
	CommonUnit cannot be resolved
	CommonUnit cannot be resolved
	CommonUnit cannot be resolved
	CommonUnit cannot be resolved
	CommonUnit cannot be resolved
	CommonUnit cannot be resolved
	CommonUnit cannot be resolved

	at org.springframework.beans.factory.annotation.AutowiredAnnotationBeanPostProcessor$AutowiredFieldElement.inject(AutowiredAnnotationBeanPostProcessor.java:588)
	at org.springframework.beans.factory.annotation.InjectionMetadata.inject(InjectionMetadata.java:88)
	at org.springframework.beans.factory.annotation.AutowiredAnnotationBeanPostProcessor.postProcessPropertyValues(AutowiredAnnotationBeanPostProcessor.java:366)
	at org.springframework.beans.factory.support.AbstractAutowireCapableBeanFactory.populateBean(AbstractAutowireCapableBeanFactory.java:1272)
	at org.springframework.beans.factory.support.AbstractAutowireCapableBeanFactory.doCreateBean(AbstractAutowireCapableBeanFactory.java:553)
	at org.springframework.beans.factory.support.AbstractAutowireCapableBeanFactory.createBean(AbstractAutowireCapableBeanFactory.java:483)
	at org.springframework.beans.factory.support.AbstractBeanFactory$1.getObject(AbstractBeanFactory.java:312)
	at org.springframework.beans.factory.support.DefaultSingletonBeanRegistry.getSingleton(DefaultSingletonBeanRegistry.java:230)
	at org.springframework.beans.factory.support.AbstractBeanFactory.doGetBean(AbstractBeanFactory.java:308)
	at org.springframework.beans.factory.support.AbstractBeanFactory.getBean(AbstractBeanFactory.java:197)
	at org.springframework.beans.factory.support.DefaultListableBeanFactory.preInstantiateSingletons(DefaultListableBeanFactory.java:761)
	at org.springframework.context.support.AbstractApplicationContext.finishBeanFactoryInitialization(AbstractApplicationContext.java:867)
	at org.springframework.context.support.AbstractApplicationContext.refresh(AbstractApplicationContext.java:543)
	at org.springframework.boot.context.embedded.EmbeddedWebApplicationContext.refresh(EmbeddedWebApplicationContext.java:122)
	at org.springframework.boot.SpringApplication.refresh(SpringApplication.java:693)
	at org.springframework.boot.SpringApplication.refreshContext(SpringApplication.java:360)
	at org.springframework.boot.SpringApplication.run(SpringApplication.java:303)
	at org.springframework.boot.SpringApplication.run(SpringApplication.java:1118)
	at org.springframework.boot.SpringApplication.run(SpringApplication.java:1107)
	at com.yaof.RecordClearAideApplication.main(RecordClearAideApplication.java:23)
Caused by: org.springframework.beans.factory.BeanCreationException: Error creating bean with name 'gameRoleServiceImpl' defined in file [E:\workspace_winning\RecordClearAide\target\classes\com\yaof\service\impl\GameRoleServiceImpl.class]: Instantiation of bean failed; nested exception is org.springframework.beans.BeanInstantiationException: Failed to instantiate [com.yaof.service.impl.GameRoleServiceImpl]: Constructor threw exception; nested exception is java.lang.Error: Unresolved compilation problems: 
	The import com.yaof.tools.CommonUnit cannot be resolved
	CommonUnit cannot be resolved
	CommonUnit cannot be resolved
	CommonUnit cannot be resolved
	CommonUnit cannot be resolved
	CommonUnit cannot be resolved
	CommonUnit cannot be resolved
	CommonUnit cannot be resolved

	at org.springframework.beans.factory.support.AbstractAutowireCapableBeanFactory.instantiateBean(AbstractAutowireCapableBeanFactory.java:1163)
	at org.springframework.beans.factory.support.AbstractAutowireCapableBeanFactory.createBeanInstance(AbstractAutowireCapableBeanFactory.java:1107)
	at org.springframework.beans.factory.support.AbstractAutowireCapableBeanFactory.doCreateBean(AbstractAutowireCapableBeanFactory.java:513)
	at org.springframework.beans.factory.support.AbstractAutowireCapableBeanFactory.createBean(AbstractAutowireCapableBeanFactory.java:483)
	at org.springframework.beans.factory.support.AbstractBeanFactory$1.getObject(AbstractBeanFactory.java:312)
	at org.springframework.beans.factory.support.DefaultSingletonBeanRegistry.getSingleton(DefaultSingletonBeanRegistry.java:230)
	at org.springframework.beans.factory.support.AbstractBeanFactory.doGetBean(AbstractBeanFactory.java:308)
	at org.springframework.beans.factory.support.AbstractBeanFactory.getBean(AbstractBeanFactory.java:202)
	at org.springframework.beans.factory.config.DependencyDescriptor.resolveCandidate(DependencyDescriptor.java:208)
	at org.springframework.beans.factory.support.DefaultListableBeanFactory.doResolveDependency(DefaultListableBeanFactory.java:1138)
	at org.springframework.beans.factory.support.DefaultListableBeanFactory.resolveDependency(DefaultListableBeanFactory.java:1066)
	at org.springframework.beans.factory.annotation.AutowiredAnnotationBeanPostProcessor$AutowiredFieldElement.inject(AutowiredAnnotationBeanPostProcessor.java:585)
	... 19 more
Caused by: org.springframework.beans.BeanInstantiationException: Failed to instantiate [com.yaof.service.impl.GameRoleServiceImpl]: Constructor threw exception; nested exception is java.lang.Error: Unresolved compilation problems: 
	The import com.yaof.tools.CommonUnit cannot be resolved
	CommonUnit cannot be resolved
	CommonUnit cannot be resolved
	CommonUnit cannot be resolved
	CommonUnit cannot be resolved
	CommonUnit cannot be resolved
	CommonUnit cannot be resolved
	CommonUnit cannot be resolved

	at org.springframework.beans.BeanUtils.instantiateClass(BeanUtils.java:154)
	at org.springframework.beans.factory.support.SimpleInstantiationStrategy.instantiate(SimpleInstantiationStrategy.java:89)
	at org.springframework.beans.factory.support.AbstractAutowireCapableBeanFactory.instantiateBean(AbstractAutowireCapableBeanFactory.java:1155)
	... 30 more
Caused by: java.lang.Error: Unresolved compilation problems: 
	The import com.yaof.tools.CommonUnit cannot be resolved
	CommonUnit cannot be resolved
	CommonUnit cannot be resolved
	CommonUnit cannot be resolved
	CommonUnit cannot be resolved
	CommonUnit cannot be resolved
	CommonUnit cannot be resolved
	CommonUnit cannot be resolved

	at com.yaof.service.impl.GameRoleServiceImpl.<init>(GameRoleServiceImpl.java:18)
	at sun.reflect.NativeConstructorAccessorImpl.newInstance0(Native Method)
	at sun.reflect.NativeConstructorAccessorImpl.newInstance(NativeConstructorAccessorImpl.java:62)
	at sun.reflect.DelegatingConstructorAccessorImpl.newInstance(DelegatingConstructorAccessorImpl.java:45)
	at java.lang.reflect.Constructor.newInstance(Constructor.java:423)
	at org.springframework.beans.BeanUtils.instantiateClass(BeanUtils.java:142)
	... 32 more
2020-10-26 17:43:43,532 com.yaof.RecordClearAideApplication [main] (RecordClearAideApplication.java:26) INFO  --> Error creating bean with name 'gameRoleController': Unsatisfied dependency expressed through field 'gameRoleService'; nested exception is org.springframework.beans.factory.BeanCreationException: Error creating bean with name 'gameRoleServiceImpl' defined in file [E:\workspace_winning\RecordClearAide\target\classes\com\yaof\service\impl\GameRoleServiceImpl.class]: Instantiation of bean failed; nested exception is org.springframework.beans.BeanInstantiationException: Failed to instantiate [com.yaof.service.impl.GameRoleServiceImpl]: Constructor threw exception; nested exception is java.lang.Error: Unresolved compilation problems: 
	The import com.yaof.tools.CommonUnit cannot be resolved
	CommonUnit cannot be resolved
	CommonUnit cannot be resolved
	CommonUnit cannot be resolved
	CommonUnit cannot be resolved
	CommonUnit cannot be resolved
	CommonUnit cannot be resolved
	CommonUnit cannot be resolved

org.springframework.beans.factory.UnsatisfiedDependencyException: Error creating bean with name 'gameRoleController': Unsatisfied dependency expressed through field 'gameRoleService'; nested exception is org.springframework.beans.factory.BeanCreationException: Error creating bean with name 'gameRoleServiceImpl' defined in file [E:\workspace_winning\RecordClearAide\target\classes\com\yaof\service\impl\GameRoleServiceImpl.class]: Instantiation of bean failed; nested exception is org.springframework.beans.BeanInstantiationException: Failed to instantiate [com.yaof.service.impl.GameRoleServiceImpl]: Constructor threw exception; nested exception is java.lang.Error: Unresolved compilation problems: 
	The import com.yaof.tools.CommonUnit cannot be resolved
	CommonUnit cannot be resolved
	CommonUnit cannot be resolved
	CommonUnit cannot be resolved
	CommonUnit cannot be resolved
	CommonUnit cannot be resolved
	CommonUnit cannot be resolved
	CommonUnit cannot be resolved

	at org.springframework.beans.factory.annotation.AutowiredAnnotationBeanPostProcessor$AutowiredFieldElement.inject(AutowiredAnnotationBeanPostProcessor.java:588)
	at org.springframework.beans.factory.annotation.InjectionMetadata.inject(InjectionMetadata.java:88)
	at org.springframework.beans.factory.annotation.AutowiredAnnotationBeanPostProcessor.postProcessPropertyValues(AutowiredAnnotationBeanPostProcessor.java:366)
	at org.springframework.beans.factory.support.AbstractAutowireCapableBeanFactory.populateBean(AbstractAutowireCapableBeanFactory.java:1272)
	at org.springframework.beans.factory.support.AbstractAutowireCapableBeanFactory.doCreateBean(AbstractAutowireCapableBeanFactory.java:553)
	at org.springframework.beans.factory.support.AbstractAutowireCapableBeanFactory.createBean(AbstractAutowireCapableBeanFactory.java:483)
	at org.springframework.beans.factory.support.AbstractBeanFactory$1.getObject(AbstractBeanFactory.java:312)
	at org.springframework.beans.factory.support.DefaultSingletonBeanRegistry.getSingleton(DefaultSingletonBeanRegistry.java:230)
	at org.springframework.beans.factory.support.AbstractBeanFactory.doGetBean(AbstractBeanFactory.java:308)
	at org.springframework.beans.factory.support.AbstractBeanFactory.getBean(AbstractBeanFactory.java:197)
	at org.springframework.beans.factory.support.DefaultListableBeanFactory.preInstantiateSingletons(DefaultListableBeanFactory.java:761)
	at org.springframework.context.support.AbstractApplicationContext.finishBeanFactoryInitialization(AbstractApplicationContext.java:867)
	at org.springframework.context.support.AbstractApplicationContext.refresh(AbstractApplicationContext.java:543)
	at org.springframework.boot.context.embedded.EmbeddedWebApplicationContext.refresh(EmbeddedWebApplicationContext.java:122)
	at org.springframework.boot.SpringApplication.refresh(SpringApplication.java:693)
	at org.springframework.boot.SpringApplication.refreshContext(SpringApplication.java:360)
	at org.springframework.boot.SpringApplication.run(SpringApplication.java:303)
	at org.springframework.boot.SpringApplication.run(SpringApplication.java:1118)
	at org.springframework.boot.SpringApplication.run(SpringApplication.java:1107)
	at com.yaof.RecordClearAideApplication.main(RecordClearAideApplication.java:23)
Caused by: org.springframework.beans.factory.BeanCreationException: Error creating bean with name 'gameRoleServiceImpl' defined in file [E:\workspace_winning\RecordClearAide\target\classes\com\yaof\service\impl\GameRoleServiceImpl.class]: Instantiation of bean failed; nested exception is org.springframework.beans.BeanInstantiationException: Failed to instantiate [com.yaof.service.impl.GameRoleServiceImpl]: Constructor threw exception; nested exception is java.lang.Error: Unresolved compilation problems: 
	The import com.yaof.tools.CommonUnit cannot be resolved
	CommonUnit cannot be resolved
	CommonUnit cannot be resolved
	CommonUnit cannot be resolved
	CommonUnit cannot be resolved
	CommonUnit cannot be resolved
	CommonUnit cannot be resolved
	CommonUnit cannot be resolved

	at org.springframework.beans.factory.support.AbstractAutowireCapableBeanFactory.instantiateBean(AbstractAutowireCapableBeanFactory.java:1163)
	at org.springframework.beans.factory.support.AbstractAutowireCapableBeanFactory.createBeanInstance(AbstractAutowireCapableBeanFactory.java:1107)
	at org.springframework.beans.factory.support.AbstractAutowireCapableBeanFactory.doCreateBean(AbstractAutowireCapableBeanFactory.java:513)
	at org.springframework.beans.factory.support.AbstractAutowireCapableBeanFactory.createBean(AbstractAutowireCapableBeanFactory.java:483)
	at org.springframework.beans.factory.support.AbstractBeanFactory$1.getObject(AbstractBeanFactory.java:312)
	at org.springframework.beans.factory.support.DefaultSingletonBeanRegistry.getSingleton(DefaultSingletonBeanRegistry.java:230)
	at org.springframework.beans.factory.support.AbstractBeanFactory.doGetBean(AbstractBeanFactory.java:308)
	at org.springframework.beans.factory.support.AbstractBeanFactory.getBean(AbstractBeanFactory.java:202)
	at org.springframework.beans.factory.config.DependencyDescriptor.resolveCandidate(DependencyDescriptor.java:208)
	at org.springframework.beans.factory.support.DefaultListableBeanFactory.doResolveDependency(DefaultListableBeanFactory.java:1138)
	at org.springframework.beans.factory.support.DefaultListableBeanFactory.resolveDependency(DefaultListableBeanFactory.java:1066)
	at org.springframework.beans.factory.annotation.AutowiredAnnotationBeanPostProcessor$AutowiredFieldElement.inject(AutowiredAnnotationBeanPostProcessor.java:585)
	... 19 more
Caused by: org.springframework.beans.BeanInstantiationException: Failed to instantiate [com.yaof.service.impl.GameRoleServiceImpl]: Constructor threw exception; nested exception is java.lang.Error: Unresolved compilation problems: 
	The import com.yaof.tools.CommonUnit cannot be resolved
	CommonUnit cannot be resolved
	CommonUnit cannot be resolved
	CommonUnit cannot be resolved
	CommonUnit cannot be resolved
	CommonUnit cannot be resolved
	CommonUnit cannot be resolved
	CommonUnit cannot be resolved

	at org.springframework.beans.BeanUtils.instantiateClass(BeanUtils.java:154)
	at org.springframework.beans.factory.support.SimpleInstantiationStrategy.instantiate(SimpleInstantiationStrategy.java:89)
	at org.springframework.beans.factory.support.AbstractAutowireCapableBeanFactory.instantiateBean(AbstractAutowireCapableBeanFactory.java:1155)
	... 30 more
Caused by: java.lang.Error: Unresolved compilation problems: 
	The import com.yaof.tools.CommonUnit cannot be resolved
	CommonUnit cannot be resolved
	CommonUnit cannot be resolved
	CommonUnit cannot be resolved
	CommonUnit cannot be resolved
	CommonUnit cannot be resolved
	CommonUnit cannot be resolved
	CommonUnit cannot be resolved

	at com.yaof.service.impl.GameRoleServiceImpl.<init>(GameRoleServiceImpl.java:18)
	at sun.reflect.NativeConstructorAccessorImpl.newInstance0(Native Method)
	at sun.reflect.NativeConstructorAccessorImpl.newInstance(NativeConstructorAccessorImpl.java:62)
	at sun.reflect.DelegatingConstructorAccessorImpl.newInstance(DelegatingConstructorAccessorImpl.java:45)
	at java.lang.reflect.Constructor.newInstance(Constructor.java:423)
	at org.springframework.beans.BeanUtils.instantiateClass(BeanUtils.java:142)
	... 32 more
2020-10-26 17:43:43,538 com.yaof.RecordClearAideApplication [main] (RecordClearAideApplication.java:27) INFO  --> RecordClearAideApplication start fail.
2020-10-26 17:46:11,781 com.yaof.RecordClearAideApplication [main] (StartupInfoLogger.java:48) INFO  --> Starting RecordClearAideApplication on yaofang with PID 4484 (E:\workspace_winning\RecordClearAide\target\classes started by Administrator in E:\workspace_winning\RecordClearAide)
2020-10-26 17:46:11,784 com.yaof.RecordClearAideApplication [main] (SpringApplication.java:597) INFO  --> The following profiles are active: prd
2020-10-26 17:46:12,001 org.springframework.boot.context.embedded.AnnotationConfigEmbeddedWebApplicationContext [main] (AbstractApplicationContext.java:583) INFO  --> Refreshing org.springframework.boot.context.embedded.AnnotationConfigEmbeddedWebApplicationContext@4e70a728: startup date [Mon Oct 26 17:46:11 CST 2020]; root of context hierarchy
2020-10-26 17:46:14,611 org.springframework.beans.factory.xml.XmlBeanDefinitionReader [main] (XmlBeanDefinitionReader.java:317) INFO  --> Loading XML bean definitions from class path resource [spring-mybatis.xml]
2020-10-26 17:46:15,044 org.mybatis.spring.mapper.ClassPathMapperScanner [main] (ClassPathMapperScanner.java:166) WARN  --> No MyBatis mapper was found in '[com.yaof]' package. Please check your configuration.
2020-10-26 17:46:15,730 org.springframework.context.support.PostProcessorRegistrationDelegate$BeanPostProcessorChecker [main] (PostProcessorRegistrationDelegate.java:327) INFO  --> Bean '(inner bean)#124d02b2' of type [org.springframework.aop.aspectj.AspectJMethodBeforeAdvice] is not eligible for getting processed by all BeanPostProcessors (for example: not eligible for auto-proxying)
2020-10-26 17:46:15,898 org.springframework.context.support.PostProcessorRegistrationDelegate$BeanPostProcessorChecker [main] (PostProcessorRegistrationDelegate.java:327) INFO  --> Bean 'org.springframework.aop.aspectj.AspectJPointcutAdvisor#0' of type [org.springframework.aop.aspectj.AspectJPointcutAdvisor] is not eligible for getting processed by all BeanPostProcessors (for example: not eligible for auto-proxying)
2020-10-26 17:46:15,910 org.springframework.context.support.PostProcessorRegistrationDelegate$BeanPostProcessorChecker [main] (PostProcessorRegistrationDelegate.java:327) INFO  --> Bean '(inner bean)#233db8e9' of type [org.springframework.aop.aspectj.AspectJAfterAdvice] is not eligible for getting processed by all BeanPostProcessors (for example: not eligible for auto-proxying)
2020-10-26 17:46:15,912 org.springframework.context.support.PostProcessorRegistrationDelegate$BeanPostProcessorChecker [main] (PostProcessorRegistrationDelegate.java:327) INFO  --> Bean 'org.springframework.aop.aspectj.AspectJPointcutAdvisor#1' of type [org.springframework.aop.aspectj.AspectJPointcutAdvisor] is not eligible for getting processed by all BeanPostProcessors (for example: not eligible for auto-proxying)
2020-10-26 17:46:16,024 org.springframework.context.support.PostProcessorRegistrationDelegate$BeanPostProcessorChecker [main] (PostProcessorRegistrationDelegate.java:327) INFO  --> Bean 'org.springframework.transaction.annotation.ProxyTransactionManagementConfiguration' of type [org.springframework.transaction.annotation.ProxyTransactionManagementConfiguration$$EnhancerBySpringCGLIB$$94e74b88] is not eligible for getting processed by all BeanPostProcessors (for example: not eligible for auto-proxying)
2020-10-26 17:46:16,917 org.eclipse.jetty.util.log [main] (Log.java:193) INFO  --> Logging initialized @8399ms to org.eclipse.jetty.util.log.Slf4jLog
2020-10-26 17:46:17,119 org.springframework.boot.context.embedded.jetty.JettyEmbeddedServletContainerFactory [main] (JettyEmbeddedServletContainerFactory.java:177) INFO  --> Server initialized with port: 8088
2020-10-26 17:46:17,123 org.eclipse.jetty.server.Server [main] (Server.java:374) INFO  --> jetty-9.4.10.v20180503; built: 2018-05-03T15:56:21.710Z; git: daa59876e6f384329b122929e70a80934569428c; jvm 1.8.0_172-b11
2020-10-26 17:46:17,278 org.eclipse.jetty.server.session [main] (DefaultSessionIdManager.java:365) INFO  --> DefaultSessionIdManager workerName=node0
2020-10-26 17:46:17,278 org.eclipse.jetty.server.session [main] (DefaultSessionIdManager.java:370) INFO  --> No SessionScavenger set, using defaults
2020-10-26 17:46:17,280 org.eclipse.jetty.server.session [main] (HouseKeeper.java:149) INFO  --> node0 Scavenging every 600000ms
2020-10-26 17:46:17,322 org.eclipse.jetty.server.handler.ContextHandler.application [main] (ContextHandler.java:2221) INFO  --> Warning: No org.apache.tomcat.JarScanner set in ServletContext. Falling back to default JarScanner implementation.
2020-10-26 17:46:17,684 org.apache.jasper.servlet.TldScanner [main] (DirectJDKLog.java:180) INFO  --> At least one JAR was scanned for TLDs yet contained no TLDs. Enable debug logging for this logger for a complete list of JARs that were scanned but no TLDs were found in them. Skipping unneeded JARs during scanning can improve startup time and JSP compilation time.
2020-10-26 17:46:17,693 org.eclipse.jetty.server.handler.ContextHandler.application [main] (ContextHandler.java:2221) INFO  --> Initializing Spring embedded WebApplicationContext
2020-10-26 17:46:17,693 org.springframework.web.context.ContextLoader [main] (EmbeddedWebApplicationContext.java:276) INFO  --> Root WebApplicationContext: initialization completed in 5702 ms
2020-10-26 17:46:18,251 org.springframework.boot.web.servlet.FilterRegistrationBean [main] (AbstractFilterRegistrationBean.java:258) INFO  --> Mapping filter: 'characterEncodingFilter' to: [/*]
2020-10-26 17:46:18,252 org.springframework.boot.web.servlet.FilterRegistrationBean [main] (AbstractFilterRegistrationBean.java:258) INFO  --> Mapping filter: 'hiddenHttpMethodFilter' to: [/*]
2020-10-26 17:46:18,252 org.springframework.boot.web.servlet.FilterRegistrationBean [main] (AbstractFilterRegistrationBean.java:258) INFO  --> Mapping filter: 'httpPutFormContentFilter' to: [/*]
2020-10-26 17:46:18,252 org.springframework.boot.web.servlet.FilterRegistrationBean [main] (AbstractFilterRegistrationBean.java:258) INFO  --> Mapping filter: 'requestContextFilter' to: [/*]
2020-10-26 17:46:18,253 org.springframework.boot.web.servlet.FilterRegistrationBean [main] (AbstractFilterRegistrationBean.java:271) INFO  --> Mapping filter: 'sessionFilter' to urls: [/*]
2020-10-26 17:46:18,253 org.springframework.boot.web.servlet.FilterRegistrationBean [main] (AbstractFilterRegistrationBean.java:271) INFO  --> Mapping filter: 'webStatFilter' to urls: [/*]
2020-10-26 17:46:18,254 org.springframework.boot.web.servlet.ServletRegistrationBean [main] (ServletRegistrationBean.java:190) INFO  --> Mapping servlet: 'dispatcherServlet' to [/]
2020-10-26 17:46:18,256 org.springframework.boot.web.servlet.ServletRegistrationBean [main] (ServletRegistrationBean.java:190) INFO  --> Mapping servlet: 'statViewServlet' to [/druid/*]
2020-10-26 17:46:18,267 org.eclipse.jetty.server.handler.ContextHandler [main] (ContextHandler.java:788) INFO  --> Started o.s.b.c.e.j.JettyEmbeddedWebAppContext@67941d{/rca,[file:///E:/workspace_winning/RecordClearAide/src/main/webapp/, jar:file:/D:/dev/maven/maven_31/io/springfox/springfox-swagger-ui/2.7.0/springfox-swagger-ui-2.7.0.jar!/META-INF/resources],AVAILABLE}
2020-10-26 17:46:18,268 org.eclipse.jetty.server.Server [main] (Server.java:411) INFO  --> Started @9754ms
2020-10-26 17:46:18,601 com.alibaba.druid.pool.DruidDataSource [main] (DruidDataSource.java:889) INFO  --> {dataSource-1} inited
2020-10-26 17:46:19,424 com.alibaba.druid.pool.DruidDataSource [main] (DruidDataSource.java:889) INFO  --> {dataSource-2} inited
2020-10-26 17:46:20,966 org.springframework.web.servlet.mvc.method.annotation.RequestMappingHandlerMapping [main] (AbstractHandlerMethodMapping.java:543) INFO  --> Mapped "{[/user/deleteDayDetailById],methods=[POST]}" onto public com.yaof.pojo.utils.Response<java.lang.String> com.yaof.controller.AmmountController.deleteDayDetailById(com.yaof.pojo.AmmountSum)
2020-10-26 17:46:20,967 org.springframework.web.servlet.mvc.method.annotation.RequestMappingHandlerMapping [main] (AbstractHandlerMethodMapping.java:543) INFO  --> Mapped "{[/user/saveDayDetailById],methods=[POST]}" onto public com.yaof.pojo.utils.Response<java.lang.String> com.yaof.controller.AmmountController.saveDayDetailById(com.yaof.pojo.AmmountSum)
2020-10-26 17:46:20,968 org.springframework.web.servlet.mvc.method.annotation.RequestMappingHandlerMapping [main] (AbstractHandlerMethodMapping.java:543) INFO  --> Mapped "{[/user/queryAccountDetail],methods=[POST]}" onto public com.yaof.pojo.utils.Response<java.util.List<com.yaof.pojo.AmmountSum>> com.yaof.controller.AmmountController.queryAccountDetail(com.yaof.pojo.AmmountSum,javax.servlet.http.HttpSession)
2020-10-26 17:46:20,969 org.springframework.web.servlet.mvc.method.annotation.RequestMappingHandlerMapping [main] (AbstractHandlerMethodMapping.java:543) INFO  --> Mapped "{[/user/addAccountDetail],methods=[POST]}" onto public com.yaof.pojo.utils.Response<java.lang.String> com.yaof.controller.AmmountController.addAccountDetail(java.util.List<com.yaof.pojo.AmmountSum>,javax.servlet.http.HttpSession)
2020-10-26 17:46:20,969 org.springframework.web.servlet.mvc.method.annotation.RequestMappingHandlerMapping [main] (AbstractHandlerMethodMapping.java:543) INFO  --> Mapped "{[/user/queryDayDetail],methods=[POST]}" onto public com.yaof.pojo.utils.Response<java.util.List<com.yaof.pojo.AmmountSum>> com.yaof.controller.AmmountController.queryDayDetail(com.yaof.pojo.AmmountSum,javax.servlet.http.HttpSession)
2020-10-26 17:46:20,971 org.springframework.web.servlet.mvc.method.annotation.RequestMappingHandlerMapping [main] (AbstractHandlerMethodMapping.java:543) INFO  --> Mapped "{[/index]}" onto public java.lang.String com.yaof.controller.GameRoleController.index(java.lang.String)
2020-10-26 17:46:20,972 org.springframework.web.servlet.mvc.method.annotation.RequestMappingHandlerMapping [main] (AbstractHandlerMethodMapping.java:543) INFO  --> Mapped "{[/insertBatchRoleInfo],methods=[POST]}" onto public com.yaof.pojo.utils.Response<com.alibaba.fastjson.JSONObject> com.yaof.controller.GameRoleController.insertBatchRoleInfo()
2020-10-26 17:46:20,972 org.springframework.web.servlet.mvc.method.annotation.RequestMappingHandlerMapping [main] (AbstractHandlerMethodMapping.java:543) INFO  --> Mapped "{[/insertRoleInfo],methods=[POST]}" onto public com.yaof.pojo.utils.Response<com.alibaba.fastjson.JSONObject> com.yaof.controller.GameRoleController.insertRoleInfo(com.yaof.pojo.GameRole,javax.servlet.http.HttpServletRequest)
2020-10-26 17:46:20,973 org.springframework.web.servlet.mvc.method.annotation.RequestMappingHandlerMapping [main] (AbstractHandlerMethodMapping.java:543) INFO  --> Mapped "{[/selectNumber],methods=[POST]}" onto public com.yaof.pojo.utils.Response<com.alibaba.fastjson.JSONObject> com.yaof.controller.GameRoleController.selectNumber()
2020-10-26 17:46:20,979 org.springframework.web.servlet.mvc.method.annotation.RequestMappingHandlerMapping [main] (AbstractHandlerMethodMapping.java:543) INFO  --> Mapped "{[/register],methods=[POST]}" onto public com.yaof.pojo.utils.Response com.yaof.controller.UserController.register(com.yaof.pojo.User)
2020-10-26 17:46:20,979 org.springframework.web.servlet.mvc.method.annotation.RequestMappingHandlerMapping [main] (AbstractHandlerMethodMapping.java:543) INFO  --> Mapped "{[/getUserInfo],methods=[POST]}" onto public java.lang.String com.yaof.controller.UserController.getUserInfo(java.lang.String,javax.servlet.http.HttpServletRequest)
2020-10-26 17:46:20,980 org.springframework.web.servlet.mvc.method.annotation.RequestMappingHandlerMapping [main] (AbstractHandlerMethodMapping.java:543) INFO  --> Mapped "{[/updatePasswordByAccount],methods=[POST]}" onto public com.yaof.pojo.utils.Response com.yaof.controller.UserController.updatePasswordByAccount(com.yaof.pojo.User,javax.servlet.http.HttpSession)
2020-10-26 17:46:20,981 org.springframework.web.servlet.mvc.method.annotation.RequestMappingHandlerMapping [main] (AbstractHandlerMethodMapping.java:543) INFO  --> Mapped "{[/queryAccountByPower],methods=[POST]}" onto private com.yaof.pojo.utils.Response<java.util.List<com.yaof.pojo.User>> com.yaof.controller.UserController.queryAccountByPower(com.yaof.pojo.User,javax.servlet.http.HttpSession)
2020-10-26 17:46:20,982 org.springframework.web.servlet.mvc.method.annotation.RequestMappingHandlerMapping [main] (AbstractHandlerMethodMapping.java:543) INFO  --> Mapped "{[/deleteAccountById],methods=[POST]}" onto private com.yaof.pojo.utils.Response com.yaof.controller.UserController.deleteAccountById(java.lang.String)
2020-10-26 17:46:20,982 org.springframework.web.servlet.mvc.method.annotation.RequestMappingHandlerMapping [main] (AbstractHandlerMethodMapping.java:543) INFO  --> Mapped "{[/login],methods=[POST]}" onto public com.yaof.pojo.utils.Response com.yaof.controller.UserController.login(com.yaof.pojo.User,javax.servlet.http.HttpServletRequest)
2020-10-26 17:46:20,983 org.springframework.web.servlet.mvc.method.annotation.RequestMappingHandlerMapping [main] (AbstractHandlerMethodMapping.java:543) INFO  --> Mapped "{[/updatePassword],methods=[POST]}" onto public com.yaof.pojo.utils.Response com.yaof.controller.UserController.updatePassword(java.util.Map<java.lang.String, java.lang.Object>,javax.servlet.http.HttpSession)
2020-10-26 17:46:20,983 org.springframework.web.servlet.mvc.method.annotation.RequestMappingHandlerMapping [main] (AbstractHandlerMethodMapping.java:543) INFO  --> Mapped "{[/addRcaUserInfo],methods=[POST]}" onto public com.yaof.pojo.utils.Response com.yaof.controller.UserController.addRcaUserInfo(com.yaof.pojo.User,javax.servlet.http.HttpSession)
2020-10-26 17:46:20,984 org.springframework.web.servlet.mvc.method.annotation.RequestMappingHandlerMapping [main] (AbstractHandlerMethodMapping.java:543) INFO  --> Mapped "{[/saveUserInfo],methods=[POST]}" onto public com.yaof.pojo.utils.Response com.yaof.controller.UserController.saveUserInfo(com.yaof.pojo.User,javax.servlet.http.HttpSession)
2020-10-26 17:46:20,985 org.springframework.web.servlet.mvc.method.annotation.RequestMappingHandlerMapping [main] (AbstractHandlerMethodMapping.java:543) INFO  --> Mapped "{[/getAccount],methods=[POST]}" onto private java.lang.String com.yaof.controller.UserController.getAccount(javax.servlet.http.HttpSession)
2020-10-26 17:46:20,985 org.springframework.web.servlet.mvc.method.annotation.RequestMappingHandlerMapping [main] (AbstractHandlerMethodMapping.java:543) INFO  --> Mapped "{[/logout],methods=[POST]}" onto public com.yaof.pojo.utils.Response com.yaof.controller.UserController.checkAccount(javax.servlet.http.HttpServletRequest)
2020-10-26 17:46:20,986 org.springframework.web.servlet.mvc.method.annotation.RequestMappingHandlerMapping [main] (AbstractHandlerMethodMapping.java:543) INFO  --> Mapped "{[/checkAccount],methods=[POST]}" onto public com.yaof.pojo.utils.Response com.yaof.controller.UserController.checkAccount(java.lang.String)
2020-10-26 17:46:20,991 org.springframework.web.servlet.mvc.method.annotation.RequestMappingHandlerMapping [main] (AbstractHandlerMethodMapping.java:543) INFO  --> Mapped "{[/swagger-resources/configuration/security]}" onto public org.springframework.http.ResponseEntity<springfox.documentation.swagger.web.SecurityConfiguration> springfox.documentation.swagger.web.ApiResourceController.securityConfiguration()
2020-10-26 17:46:20,992 org.springframework.web.servlet.mvc.method.annotation.RequestMappingHandlerMapping [main] (AbstractHandlerMethodMapping.java:543) INFO  --> Mapped "{[/swagger-resources/configuration/ui]}" onto public org.springframework.http.ResponseEntity<springfox.documentation.swagger.web.UiConfiguration> springfox.documentation.swagger.web.ApiResourceController.uiConfiguration()
2020-10-26 17:46:20,994 org.springframework.web.servlet.mvc.method.annotation.RequestMappingHandlerMapping [main] (AbstractHandlerMethodMapping.java:543) INFO  --> Mapped "{[/swagger-resources]}" onto public org.springframework.http.ResponseEntity<java.util.List<springfox.documentation.swagger.web.SwaggerResource>> springfox.documentation.swagger.web.ApiResourceController.swaggerResources()
2020-10-26 17:46:20,997 org.springframework.web.servlet.mvc.method.annotation.RequestMappingHandlerMapping [main] (AbstractHandlerMethodMapping.java:543) INFO  --> Mapped "{[/error]}" onto public org.springframework.http.ResponseEntity<java.util.Map<java.lang.String, java.lang.Object>> org.springframework.boot.autoconfigure.web.BasicErrorController.error(javax.servlet.http.HttpServletRequest)
2020-10-26 17:46:20,998 org.springframework.web.servlet.mvc.method.annotation.RequestMappingHandlerMapping [main] (AbstractHandlerMethodMapping.java:543) INFO  --> Mapped "{[/error],produces=[text/html]}" onto public org.springframework.web.servlet.ModelAndView org.springframework.boot.autoconfigure.web.BasicErrorController.errorHtml(javax.servlet.http.HttpServletRequest,javax.servlet.http.HttpServletResponse)
2020-10-26 17:46:21,488 springfox.documentation.spring.web.PropertySourcedRequestMappingHandlerMapping [main] (PropertySourcedRequestMappingHandlerMapping.java:69) INFO  --> Mapped URL path [/v2/api-docs] onto method [public org.springframework.http.ResponseEntity<springfox.documentation.spring.web.json.Json> springfox.documentation.swagger2.web.Swagger2Controller.getDocumentation(java.lang.String,javax.servlet.http.HttpServletRequest)]
2020-10-26 17:46:21,543 org.springframework.scheduling.concurrent.ThreadPoolTaskExecutor [main] (ExecutorConfigurationSupport.java:165) INFO  --> Initializing ExecutorService  'executor'
2020-10-26 17:46:21,690 org.quartz.impl.StdSchedulerFactory [main] (StdSchedulerFactory.java:1172) INFO  --> Using default implementation for ThreadExecutor
2020-10-26 17:46:21,721 org.quartz.core.SchedulerSignalerImpl [main] (SchedulerSignalerImpl.java:61) INFO  --> Initialized Scheduler Signaller of type: class org.quartz.core.SchedulerSignalerImpl
2020-10-26 17:46:21,721 org.quartz.core.QuartzScheduler [main] (QuartzScheduler.java:240) INFO  --> Quartz Scheduler v.2.2.3 created.
2020-10-26 17:46:21,723 org.quartz.simpl.RAMJobStore [main] (RAMJobStore.java:155) INFO  --> RAMJobStore initialized.
2020-10-26 17:46:21,724 org.quartz.core.QuartzScheduler [main] (QuartzScheduler.java:305) INFO  --> Scheduler meta-data: Quartz Scheduler (v2.2.3) 'org.springframework.scheduling.quartz.SchedulerFactoryBean#0' with instanceId 'NON_CLUSTERED'
  Scheduler class: 'org.quartz.core.QuartzScheduler' - running locally.
  NOT STARTED.
  Currently in standby mode.
  Number of jobs executed: 0
  Using thread pool 'org.springframework.scheduling.quartz.LocalTaskExecutorThreadPool' - with -1 threads.
  Using job-store 'org.quartz.simpl.RAMJobStore' - which does not support persistence. and is not clustered.

2020-10-26 17:46:21,724 org.quartz.impl.StdSchedulerFactory [main] (StdSchedulerFactory.java:1327) INFO  --> Quartz scheduler 'org.springframework.scheduling.quartz.SchedulerFactoryBean#0' initialized from an externally provided properties instance.
2020-10-26 17:46:21,724 org.quartz.impl.StdSchedulerFactory [main] (StdSchedulerFactory.java:1331) INFO  --> Quartz scheduler version: 2.2.3
2020-10-26 17:46:21,727 org.quartz.core.QuartzScheduler [main] (QuartzScheduler.java:2311) INFO  --> JobFactory set to: org.springframework.scheduling.quartz.AdaptableJobFactory@43ca96a0
2020-10-26 17:46:22,556 org.springframework.web.servlet.mvc.method.annotation.RequestMappingHandlerAdapter [main] (RequestMappingHandlerAdapter.java:534) INFO  --> Looking for @ControllerAdvice: org.springframework.boot.context.embedded.AnnotationConfigEmbeddedWebApplicationContext@4e70a728: startup date [Mon Oct 26 17:46:11 CST 2020]; root of context hierarchy
2020-10-26 17:46:22,713 org.springframework.web.servlet.handler.SimpleUrlHandlerMapping [main] (AbstractUrlHandlerMapping.java:362) INFO  --> Mapped URL path [/webjars/**] onto handler of type [class org.springframework.web.servlet.resource.ResourceHttpRequestHandler]
2020-10-26 17:46:22,713 org.springframework.web.servlet.handler.SimpleUrlHandlerMapping [main] (AbstractUrlHandlerMapping.java:362) INFO  --> Mapped URL path [/**] onto handler of type [class org.springframework.web.servlet.resource.ResourceHttpRequestHandler]
2020-10-26 17:46:22,818 org.springframework.web.servlet.handler.SimpleUrlHandlerMapping [main] (AbstractUrlHandlerMapping.java:362) INFO  --> Mapped URL path [/**/favicon.ico] onto handler of type [class org.springframework.web.servlet.resource.ResourceHttpRequestHandler]
2020-10-26 17:46:24,923 org.springframework.jmx.export.annotation.AnnotationMBeanExporter [main] (MBeanExporter.java:431) INFO  --> Registering beans for JMX exposure on startup
2020-10-26 17:46:24,925 org.springframework.jmx.export.annotation.AnnotationMBeanExporter [main] (MBeanExporter.java:918) INFO  --> Bean with name 'masterDataSource' has been autodetected for JMX exposure
2020-10-26 17:46:24,926 org.springframework.jmx.export.annotation.AnnotationMBeanExporter [main] (MBeanExporter.java:918) INFO  --> Bean with name 'slaveDataSource' has been autodetected for JMX exposure
2020-10-26 17:46:24,927 org.springframework.jmx.export.annotation.AnnotationMBeanExporter [main] (MBeanExporter.java:918) INFO  --> Bean with name 'statFilter' has been autodetected for JMX exposure
2020-10-26 17:46:24,934 org.springframework.jmx.export.annotation.AnnotationMBeanExporter [main] (MBeanExporter.java:672) INFO  --> Located MBean 'masterDataSource': registering with JMX server as MBean [com.alibaba.druid.pool:name=masterDataSource,type=DruidDataSource]
2020-10-26 17:46:24,935 org.springframework.jmx.export.annotation.AnnotationMBeanExporter [main] (MBeanExporter.java:672) INFO  --> Located MBean 'slaveDataSource': registering with JMX server as MBean [com.alibaba.druid.pool:name=slaveDataSource,type=DruidDataSource]
2020-10-26 17:46:24,936 org.springframework.jmx.export.annotation.AnnotationMBeanExporter [main] (MBeanExporter.java:672) INFO  --> Located MBean 'statFilter': registering with JMX server as MBean [com.alibaba.druid.filter.stat:name=statFilter,type=StatFilter]
2020-10-26 17:46:24,948 org.springframework.context.support.DefaultLifecycleProcessor [main] (DefaultLifecycleProcessor.java:341) INFO  --> Starting beans in phase 2147483647
2020-10-26 17:46:24,948 springfox.documentation.spring.web.plugins.DocumentationPluginsBootstrapper [main] (DocumentationPluginsBootstrapper.java:147) INFO  --> Context refreshed
2020-10-26 17:46:24,985 springfox.documentation.spring.web.plugins.DocumentationPluginsBootstrapper [main] (DocumentationPluginsBootstrapper.java:150) INFO  --> Found 1 custom documentation plugin(s)
2020-10-26 17:46:25,049 springfox.documentation.spring.web.scanners.ApiListingReferenceScanner [main] (ApiListingReferenceScanner.java:41) INFO  --> Scanning for api listing references
2020-10-26 17:46:25,570 springfox.documentation.spring.web.readers.operation.CachingOperationNameGenerator [main] (CachingOperationNameGenerator.java:40) INFO  --> Generating unique operation named: checkAccountUsingPOST_1
2020-10-26 17:46:25,754 org.springframework.scheduling.quartz.SchedulerFactoryBean [main] (SchedulerFactoryBean.java:671) INFO  --> Starting Quartz Scheduler now
2020-10-26 17:46:25,754 org.quartz.core.QuartzScheduler [main] (QuartzScheduler.java:575) INFO  --> Scheduler org.springframework.scheduling.quartz.SchedulerFactoryBean#0_$_NON_CLUSTERED started.
2020-10-26 17:46:25,778 org.springframework.scheduling.annotation.ScheduledAnnotationBeanPostProcessor [main] (ScheduledAnnotationBeanPostProcessor.java:268) INFO  --> No TaskScheduler/ScheduledExecutorService bean found for scheduled processing
2020-10-26 17:46:25,841 org.eclipse.jetty.server.handler.ContextHandler.application [main] (ContextHandler.java:2221) INFO  --> Initializing Spring FrameworkServlet 'dispatcherServlet'
2020-10-26 17:46:25,842 org.springframework.web.servlet.DispatcherServlet [main] (FrameworkServlet.java:489) INFO  --> FrameworkServlet 'dispatcherServlet': initialization started
2020-10-26 17:46:25,888 org.springframework.web.servlet.DispatcherServlet [main] (FrameworkServlet.java:508) INFO  --> FrameworkServlet 'dispatcherServlet': initialization completed in 46 ms
2020-10-26 17:46:26,870 org.eclipse.jetty.server.AbstractConnector [main] (AbstractConnector.java:289) INFO  --> Started ServerConnector@2ad2b274{HTTP/1.1,[http/1.1]}{0.0.0.0:8088}
2020-10-26 17:46:26,872 org.springframework.boot.context.embedded.jetty.JettyEmbeddedServletContainer [main] (JettyEmbeddedServletContainer.java:155) INFO  --> Jetty started on port(s) 8088 (http/1.1)
2020-10-26 17:46:26,879 com.yaof.RecordClearAideApplication [main] (StartupInfoLogger.java:57) INFO  --> Started RecordClearAideApplication in 16.781 seconds (JVM running for 18.364)
2020-10-26 17:46:26,879 com.yaof.RecordClearAideApplication [main] (RecordClearAideApplication.java:24) INFO  --> RecordClearAideApplication start success.
2020-10-26 17:48:43,807 com.yaof.controller.UserController [qtp1009313206-21] (UserController.java:56) INFO  --> :{"account":"yaofang","id":0,"password":"123456"}
2020-10-26 17:48:44,813 com.yaof.point.TransactionDemo [qtp1009313206-21] (TransactionDemo.java:28) INFO  --> now the url is:/rca/login
2020-10-26 17:48:44,814 com.yaof.point.TransactionDemo [qtp1009313206-21] (TransactionDemo.java:34) INFO  --> point before...
2020-10-26 17:48:44,849 com.yaof.mapper.UserMapper.getUserByAccountAndPassword [qtp1009313206-21] (BaseJdbcLogger.java:159) DEBUG --> ==>  Preparing: select id, account, age, name, power, birthdate, sex, addr, phone, email from rca_user where account = ? and password = ? 
2020-10-26 17:48:44,876 com.yaof.mapper.UserMapper.getUserByAccountAndPassword [qtp1009313206-21] (BaseJdbcLogger.java:159) DEBUG --> ==> Parameters: yaofang(String), 123456(String)
2020-10-26 17:48:44,990 com.yaof.mapper.UserMapper.getUserByAccountAndPassword [qtp1009313206-21] (BaseJdbcLogger.java:159) DEBUG --> <==      Total: 1
2020-10-26 17:48:44,993 com.yaof.point.TransactionDemo [qtp1009313206-21] (TransactionDemo.java:38) INFO  --> point after...
2020-10-26 17:49:01,309 com.yaof.controller.UserController [qtp1009313206-18] (UserController.java:56) INFO  --> :{"account":"yaofang","id":0,"password":"123456"}
2020-10-26 17:49:02,311 com.yaof.point.TransactionDemo [qtp1009313206-18] (TransactionDemo.java:28) INFO  --> now the url is:/rca/login
2020-10-26 17:49:02,311 com.yaof.point.TransactionDemo [qtp1009313206-18] (TransactionDemo.java:34) INFO  --> point before...
2020-10-26 17:49:02,312 com.yaof.mapper.UserMapper.getUserByAccountAndPassword [qtp1009313206-18] (BaseJdbcLogger.java:159) DEBUG --> ==>  Preparing: select id, account, age, name, power, birthdate, sex, addr, phone, email from rca_user where account = ? and password = ? 
2020-10-26 17:49:02,313 com.yaof.mapper.UserMapper.getUserByAccountAndPassword [qtp1009313206-18] (BaseJdbcLogger.java:159) DEBUG --> ==> Parameters: yaofang(String), 123456(String)
2020-10-26 17:49:02,316 com.yaof.mapper.UserMapper.getUserByAccountAndPassword [qtp1009313206-18] (BaseJdbcLogger.java:159) DEBUG --> <==      Total: 1
2020-10-26 17:49:02,317 com.yaof.point.TransactionDemo [qtp1009313206-18] (TransactionDemo.java:38) INFO  --> point after...
2020-10-26 17:49:10,689 com.yaof.interceptor.WebAppConfig [qtp1009313206-22] (WebAppConfig.java:55) INFO  --> /rca/user/queryAccountDetail============================================
2020-10-26 17:49:22,244 com.yaof.interceptor.WebAppConfig [qtp1009313206-22] (WebAppConfig.java:56) INFO  --> null
2020-10-26 17:49:25,098 com.yaof.controller.AmmountController [qtp1009313206-22] (AmmountController.java:42) INFO  --> Id:{"cost":0.0,"income":0.0,"limit":0,"month":"10","sub":0.0,"type":"day","userId":"1","year":"2020"}
2020-10-26 17:49:25,106 com.yaof.point.TransactionDemo [qtp1009313206-22] (TransactionDemo.java:28) INFO  --> now the url is:/rca/user/queryAccountDetail
2020-10-26 17:49:25,107 com.yaof.point.TransactionDemo [qtp1009313206-22] (TransactionDemo.java:34) INFO  --> point before...
2020-10-26 17:49:26,235 com.yaof.mapper.AmmountMapper.queryAccountDetail [qtp1009313206-22] (BaseJdbcLogger.java:159) DEBUG --> ==>  Preparing: select year, month, day, sum(cost) cost, sum(income) income, (sum(income)-sum(cost)) sub from (select year(happen_date) year, month(happen_date) month, day(happen_date) day, cost, income from account_detail where user_id = ? and year(happen_date) = ? and month(happen_date) = ? ) a GROUP BY year,month,day order by year desc, month desc, day desc 
2020-10-26 17:49:26,367 com.yaof.mapper.AmmountMapper.queryAccountDetail [qtp1009313206-22] (BaseJdbcLogger.java:159) DEBUG --> ==> Parameters: 1(String), 2020(String), 10(String)
2020-10-26 17:49:26,401 com.yaof.mapper.AmmountMapper.queryAccountDetail [qtp1009313206-22] (BaseJdbcLogger.java:159) DEBUG --> <==      Total: 0
2020-10-26 17:49:26,402 com.yaof.point.TransactionDemo [qtp1009313206-22] (TransactionDemo.java:38) INFO  --> point after...
2020-10-26 17:49:26,404 com.yaof.controller.AmmountController [qtp1009313206-22] (AmmountController.java:44) INFO  --> Id:[]
2020-10-26 17:49:48,722 com.yaof.interceptor.WebAppConfig [qtp1009313206-24] (WebAppConfig.java:55) INFO  --> /rca/user/queryAccountDetail============================================
2020-10-26 17:49:48,723 com.yaof.interceptor.WebAppConfig [qtp1009313206-24] (WebAppConfig.java:56) INFO  --> null
2020-10-26 17:49:48,726 com.yaof.controller.AmmountController [qtp1009313206-24] (AmmountController.java:42) INFO  --> Id:{"cost":0.0,"day":"","income":0.0,"limit":0,"month":"10","sub":0.0,"type":"day","userId":"1","year":"2020"}
2020-10-26 17:49:48,727 com.yaof.point.TransactionDemo [qtp1009313206-24] (TransactionDemo.java:28) INFO  --> now the url is:/rca/user/queryAccountDetail
2020-10-26 17:49:48,729 com.yaof.point.TransactionDemo [qtp1009313206-24] (TransactionDemo.java:34) INFO  --> point before...
2020-10-26 17:49:48,733 com.yaof.mapper.AmmountMapper.queryAccountDetail [qtp1009313206-24] (BaseJdbcLogger.java:159) DEBUG --> ==>  Preparing: select year, month, day, sum(cost) cost, sum(income) income, (sum(income)-sum(cost)) sub from (select year(happen_date) year, month(happen_date) month, day(happen_date) day, cost, income from account_detail where user_id = ? and year(happen_date) = ? and month(happen_date) = ? ) a GROUP BY year,month,day order by year desc, month desc, day desc 
2020-10-26 17:49:48,736 com.yaof.mapper.AmmountMapper.queryAccountDetail [qtp1009313206-24] (BaseJdbcLogger.java:159) DEBUG --> ==> Parameters: 1(String), 2020(String), 10(String)
2020-10-26 17:49:48,740 com.yaof.mapper.AmmountMapper.queryAccountDetail [qtp1009313206-24] (BaseJdbcLogger.java:159) DEBUG --> <==      Total: 0
2020-10-26 17:49:48,741 com.yaof.point.TransactionDemo [qtp1009313206-24] (TransactionDemo.java:38) INFO  --> point after...
2020-10-26 17:49:48,742 com.yaof.controller.AmmountController [qtp1009313206-24] (AmmountController.java:44) INFO  --> Id:[]
2020-10-26 17:50:00,010 com.yaof.quartz.job.TestJob [pool-2-thread-1] (TestJob.java:25) INFO  --> testJob calculate the count is1
2020-10-26 17:51:00,061 com.yaof.point.TransactionDemo [executor-1] (TransactionDemo.java:26) ERROR --> No thread-bound request found: Are you referring to request attributes outside of an actual web request, or processing a request outside of the originally receiving thread? If you are actually operating within a web request and still receive this message, your code is probably running outside of DispatcherServlet/DispatcherPortlet: In this case, use RequestContextListener or RequestContextFilter to expose the current request.
2020-10-26 17:51:00,061 com.yaof.point.TransactionDemo [executor-1] (TransactionDemo.java:28) INFO  --> now the url is:
2020-10-26 17:51:00,061 com.yaof.point.TransactionDemo [executor-1] (TransactionDemo.java:34) INFO  --> point before...
2020-10-26 17:51:00,066 com.yaof.mapper.GameRoleMapper.insertRoleInfo [executor-1] (BaseJdbcLogger.java:159) DEBUG --> ==>  Preparing: insert into index_test ( id, account, name, sole_type, sole_genner, sole_grade, sole_appearance_type, sole_gold_num, sole_silver_num, sole_monny_num, user_id, user_name, is_adult, user_vip_type, machine_type ) values ( ?, ?, ?, ?, ?, ?, ?, ?, ?, ?, ?, ?, ?, ?, ? ) 
2020-10-26 17:51:00,075 com.yaof.mapper.GameRoleMapper.insertRoleInfo [executor-1] (BaseJdbcLogger.java:159) DEBUG --> ==> Parameters: 160370586003510000(String), abasfbg(String), (String), 04(String), M(String), 75(Integer), 2(Integer), 4194304(Integer), 41943040(Integer), 320(Integer), 420134192904102579(String), (String), Y(String), 3(String), 1(String)
2020-10-26 17:51:00,103 com.yaof.mapper.GameRoleMapper.insertRoleInfo [executor-1] (BaseJdbcLogger.java:159) DEBUG --> <==    Updates: 1
2020-10-26 17:51:00,103 com.yaof.point.TransactionDemo [executor-1] (TransactionDemo.java:38) INFO  --> point after...
2020-10-26 17:55:00,005 com.yaof.quartz.job.TestJob [pool-2-thread-1] (TestJob.java:25) INFO  --> testJob calculate the count is2
2020-10-26 17:58:00,004 com.yaof.point.TransactionDemo [executor-1] (TransactionDemo.java:26) ERROR --> No thread-bound request found: Are you referring to request attributes outside of an actual web request, or processing a request outside of the originally receiving thread? If you are actually operating within a web request and still receive this message, your code is probably running outside of DispatcherServlet/DispatcherPortlet: In this case, use RequestContextListener or RequestContextFilter to expose the current request.
2020-10-26 17:58:00,004 com.yaof.point.TransactionDemo [executor-1] (TransactionDemo.java:28) INFO  --> now the url is:
2020-10-26 17:58:00,004 com.yaof.point.TransactionDemo [executor-1] (TransactionDemo.java:34) INFO  --> point before...
2020-10-26 17:58:00,006 com.yaof.mapper.GameRoleMapper.insertRoleInfo [executor-1] (BaseJdbcLogger.java:159) DEBUG --> ==>  Preparing: insert into index_test ( id, account, name, sole_type, sole_genner, sole_grade, sole_appearance_type, sole_gold_num, sole_silver_num, sole_monny_num, user_id, user_name, is_adult, user_vip_type, machine_type ) values ( ?, ?, ?, ?, ?, ?, ?, ?, ?, ?, ?, ?, ?, ?, ? ) 
2020-10-26 17:58:00,011 com.yaof.mapper.GameRoleMapper.insertRoleInfo [executor-1] (BaseJdbcLogger.java:159) DEBUG --> ==> Parameters: 160370628000110001(String), cazpmpbvginauw(String), (String), 04(String), F(String), 73(Integer), 6(Integer), 3670016(Integer), 37748736(Integer), 256(Integer), 540931200610266881(String), (String), N(String), 2(String), 1(String)
2020-10-26 17:58:00,014 com.yaof.mapper.GameRoleMapper.insertRoleInfo [executor-1] (BaseJdbcLogger.java:159) DEBUG --> <==    Updates: 1
2020-10-26 17:58:00,015 com.yaof.point.TransactionDemo [executor-1] (TransactionDemo.java:38) INFO  --> point after...
2020-10-26 18:00:00,006 com.yaof.point.TransactionDemo [executor-1] (TransactionDemo.java:26) ERROR --> No thread-bound request found: Are you referring to request attributes outside of an actual web request, or processing a request outside of the originally receiving thread? If you are actually operating within a web request and still receive this message, your code is probably running outside of DispatcherServlet/DispatcherPortlet: In this case, use RequestContextListener or RequestContextFilter to expose the current request.
2020-10-26 18:00:00,006 com.yaof.point.TransactionDemo [executor-1] (TransactionDemo.java:28) INFO  --> now the url is:
2020-10-26 18:00:00,006 com.yaof.point.TransactionDemo [executor-1] (TransactionDemo.java:34) INFO  --> point before...
2020-10-26 18:00:00,007 com.yaof.quartz.job.TestJob [pool-2-thread-1] (TestJob.java:25) INFO  --> testJob calculate the count is3
2020-10-26 18:00:00,008 com.yaof.mapper.GameRoleMapper.insertRoleInfo [executor-1] (BaseJdbcLogger.java:159) DEBUG --> ==>  Preparing: insert into index_test ( id, account, name, sole_type, sole_genner, sole_grade, sole_appearance_type, sole_gold_num, sole_silver_num, sole_monny_num, user_id, user_name, is_adult, user_vip_type, machine_type ) values ( ?, ?, ?, ?, ?, ?, ?, ?, ?, ?, ?, ?, ?, ?, ? ) 
2020-10-26 18:00:00,011 com.yaof.mapper.GameRoleMapper.insertRoleInfo [executor-1] (BaseJdbcLogger.java:159) DEBUG --> ==> Parameters: 160370640000310002(String), xkezcdafauj(String), (String), 03(String), M(String), 74(Integer), 5(Integer), 5767168(Integer), 29360128(Integer), 64(Integer), 412601201005145758(String), (String), N(String), 1(String), 3(String)
2020-10-26 18:00:00,013 com.yaof.mapper.GameRoleMapper.insertRoleInfo [executor-1] (BaseJdbcLogger.java:159) DEBUG --> <==    Updates: 1
2020-10-26 18:00:00,014 com.yaof.point.TransactionDemo [executor-1] (TransactionDemo.java:38) INFO  --> point after...
2020-10-26 18:02:00,005 com.yaof.point.TransactionDemo [executor-1] (TransactionDemo.java:26) ERROR --> No thread-bound request found: Are you referring to request attributes outside of an actual web request, or processing a request outside of the originally receiving thread? If you are actually operating within a web request and still receive this message, your code is probably running outside of DispatcherServlet/DispatcherPortlet: In this case, use RequestContextListener or RequestContextFilter to expose the current request.
2020-10-26 18:02:00,005 com.yaof.point.TransactionDemo [executor-1] (TransactionDemo.java:28) INFO  --> now the url is:
2020-10-26 18:02:00,005 com.yaof.point.TransactionDemo [executor-1] (TransactionDemo.java:34) INFO  --> point before...
2020-10-26 18:02:00,007 com.yaof.mapper.GameRoleMapper.insertRoleInfo [executor-1] (BaseJdbcLogger.java:159) DEBUG --> ==>  Preparing: insert into index_test ( id, account, name, sole_type, sole_genner, sole_grade, sole_appearance_type, sole_gold_num, sole_silver_num, sole_monny_num, user_id, user_name, is_adult, user_vip_type, machine_type ) values ( ?, ?, ?, ?, ?, ?, ?, ?, ?, ?, ?, ?, ?, ?, ? ) 
2020-10-26 18:02:00,010 com.yaof.mapper.GameRoleMapper.insertRoleInfo [executor-1] (BaseJdbcLogger.java:159) DEBUG --> ==> Parameters: 160370652000310003(String), mzrypmbtxjyeydt(String), (String), 03(String), M(String), 77(Integer), 13(Integer), 5242880(Integer), 29360128(Integer), 64(Integer), 442129197212190966(String), (String), Y(String), 2(String), 1(String)
2020-10-26 18:02:00,013 com.yaof.mapper.GameRoleMapper.insertRoleInfo [executor-1] (BaseJdbcLogger.java:159) DEBUG --> <==    Updates: 1
2020-10-26 18:02:00,013 com.yaof.point.TransactionDemo [executor-1] (TransactionDemo.java:38) INFO  --> point after...
2020-10-26 18:05:00,005 com.yaof.quartz.job.TestJob [pool-2-thread-1] (TestJob.java:25) INFO  --> testJob calculate the count is4
