2019-06-24 10:16:47,236 com.yaof.RecordClearAideApplication [main] (StartupInfoLogger.java:48) INFO  --> Starting RecordClearAideApplication on yaofang with PID 10348 (E:\workspace_winning\RecordClearAide\target\classes started by yaofang in E:\workspace_winning\RecordClearAide)
2019-06-24 10:16:47,243 com.yaof.RecordClearAideApplication [main] (SpringApplication.java:593) INFO  --> No active profile set, falling back to default profiles: default
2019-06-24 10:16:47,345 org.springframework.boot.context.embedded.AnnotationConfigEmbeddedWebApplicationContext [main] (AbstractApplicationContext.java:583) INFO  --> Refreshing org.springframework.boot.context.embedded.AnnotationConfigEmbeddedWebApplicationContext@954b04f: startup date [Mon Jun 24 10:16:47 CST 2019]; root of context hierarchy
2019-06-24 10:16:47,960 org.hibernate.validator.internal.util.Version [background-preinit] (Version.java:30) INFO  --> HV000001: Hibernate Validator 5.3.6.Final
2019-06-24 10:16:48,865 org.springframework.beans.factory.xml.XmlBeanDefinitionReader [main] (XmlBeanDefinitionReader.java:317) INFO  --> Loading XML bean definitions from class path resource [spring-mybatis.xml]
2019-06-24 10:16:49,346 org.mybatis.spring.mapper.ClassPathMapperScanner [main] (ClassPathMapperScanner.java:166) WARN  --> No MyBatis mapper was found in '[com.yaof]' package. Please check your configuration.
2019-06-24 10:16:50,021 org.springframework.context.support.PostProcessorRegistrationDelegate$BeanPostProcessorChecker [main] (PostProcessorRegistrationDelegate.java:327) INFO  --> Bean '(inner bean)#5ab9b447' of type [org.springframework.aop.aspectj.AspectJMethodBeforeAdvice] is not eligible for getting processed by all BeanPostProcessors (for example: not eligible for auto-proxying)
2019-06-24 10:16:50,190 org.springframework.context.support.PostProcessorRegistrationDelegate$BeanPostProcessorChecker [main] (PostProcessorRegistrationDelegate.java:327) INFO  --> Bean 'org.springframework.aop.aspectj.AspectJPointcutAdvisor#0' of type [org.springframework.aop.aspectj.AspectJPointcutAdvisor] is not eligible for getting processed by all BeanPostProcessors (for example: not eligible for auto-proxying)
2019-06-24 10:16:50,197 org.springframework.context.support.PostProcessorRegistrationDelegate$BeanPostProcessorChecker [main] (PostProcessorRegistrationDelegate.java:327) INFO  --> Bean '(inner bean)#4a1e3ac1' of type [org.springframework.aop.aspectj.AspectJAfterAdvice] is not eligible for getting processed by all BeanPostProcessors (for example: not eligible for auto-proxying)
2019-06-24 10:16:50,198 org.springframework.context.support.PostProcessorRegistrationDelegate$BeanPostProcessorChecker [main] (PostProcessorRegistrationDelegate.java:327) INFO  --> Bean 'org.springframework.aop.aspectj.AspectJPointcutAdvisor#1' of type [org.springframework.aop.aspectj.AspectJPointcutAdvisor] is not eligible for getting processed by all BeanPostProcessors (for example: not eligible for auto-proxying)
2019-06-24 10:16:50,271 org.springframework.context.support.PostProcessorRegistrationDelegate$BeanPostProcessorChecker [main] (PostProcessorRegistrationDelegate.java:327) INFO  --> Bean 'org.springframework.transaction.annotation.ProxyTransactionManagementConfiguration' of type [org.springframework.transaction.annotation.ProxyTransactionManagementConfiguration$$EnhancerBySpringCGLIB$$d10ead74] is not eligible for getting processed by all BeanPostProcessors (for example: not eligible for auto-proxying)
2019-06-24 10:16:51,557 org.springframework.boot.context.embedded.tomcat.TomcatEmbeddedServletContainer [main] (TomcatEmbeddedServletContainer.java:92) INFO  --> Tomcat initialized with port(s): 8088 (http)
2019-06-24 10:16:52,167 org.springframework.web.context.ContextLoader [localhost-startStop-1] (EmbeddedWebApplicationContext.java:276) INFO  --> Root WebApplicationContext: initialization completed in 4827 ms
2019-06-24 10:16:52,781 org.springframework.boot.web.servlet.FilterRegistrationBean [localhost-startStop-1] (AbstractFilterRegistrationBean.java:258) INFO  --> Mapping filter: 'characterEncodingFilter' to: [/*]
2019-06-24 10:16:52,782 org.springframework.boot.web.servlet.FilterRegistrationBean [localhost-startStop-1] (AbstractFilterRegistrationBean.java:258) INFO  --> Mapping filter: 'hiddenHttpMethodFilter' to: [/*]
2019-06-24 10:16:52,783 org.springframework.boot.web.servlet.FilterRegistrationBean [localhost-startStop-1] (AbstractFilterRegistrationBean.java:258) INFO  --> Mapping filter: 'httpPutFormContentFilter' to: [/*]
2019-06-24 10:16:52,783 org.springframework.boot.web.servlet.FilterRegistrationBean [localhost-startStop-1] (AbstractFilterRegistrationBean.java:258) INFO  --> Mapping filter: 'requestContextFilter' to: [/*]
2019-06-24 10:16:52,784 org.springframework.boot.web.servlet.FilterRegistrationBean [localhost-startStop-1] (AbstractFilterRegistrationBean.java:271) INFO  --> Mapping filter: 'sessionFilter' to urls: [/*]
2019-06-24 10:16:52,784 org.springframework.boot.web.servlet.FilterRegistrationBean [localhost-startStop-1] (AbstractFilterRegistrationBean.java:271) INFO  --> Mapping filter: 'webStatFilter' to urls: [/*]
2019-06-24 10:16:52,784 org.springframework.boot.web.servlet.ServletRegistrationBean [localhost-startStop-1] (ServletRegistrationBean.java:190) INFO  --> Mapping servlet: 'dispatcherServlet' to [/]
2019-06-24 10:16:52,786 org.springframework.boot.web.servlet.ServletRegistrationBean [localhost-startStop-1] (ServletRegistrationBean.java:190) INFO  --> Mapping servlet: 'statViewServlet' to [/druid/*]
2019-06-24 10:16:53,281 com.alibaba.druid.pool.DruidDataSource [main] (DruidDataSource.java:847) INFO  --> {dataSource-1} inited
2019-06-24 10:16:53,840 com.yaof.RecordClearAideApplication [main] (RecordClearAideApplication.java:32) INFO  --> test:------初始化测试。。。。
2019-06-24 10:16:54,716 org.springframework.web.servlet.mvc.method.annotation.RequestMappingHandlerMapping [main] (AbstractHandlerMethodMapping.java:543) INFO  --> Mapped "{[/user/queryDayDetail],methods=[POST]}" onto public com.yaof.pojo.utils.Response<java.util.List<com.yaof.pojo.AmmountSum>> com.yaof.controller.AmmountController.queryDayDetail(com.yaof.pojo.AmmountSum,javax.servlet.http.HttpSession)
2019-06-24 10:16:54,718 org.springframework.web.servlet.mvc.method.annotation.RequestMappingHandlerMapping [main] (AbstractHandlerMethodMapping.java:543) INFO  --> Mapped "{[/user/addAccountDetail],methods=[POST]}" onto public com.yaof.pojo.utils.Response<java.lang.String> com.yaof.controller.AmmountController.addAccountDetail(java.util.List<com.yaof.pojo.AmmountSum>,javax.servlet.http.HttpSession)
2019-06-24 10:16:54,719 org.springframework.web.servlet.mvc.method.annotation.RequestMappingHandlerMapping [main] (AbstractHandlerMethodMapping.java:543) INFO  --> Mapped "{[/user/saveDayDetailById],methods=[POST]}" onto public com.yaof.pojo.utils.Response<java.lang.String> com.yaof.controller.AmmountController.saveDayDetailById(com.yaof.pojo.AmmountSum)
2019-06-24 10:16:54,719 org.springframework.web.servlet.mvc.method.annotation.RequestMappingHandlerMapping [main] (AbstractHandlerMethodMapping.java:543) INFO  --> Mapped "{[/user/queryAccountDetail],methods=[POST]}" onto public com.yaof.pojo.utils.Response<java.util.List<com.yaof.pojo.AmmountSum>> com.yaof.controller.AmmountController.queryAccountDetail(com.yaof.pojo.AmmountSum,javax.servlet.http.HttpSession)
2019-06-24 10:16:54,720 org.springframework.web.servlet.mvc.method.annotation.RequestMappingHandlerMapping [main] (AbstractHandlerMethodMapping.java:543) INFO  --> Mapped "{[/user/deleteDayDetailById],methods=[POST]}" onto public com.yaof.pojo.utils.Response<java.lang.String> com.yaof.controller.AmmountController.deleteDayDetailById(com.yaof.pojo.AmmountSum)
2019-06-24 10:16:54,731 org.springframework.web.servlet.mvc.method.annotation.RequestMappingHandlerMapping [main] (AbstractHandlerMethodMapping.java:543) INFO  --> Mapped "{[/register],methods=[POST]}" onto public com.yaof.pojo.utils.Response com.yaof.controller.UserController.register(com.yaof.pojo.User)
2019-06-24 10:16:54,732 org.springframework.web.servlet.mvc.method.annotation.RequestMappingHandlerMapping [main] (AbstractHandlerMethodMapping.java:543) INFO  --> Mapped "{[/getUserInfo],methods=[POST]}" onto public java.lang.String com.yaof.controller.UserController.getUserInfo(java.lang.String,javax.servlet.http.HttpServletRequest)
2019-06-24 10:16:54,733 org.springframework.web.servlet.mvc.method.annotation.RequestMappingHandlerMapping [main] (AbstractHandlerMethodMapping.java:543) INFO  --> Mapped "{[/getAccount],methods=[POST]}" onto private java.lang.String com.yaof.controller.UserController.getAccount(javax.servlet.http.HttpSession)
2019-06-24 10:16:54,734 org.springframework.web.servlet.mvc.method.annotation.RequestMappingHandlerMapping [main] (AbstractHandlerMethodMapping.java:543) INFO  --> Mapped "{[/logout],methods=[POST]}" onto public com.yaof.pojo.utils.Response com.yaof.controller.UserController.checkAccount(javax.servlet.http.HttpServletRequest)
2019-06-24 10:16:54,734 org.springframework.web.servlet.mvc.method.annotation.RequestMappingHandlerMapping [main] (AbstractHandlerMethodMapping.java:543) INFO  --> Mapped "{[/checkAccount],methods=[POST]}" onto public com.yaof.pojo.utils.Response com.yaof.controller.UserController.checkAccount(java.lang.String)
2019-06-24 10:16:54,736 org.springframework.web.servlet.mvc.method.annotation.RequestMappingHandlerMapping [main] (AbstractHandlerMethodMapping.java:543) INFO  --> Mapped "{[/saveUserInfo],methods=[POST]}" onto public com.yaof.pojo.utils.Response com.yaof.controller.UserController.saveUserInfo(com.yaof.pojo.User,javax.servlet.http.HttpSession)
2019-06-24 10:16:54,736 org.springframework.web.servlet.mvc.method.annotation.RequestMappingHandlerMapping [main] (AbstractHandlerMethodMapping.java:543) INFO  --> Mapped "{[/login],methods=[POST]}" onto public com.yaof.pojo.utils.Response com.yaof.controller.UserController.login(com.yaof.pojo.User,javax.servlet.http.HttpServletRequest)
2019-06-24 10:16:54,737 org.springframework.web.servlet.mvc.method.annotation.RequestMappingHandlerMapping [main] (AbstractHandlerMethodMapping.java:543) INFO  --> Mapped "{[/updatePassword],methods=[POST]}" onto public com.yaof.pojo.utils.Response com.yaof.controller.UserController.updatePassword(java.util.Map<java.lang.String, java.lang.Object>,javax.servlet.http.HttpSession)
2019-06-24 10:16:54,738 org.springframework.web.servlet.mvc.method.annotation.RequestMappingHandlerMapping [main] (AbstractHandlerMethodMapping.java:543) INFO  --> Mapped "{[/addRcaUserInfo],methods=[POST]}" onto public com.yaof.pojo.utils.Response com.yaof.controller.UserController.addRcaUserInfo(com.yaof.pojo.User,javax.servlet.http.HttpSession)
2019-06-24 10:16:54,739 org.springframework.web.servlet.mvc.method.annotation.RequestMappingHandlerMapping [main] (AbstractHandlerMethodMapping.java:543) INFO  --> Mapped "{[/updatePasswordByAccount],methods=[POST]}" onto public com.yaof.pojo.utils.Response com.yaof.controller.UserController.updatePasswordByAccount(com.yaof.pojo.User,javax.servlet.http.HttpSession)
2019-06-24 10:16:54,739 org.springframework.web.servlet.mvc.method.annotation.RequestMappingHandlerMapping [main] (AbstractHandlerMethodMapping.java:543) INFO  --> Mapped "{[/deleteAccountById],methods=[POST]}" onto private com.yaof.pojo.utils.Response com.yaof.controller.UserController.deleteAccountById(java.lang.String)
2019-06-24 10:16:54,741 org.springframework.web.servlet.mvc.method.annotation.RequestMappingHandlerMapping [main] (AbstractHandlerMethodMapping.java:543) INFO  --> Mapped "{[/queryAccountByPower],methods=[POST]}" onto private com.yaof.pojo.utils.Response<java.util.List<com.yaof.pojo.User>> com.yaof.controller.UserController.queryAccountByPower(com.yaof.pojo.User,javax.servlet.http.HttpSession)
2019-06-24 10:16:54,752 org.springframework.web.servlet.mvc.method.annotation.RequestMappingHandlerMapping [main] (AbstractHandlerMethodMapping.java:543) INFO  --> Mapped "{[/swagger-resources/configuration/ui]}" onto public org.springframework.http.ResponseEntity<springfox.documentation.swagger.web.UiConfiguration> springfox.documentation.swagger.web.ApiResourceController.uiConfiguration()
2019-06-24 10:16:54,753 org.springframework.web.servlet.mvc.method.annotation.RequestMappingHandlerMapping [main] (AbstractHandlerMethodMapping.java:543) INFO  --> Mapped "{[/swagger-resources]}" onto public org.springframework.http.ResponseEntity<java.util.List<springfox.documentation.swagger.web.SwaggerResource>> springfox.documentation.swagger.web.ApiResourceController.swaggerResources()
2019-06-24 10:16:54,754 org.springframework.web.servlet.mvc.method.annotation.RequestMappingHandlerMapping [main] (AbstractHandlerMethodMapping.java:543) INFO  --> Mapped "{[/swagger-resources/configuration/security]}" onto public org.springframework.http.ResponseEntity<springfox.documentation.swagger.web.SecurityConfiguration> springfox.documentation.swagger.web.ApiResourceController.securityConfiguration()
2019-06-24 10:16:54,760 org.springframework.web.servlet.mvc.method.annotation.RequestMappingHandlerMapping [main] (AbstractHandlerMethodMapping.java:543) INFO  --> Mapped "{[/error]}" onto public org.springframework.http.ResponseEntity<java.util.Map<java.lang.String, java.lang.Object>> org.springframework.boot.autoconfigure.web.BasicErrorController.error(javax.servlet.http.HttpServletRequest)
2019-06-24 10:16:54,762 org.springframework.web.servlet.mvc.method.annotation.RequestMappingHandlerMapping [main] (AbstractHandlerMethodMapping.java:543) INFO  --> Mapped "{[/error],produces=[text/html]}" onto public org.springframework.web.servlet.ModelAndView org.springframework.boot.autoconfigure.web.BasicErrorController.errorHtml(javax.servlet.http.HttpServletRequest,javax.servlet.http.HttpServletResponse)
2019-06-24 10:16:55,213 springfox.documentation.spring.web.PropertySourcedRequestMappingHandlerMapping [main] (PropertySourcedRequestMappingHandlerMapping.java:69) INFO  --> Mapped URL path [/v2/api-docs] onto method [public org.springframework.http.ResponseEntity<springfox.documentation.spring.web.json.Json> springfox.documentation.swagger2.web.Swagger2Controller.getDocumentation(java.lang.String,javax.servlet.http.HttpServletRequest)]
2019-06-24 10:16:55,934 org.springframework.web.servlet.mvc.method.annotation.RequestMappingHandlerAdapter [main] (RequestMappingHandlerAdapter.java:534) INFO  --> Looking for @ControllerAdvice: org.springframework.boot.context.embedded.AnnotationConfigEmbeddedWebApplicationContext@954b04f: startup date [Mon Jun 24 10:16:47 CST 2019]; root of context hierarchy
2019-06-24 10:16:56,065 org.springframework.web.servlet.handler.SimpleUrlHandlerMapping [main] (AbstractUrlHandlerMapping.java:362) INFO  --> Mapped URL path [/webjars/**] onto handler of type [class org.springframework.web.servlet.resource.ResourceHttpRequestHandler]
2019-06-24 10:16:56,065 org.springframework.web.servlet.handler.SimpleUrlHandlerMapping [main] (AbstractUrlHandlerMapping.java:362) INFO  --> Mapped URL path [/**] onto handler of type [class org.springframework.web.servlet.resource.ResourceHttpRequestHandler]
2019-06-24 10:16:56,125 org.springframework.web.servlet.handler.SimpleUrlHandlerMapping [main] (AbstractUrlHandlerMapping.java:362) INFO  --> Mapped URL path [/**/favicon.ico] onto handler of type [class org.springframework.web.servlet.resource.ResourceHttpRequestHandler]
2019-06-24 10:16:56,896 org.springframework.jmx.export.annotation.AnnotationMBeanExporter [main] (MBeanExporter.java:431) INFO  --> Registering beans for JMX exposure on startup
2019-06-24 10:16:56,898 org.springframework.jmx.export.annotation.AnnotationMBeanExporter [main] (MBeanExporter.java:918) INFO  --> Bean with name 'dataSource' has been autodetected for JMX exposure
2019-06-24 10:16:56,910 org.springframework.jmx.export.annotation.AnnotationMBeanExporter [main] (MBeanExporter.java:672) INFO  --> Located MBean 'dataSource': registering with JMX server as MBean [com.alibaba.druid.pool:name=dataSource,type=DruidDataSource]
2019-06-24 10:16:56,915 org.springframework.context.support.DefaultLifecycleProcessor [main] (DefaultLifecycleProcessor.java:341) INFO  --> Starting beans in phase 2147483647
2019-06-24 10:16:56,915 springfox.documentation.spring.web.plugins.DocumentationPluginsBootstrapper [main] (DocumentationPluginsBootstrapper.java:147) INFO  --> Context refreshed
2019-06-24 10:16:56,960 springfox.documentation.spring.web.plugins.DocumentationPluginsBootstrapper [main] (DocumentationPluginsBootstrapper.java:150) INFO  --> Found 1 custom documentation plugin(s)
2019-06-24 10:16:57,037 springfox.documentation.spring.web.scanners.ApiListingReferenceScanner [main] (ApiListingReferenceScanner.java:41) INFO  --> Scanning for api listing references
2019-06-24 10:16:57,528 springfox.documentation.spring.web.readers.operation.CachingOperationNameGenerator [main] (CachingOperationNameGenerator.java:40) INFO  --> Generating unique operation named: checkAccountUsingPOST_1
2019-06-24 10:16:57,753 org.springframework.boot.context.embedded.tomcat.TomcatEmbeddedServletContainer [main] (TomcatEmbeddedServletContainer.java:216) INFO  --> Tomcat started on port(s): 8088 (http)
2019-06-24 10:16:57,762 com.yaof.RecordClearAideApplication [main] (StartupInfoLogger.java:57) INFO  --> Started RecordClearAideApplication in 10.943 seconds (JVM running for 11.606)
2019-06-24 10:16:57,762 com.yaof.RecordClearAideApplication [main] (RecordClearAideApplication.java:22) INFO  --> RecordClearAideApplication start success.
2019-06-24 10:17:17,187 org.springframework.web.servlet.DispatcherServlet [http-nio-8088-exec-1] (FrameworkServlet.java:489) INFO  --> FrameworkServlet 'dispatcherServlet': initialization started
2019-06-24 10:17:17,271 org.springframework.web.servlet.DispatcherServlet [http-nio-8088-exec-1] (FrameworkServlet.java:508) INFO  --> FrameworkServlet 'dispatcherServlet': initialization completed in 83 ms
2019-06-24 10:17:23,320 com.yaof.controller.UserController [http-nio-8088-exec-9] (UserController.java:68) INFO  --> 请求参数:{"account":"yaofang","id":0,"password":"123456"}
2019-06-24 10:17:23,321 com.yaof.controller.UserController [http-nio-8088-exec-9] (UserController.java:71) INFO  --> test.id:--------------->123
2019-06-24 10:17:24,324 com.yaof.point.TransactionDemo [http-nio-8088-exec-9] (TransactionDemo.java:13) INFO  --> point before...
2019-06-24 10:17:25,878 com.yaof.point.TransactionDemo [http-nio-8088-exec-9] (TransactionDemo.java:17) INFO  --> point after...
2019-06-24 10:17:28,172 com.yaof.interceptor.WebAppConfig [http-nio-8088-exec-4] (WebAppConfig.java:52) INFO  --> ============================================
2019-06-24 10:17:28,172 com.yaof.interceptor.WebAppConfig [http-nio-8088-exec-4] (WebAppConfig.java:53) INFO  --> 拦截账号：null
2019-06-24 10:17:28,189 com.yaof.controller.AmmountController [http-nio-8088-exec-4] (AmmountController.java:46) INFO  --> 根据用户Id查询账户信息，参数:{"cost":0.0,"income":0.0,"limit":0,"month":"6","sub":0.0,"type":"day","userId":"1","year":"2019"}
2019-06-24 10:17:28,189 com.yaof.point.TransactionDemo [http-nio-8088-exec-4] (TransactionDemo.java:13) INFO  --> point before...
2019-06-24 10:17:28,378 com.yaof.point.TransactionDemo [http-nio-8088-exec-4] (TransactionDemo.java:17) INFO  --> point after...
2019-06-24 10:17:28,382 com.yaof.controller.AmmountController [http-nio-8088-exec-4] (AmmountController.java:48) INFO  --> 根据用户Id查询账户信息，返回结果:[]
2019-06-24 10:17:33,680 com.yaof.interceptor.WebAppConfig [http-nio-8088-exec-2] (WebAppConfig.java:52) INFO  --> ============================================
2019-06-24 10:17:33,681 com.yaof.interceptor.WebAppConfig [http-nio-8088-exec-2] (WebAppConfig.java:53) INFO  --> 拦截账号：null
2019-06-24 10:17:33,682 com.yaof.controller.AmmountController [http-nio-8088-exec-2] (AmmountController.java:46) INFO  --> 根据用户Id查询账户信息，参数:{"cost":0.0,"day":"","income":0.0,"limit":0,"month":"5","sub":0.0,"type":"day","userId":"1","year":"2019"}
2019-06-24 10:17:33,682 com.yaof.point.TransactionDemo [http-nio-8088-exec-2] (TransactionDemo.java:13) INFO  --> point before...
2019-06-24 10:17:33,691 com.yaof.point.TransactionDemo [http-nio-8088-exec-2] (TransactionDemo.java:17) INFO  --> point after...
2019-06-24 10:17:33,692 com.yaof.controller.AmmountController [http-nio-8088-exec-2] (AmmountController.java:48) INFO  --> 根据用户Id查询账户信息，返回结果:[{"cost":15.4,"day":"31","income":0.0,"limit":0,"month":"5","sub":-15.4,"userId":"0","year":"2019"},{"cost":29.5,"day":"30","income":0.0,"limit":0,"month":"5","sub":-29.5,"userId":"0","year":"2019"},{"cost":28.0,"day":"29","income":0.0,"limit":0,"month":"5","sub":-28.0,"userId":"0","year":"2019"},{"cost":100.0,"day":"27","income":0.0,"limit":0,"month":"5","sub":-100.0,"userId":"0","year":"2019"},{"cost":10011.0,"day":"26","income":0.0,"limit":0,"month":"5","sub":-10011.0,"userId":"0","year":"2019"},{"cost":4.2,"day":"25","income":0.0,"limit":0,"month":"5","sub":-4.2,"userId":"0","year":"2019"},{"cost":515.1,"day":"24","income":0.0,"limit":0,"month":"5","sub":-515.1,"userId":"0","year":"2019"},{"cost":3.8,"day":"21","income":0.0,"limit":0,"month":"5","sub":-3.8,"userId":"0","year":"2019"},{"cost":536.3,"day":"20","income":5.2,"limit":0,"month":"5","sub":-531.1,"userId":"0","year":"2019"},{"cost":188.0,"day":"19","income":0.0,"limit":0,"month":"5","sub":-188.0,"userId":"0","year":"2019"},{"cost":41.6,"day":"18","income":0.0,"limit":0,"month":"5","sub":-41.6,"userId":"0","year":"2019"},{"cost":12.5,"day":"15","income":0.0,"limit":0,"month":"5","sub":-12.5,"userId":"0","year":"2019"},{"cost":7.9,"day":"14","income":0.0,"limit":0,"month":"5","sub":-7.9,"userId":"0","year":"2019"},{"cost":115.5,"day":"12","income":0.0,"limit":0,"month":"5","sub":-115.5,"userId":"0","year":"2019"},{"cost":123.3,"day":"9","income":0.0,"limit":0,"month":"5","sub":-123.3,"userId":"0","year":"2019"},{"cost":27.5,"day":"4","income":0.0,"limit":0,"month":"5","sub":-27.5,"userId":"0","year":"2019"},{"cost":217.3,"day":"3","income":0.0,"limit":0,"month":"5","sub":-217.3,"userId":"0","year":"2019"},{"cost":99.8,"day":"2","income":0.0,"limit":0,"month":"5","sub":-99.8,"userId":"0","year":"2019"},{"cost":1900.0,"day":"1","income":0.0,"limit":0,"month":"5","sub":-1900.0,"userId":"0","year":"2019"}]
2019-06-24 10:17:37,159 com.yaof.interceptor.WebAppConfig [http-nio-8088-exec-3] (WebAppConfig.java:52) INFO  --> ============================================
2019-06-24 10:17:37,161 com.yaof.interceptor.WebAppConfig [http-nio-8088-exec-3] (WebAppConfig.java:53) INFO  --> 拦截账号：null
2019-06-24 10:17:37,162 com.yaof.controller.AmmountController [http-nio-8088-exec-3] (AmmountController.java:46) INFO  --> 根据用户Id查询账户信息，参数:{"cost":0.0,"day":"","income":0.0,"limit":0,"month":"5","sub":0.0,"type":"month","userId":"1","year":"2019"}
2019-06-24 10:17:37,163 com.yaof.point.TransactionDemo [http-nio-8088-exec-3] (TransactionDemo.java:13) INFO  --> point before...
2019-06-24 10:17:37,177 com.yaof.point.TransactionDemo [http-nio-8088-exec-3] (TransactionDemo.java:17) INFO  --> point after...
2019-06-24 10:17:37,178 com.yaof.controller.AmmountController [http-nio-8088-exec-3] (AmmountController.java:48) INFO  --> 根据用户Id查询账户信息，返回结果:[{"cost":13976.7,"day":"-","income":5.2,"limit":0,"month":"5","sub":-13971.5,"userId":"0","year":"2019"}]
2019-06-24 10:17:42,936 com.yaof.interceptor.WebAppConfig [http-nio-8088-exec-7] (WebAppConfig.java:52) INFO  --> ============================================
2019-06-24 10:17:42,937 com.yaof.interceptor.WebAppConfig [http-nio-8088-exec-7] (WebAppConfig.java:53) INFO  --> 拦截账号：null
2019-06-24 10:17:42,938 com.yaof.controller.AmmountController [http-nio-8088-exec-7] (AmmountController.java:46) INFO  --> 根据用户Id查询账户信息，参数:{"cost":0.0,"income":0.0,"limit":0,"month":"6","sub":0.0,"type":"day","userId":"1","year":"2019"}
2019-06-24 10:17:42,939 com.yaof.point.TransactionDemo [http-nio-8088-exec-7] (TransactionDemo.java:13) INFO  --> point before...
2019-06-24 10:17:42,943 com.yaof.point.TransactionDemo [http-nio-8088-exec-7] (TransactionDemo.java:17) INFO  --> point after...
2019-06-24 10:17:42,944 com.yaof.controller.AmmountController [http-nio-8088-exec-7] (AmmountController.java:48) INFO  --> 根据用户Id查询账户信息，返回结果:[]
2019-06-24 10:17:44,429 com.yaof.interceptor.WebAppConfig [http-nio-8088-exec-4] (WebAppConfig.java:52) INFO  --> ============================================
2019-06-24 10:17:44,430 com.yaof.interceptor.WebAppConfig [http-nio-8088-exec-4] (WebAppConfig.java:53) INFO  --> 拦截账号：null
