2020-10-13 17:33:34,093 com.yaof.RecordClearAideApplication [main] (StartupInfoLogger.java:48) INFO  --> Starting RecordClearAideApplication on yaofang with PID 14960 (E:\workspace_winning\RecordClearAide\target\classes started by Administrator in E:\workspace_winning\RecordClearAide)
2020-10-13 17:33:34,098 com.yaof.RecordClearAideApplication [main] (SpringApplication.java:597) INFO  --> The following profiles are active: prd
2020-10-13 17:33:34,214 org.springframework.boot.context.embedded.AnnotationConfigEmbeddedWebApplicationContext [main] (AbstractApplicationContext.java:583) INFO  --> Refreshing org.springframework.boot.context.embedded.AnnotationConfigEmbeddedWebApplicationContext@32ee6fee: startup date [Tue Oct 13 17:33:34 CST 2020]; root of context hierarchy
2020-10-13 17:33:34,898 org.hibernate.validator.internal.util.Version [background-preinit] (Version.java:30) INFO  --> HV000001: Hibernate Validator 5.3.6.Final
2020-10-13 17:33:36,508 org.springframework.beans.factory.xml.XmlBeanDefinitionReader [main] (XmlBeanDefinitionReader.java:317) INFO  --> Loading XML bean definitions from class path resource [spring-mybatis.xml]
2020-10-13 17:33:37,329 org.mybatis.spring.mapper.ClassPathMapperScanner [main] (ClassPathMapperScanner.java:166) WARN  --> No MyBatis mapper was found in '[com.yaof]' package. Please check your configuration.
2020-10-13 17:33:38,044 org.springframework.context.support.PostProcessorRegistrationDelegate$BeanPostProcessorChecker [main] (PostProcessorRegistrationDelegate.java:327) INFO  --> Bean '(inner bean)#4b6d92e' of type [org.springframework.aop.aspectj.AspectJMethodBeforeAdvice] is not eligible for getting processed by all BeanPostProcessors (for example: not eligible for auto-proxying)
2020-10-13 17:33:38,218 org.springframework.context.support.PostProcessorRegistrationDelegate$BeanPostProcessorChecker [main] (PostProcessorRegistrationDelegate.java:327) INFO  --> Bean 'org.springframework.aop.aspectj.AspectJPointcutAdvisor#0' of type [org.springframework.aop.aspectj.AspectJPointcutAdvisor] is not eligible for getting processed by all BeanPostProcessors (for example: not eligible for auto-proxying)
2020-10-13 17:33:38,226 org.springframework.context.support.PostProcessorRegistrationDelegate$BeanPostProcessorChecker [main] (PostProcessorRegistrationDelegate.java:327) INFO  --> Bean '(inner bean)#7ab34619' of type [org.springframework.aop.aspectj.AspectJAfterAdvice] is not eligible for getting processed by all BeanPostProcessors (for example: not eligible for auto-proxying)
2020-10-13 17:33:38,229 org.springframework.context.support.PostProcessorRegistrationDelegate$BeanPostProcessorChecker [main] (PostProcessorRegistrationDelegate.java:327) INFO  --> Bean 'org.springframework.aop.aspectj.AspectJPointcutAdvisor#1' of type [org.springframework.aop.aspectj.AspectJPointcutAdvisor] is not eligible for getting processed by all BeanPostProcessors (for example: not eligible for auto-proxying)
2020-10-13 17:33:38,292 org.springframework.context.support.PostProcessorRegistrationDelegate$BeanPostProcessorChecker [main] (PostProcessorRegistrationDelegate.java:327) INFO  --> Bean 'org.springframework.transaction.annotation.ProxyTransactionManagementConfiguration' of type [org.springframework.transaction.annotation.ProxyTransactionManagementConfiguration$$EnhancerBySpringCGLIB$$83c2f181] is not eligible for getting processed by all BeanPostProcessors (for example: not eligible for auto-proxying)
2020-10-13 17:33:38,940 org.eclipse.jetty.util.log [main] (Log.java:193) INFO  --> Logging initialized @6234ms to org.eclipse.jetty.util.log.Slf4jLog
2020-10-13 17:33:39,088 org.springframework.boot.context.embedded.jetty.JettyEmbeddedServletContainerFactory [main] (JettyEmbeddedServletContainerFactory.java:177) INFO  --> Server initialized with port: 8088
2020-10-13 17:33:39,090 org.eclipse.jetty.server.Server [main] (Server.java:374) INFO  --> jetty-9.4.10.v20180503; built: 2018-05-03T15:56:21.710Z; git: daa59876e6f384329b122929e70a80934569428c; jvm 1.8.0_172-b11
2020-10-13 17:33:39,270 org.eclipse.jetty.server.session [main] (DefaultSessionIdManager.java:365) INFO  --> DefaultSessionIdManager workerName=node0
2020-10-13 17:33:39,270 org.eclipse.jetty.server.session [main] (DefaultSessionIdManager.java:370) INFO  --> No SessionScavenger set, using defaults
2020-10-13 17:33:39,275 org.eclipse.jetty.server.session [main] (HouseKeeper.java:149) INFO  --> node0 Scavenging every 660000ms
2020-10-13 17:33:39,311 org.eclipse.jetty.server.handler.ContextHandler.application [main] (ContextHandler.java:2221) INFO  --> Warning: No org.apache.tomcat.JarScanner set in ServletContext. Falling back to default JarScanner implementation.
2020-10-13 17:33:39,628 org.eclipse.jetty.server.handler.ContextHandler.application [main] (ContextHandler.java:2221) INFO  --> Initializing Spring embedded WebApplicationContext
2020-10-13 17:33:39,629 org.springframework.web.context.ContextLoader [main] (EmbeddedWebApplicationContext.java:276) INFO  --> Root WebApplicationContext: initialization completed in 5419 ms
2020-10-13 17:33:40,148 org.springframework.boot.web.servlet.FilterRegistrationBean [main] (AbstractFilterRegistrationBean.java:258) INFO  --> Mapping filter: 'characterEncodingFilter' to: [/*]
2020-10-13 17:33:40,149 org.springframework.boot.web.servlet.FilterRegistrationBean [main] (AbstractFilterRegistrationBean.java:258) INFO  --> Mapping filter: 'hiddenHttpMethodFilter' to: [/*]
2020-10-13 17:33:40,149 org.springframework.boot.web.servlet.FilterRegistrationBean [main] (AbstractFilterRegistrationBean.java:258) INFO  --> Mapping filter: 'httpPutFormContentFilter' to: [/*]
2020-10-13 17:33:40,149 org.springframework.boot.web.servlet.FilterRegistrationBean [main] (AbstractFilterRegistrationBean.java:258) INFO  --> Mapping filter: 'requestContextFilter' to: [/*]
2020-10-13 17:33:40,150 org.springframework.boot.web.servlet.FilterRegistrationBean [main] (AbstractFilterRegistrationBean.java:271) INFO  --> Mapping filter: 'sessionFilter' to urls: [/*]
2020-10-13 17:33:40,150 org.springframework.boot.web.servlet.FilterRegistrationBean [main] (AbstractFilterRegistrationBean.java:271) INFO  --> Mapping filter: 'webStatFilter' to urls: [/*]
2020-10-13 17:33:40,150 org.springframework.boot.web.servlet.ServletRegistrationBean [main] (ServletRegistrationBean.java:190) INFO  --> Mapping servlet: 'dispatcherServlet' to [/]
2020-10-13 17:33:40,152 org.springframework.boot.web.servlet.ServletRegistrationBean [main] (ServletRegistrationBean.java:190) INFO  --> Mapping servlet: 'statViewServlet' to [/druid/*]
2020-10-13 17:33:40,164 org.eclipse.jetty.server.handler.ContextHandler [main] (ContextHandler.java:788) INFO  --> Started o.s.b.c.e.j.JettyEmbeddedWebAppContext@55846997{/rca,[file:///E:/workspace_winning/RecordClearAide/src/main/webapp/, jar:file:/D:/dev/maven/maven_31/io/springfox/springfox-swagger-ui/2.7.0/springfox-swagger-ui-2.7.0.jar!/META-INF/resources],AVAILABLE}
2020-10-13 17:33:40,165 org.eclipse.jetty.server.Server [main] (Server.java:411) INFO  --> Started @7461ms
2020-10-13 17:33:40,380 com.alibaba.druid.pool.DruidDataSource [main] (DruidDataSource.java:889) INFO  --> {dataSource-1} inited
2020-10-13 17:33:40,884 com.alibaba.druid.pool.DruidDataSource [main] (DruidDataSource.java:889) INFO  --> {dataSource-2} inited
2020-10-13 17:33:41,274 com.yaof.RecordClearAideApplication [main] (RecordClearAideApplication.java:33) INFO  --> test:------初始化测试。。。。
2020-10-13 17:33:42,067 org.springframework.web.servlet.mvc.method.annotation.RequestMappingHandlerMapping [main] (AbstractHandlerMethodMapping.java:543) INFO  --> Mapped "{[/user/queryDayDetail],methods=[POST]}" onto public com.yaof.pojo.utils.Response<java.util.List<com.yaof.pojo.AmmountSum>> com.yaof.controller.AmmountController.queryDayDetail(com.yaof.pojo.AmmountSum,javax.servlet.http.HttpSession)
2020-10-13 17:33:42,069 org.springframework.web.servlet.mvc.method.annotation.RequestMappingHandlerMapping [main] (AbstractHandlerMethodMapping.java:543) INFO  --> Mapped "{[/user/addAccountDetail],methods=[POST]}" onto public com.yaof.pojo.utils.Response<java.lang.String> com.yaof.controller.AmmountController.addAccountDetail(java.util.List<com.yaof.pojo.AmmountSum>,javax.servlet.http.HttpSession)
2020-10-13 17:33:42,071 org.springframework.web.servlet.mvc.method.annotation.RequestMappingHandlerMapping [main] (AbstractHandlerMethodMapping.java:543) INFO  --> Mapped "{[/user/deleteDayDetailById],methods=[POST]}" onto public com.yaof.pojo.utils.Response<java.lang.String> com.yaof.controller.AmmountController.deleteDayDetailById(com.yaof.pojo.AmmountSum)
2020-10-13 17:33:42,072 org.springframework.web.servlet.mvc.method.annotation.RequestMappingHandlerMapping [main] (AbstractHandlerMethodMapping.java:543) INFO  --> Mapped "{[/user/queryAccountDetail],methods=[POST]}" onto public com.yaof.pojo.utils.Response<java.util.List<com.yaof.pojo.AmmountSum>> com.yaof.controller.AmmountController.queryAccountDetail(com.yaof.pojo.AmmountSum,javax.servlet.http.HttpSession)
2020-10-13 17:33:42,073 org.springframework.web.servlet.mvc.method.annotation.RequestMappingHandlerMapping [main] (AbstractHandlerMethodMapping.java:543) INFO  --> Mapped "{[/user/saveDayDetailById],methods=[POST]}" onto public com.yaof.pojo.utils.Response<java.lang.String> com.yaof.controller.AmmountController.saveDayDetailById(com.yaof.pojo.AmmountSum)
2020-10-13 17:33:42,075 org.springframework.web.servlet.mvc.method.annotation.RequestMappingHandlerMapping [main] (AbstractHandlerMethodMapping.java:543) INFO  --> Mapped "{[/index]}" onto public java.lang.String com.yaof.controller.GameRoleController.index(java.lang.String)
2020-10-13 17:33:42,075 org.springframework.web.servlet.mvc.method.annotation.RequestMappingHandlerMapping [main] (AbstractHandlerMethodMapping.java:543) INFO  --> Mapped "{[/selectNumber],methods=[POST]}" onto public com.yaof.pojo.utils.Response<com.alibaba.fastjson.JSONObject> com.yaof.controller.GameRoleController.selectNumber()
2020-10-13 17:33:42,076 org.springframework.web.servlet.mvc.method.annotation.RequestMappingHandlerMapping [main] (AbstractHandlerMethodMapping.java:543) INFO  --> Mapped "{[/insertRoleInfo],methods=[POST]}" onto public com.yaof.pojo.utils.Response<com.alibaba.fastjson.JSONObject> com.yaof.controller.GameRoleController.insertRoleInfo(com.yaof.pojo.GameRole,javax.servlet.http.HttpServletRequest)
2020-10-13 17:33:42,077 org.springframework.web.servlet.mvc.method.annotation.RequestMappingHandlerMapping [main] (AbstractHandlerMethodMapping.java:543) INFO  --> Mapped "{[/insertBatchRoleInfo],methods=[POST]}" onto public com.yaof.pojo.utils.Response<com.alibaba.fastjson.JSONObject> com.yaof.controller.GameRoleController.insertBatchRoleInfo()
2020-10-13 17:33:42,083 org.springframework.web.servlet.mvc.method.annotation.RequestMappingHandlerMapping [main] (AbstractHandlerMethodMapping.java:543) INFO  --> Mapped "{[/register],methods=[POST]}" onto public com.yaof.pojo.utils.Response com.yaof.controller.UserController.register(com.yaof.pojo.User)
2020-10-13 17:33:42,083 org.springframework.web.servlet.mvc.method.annotation.RequestMappingHandlerMapping [main] (AbstractHandlerMethodMapping.java:543) INFO  --> Mapped "{[/getUserInfo],methods=[POST]}" onto public java.lang.String com.yaof.controller.UserController.getUserInfo(java.lang.String,javax.servlet.http.HttpServletRequest)
2020-10-13 17:33:42,084 org.springframework.web.servlet.mvc.method.annotation.RequestMappingHandlerMapping [main] (AbstractHandlerMethodMapping.java:543) INFO  --> Mapped "{[/login],methods=[POST]}" onto public com.yaof.pojo.utils.Response com.yaof.controller.UserController.login(com.yaof.pojo.User,javax.servlet.http.HttpServletRequest)
2020-10-13 17:33:42,085 org.springframework.web.servlet.mvc.method.annotation.RequestMappingHandlerMapping [main] (AbstractHandlerMethodMapping.java:543) INFO  --> Mapped "{[/saveUserInfo],methods=[POST]}" onto public com.yaof.pojo.utils.Response com.yaof.controller.UserController.saveUserInfo(com.yaof.pojo.User,javax.servlet.http.HttpSession)
2020-10-13 17:33:42,085 org.springframework.web.servlet.mvc.method.annotation.RequestMappingHandlerMapping [main] (AbstractHandlerMethodMapping.java:543) INFO  --> Mapped "{[/getAccount],methods=[POST]}" onto private java.lang.String com.yaof.controller.UserController.getAccount(javax.servlet.http.HttpSession)
2020-10-13 17:33:42,086 org.springframework.web.servlet.mvc.method.annotation.RequestMappingHandlerMapping [main] (AbstractHandlerMethodMapping.java:543) INFO  --> Mapped "{[/logout],methods=[POST]}" onto public com.yaof.pojo.utils.Response com.yaof.controller.UserController.checkAccount(javax.servlet.http.HttpServletRequest)
2020-10-13 17:33:42,087 org.springframework.web.servlet.mvc.method.annotation.RequestMappingHandlerMapping [main] (AbstractHandlerMethodMapping.java:543) INFO  --> Mapped "{[/checkAccount],methods=[POST]}" onto public com.yaof.pojo.utils.Response com.yaof.controller.UserController.checkAccount(java.lang.String)
2020-10-13 17:33:42,087 org.springframework.web.servlet.mvc.method.annotation.RequestMappingHandlerMapping [main] (AbstractHandlerMethodMapping.java:543) INFO  --> Mapped "{[/addRcaUserInfo],methods=[POST]}" onto public com.yaof.pojo.utils.Response com.yaof.controller.UserController.addRcaUserInfo(com.yaof.pojo.User,javax.servlet.http.HttpSession)
2020-10-13 17:33:42,088 org.springframework.web.servlet.mvc.method.annotation.RequestMappingHandlerMapping [main] (AbstractHandlerMethodMapping.java:543) INFO  --> Mapped "{[/updatePassword],methods=[POST]}" onto public com.yaof.pojo.utils.Response com.yaof.controller.UserController.updatePassword(java.util.Map<java.lang.String, java.lang.Object>,javax.servlet.http.HttpSession)
2020-10-13 17:33:42,089 org.springframework.web.servlet.mvc.method.annotation.RequestMappingHandlerMapping [main] (AbstractHandlerMethodMapping.java:543) INFO  --> Mapped "{[/queryAccountByPower],methods=[POST]}" onto private com.yaof.pojo.utils.Response<java.util.List<com.yaof.pojo.User>> com.yaof.controller.UserController.queryAccountByPower(com.yaof.pojo.User,javax.servlet.http.HttpSession)
2020-10-13 17:33:42,089 org.springframework.web.servlet.mvc.method.annotation.RequestMappingHandlerMapping [main] (AbstractHandlerMethodMapping.java:543) INFO  --> Mapped "{[/deleteAccountById],methods=[POST]}" onto private com.yaof.pojo.utils.Response com.yaof.controller.UserController.deleteAccountById(java.lang.String)
2020-10-13 17:33:42,090 org.springframework.web.servlet.mvc.method.annotation.RequestMappingHandlerMapping [main] (AbstractHandlerMethodMapping.java:543) INFO  --> Mapped "{[/updatePasswordByAccount],methods=[POST]}" onto public com.yaof.pojo.utils.Response com.yaof.controller.UserController.updatePasswordByAccount(com.yaof.pojo.User,javax.servlet.http.HttpSession)
2020-10-13 17:33:42,095 org.springframework.web.servlet.mvc.method.annotation.RequestMappingHandlerMapping [main] (AbstractHandlerMethodMapping.java:543) INFO  --> Mapped "{[/swagger-resources/configuration/ui]}" onto public org.springframework.http.ResponseEntity<springfox.documentation.swagger.web.UiConfiguration> springfox.documentation.swagger.web.ApiResourceController.uiConfiguration()
2020-10-13 17:33:42,097 org.springframework.web.servlet.mvc.method.annotation.RequestMappingHandlerMapping [main] (AbstractHandlerMethodMapping.java:543) INFO  --> Mapped "{[/swagger-resources]}" onto public org.springframework.http.ResponseEntity<java.util.List<springfox.documentation.swagger.web.SwaggerResource>> springfox.documentation.swagger.web.ApiResourceController.swaggerResources()
2020-10-13 17:33:42,098 org.springframework.web.servlet.mvc.method.annotation.RequestMappingHandlerMapping [main] (AbstractHandlerMethodMapping.java:543) INFO  --> Mapped "{[/swagger-resources/configuration/security]}" onto public org.springframework.http.ResponseEntity<springfox.documentation.swagger.web.SecurityConfiguration> springfox.documentation.swagger.web.ApiResourceController.securityConfiguration()
2020-10-13 17:33:42,102 org.springframework.web.servlet.mvc.method.annotation.RequestMappingHandlerMapping [main] (AbstractHandlerMethodMapping.java:543) INFO  --> Mapped "{[/error]}" onto public org.springframework.http.ResponseEntity<java.util.Map<java.lang.String, java.lang.Object>> org.springframework.boot.autoconfigure.web.BasicErrorController.error(javax.servlet.http.HttpServletRequest)
2020-10-13 17:33:42,103 org.springframework.web.servlet.mvc.method.annotation.RequestMappingHandlerMapping [main] (AbstractHandlerMethodMapping.java:543) INFO  --> Mapped "{[/error],produces=[text/html]}" onto public org.springframework.web.servlet.ModelAndView org.springframework.boot.autoconfigure.web.BasicErrorController.errorHtml(javax.servlet.http.HttpServletRequest,javax.servlet.http.HttpServletResponse)
2020-10-13 17:33:42,397 springfox.documentation.spring.web.PropertySourcedRequestMappingHandlerMapping [main] (PropertySourcedRequestMappingHandlerMapping.java:69) INFO  --> Mapped URL path [/v2/api-docs] onto method [public org.springframework.http.ResponseEntity<springfox.documentation.spring.web.json.Json> springfox.documentation.swagger2.web.Swagger2Controller.getDocumentation(java.lang.String,javax.servlet.http.HttpServletRequest)]
2020-10-13 17:33:42,440 org.springframework.scheduling.concurrent.ThreadPoolTaskExecutor [main] (ExecutorConfigurationSupport.java:165) INFO  --> Initializing ExecutorService  'executor'
2020-10-13 17:33:42,555 org.quartz.impl.StdSchedulerFactory [main] (StdSchedulerFactory.java:1172) INFO  --> Using default implementation for ThreadExecutor
2020-10-13 17:33:42,575 org.quartz.core.SchedulerSignalerImpl [main] (SchedulerSignalerImpl.java:61) INFO  --> Initialized Scheduler Signaller of type: class org.quartz.core.SchedulerSignalerImpl
2020-10-13 17:33:42,575 org.quartz.core.QuartzScheduler [main] (QuartzScheduler.java:240) INFO  --> Quartz Scheduler v.2.2.3 created.
2020-10-13 17:33:42,577 org.quartz.simpl.RAMJobStore [main] (RAMJobStore.java:155) INFO  --> RAMJobStore initialized.
2020-10-13 17:33:42,578 org.quartz.core.QuartzScheduler [main] (QuartzScheduler.java:305) INFO  --> Scheduler meta-data: Quartz Scheduler (v2.2.3) 'org.springframework.scheduling.quartz.SchedulerFactoryBean#0' with instanceId 'NON_CLUSTERED'
  Scheduler class: 'org.quartz.core.QuartzScheduler' - running locally.
  NOT STARTED.
  Currently in standby mode.
  Number of jobs executed: 0
  Using thread pool 'org.springframework.scheduling.quartz.LocalTaskExecutorThreadPool' - with -1 threads.
  Using job-store 'org.quartz.simpl.RAMJobStore' - which does not support persistence. and is not clustered.

2020-10-13 17:33:42,579 org.quartz.impl.StdSchedulerFactory [main] (StdSchedulerFactory.java:1327) INFO  --> Quartz scheduler 'org.springframework.scheduling.quartz.SchedulerFactoryBean#0' initialized from an externally provided properties instance.
2020-10-13 17:33:42,579 org.quartz.impl.StdSchedulerFactory [main] (StdSchedulerFactory.java:1331) INFO  --> Quartz scheduler version: 2.2.3
2020-10-13 17:33:42,581 org.quartz.core.QuartzScheduler [main] (QuartzScheduler.java:2311) INFO  --> JobFactory set to: org.springframework.scheduling.quartz.AdaptableJobFactory@314f59b
2020-10-13 17:33:43,080 org.springframework.web.servlet.mvc.method.annotation.RequestMappingHandlerAdapter [main] (RequestMappingHandlerAdapter.java:534) INFO  --> Looking for @ControllerAdvice: org.springframework.boot.context.embedded.AnnotationConfigEmbeddedWebApplicationContext@32ee6fee: startup date [Tue Oct 13 17:33:34 CST 2020]; root of context hierarchy
2020-10-13 17:33:43,187 org.springframework.web.servlet.handler.SimpleUrlHandlerMapping [main] (AbstractUrlHandlerMapping.java:362) INFO  --> Mapped URL path [/webjars/**] onto handler of type [class org.springframework.web.servlet.resource.ResourceHttpRequestHandler]
2020-10-13 17:33:43,187 org.springframework.web.servlet.handler.SimpleUrlHandlerMapping [main] (AbstractUrlHandlerMapping.java:362) INFO  --> Mapped URL path [/**] onto handler of type [class org.springframework.web.servlet.resource.ResourceHttpRequestHandler]
2020-10-13 17:33:43,259 org.springframework.web.servlet.handler.SimpleUrlHandlerMapping [main] (AbstractUrlHandlerMapping.java:362) INFO  --> Mapped URL path [/**/favicon.ico] onto handler of type [class org.springframework.web.servlet.resource.ResourceHttpRequestHandler]
2020-10-13 17:33:44,443 org.springframework.jmx.export.annotation.AnnotationMBeanExporter [main] (MBeanExporter.java:431) INFO  --> Registering beans for JMX exposure on startup
2020-10-13 17:33:44,448 org.springframework.jmx.export.annotation.AnnotationMBeanExporter [main] (MBeanExporter.java:918) INFO  --> Bean with name 'masterDataSource' has been autodetected for JMX exposure
2020-10-13 17:33:44,448 org.springframework.jmx.export.annotation.AnnotationMBeanExporter [main] (MBeanExporter.java:918) INFO  --> Bean with name 'slaveDataSource' has been autodetected for JMX exposure
2020-10-13 17:33:44,450 org.springframework.jmx.export.annotation.AnnotationMBeanExporter [main] (MBeanExporter.java:918) INFO  --> Bean with name 'statFilter' has been autodetected for JMX exposure
2020-10-13 17:33:44,470 org.springframework.jmx.export.annotation.AnnotationMBeanExporter [main] (MBeanExporter.java:672) INFO  --> Located MBean 'masterDataSource': registering with JMX server as MBean [com.alibaba.druid.pool:name=masterDataSource,type=DruidDataSource]
2020-10-13 17:33:44,473 org.springframework.jmx.export.annotation.AnnotationMBeanExporter [main] (MBeanExporter.java:672) INFO  --> Located MBean 'slaveDataSource': registering with JMX server as MBean [com.alibaba.druid.pool:name=slaveDataSource,type=DruidDataSource]
2020-10-13 17:33:44,477 org.springframework.jmx.export.annotation.AnnotationMBeanExporter [main] (MBeanExporter.java:672) INFO  --> Located MBean 'statFilter': registering with JMX server as MBean [com.alibaba.druid.filter.stat:name=statFilter,type=StatFilter]
2020-10-13 17:33:44,493 org.springframework.context.support.DefaultLifecycleProcessor [main] (DefaultLifecycleProcessor.java:341) INFO  --> Starting beans in phase 2147483647
2020-10-13 17:33:44,494 springfox.documentation.spring.web.plugins.DocumentationPluginsBootstrapper [main] (DocumentationPluginsBootstrapper.java:147) INFO  --> Context refreshed
2020-10-13 17:33:44,531 springfox.documentation.spring.web.plugins.DocumentationPluginsBootstrapper [main] (DocumentationPluginsBootstrapper.java:150) INFO  --> Found 1 custom documentation plugin(s)
2020-10-13 17:33:44,580 springfox.documentation.spring.web.scanners.ApiListingReferenceScanner [main] (ApiListingReferenceScanner.java:41) INFO  --> Scanning for api listing references
2020-10-13 17:33:45,187 springfox.documentation.spring.web.readers.operation.CachingOperationNameGenerator [main] (CachingOperationNameGenerator.java:40) INFO  --> Generating unique operation named: checkAccountUsingPOST_1
2020-10-13 17:33:45,313 org.springframework.scheduling.quartz.SchedulerFactoryBean [main] (SchedulerFactoryBean.java:671) INFO  --> Starting Quartz Scheduler now
2020-10-13 17:33:45,316 org.quartz.core.QuartzScheduler [main] (QuartzScheduler.java:575) INFO  --> Scheduler org.springframework.scheduling.quartz.SchedulerFactoryBean#0_$_NON_CLUSTERED started.
2020-10-13 17:33:45,363 org.springframework.scheduling.annotation.ScheduledAnnotationBeanPostProcessor [main] (ScheduledAnnotationBeanPostProcessor.java:268) INFO  --> No TaskScheduler/ScheduledExecutorService bean found for scheduled processing
2020-10-13 17:33:45,398 org.eclipse.jetty.server.handler.ContextHandler.application [main] (ContextHandler.java:2221) INFO  --> Initializing Spring FrameworkServlet 'dispatcherServlet'
2020-10-13 17:33:45,398 org.springframework.web.servlet.DispatcherServlet [main] (FrameworkServlet.java:489) INFO  --> FrameworkServlet 'dispatcherServlet': initialization started
2020-10-13 17:33:45,425 org.springframework.web.servlet.DispatcherServlet [main] (FrameworkServlet.java:508) INFO  --> FrameworkServlet 'dispatcherServlet': initialization completed in 27 ms
2020-10-13 17:33:46,606 org.eclipse.jetty.server.AbstractConnector [main] (AbstractConnector.java:289) INFO  --> Started ServerConnector@805e72e{HTTP/1.1,[http/1.1]}{0.0.0.0:8088}
2020-10-13 17:33:46,606 org.springframework.boot.context.embedded.jetty.JettyEmbeddedServletContainer [main] (JettyEmbeddedServletContainer.java:155) INFO  --> Jetty started on port(s) 8088 (http/1.1)
2020-10-13 17:33:46,615 com.yaof.RecordClearAideApplication [main] (StartupInfoLogger.java:57) INFO  --> Started RecordClearAideApplication in 13.028 seconds (JVM running for 13.911)
2020-10-13 17:33:46,615 com.yaof.RecordClearAideApplication [main] (RecordClearAideApplication.java:23) INFO  --> RecordClearAideApplication start success.
2020-10-13 17:34:04,314 com.yaof.controller.UserController [qtp902096996-21] (UserController.java:59) INFO  --> 请求参数:{"account":"yaofang","id":0,"password":"123456"}
2020-10-13 17:34:04,315 com.yaof.controller.UserController [qtp902096996-21] (UserController.java:62) INFO  --> test.id:--------------->123
2020-10-13 17:34:05,322 com.yaof.point.TransactionDemo [qtp902096996-21] (TransactionDemo.java:28) INFO  --> now the url is:/rca/login
2020-10-13 17:34:05,323 com.yaof.point.TransactionDemo [qtp902096996-21] (TransactionDemo.java:34) INFO  --> point before...
2020-10-13 17:34:05,356 com.yaof.mapper.UserMapper.getUserByAccountAndPassword [qtp902096996-21] (BaseJdbcLogger.java:159) DEBUG --> ==>  Preparing: select id, account, age, name, power, birthdate, sex, addr, phone, email from rca_user where account = ? and password = ? 
2020-10-13 17:34:05,387 com.yaof.mapper.UserMapper.getUserByAccountAndPassword [qtp902096996-21] (BaseJdbcLogger.java:159) DEBUG --> ==> Parameters: yaofang(String), 123456(String)
2020-10-13 17:34:05,443 com.yaof.controller.UserController [qtp902096996-16] (UserController.java:59) INFO  --> 请求参数:{"account":"yaofang","id":0,"password":"123456"}
2020-10-13 17:34:05,444 com.yaof.controller.UserController [qtp902096996-16] (UserController.java:62) INFO  --> test.id:--------------->123
2020-10-13 17:34:05,454 com.yaof.mapper.UserMapper.getUserByAccountAndPassword [qtp902096996-21] (BaseJdbcLogger.java:159) DEBUG --> <==      Total: 1
2020-10-13 17:34:05,455 com.yaof.point.TransactionDemo [qtp902096996-21] (TransactionDemo.java:38) INFO  --> point after...
2020-10-13 17:34:06,444 com.yaof.point.TransactionDemo [qtp902096996-16] (TransactionDemo.java:28) INFO  --> now the url is:/rca/login
2020-10-13 17:34:06,445 com.yaof.point.TransactionDemo [qtp902096996-16] (TransactionDemo.java:34) INFO  --> point before...
2020-10-13 17:34:06,446 com.yaof.mapper.UserMapper.getUserByAccountAndPassword [qtp902096996-16] (BaseJdbcLogger.java:159) DEBUG --> ==>  Preparing: select id, account, age, name, power, birthdate, sex, addr, phone, email from rca_user where account = ? and password = ? 
2020-10-13 17:34:06,448 com.yaof.mapper.UserMapper.getUserByAccountAndPassword [qtp902096996-16] (BaseJdbcLogger.java:159) DEBUG --> ==> Parameters: yaofang(String), 123456(String)
2020-10-13 17:34:06,455 com.yaof.mapper.UserMapper.getUserByAccountAndPassword [qtp902096996-16] (BaseJdbcLogger.java:159) DEBUG --> <==      Total: 1
2020-10-13 17:34:06,457 com.yaof.point.TransactionDemo [qtp902096996-16] (TransactionDemo.java:38) INFO  --> point after...
2020-10-13 17:34:16,729 com.yaof.controller.UserController [qtp902096996-23] (UserController.java:59) INFO  --> 请求参数:{"account":"yaofang","id":0,"password":"123456"}
2020-10-13 17:34:16,729 com.yaof.controller.UserController [qtp902096996-23] (UserController.java:62) INFO  --> test.id:--------------->123
2020-10-13 17:34:17,729 com.yaof.point.TransactionDemo [qtp902096996-23] (TransactionDemo.java:28) INFO  --> now the url is:/rca/login
2020-10-13 17:34:17,730 com.yaof.point.TransactionDemo [qtp902096996-23] (TransactionDemo.java:34) INFO  --> point before...
2020-10-13 17:34:17,733 com.yaof.mapper.UserMapper.getUserByAccountAndPassword [qtp902096996-23] (BaseJdbcLogger.java:159) DEBUG --> ==>  Preparing: select id, account, age, name, power, birthdate, sex, addr, phone, email from rca_user where account = ? and password = ? 
2020-10-13 17:34:17,736 com.yaof.mapper.UserMapper.getUserByAccountAndPassword [qtp902096996-23] (BaseJdbcLogger.java:159) DEBUG --> ==> Parameters: yaofang(String), 123456(String)
2020-10-13 17:34:17,746 com.yaof.mapper.UserMapper.getUserByAccountAndPassword [qtp902096996-23] (BaseJdbcLogger.java:159) DEBUG --> <==      Total: 1
2020-10-13 17:34:17,749 com.yaof.point.TransactionDemo [qtp902096996-23] (TransactionDemo.java:38) INFO  --> point after...
2020-10-13 17:34:20,114 com.yaof.interceptor.WebAppConfig [qtp902096996-20] (WebAppConfig.java:52) INFO  --> /rca/user/queryAccountDetail============================================
2020-10-13 17:34:20,115 com.yaof.interceptor.WebAppConfig [qtp902096996-20] (WebAppConfig.java:53) INFO  --> 拦截账号：null
2020-10-13 17:34:20,128 com.yaof.controller.AmmountController [qtp902096996-20] (AmmountController.java:46) INFO  --> 根据用户Id查询账户信息，参数:{"cost":0.0,"income":0.0,"limit":0,"month":"10","sub":0.0,"type":"day","userId":"1","year":"2020"}
2020-10-13 17:34:20,141 com.yaof.point.TransactionDemo [qtp902096996-20] (TransactionDemo.java:28) INFO  --> now the url is:/rca/user/queryAccountDetail
2020-10-13 17:34:20,142 com.yaof.point.TransactionDemo [qtp902096996-20] (TransactionDemo.java:34) INFO  --> point before...
2020-10-13 17:34:21,329 com.yaof.mapper.AmmountMapper.queryAccountDetail [qtp902096996-20] (BaseJdbcLogger.java:159) DEBUG --> ==>  Preparing: select year, month, day, sum(cost) cost, sum(income) income, (sum(income)-sum(cost)) sub from (select year(happen_date) year, month(happen_date) month, day(happen_date) day, cost, income from account_detail where user_id = ? and year(happen_date) = ? and month(happen_date) = ? ) a GROUP BY year,month,day order by year desc, month desc, day desc 
2020-10-13 17:34:21,463 com.yaof.mapper.AmmountMapper.queryAccountDetail [qtp902096996-20] (BaseJdbcLogger.java:159) DEBUG --> ==> Parameters: 1(String), 2020(String), 10(String)
2020-10-13 17:34:21,489 com.yaof.mapper.AmmountMapper.queryAccountDetail [qtp902096996-20] (BaseJdbcLogger.java:159) DEBUG --> <==      Total: 0
2020-10-13 17:34:21,491 com.yaof.point.TransactionDemo [qtp902096996-20] (TransactionDemo.java:38) INFO  --> point after...
2020-10-13 17:34:21,492 com.yaof.controller.AmmountController [qtp902096996-20] (AmmountController.java:48) INFO  --> 根据用户Id查询账户信息，返回结果:[]
2020-10-13 17:34:24,816 com.yaof.interceptor.WebAppConfig [qtp902096996-21] (WebAppConfig.java:52) INFO  --> /rca/user/queryAccountDetail============================================
2020-10-13 17:34:24,817 com.yaof.interceptor.WebAppConfig [qtp902096996-21] (WebAppConfig.java:53) INFO  --> 拦截账号：null
2020-10-13 17:34:24,817 com.yaof.controller.AmmountController [qtp902096996-21] (AmmountController.java:46) INFO  --> 根据用户Id查询账户信息，参数:{"cost":0.0,"day":"","income":0.0,"limit":0,"month":"10","sub":0.0,"type":"day","userId":"1","year":"2020"}
2020-10-13 17:34:24,818 com.yaof.point.TransactionDemo [qtp902096996-21] (TransactionDemo.java:28) INFO  --> now the url is:/rca/user/queryAccountDetail
2020-10-13 17:34:24,818 com.yaof.point.TransactionDemo [qtp902096996-21] (TransactionDemo.java:34) INFO  --> point before...
2020-10-13 17:34:24,819 com.yaof.mapper.AmmountMapper.queryAccountDetail [qtp902096996-21] (BaseJdbcLogger.java:159) DEBUG --> ==>  Preparing: select year, month, day, sum(cost) cost, sum(income) income, (sum(income)-sum(cost)) sub from (select year(happen_date) year, month(happen_date) month, day(happen_date) day, cost, income from account_detail where user_id = ? and year(happen_date) = ? and month(happen_date) = ? ) a GROUP BY year,month,day order by year desc, month desc, day desc 
2020-10-13 17:34:24,821 com.yaof.mapper.AmmountMapper.queryAccountDetail [qtp902096996-21] (BaseJdbcLogger.java:159) DEBUG --> ==> Parameters: 1(String), 2020(String), 10(String)
2020-10-13 17:34:24,823 com.yaof.mapper.AmmountMapper.queryAccountDetail [qtp902096996-21] (BaseJdbcLogger.java:159) DEBUG --> <==      Total: 0
2020-10-13 17:34:24,824 com.yaof.point.TransactionDemo [qtp902096996-21] (TransactionDemo.java:38) INFO  --> point after...
2020-10-13 17:34:24,824 com.yaof.controller.AmmountController [qtp902096996-21] (AmmountController.java:48) INFO  --> 根据用户Id查询账户信息，返回结果:[]
2020-10-13 17:34:28,969 com.yaof.interceptor.WebAppConfig [qtp902096996-20] (WebAppConfig.java:52) INFO  --> /rca/user/queryAccountDetail============================================
2020-10-13 17:34:28,969 com.yaof.interceptor.WebAppConfig [qtp902096996-20] (WebAppConfig.java:53) INFO  --> 拦截账号：null
2020-10-13 17:34:28,970 com.yaof.controller.AmmountController [qtp902096996-20] (AmmountController.java:46) INFO  --> 根据用户Id查询账户信息，参数:{"cost":0.0,"day":"","income":0.0,"limit":0,"month":"10","sub":0.0,"type":"day","userId":"1","year":"2018"}
2020-10-13 17:34:28,971 com.yaof.point.TransactionDemo [qtp902096996-20] (TransactionDemo.java:28) INFO  --> now the url is:/rca/user/queryAccountDetail
2020-10-13 17:34:28,971 com.yaof.point.TransactionDemo [qtp902096996-20] (TransactionDemo.java:34) INFO  --> point before...
2020-10-13 17:34:28,972 com.yaof.mapper.AmmountMapper.queryAccountDetail [qtp902096996-20] (BaseJdbcLogger.java:159) DEBUG --> ==>  Preparing: select year, month, day, sum(cost) cost, sum(income) income, (sum(income)-sum(cost)) sub from (select year(happen_date) year, month(happen_date) month, day(happen_date) day, cost, income from account_detail where user_id = ? and year(happen_date) = ? and month(happen_date) = ? ) a GROUP BY year,month,day order by year desc, month desc, day desc 
2020-10-13 17:34:28,973 com.yaof.mapper.AmmountMapper.queryAccountDetail [qtp902096996-20] (BaseJdbcLogger.java:159) DEBUG --> ==> Parameters: 1(String), 2018(String), 10(String)
2020-10-13 17:34:28,975 com.yaof.mapper.AmmountMapper.queryAccountDetail [qtp902096996-20] (BaseJdbcLogger.java:159) DEBUG --> <==      Total: 0
2020-10-13 17:34:28,976 com.yaof.point.TransactionDemo [qtp902096996-20] (TransactionDemo.java:38) INFO  --> point after...
2020-10-13 17:34:28,976 com.yaof.controller.AmmountController [qtp902096996-20] (AmmountController.java:48) INFO  --> 根据用户Id查询账户信息，返回结果:[]
2020-10-13 17:34:33,033 com.yaof.interceptor.WebAppConfig [qtp902096996-21] (WebAppConfig.java:52) INFO  --> /rca/user/queryAccountDetail============================================
2020-10-13 17:34:33,033 com.yaof.interceptor.WebAppConfig [qtp902096996-21] (WebAppConfig.java:53) INFO  --> 拦截账号：null
2020-10-13 17:34:33,034 com.yaof.controller.AmmountController [qtp902096996-21] (AmmountController.java:46) INFO  --> 根据用户Id查询账户信息，参数:{"cost":0.0,"day":"","income":0.0,"limit":0,"month":"12","sub":0.0,"type":"day","userId":"1","year":"2018"}
2020-10-13 17:34:33,034 com.yaof.point.TransactionDemo [qtp902096996-21] (TransactionDemo.java:28) INFO  --> now the url is:/rca/user/queryAccountDetail
2020-10-13 17:34:33,034 com.yaof.point.TransactionDemo [qtp902096996-21] (TransactionDemo.java:34) INFO  --> point before...
2020-10-13 17:34:33,035 com.yaof.mapper.AmmountMapper.queryAccountDetail [qtp902096996-21] (BaseJdbcLogger.java:159) DEBUG --> ==>  Preparing: select year, month, day, sum(cost) cost, sum(income) income, (sum(income)-sum(cost)) sub from (select year(happen_date) year, month(happen_date) month, day(happen_date) day, cost, income from account_detail where user_id = ? and year(happen_date) = ? and month(happen_date) = ? ) a GROUP BY year,month,day order by year desc, month desc, day desc 
2020-10-13 17:34:33,037 com.yaof.mapper.AmmountMapper.queryAccountDetail [qtp902096996-21] (BaseJdbcLogger.java:159) DEBUG --> ==> Parameters: 1(String), 2018(String), 12(String)
2020-10-13 17:34:33,058 com.yaof.mapper.AmmountMapper.queryAccountDetail [qtp902096996-21] (BaseJdbcLogger.java:159) DEBUG --> <==      Total: 31
2020-10-13 17:34:33,058 com.yaof.point.TransactionDemo [qtp902096996-21] (TransactionDemo.java:38) INFO  --> point after...
2020-10-13 17:34:33,060 com.yaof.controller.AmmountController [qtp902096996-21] (AmmountController.java:48) INFO  --> 根据用户Id查询账户信息，返回结果:[{"cost":196.93,"day":"31","income":0.0,"limit":0,"month":"12","sub":-196.93,"userId":"0","year":"2018"},{"cost":99.4,"day":"30","income":0.0,"limit":0,"month":"12","sub":-99.4,"userId":"0","year":"2018"},{"cost":36.9,"day":"29","income":0.0,"limit":0,"month":"12","sub":-36.9,"userId":"0","year":"2018"},{"cost":458.4,"day":"28","income":0.0,"limit":0,"month":"12","sub":-458.4,"userId":"0","year":"2018"},{"cost":428.5,"day":"27","income":0.0,"limit":0,"month":"12","sub":-428.5,"userId":"0","year":"2018"},{"cost":22.9,"day":"26","income":0.0,"limit":0,"month":"12","sub":-22.9,"userId":"0","year":"2018"},{"cost":25.9,"day":"25","income":0.0,"limit":0,"month":"12","sub":-25.9,"userId":"0","year":"2018"},{"cost":39.9,"day":"24","income":0.0,"limit":0,"month":"12","sub":-39.9,"userId":"0","year":"2018"},{"cost":26.4,"day":"23","income":0.0,"limit":0,"month":"12","sub":-26.4,"userId":"0","year":"2018"},{"cost":292.3,"day":"22","income":0.0,"limit":0,"month":"12","sub":-292.3,"userId":"0","year":"2018"},{"cost":1568.84,"day":"21","income":23.12,"limit":0,"month":"12","sub":-1545.72,"userId":"0","year":"2018"},{"cost":24.9,"day":"20","income":460.0,"limit":0,"month":"12","sub":435.1,"userId":"0","year":"2018"},{"cost":24.9,"day":"19","income":0.0,"limit":0,"month":"12","sub":-24.9,"userId":"0","year":"2018"},{"cost":32.2,"day":"18","income":0.0,"limit":0,"month":"12","sub":-32.2,"userId":"0","year":"2018"},{"cost":136.9,"day":"17","income":0.0,"limit":0,"month":"12","sub":-136.9,"userId":"0","year":"2018"},{"cost":308.0,"day":"16","income":0.0,"limit":0,"month":"12","sub":-308.0,"userId":"0","year":"2018"},{"cost":552.9,"day":"15","income":0.0,"limit":0,"month":"12","sub":-552.9,"userId":"0","year":"2018"},{"cost":29.72,"day":"14","income":0.0,"limit":0,"month":"12","sub":-29.72,"userId":"0","year":"2018"},{"cost":36.0,"day":"13","income":0.0,"limit":0,"month":"12","sub":-36.0,"userId":"0","year":"2018"},{"cost":917.9,"day":"12","income":0.0,"limit":0,"month":"12","sub":-917.9,"userId":"0","year":"2018"},{"cost":11.9,"day":"11","income":0.0,"limit":0,"month":"12","sub":-11.9,"userId":"0","year":"2018"},{"cost":28.9,"day":"10","income":11552.75,"limit":0,"month":"12","sub":11523.85,"userId":"0","year":"2018"},{"cost":18.0,"day":"9","income":0.0,"limit":0,"month":"12","sub":-18.0,"userId":"0","year":"2018"},{"cost":14.5,"day":"8","income":0.0,"limit":0,"month":"12","sub":-14.5,"userId":"0","year":"2018"},{"cost":55.9,"day":"7","income":0.0,"limit":0,"month":"12","sub":-55.9,"userId":"0","year":"2018"},{"cost":25.9,"day":"6","income":0.0,"limit":0,"month":"12","sub":-25.9,"userId":"0","year":"2018"},{"cost":39.3,"day":"5","income":0.0,"limit":0,"month":"12","sub":-39.3,"userId":"0","year":"2018"},{"cost":131.9,"day":"4","income":0.0,"limit":0,"month":"12","sub":-131.9,"userId":"0","year":"2018"},{"cost":1014.0,"day":"3","income":0.0,"limit":0,"month":"12","sub":-1014.0,"userId":"0","year":"2018"},{"cost":88.8,"day":"2","income":0.0,"limit":0,"month":"12","sub":-88.8,"userId":"0","year":"2018"},{"cost":112.2,"day":"1","income":0.0,"limit":0,"month":"12","sub":-112.2,"userId":"0","year":"2018"}]
2020-10-13 17:34:36,718 com.yaof.controller.UserController [qtp902096996-20] (UserController.java:112) INFO  --> 检查此账号是否已经被注册请求参数:yaofang
2020-10-13 17:34:36,718 com.yaof.service.impl.UserServiceImpl [qtp902096996-20] (UserServiceImpl.java:47) INFO  --> service - isAccountExist query begin
2020-10-13 17:34:36,719 com.yaof.point.TransactionDemo [qtp902096996-20] (TransactionDemo.java:28) INFO  --> now the url is:/rca/checkAccount
2020-10-13 17:34:36,719 com.yaof.point.TransactionDemo [qtp902096996-20] (TransactionDemo.java:34) INFO  --> point before...
2020-10-13 17:34:36,720 com.yaof.mapper.UserMapper.getUserByAccount [qtp902096996-20] (BaseJdbcLogger.java:159) DEBUG --> ==>  Preparing: select id, account, age, name, power, birthdate, sex, addr, phone, email from rca_user where account = ? 
2020-10-13 17:34:36,720 com.yaof.mapper.UserMapper.getUserByAccount [qtp902096996-20] (BaseJdbcLogger.java:159) DEBUG --> ==> Parameters: yaofang(String)
2020-10-13 17:34:36,728 com.yaof.mapper.UserMapper.getUserByAccount [qtp902096996-20] (BaseJdbcLogger.java:159) DEBUG --> <==      Total: 1
2020-10-13 17:34:36,730 com.yaof.point.TransactionDemo [qtp902096996-20] (TransactionDemo.java:38) INFO  --> point after...
2020-10-13 17:34:36,731 com.yaof.point.TransactionDemo [qtp902096996-20] (TransactionDemo.java:28) INFO  --> now the url is:/rca/checkAccount
2020-10-13 17:34:36,731 com.yaof.point.TransactionDemo [qtp902096996-20] (TransactionDemo.java:34) INFO  --> point before...
2020-10-13 17:34:36,732 com.yaof.mapper.UserMapper.getUserByAccount [qtp902096996-20] (BaseJdbcLogger.java:159) DEBUG --> ==>  Preparing: select id, account, age, name, power, birthdate, sex, addr, phone, email from rca_user where account = ? 
2020-10-13 17:34:36,733 com.yaof.mapper.UserMapper.getUserByAccount [qtp902096996-20] (BaseJdbcLogger.java:159) DEBUG --> ==> Parameters: yaofang(String)
2020-10-13 17:34:36,735 com.yaof.mapper.UserMapper.getUserByAccount [qtp902096996-20] (BaseJdbcLogger.java:159) DEBUG --> <==      Total: 1
2020-10-13 17:34:36,736 com.yaof.point.TransactionDemo [qtp902096996-20] (TransactionDemo.java:38) INFO  --> point after...
2020-10-13 17:34:36,736 com.yaof.point.TransactionDemo [qtp902096996-20] (TransactionDemo.java:28) INFO  --> now the url is:/rca/checkAccount
2020-10-13 17:34:36,736 com.yaof.point.TransactionDemo [qtp902096996-20] (TransactionDemo.java:34) INFO  --> point before...
2020-10-13 17:34:36,737 com.yaof.mapper.UserMapper.getUserByAccount [qtp902096996-20] (BaseJdbcLogger.java:159) DEBUG --> ==>  Preparing: select id, account, age, name, power, birthdate, sex, addr, phone, email from rca_user where account = ? 
2020-10-13 17:34:36,738 com.yaof.mapper.UserMapper.getUserByAccount [qtp902096996-20] (BaseJdbcLogger.java:159) DEBUG --> ==> Parameters: yaofang(String)
2020-10-13 17:34:36,740 com.yaof.mapper.UserMapper.getUserByAccount [qtp902096996-20] (BaseJdbcLogger.java:159) DEBUG --> <==      Total: 1
2020-10-13 17:34:36,741 com.yaof.point.TransactionDemo [qtp902096996-20] (TransactionDemo.java:38) INFO  --> point after...
2020-10-13 17:34:36,741 com.yaof.point.TransactionDemo [qtp902096996-20] (TransactionDemo.java:28) INFO  --> now the url is:/rca/checkAccount
2020-10-13 17:34:36,742 com.yaof.point.TransactionDemo [qtp902096996-20] (TransactionDemo.java:34) INFO  --> point before...
2020-10-13 17:34:36,742 com.yaof.mapper.UserMapper.getUserByAccount [qtp902096996-20] (BaseJdbcLogger.java:159) DEBUG --> ==>  Preparing: select id, account, age, name, power, birthdate, sex, addr, phone, email from rca_user where account = ? 
2020-10-13 17:34:36,743 com.yaof.mapper.UserMapper.getUserByAccount [qtp902096996-20] (BaseJdbcLogger.java:159) DEBUG --> ==> Parameters: yaofang(String)
2020-10-13 17:34:36,746 com.yaof.mapper.UserMapper.getUserByAccount [qtp902096996-20] (BaseJdbcLogger.java:159) DEBUG --> <==      Total: 1
2020-10-13 17:34:36,748 com.yaof.point.TransactionDemo [qtp902096996-20] (TransactionDemo.java:38) INFO  --> point after...
2020-10-13 17:34:36,748 com.yaof.service.impl.UserServiceImpl [qtp902096996-20] (UserServiceImpl.java:52) INFO  --> service - isAccountExist query end
2020-10-13 17:34:39,700 com.yaof.interceptor.WebAppConfig [qtp902096996-21] (WebAppConfig.java:52) INFO  --> /rca/getAccount============================================
2020-10-13 17:34:39,701 com.yaof.interceptor.WebAppConfig [qtp902096996-21] (WebAppConfig.java:53) INFO  --> 拦截账号：null
2020-10-13 17:34:39,709 com.yaof.controller.UserController [qtp902096996-22] (UserController.java:59) INFO  --> 请求参数:{"account":"yaofang","id":0,"password":"123456"}
2020-10-13 17:34:39,709 com.yaof.controller.UserController [qtp902096996-22] (UserController.java:62) INFO  --> test.id:--------------->123
2020-10-13 17:34:40,710 com.yaof.point.TransactionDemo [qtp902096996-22] (TransactionDemo.java:28) INFO  --> now the url is:/rca/login
2020-10-13 17:34:40,710 com.yaof.point.TransactionDemo [qtp902096996-22] (TransactionDemo.java:34) INFO  --> point before...
2020-10-13 17:34:40,710 com.yaof.mapper.UserMapper.getUserByAccountAndPassword [qtp902096996-22] (BaseJdbcLogger.java:159) DEBUG --> ==>  Preparing: select id, account, age, name, power, birthdate, sex, addr, phone, email from rca_user where account = ? and password = ? 
2020-10-13 17:34:40,711 com.yaof.mapper.UserMapper.getUserByAccountAndPassword [qtp902096996-22] (BaseJdbcLogger.java:159) DEBUG --> ==> Parameters: yaofang(String), 123456(String)
2020-10-13 17:34:40,714 com.yaof.mapper.UserMapper.getUserByAccountAndPassword [qtp902096996-22] (BaseJdbcLogger.java:159) DEBUG --> <==      Total: 1
2020-10-13 17:34:40,715 com.yaof.point.TransactionDemo [qtp902096996-22] (TransactionDemo.java:38) INFO  --> point after...
2020-10-13 17:34:40,723 com.yaof.interceptor.WebAppConfig [qtp902096996-21] (WebAppConfig.java:52) INFO  --> /rca/queryAccountByPower============================================
2020-10-13 17:34:40,723 com.yaof.interceptor.WebAppConfig [qtp902096996-21] (WebAppConfig.java:53) INFO  --> 拦截账号：null
2020-10-13 17:34:40,724 com.yaof.service.impl.UserServiceImpl [qtp902096996-21] (UserServiceImpl.java:104) INFO  --> ---------
2020-10-13 17:34:40,726 com.yaof.point.TransactionDemo [qtp902096996-21] (TransactionDemo.java:28) INFO  --> now the url is:/rca/queryAccountByPower
2020-10-13 17:34:40,726 com.yaof.point.TransactionDemo [qtp902096996-21] (TransactionDemo.java:34) INFO  --> point before...
2020-10-13 17:34:40,727 com.yaof.mapper.UserMapper.queryAccountByPower [qtp902096996-21] (BaseJdbcLogger.java:159) DEBUG --> ==>  Preparing: select id, account, password, age, name, power, birthdate, sex, addr, phone, email from rca_user where power = ? 
2020-10-13 17:34:40,728 com.yaof.mapper.UserMapper.queryAccountByPower [qtp902096996-21] (BaseJdbcLogger.java:159) DEBUG --> ==> Parameters: 9(String)
2020-10-13 17:34:40,733 com.yaof.mapper.UserMapper.queryAccountByPower [qtp902096996-21] (BaseJdbcLogger.java:159) DEBUG --> <==      Total: 7
2020-10-13 17:34:40,734 com.yaof.point.TransactionDemo [qtp902096996-21] (TransactionDemo.java:38) INFO  --> point after...
2020-10-13 17:34:42,856 com.yaof.interceptor.WebAppConfig [qtp902096996-22] (WebAppConfig.java:52) INFO  --> /rca/logout============================================
2020-10-13 17:34:42,857 com.yaof.interceptor.WebAppConfig [qtp902096996-22] (WebAppConfig.java:53) INFO  --> 拦截账号：null
